[0.049s] Invoking command in '/home/inspacehj/dr_logger/simulation_ws/build/deepracer_msgs': /usr/bin/cmake --build /home/inspacehj/dr_logger/simulation_ws/build/deepracer_msgs -- -j16 -l16
[0.086s] [  0%] Built target std_msgs_generate_messages_cpp
[0.087s] [  0%] Built target std_msgs_generate_messages_lisp
[0.087s] [  0%] Built target std_msgs_generate_messages_eus
[0.088s] [  0%] Built target std_msgs_generate_messages_py
[0.090s] [  0%] Built target std_msgs_generate_messages_nodejs
[0.103s] [  0%] Built target _deepracer_msgs_generate_messages_check_deps_Progress
[0.119s] [ 42%] Built target deepracer_msgs_generate_messages_cpp
[0.119s] [ 42%] Built target deepracer_msgs_generate_messages_lisp
[0.119s] [ 71%] Built target deepracer_msgs_generate_messages_nodejs
[0.119s] [ 71%] Built target deepracer_msgs_generate_messages_py
[0.119s] [100%] Built target deepracer_msgs_generate_messages_eus
[0.133s] [100%] Built target deepracer_msgs_generate_messages
[0.255s] Invoked command in '/home/inspacehj/dr_logger/simulation_ws/build/deepracer_msgs' returned '0': /usr/bin/cmake --build /home/inspacehj/dr_logger/simulation_ws/build/deepracer_msgs -- -j16 -l16
[0.282s] Invoking command in '/home/inspacehj/dr_logger/simulation_ws/build/deepracer_msgs': /usr/bin/cmake --build /home/inspacehj/dr_logger/simulation_ws/build/deepracer_msgs --target tests -- -j16 -l16
[0.329s] Built target tests
[0.337s] Invoked command in '/home/inspacehj/dr_logger/simulation_ws/build/deepracer_msgs' returned '0': /usr/bin/cmake --build /home/inspacehj/dr_logger/simulation_ws/build/deepracer_msgs --target tests -- -j16 -l16
[0.371s] Invoking command in '/home/inspacehj/dr_logger/simulation_ws/build/deepracer_msgs': /usr/bin/cmake --build /home/inspacehj/dr_logger/simulation_ws/build/deepracer_msgs --target install -- -j16 -l16
[0.407s] [  0%] Built target std_msgs_generate_messages_nodejs
[0.407s] [  0%] Built target std_msgs_generate_messages_eus
[0.409s] [  0%] Built target std_msgs_generate_messages_lisp
[0.409s] [  0%] Built target std_msgs_generate_messages_py
[0.409s] [  0%] Built target std_msgs_generate_messages_cpp
[0.424s] [  0%] Built target _deepracer_msgs_generate_messages_check_deps_Progress
[0.439s] [ 14%] Built target deepracer_msgs_generate_messages_cpp
[0.440s] [ 57%] Built target deepracer_msgs_generate_messages_nodejs
[0.440s] [ 57%] Built target deepracer_msgs_generate_messages_eus
[0.443s] [ 71%] Built target deepracer_msgs_generate_messages_lisp
[0.444s] [100%] Built target deepracer_msgs_generate_messages_py
[0.458s] [100%] Built target deepracer_msgs_generate_messages
[0.471s] [36mInstall the project...[0m
[0.480s] -- Install configuration: ""
[0.480s] -- Up-to-date: /home/inspacehj/dr_logger/simulation_ws/install/deepracer_msgs/share/deepracer_msgs/msg/Progress.msg
[0.481s] -- Up-to-date: /home/inspacehj/dr_logger/simulation_ws/install/deepracer_msgs/share/deepracer_msgs/cmake/deepracer_msgs-msg-paths.cmake
[0.481s] -- Up-to-date: /home/inspacehj/dr_logger/simulation_ws/install/deepracer_msgs/include/deepracer_msgs
[0.481s] -- Up-to-date: /home/inspacehj/dr_logger/simulation_ws/install/deepracer_msgs/include/deepracer_msgs/Progress.h
[0.481s] -- Up-to-date: /home/inspacehj/dr_logger/simulation_ws/install/deepracer_msgs/share/roseus/ros/deepracer_msgs
[0.481s] -- Up-to-date: /home/inspacehj/dr_logger/simulation_ws/install/deepracer_msgs/share/roseus/ros/deepracer_msgs/msg
[0.481s] -- Up-to-date: /home/inspacehj/dr_logger/simulation_ws/install/deepracer_msgs/share/roseus/ros/deepracer_msgs/msg/Progress.l
[0.481s] -- Up-to-date: /home/inspacehj/dr_logger/simulation_ws/install/deepracer_msgs/share/roseus/ros/deepracer_msgs/manifest.l
[0.481s] -- Up-to-date: /home/inspacehj/dr_logger/simulation_ws/install/deepracer_msgs/share/common-lisp/ros/deepracer_msgs
[0.481s] -- Up-to-date: /home/inspacehj/dr_logger/simulation_ws/install/deepracer_msgs/share/common-lisp/ros/deepracer_msgs/msg
[0.481s] -- Up-to-date: /home/inspacehj/dr_logger/simulation_ws/install/deepracer_msgs/share/common-lisp/ros/deepracer_msgs/msg/deepracer_msgs-msg.asd
[0.481s] -- Up-to-date: /home/inspacehj/dr_logger/simulation_ws/install/deepracer_msgs/share/common-lisp/ros/deepracer_msgs/msg/_package_Progress.lisp
[0.481s] -- Up-to-date: /home/inspacehj/dr_logger/simulation_ws/install/deepracer_msgs/share/common-lisp/ros/deepracer_msgs/msg/_package.lisp
[0.481s] -- Up-to-date: /home/inspacehj/dr_logger/simulation_ws/install/deepracer_msgs/share/common-lisp/ros/deepracer_msgs/msg/Progress.lisp
[0.481s] -- Up-to-date: /home/inspacehj/dr_logger/simulation_ws/install/deepracer_msgs/share/gennodejs/ros/deepracer_msgs
[0.481s] -- Up-to-date: /home/inspacehj/dr_logger/simulation_ws/install/deepracer_msgs/share/gennodejs/ros/deepracer_msgs/_index.js
[0.481s] -- Up-to-date: /home/inspacehj/dr_logger/simulation_ws/install/deepracer_msgs/share/gennodejs/ros/deepracer_msgs/msg
[0.482s] -- Up-to-date: /home/inspacehj/dr_logger/simulation_ws/install/deepracer_msgs/share/gennodejs/ros/deepracer_msgs/msg/_index.js
[0.482s] -- Up-to-date: /home/inspacehj/dr_logger/simulation_ws/install/deepracer_msgs/share/gennodejs/ros/deepracer_msgs/msg/Progress.js
[0.489s] Listing /home/inspacehj/dr_logger/simulation_ws/build/deepracer_msgs/devel/lib/python2.7/dist-packages/deepracer_msgs ...
[0.489s] Listing /home/inspacehj/dr_logger/simulation_ws/build/deepracer_msgs/devel/lib/python2.7/dist-packages/deepracer_msgs/msg ...
[0.491s] -- Up-to-date: /home/inspacehj/dr_logger/simulation_ws/install/deepracer_msgs/lib/python2.7/dist-packages/deepracer_msgs
[0.491s] -- Up-to-date: /home/inspacehj/dr_logger/simulation_ws/install/deepracer_msgs/lib/python2.7/dist-packages/deepracer_msgs/__init__.pyc
[0.491s] -- Up-to-date: /home/inspacehj/dr_logger/simulation_ws/install/deepracer_msgs/lib/python2.7/dist-packages/deepracer_msgs/__init__.py
[0.491s] -- Up-to-date: /home/inspacehj/dr_logger/simulation_ws/install/deepracer_msgs/lib/python2.7/dist-packages/deepracer_msgs/msg
[0.491s] -- Up-to-date: /home/inspacehj/dr_logger/simulation_ws/install/deepracer_msgs/lib/python2.7/dist-packages/deepracer_msgs/msg/_Progress.pyc
[0.491s] -- Up-to-date: /home/inspacehj/dr_logger/simulation_ws/install/deepracer_msgs/lib/python2.7/dist-packages/deepracer_msgs/msg/__init__.pyc
[0.491s] -- Up-to-date: /home/inspacehj/dr_logger/simulation_ws/install/deepracer_msgs/lib/python2.7/dist-packages/deepracer_msgs/msg/__init__.py
[0.491s] -- Up-to-date: /home/inspacehj/dr_logger/simulation_ws/install/deepracer_msgs/lib/python2.7/dist-packages/deepracer_msgs/msg/_Progress.py
[0.491s] -- Up-to-date: /home/inspacehj/dr_logger/simulation_ws/install/deepracer_msgs/lib/pkgconfig/deepracer_msgs.pc
[0.491s] -- Up-to-date: /home/inspacehj/dr_logger/simulation_ws/install/deepracer_msgs/share/deepracer_msgs/cmake/deepracer_msgs-msg-extras.cmake
[0.491s] -- Up-to-date: /home/inspacehj/dr_logger/simulation_ws/install/deepracer_msgs/share/deepracer_msgs/cmake/deepracer_msgsConfig.cmake
[0.491s] -- Up-to-date: /home/inspacehj/dr_logger/simulation_ws/install/deepracer_msgs/share/deepracer_msgs/cmake/deepracer_msgsConfig-version.cmake
[0.491s] -- Up-to-date: /home/inspacehj/dr_logger/simulation_ws/install/deepracer_msgs/share/deepracer_msgs/package.xml
[0.494s] Invoked command in '/home/inspacehj/dr_logger/simulation_ws/build/deepracer_msgs' returned '0': /usr/bin/cmake --build /home/inspacehj/dr_logger/simulation_ws/build/deepracer_msgs --target install -- -j16 -l16
