[0.036s] Invoking command in '/home/inspacehj/dr_logger/simulation_ws/build/deepracer_msgs': /usr/bin/cmake --build /home/inspacehj/dr_logger/simulation_ws/build/deepracer_msgs -- -j16 -l16
[0.056s] -- Using CATKIN_DEVEL_PREFIX: /home/inspacehj/dr_logger/simulation_ws/build/deepracer_msgs/devel
[0.056s] -- Using CMAKE_PREFIX_PATH: /home/inspacehj/dr_logger/simulation_ws/install/deepracer_simulation;/home/inspacehj/dr_logger/simulation_ws/install/deepracer_interpreter;/home/inspacehj/dr_logger/simulation_ws/install/deepracer_msgs;/home/inspacehj/drone_mpc_ws/devel/.private/catkin_tools_prebuild;/home/inspacehj/drone_ws/devel/.private/catkin_tools_prebuild;/home/inspacehj/drone_mpc_ws/devel;/home/inspacehj/autosim_ws/devel;/home/inspacehj/catkin_ws/devel;/home/inspacehj/drone_ws/devel;/opt/ros/melodic
[0.056s] -- This workspace overlays: /home/inspacehj/dr_logger/simulation_ws/install/deepracer_simulation;/home/inspacehj/dr_logger/simulation_ws/install/deepracer_interpreter;/home/inspacehj/dr_logger/simulation_ws/install/deepracer_msgs;/home/inspacehj/drone_mpc_ws/devel/.private/catkin_tools_prebuild;/home/inspacehj/drone_ws/devel/.private/catkin_tools_prebuild;/home/inspacehj/drone_mpc_ws/devel;/home/inspacehj/autosim_ws/devel;/home/inspacehj/catkin_ws/devel;/home/inspacehj/drone_ws/devel;/opt/ros/melodic
[0.066s] -- Found PythonInterp: /usr/bin/python2 (found suitable version "2.7.17", minimum required is "2") 
[0.066s] -- Using PYTHON_EXECUTABLE: /usr/bin/python2
[0.066s] -- Using Debian Python package layout
[0.066s] -- Using empy: /usr/bin/empy
[0.168s] -- Using CATKIN_ENABLE_TESTING: ON
[0.168s] -- Call enable_testing()
[0.168s] -- Using CATKIN_TEST_RESULTS_DIR: /home/inspacehj/dr_logger/simulation_ws/build/deepracer_msgs/test_results
[0.182s] -- Found gtest sources under '/usr/src/googletest': gtests will be built
[0.182s] -- Found gmock sources under '/usr/src/googletest': gmock will be built
[0.191s] -- Found PythonInterp: /usr/bin/python2 (found version "2.7.17") 
[0.195s] -- Using Python nosetests: /usr/bin/nosetests-2.7
[0.223s] -- catkin 0.7.29
[0.223s] -- BUILD_SHARED_LIBS is on
[0.302s] -- Using these message generators: gencpp;geneus;genlisp;gennodejs;genpy
[0.441s] -- deepracer_msgs: 2 messages, 0 services
[0.530s] -- Configuring done
[0.540s] -- Generating done
[0.543s] -- Build files have been written to: /home/inspacehj/dr_logger/simulation_ws/build/deepracer_msgs
[0.567s] [  0%] Built target std_msgs_generate_messages_lisp
[0.567s] [  0%] Built target std_msgs_generate_messages_cpp
[0.569s] [  0%] Built target std_msgs_generate_messages_eus
[0.569s] [  0%] Built target std_msgs_generate_messages_nodejs
[0.569s] [  0%] Built target std_msgs_generate_messages_py
[0.586s] [  0%] Built target _deepracer_msgs_generate_messages_check_deps_Control_input
[0.586s] [  0%] Built target _deepracer_msgs_generate_messages_check_deps_Progress
[0.601s] [ 41%] [34m[1mGenerating C++ code from deepracer_msgs/Control_input.msg[0m
[0.601s] [ 41%] [34m[1mGenerating Lisp code from deepracer_msgs/Control_input.msg[0m
[0.601s] [ 41%] [34m[1mGenerating EusLisp code from deepracer_msgs/Control_input.msg[0m
[0.601s] [ 41%] [34m[1mGenerating Javascript code from deepracer_msgs/Control_input.msg[0m
[0.601s] [ 41%] [34m[1mGenerating Python from MSG deepracer_msgs/Control_input[0m
[0.631s] [ 58%] Built target deepracer_msgs_generate_messages_nodejs
[0.631s] [ 58%] Built target deepracer_msgs_generate_messages_lisp
[0.645s] [ 75%] Built target deepracer_msgs_generate_messages_eus
[0.691s] [ 83%] [34m[1mGenerating Python msg __init__.py for deepracer_msgs[0m
[0.692s] [ 91%] Built target deepracer_msgs_generate_messages_cpp
[0.776s] [100%] Built target deepracer_msgs_generate_messages_py
[0.790s] [100%] Built target deepracer_msgs_generate_messages
[0.797s] Invoked command in '/home/inspacehj/dr_logger/simulation_ws/build/deepracer_msgs' returned '0': /usr/bin/cmake --build /home/inspacehj/dr_logger/simulation_ws/build/deepracer_msgs -- -j16 -l16
[0.824s] Invoking command in '/home/inspacehj/dr_logger/simulation_ws/build/deepracer_msgs': /usr/bin/cmake --build /home/inspacehj/dr_logger/simulation_ws/build/deepracer_msgs --target tests -- -j16 -l16
[0.882s] Built target tests
[0.889s] Invoked command in '/home/inspacehj/dr_logger/simulation_ws/build/deepracer_msgs' returned '0': /usr/bin/cmake --build /home/inspacehj/dr_logger/simulation_ws/build/deepracer_msgs --target tests -- -j16 -l16
[0.924s] Invoking command in '/home/inspacehj/dr_logger/simulation_ws/build/deepracer_msgs': /usr/bin/cmake --build /home/inspacehj/dr_logger/simulation_ws/build/deepracer_msgs --target install -- -j16 -l16
[0.986s] [  0%] Built target std_msgs_generate_messages_eus
[0.986s] [  0%] Built target std_msgs_generate_messages_lisp
[0.990s] [  0%] Built target std_msgs_generate_messages_nodejs
[0.990s] [  0%] Built target std_msgs_generate_messages_cpp
[0.994s] [  0%] Built target std_msgs_generate_messages_py
[1.011s] [  0%] Built target _deepracer_msgs_generate_messages_check_deps_Control_input
[1.011s] [  0%] Built target _deepracer_msgs_generate_messages_check_deps_Progress
[1.026s] [ 33%] Built target deepracer_msgs_generate_messages_lisp
[1.026s] [ 41%] Built target deepracer_msgs_generate_messages_py
[1.027s] [ 58%] Built target deepracer_msgs_generate_messages_nodejs
[1.029s] [ 75%] Built target deepracer_msgs_generate_messages_cpp
[1.029s] [100%] Built target deepracer_msgs_generate_messages_eus
[1.043s] [100%] Built target deepracer_msgs_generate_messages
[1.055s] [36mInstall the project...[0m
[1.061s] -- Install configuration: ""
[1.061s] -- Up-to-date: /home/inspacehj/dr_logger/simulation_ws/install/deepracer_msgs/share/deepracer_msgs/msg/Progress.msg
[1.061s] -- Installing: /home/inspacehj/dr_logger/simulation_ws/install/deepracer_msgs/share/deepracer_msgs/msg/Control_input.msg
[1.061s] -- Up-to-date: /home/inspacehj/dr_logger/simulation_ws/install/deepracer_msgs/share/deepracer_msgs/cmake/deepracer_msgs-msg-paths.cmake
[1.061s] -- Up-to-date: /home/inspacehj/dr_logger/simulation_ws/install/deepracer_msgs/include/deepracer_msgs
[1.062s] -- Up-to-date: /home/inspacehj/dr_logger/simulation_ws/install/deepracer_msgs/include/deepracer_msgs/Progress.h
[1.062s] -- Installing: /home/inspacehj/dr_logger/simulation_ws/install/deepracer_msgs/include/deepracer_msgs/Control_input.h
[1.062s] -- Up-to-date: /home/inspacehj/dr_logger/simulation_ws/install/deepracer_msgs/share/roseus/ros/deepracer_msgs
[1.062s] -- Up-to-date: /home/inspacehj/dr_logger/simulation_ws/install/deepracer_msgs/share/roseus/ros/deepracer_msgs/msg
[1.062s] -- Up-to-date: /home/inspacehj/dr_logger/simulation_ws/install/deepracer_msgs/share/roseus/ros/deepracer_msgs/msg/Progress.l
[1.062s] -- Installing: /home/inspacehj/dr_logger/simulation_ws/install/deepracer_msgs/share/roseus/ros/deepracer_msgs/msg/Control_input.l
[1.062s] -- Up-to-date: /home/inspacehj/dr_logger/simulation_ws/install/deepracer_msgs/share/roseus/ros/deepracer_msgs/manifest.l
[1.062s] -- Up-to-date: /home/inspacehj/dr_logger/simulation_ws/install/deepracer_msgs/share/common-lisp/ros/deepracer_msgs
[1.062s] -- Up-to-date: /home/inspacehj/dr_logger/simulation_ws/install/deepracer_msgs/share/common-lisp/ros/deepracer_msgs/msg
[1.062s] -- Installing: /home/inspacehj/dr_logger/simulation_ws/install/deepracer_msgs/share/common-lisp/ros/deepracer_msgs/msg/deepracer_msgs-msg.asd
[1.062s] -- Up-to-date: /home/inspacehj/dr_logger/simulation_ws/install/deepracer_msgs/share/common-lisp/ros/deepracer_msgs/msg/_package_Progress.lisp
[1.062s] -- Installing: /home/inspacehj/dr_logger/simulation_ws/install/deepracer_msgs/share/common-lisp/ros/deepracer_msgs/msg/_package_Control_input.lisp
[1.062s] -- Installing: /home/inspacehj/dr_logger/simulation_ws/install/deepracer_msgs/share/common-lisp/ros/deepracer_msgs/msg/_package.lisp
[1.062s] -- Installing: /home/inspacehj/dr_logger/simulation_ws/install/deepracer_msgs/share/common-lisp/ros/deepracer_msgs/msg/Control_input.lisp
[1.062s] -- Up-to-date: /home/inspacehj/dr_logger/simulation_ws/install/deepracer_msgs/share/common-lisp/ros/deepracer_msgs/msg/Progress.lisp
[1.062s] -- Up-to-date: /home/inspacehj/dr_logger/simulation_ws/install/deepracer_msgs/share/gennodejs/ros/deepracer_msgs
[1.062s] -- Installing: /home/inspacehj/dr_logger/simulation_ws/install/deepracer_msgs/share/gennodejs/ros/deepracer_msgs/_index.js
[1.063s] -- Up-to-date: /home/inspacehj/dr_logger/simulation_ws/install/deepracer_msgs/share/gennodejs/ros/deepracer_msgs/msg
[1.063s] -- Installing: /home/inspacehj/dr_logger/simulation_ws/install/deepracer_msgs/share/gennodejs/ros/deepracer_msgs/msg/Control_input.js
[1.063s] -- Installing: /home/inspacehj/dr_logger/simulation_ws/install/deepracer_msgs/share/gennodejs/ros/deepracer_msgs/msg/_index.js
[1.063s] -- Up-to-date: /home/inspacehj/dr_logger/simulation_ws/install/deepracer_msgs/share/gennodejs/ros/deepracer_msgs/msg/Progress.js
[1.071s] Listing /home/inspacehj/dr_logger/simulation_ws/build/deepracer_msgs/devel/lib/python2.7/dist-packages/deepracer_msgs ...
[1.071s] Listing /home/inspacehj/dr_logger/simulation_ws/build/deepracer_msgs/devel/lib/python2.7/dist-packages/deepracer_msgs/msg ...
[1.071s] Compiling /home/inspacehj/dr_logger/simulation_ws/build/deepracer_msgs/devel/lib/python2.7/dist-packages/deepracer_msgs/msg/_Control_input.py ...
[1.072s] Compiling /home/inspacehj/dr_logger/simulation_ws/build/deepracer_msgs/devel/lib/python2.7/dist-packages/deepracer_msgs/msg/__init__.py ...
[1.072s] -- Up-to-date: /home/inspacehj/dr_logger/simulation_ws/install/deepracer_msgs/lib/python2.7/dist-packages/deepracer_msgs
[1.072s] -- Up-to-date: /home/inspacehj/dr_logger/simulation_ws/install/deepracer_msgs/lib/python2.7/dist-packages/deepracer_msgs/__init__.pyc
[1.072s] -- Up-to-date: /home/inspacehj/dr_logger/simulation_ws/install/deepracer_msgs/lib/python2.7/dist-packages/deepracer_msgs/__init__.py
[1.073s] -- Up-to-date: /home/inspacehj/dr_logger/simulation_ws/install/deepracer_msgs/lib/python2.7/dist-packages/deepracer_msgs/msg
[1.073s] -- Up-to-date: /home/inspacehj/dr_logger/simulation_ws/install/deepracer_msgs/lib/python2.7/dist-packages/deepracer_msgs/msg/_Progress.pyc
[1.073s] -- Installing: /home/inspacehj/dr_logger/simulation_ws/install/deepracer_msgs/lib/python2.7/dist-packages/deepracer_msgs/msg/__init__.pyc
[1.073s] -- Installing: /home/inspacehj/dr_logger/simulation_ws/install/deepracer_msgs/lib/python2.7/dist-packages/deepracer_msgs/msg/_Control_input.py
[1.073s] -- Installing: /home/inspacehj/dr_logger/simulation_ws/install/deepracer_msgs/lib/python2.7/dist-packages/deepracer_msgs/msg/__init__.py
[1.073s] -- Up-to-date: /home/inspacehj/dr_logger/simulation_ws/install/deepracer_msgs/lib/python2.7/dist-packages/deepracer_msgs/msg/_Progress.py
[1.073s] -- Installing: /home/inspacehj/dr_logger/simulation_ws/install/deepracer_msgs/lib/python2.7/dist-packages/deepracer_msgs/msg/_Control_input.pyc
[1.073s] -- Installing: /home/inspacehj/dr_logger/simulation_ws/install/deepracer_msgs/lib/pkgconfig/deepracer_msgs.pc
[1.073s] -- Up-to-date: /home/inspacehj/dr_logger/simulation_ws/install/deepracer_msgs/share/deepracer_msgs/cmake/deepracer_msgs-msg-extras.cmake
[1.073s] -- Installing: /home/inspacehj/dr_logger/simulation_ws/install/deepracer_msgs/share/deepracer_msgs/cmake/deepracer_msgsConfig.cmake
[1.073s] -- Up-to-date: /home/inspacehj/dr_logger/simulation_ws/install/deepracer_msgs/share/deepracer_msgs/cmake/deepracer_msgsConfig-version.cmake
[1.073s] -- Up-to-date: /home/inspacehj/dr_logger/simulation_ws/install/deepracer_msgs/share/deepracer_msgs/package.xml
[1.075s] Invoked command in '/home/inspacehj/dr_logger/simulation_ws/build/deepracer_msgs' returned '0': /usr/bin/cmake --build /home/inspacehj/dr_logger/simulation_ws/build/deepracer_msgs --target install -- -j16 -l16
