[0.485s] DEBUG:colcon:Command line arguments: ['/home/inspacehj/.local/bin/colcon', 'build']
[0.485s] DEBUG:colcon:Parsed command line arguments: Namespace(ament_cmake_args=None, base_paths=['.'], build_base='build', catkin_cmake_args=None, catkin_skip_building_tests=False, cmake_args=None, cmake_clean_cache=False, cmake_clean_first=False, cmake_force_configure=False, cmake_target=None, cmake_target_skip_unavailable=False, continue_on_error=False, event_handlers=None, executor='parallel', ignore_user_meta=False, install_base='install', log_base=None, log_level=None, main=<bound method BuildVerb.main of <colcon_core.verb.build.BuildVerb object at 0x7f27e0c4e940>>, merge_install=False, metas=['./colcon.meta'], packages_above=None, packages_above_and_dependencies=None, packages_above_depth=None, packages_end=None, packages_ignore=None, packages_ignore_regex=None, packages_select=None, packages_select_build_failed=False, packages_select_by_dep=None, packages_select_regex=None, packages_select_test_failures=False, packages_skip=None, packages_skip_build_finished=False, packages_skip_by_dep=None, packages_skip_regex=None, packages_skip_test_passed=False, packages_skip_up_to=None, packages_start=None, packages_up_to=None, packages_up_to_regex=None, parallel_workers=16, paths=None, symlink_install=False, test_result_base=None, verb_extension=<colcon_core.verb.build.BuildVerb object at 0x7f27e0c4e940>, verb_name='build', verb_parser=<colcon_defaults.argument_parser.defaults.DefaultArgumentsDecorator object at 0x7f27e0c4ecc0>)
[0.503s] Level 1:colcon.colcon_core.package_discovery:discover_packages(colcon_meta) check parameters
[0.503s] Level 1:colcon.colcon_core.package_discovery:discover_packages(recursive) check parameters
[0.503s] Level 1:colcon.colcon_core.package_discovery:discover_packages(ignore) check parameters
[0.503s] Level 1:colcon.colcon_core.package_discovery:discover_packages(path) check parameters
[0.503s] Level 1:colcon.colcon_core.package_discovery:discover_packages(colcon_meta) discover
[0.503s] Level 1:colcon.colcon_core.package_discovery:discover_packages(recursive) discover
[0.503s] INFO:colcon.colcon_core.package_discovery:Crawling recursively for packages in '/home/inspacehj/dr_logger/simulation_ws'
[0.503s] Level 1:colcon.colcon_core.package_identification:_identify(.) by extensions ['ignore', 'ignore_ament_install']
[0.503s] Level 1:colcon.colcon_core.package_identification:_identify(.) by extension 'ignore'
[0.503s] Level 1:colcon.colcon_core.package_identification:_identify(.) by extension 'ignore_ament_install'
[0.503s] Level 1:colcon.colcon_core.package_identification:_identify(.) by extensions ['colcon_pkg']
[0.503s] Level 1:colcon.colcon_core.package_identification:_identify(.) by extension 'colcon_pkg'
[0.503s] Level 1:colcon.colcon_core.package_identification:_identify(.) by extensions ['colcon_meta']
[0.503s] Level 1:colcon.colcon_core.package_identification:_identify(.) by extension 'colcon_meta'
[0.503s] Level 1:colcon.colcon_core.package_identification:_identify(.) by extensions ['ros']
[0.503s] Level 1:colcon.colcon_core.package_identification:_identify(.) by extension 'ros'
[0.512s] Level 1:colcon.colcon_core.package_identification:_identify(.) by extensions ['cmake', 'python']
[0.512s] Level 1:colcon.colcon_core.package_identification:_identify(.) by extension 'cmake'
[0.512s] Level 1:colcon.colcon_core.package_identification:_identify(.) by extension 'python'
[0.512s] Level 1:colcon.colcon_core.package_identification:_identify(.) by extensions ['python_setup_py']
[0.512s] Level 1:colcon.colcon_core.package_identification:_identify(.) by extension 'python_setup_py'
[0.512s] Level 1:colcon.colcon_core.package_identification:_identify(build) by extensions ['ignore', 'ignore_ament_install']
[0.512s] Level 1:colcon.colcon_core.package_identification:_identify(build) by extension 'ignore'
[0.512s] Level 1:colcon.colcon_core.package_identification:_identify(build) ignored
[0.512s] Level 1:colcon.colcon_core.package_identification:_identify(install) by extensions ['ignore', 'ignore_ament_install']
[0.512s] Level 1:colcon.colcon_core.package_identification:_identify(install) by extension 'ignore'
[0.512s] Level 1:colcon.colcon_core.package_identification:_identify(install) ignored
[0.513s] Level 1:colcon.colcon_core.package_identification:_identify(log) by extensions ['ignore', 'ignore_ament_install']
[0.513s] Level 1:colcon.colcon_core.package_identification:_identify(log) by extension 'ignore'
[0.513s] Level 1:colcon.colcon_core.package_identification:_identify(log) ignored
[0.513s] Level 1:colcon.colcon_core.package_identification:_identify(src) by extensions ['ignore', 'ignore_ament_install']
[0.513s] Level 1:colcon.colcon_core.package_identification:_identify(src) by extension 'ignore'
[0.513s] Level 1:colcon.colcon_core.package_identification:_identify(src) by extension 'ignore_ament_install'
[0.513s] Level 1:colcon.colcon_core.package_identification:_identify(src) by extensions ['colcon_pkg']
[0.513s] Level 1:colcon.colcon_core.package_identification:_identify(src) by extension 'colcon_pkg'
[0.513s] Level 1:colcon.colcon_core.package_identification:_identify(src) by extensions ['colcon_meta']
[0.513s] Level 1:colcon.colcon_core.package_identification:_identify(src) by extension 'colcon_meta'
[0.513s] Level 1:colcon.colcon_core.package_identification:_identify(src) by extensions ['ros']
[0.513s] Level 1:colcon.colcon_core.package_identification:_identify(src) by extension 'ros'
[0.513s] Level 1:colcon.colcon_core.package_identification:_identify(src) by extensions ['cmake', 'python']
[0.513s] Level 1:colcon.colcon_core.package_identification:_identify(src) by extension 'cmake'
[0.513s] Level 1:colcon.colcon_core.package_identification:_identify(src) by extension 'python'
[0.513s] Level 1:colcon.colcon_core.package_identification:_identify(src) by extensions ['python_setup_py']
[0.513s] Level 1:colcon.colcon_core.package_identification:_identify(src) by extension 'python_setup_py'
[0.513s] Level 1:colcon.colcon_core.package_identification:_identify(src/deepracer_interpreter) by extensions ['ignore', 'ignore_ament_install']
[0.513s] Level 1:colcon.colcon_core.package_identification:_identify(src/deepracer_interpreter) by extension 'ignore'
[0.513s] Level 1:colcon.colcon_core.package_identification:_identify(src/deepracer_interpreter) by extension 'ignore_ament_install'
[0.514s] Level 1:colcon.colcon_core.package_identification:_identify(src/deepracer_interpreter) by extensions ['colcon_pkg']
[0.514s] Level 1:colcon.colcon_core.package_identification:_identify(src/deepracer_interpreter) by extension 'colcon_pkg'
[0.514s] Level 1:colcon.colcon_core.package_identification:_identify(src/deepracer_interpreter) by extensions ['colcon_meta']
[0.514s] Level 1:colcon.colcon_core.package_identification:_identify(src/deepracer_interpreter) by extension 'colcon_meta'
[0.514s] Level 1:colcon.colcon_core.package_identification:_identify(src/deepracer_interpreter) by extensions ['ros']
[0.514s] Level 1:colcon.colcon_core.package_identification:_identify(src/deepracer_interpreter) by extension 'ros'
[0.515s] DEBUG:colcon.colcon_core.package_identification:Package 'src/deepracer_interpreter' with type 'ros.catkin' and name 'deepracer_interpreter'
[0.515s] Level 1:colcon.colcon_core.package_identification:_identify(src/deepracer_msgs) by extensions ['ignore', 'ignore_ament_install']
[0.516s] Level 1:colcon.colcon_core.package_identification:_identify(src/deepracer_msgs) by extension 'ignore'
[0.516s] Level 1:colcon.colcon_core.package_identification:_identify(src/deepracer_msgs) by extension 'ignore_ament_install'
[0.516s] Level 1:colcon.colcon_core.package_identification:_identify(src/deepracer_msgs) by extensions ['colcon_pkg']
[0.516s] Level 1:colcon.colcon_core.package_identification:_identify(src/deepracer_msgs) by extension 'colcon_pkg'
[0.516s] Level 1:colcon.colcon_core.package_identification:_identify(src/deepracer_msgs) by extensions ['colcon_meta']
[0.516s] Level 1:colcon.colcon_core.package_identification:_identify(src/deepracer_msgs) by extension 'colcon_meta'
[0.516s] Level 1:colcon.colcon_core.package_identification:_identify(src/deepracer_msgs) by extensions ['ros']
[0.516s] Level 1:colcon.colcon_core.package_identification:_identify(src/deepracer_msgs) by extension 'ros'
[0.516s] DEBUG:colcon.colcon_core.package_identification:Package 'src/deepracer_msgs' with type 'ros.catkin' and name 'deepracer_msgs'
[0.516s] Level 1:colcon.colcon_core.package_identification:_identify(src/deepracer_simulation) by extensions ['ignore', 'ignore_ament_install']
[0.516s] Level 1:colcon.colcon_core.package_identification:_identify(src/deepracer_simulation) by extension 'ignore'
[0.516s] Level 1:colcon.colcon_core.package_identification:_identify(src/deepracer_simulation) by extension 'ignore_ament_install'
[0.517s] Level 1:colcon.colcon_core.package_identification:_identify(src/deepracer_simulation) by extensions ['colcon_pkg']
[0.517s] Level 1:colcon.colcon_core.package_identification:_identify(src/deepracer_simulation) by extension 'colcon_pkg'
[0.517s] Level 1:colcon.colcon_core.package_identification:_identify(src/deepracer_simulation) by extensions ['colcon_meta']
[0.517s] Level 1:colcon.colcon_core.package_identification:_identify(src/deepracer_simulation) by extension 'colcon_meta'
[0.517s] Level 1:colcon.colcon_core.package_identification:_identify(src/deepracer_simulation) by extensions ['ros']
[0.517s] Level 1:colcon.colcon_core.package_identification:_identify(src/deepracer_simulation) by extension 'ros'
[0.517s] DEBUG:colcon.colcon_core.package_identification:Package 'src/deepracer_simulation' with type 'ros.catkin' and name 'deepracer_simulation'
[0.517s] Level 1:colcon.colcon_core.package_identification:_identify(src/sagemaker_rl_agent) by extensions ['ignore', 'ignore_ament_install']
[0.518s] Level 1:colcon.colcon_core.package_identification:_identify(src/sagemaker_rl_agent) by extension 'ignore'
[0.518s] Level 1:colcon.colcon_core.package_identification:_identify(src/sagemaker_rl_agent) by extension 'ignore_ament_install'
[0.518s] Level 1:colcon.colcon_core.package_identification:_identify(src/sagemaker_rl_agent) by extensions ['colcon_pkg']
[0.518s] Level 1:colcon.colcon_core.package_identification:_identify(src/sagemaker_rl_agent) by extension 'colcon_pkg'
[0.518s] Level 1:colcon.colcon_core.package_identification:_identify(src/sagemaker_rl_agent) by extensions ['colcon_meta']
[0.518s] Level 1:colcon.colcon_core.package_identification:_identify(src/sagemaker_rl_agent) by extension 'colcon_meta'
[0.518s] Level 1:colcon.colcon_core.package_identification:_identify(src/sagemaker_rl_agent) by extensions ['ros']
[0.518s] Level 1:colcon.colcon_core.package_identification:_identify(src/sagemaker_rl_agent) by extension 'ros'
[0.518s] Level 1:colcon.colcon_core.package_identification:_identify(src/sagemaker_rl_agent) by extensions ['cmake', 'python']
[0.518s] Level 1:colcon.colcon_core.package_identification:_identify(src/sagemaker_rl_agent) by extension 'cmake'
[0.518s] Level 1:colcon.colcon_core.package_identification:_identify(src/sagemaker_rl_agent) by extension 'python'
[0.518s] Level 1:colcon.colcon_core.package_identification:_identify(src/sagemaker_rl_agent) by extensions ['python_setup_py']
[0.518s] Level 1:colcon.colcon_core.package_identification:_identify(src/sagemaker_rl_agent) by extension 'python_setup_py'
[0.699s] DEBUG:colcon.colcon_core.package_identification:Package 'src/sagemaker_rl_agent' with type 'python' and name 'sagemaker_rl_agent'
[0.699s] Level 1:colcon.colcon_core.package_discovery:discover_packages(recursive) using defaults
[0.700s] Level 1:colcon.colcon_core.package_discovery:discover_packages(ignore) discover
[0.700s] Level 1:colcon.colcon_core.package_discovery:discover_packages(ignore) using defaults
[0.700s] Level 1:colcon.colcon_core.package_discovery:discover_packages(path) discover
[0.700s] Level 1:colcon.colcon_core.package_discovery:discover_packages(path) using defaults
[0.743s] Level 5:colcon.colcon_core.verb:set package 'deepracer_msgs' build argument 'cmake_args' from command line to 'None'
[0.743s] Level 5:colcon.colcon_core.verb:set package 'deepracer_msgs' build argument 'cmake_target' from command line to 'None'
[0.743s] Level 5:colcon.colcon_core.verb:set package 'deepracer_msgs' build argument 'cmake_target_skip_unavailable' from command line to 'False'
[0.743s] Level 5:colcon.colcon_core.verb:set package 'deepracer_msgs' build argument 'cmake_clean_cache' from command line to 'False'
[0.743s] Level 5:colcon.colcon_core.verb:set package 'deepracer_msgs' build argument 'cmake_clean_first' from command line to 'False'
[0.743s] Level 5:colcon.colcon_core.verb:set package 'deepracer_msgs' build argument 'cmake_force_configure' from command line to 'False'
[0.743s] Level 5:colcon.colcon_core.verb:set package 'deepracer_msgs' build argument 'ament_cmake_args' from command line to 'None'
[0.743s] Level 5:colcon.colcon_core.verb:set package 'deepracer_msgs' build argument 'catkin_cmake_args' from command line to 'None'
[0.743s] Level 5:colcon.colcon_core.verb:set package 'deepracer_msgs' build argument 'catkin_skip_building_tests' from command line to 'False'
[0.743s] DEBUG:colcon.colcon_core.verb:Building package 'deepracer_msgs' with the following arguments: {'ament_cmake_args': None, 'build_base': '/home/inspacehj/dr_logger/simulation_ws/build/deepracer_msgs', 'catkin_cmake_args': None, 'catkin_skip_building_tests': False, 'cmake_args': None, 'cmake_clean_cache': False, 'cmake_clean_first': False, 'cmake_force_configure': False, 'cmake_target': None, 'cmake_target_skip_unavailable': False, 'install_base': '/home/inspacehj/dr_logger/simulation_ws/install/deepracer_msgs', 'merge_install': False, 'path': '/home/inspacehj/dr_logger/simulation_ws/src/deepracer_msgs', 'symlink_install': False, 'test_result_base': None}
[0.753s] Level 5:colcon.colcon_core.verb:set package 'sagemaker_rl_agent' build argument 'cmake_args' from command line to 'None'
[0.753s] Level 5:colcon.colcon_core.verb:set package 'sagemaker_rl_agent' build argument 'cmake_target' from command line to 'None'
[0.753s] Level 5:colcon.colcon_core.verb:set package 'sagemaker_rl_agent' build argument 'cmake_target_skip_unavailable' from command line to 'False'
[0.753s] Level 5:colcon.colcon_core.verb:set package 'sagemaker_rl_agent' build argument 'cmake_clean_cache' from command line to 'False'
[0.753s] Level 5:colcon.colcon_core.verb:set package 'sagemaker_rl_agent' build argument 'cmake_clean_first' from command line to 'False'
[0.753s] Level 5:colcon.colcon_core.verb:set package 'sagemaker_rl_agent' build argument 'cmake_force_configure' from command line to 'False'
[0.753s] Level 5:colcon.colcon_core.verb:set package 'sagemaker_rl_agent' build argument 'ament_cmake_args' from command line to 'None'
[0.753s] Level 5:colcon.colcon_core.verb:set package 'sagemaker_rl_agent' build argument 'catkin_cmake_args' from command line to 'None'
[0.753s] Level 5:colcon.colcon_core.verb:set package 'sagemaker_rl_agent' build argument 'catkin_skip_building_tests' from command line to 'False'
[0.753s] DEBUG:colcon.colcon_core.verb:Building package 'sagemaker_rl_agent' with the following arguments: {'ament_cmake_args': None, 'build_base': '/home/inspacehj/dr_logger/simulation_ws/build/sagemaker_rl_agent', 'catkin_cmake_args': None, 'catkin_skip_building_tests': False, 'cmake_args': None, 'cmake_clean_cache': False, 'cmake_clean_first': False, 'cmake_force_configure': False, 'cmake_target': None, 'cmake_target_skip_unavailable': False, 'install_base': '/home/inspacehj/dr_logger/simulation_ws/install/sagemaker_rl_agent', 'merge_install': False, 'path': '/home/inspacehj/dr_logger/simulation_ws/src/sagemaker_rl_agent', 'symlink_install': False, 'test_result_base': None}
[0.763s] Level 5:colcon.colcon_core.verb:set package 'deepracer_interpreter' build argument 'cmake_args' from command line to 'None'
[0.763s] Level 5:colcon.colcon_core.verb:set package 'deepracer_interpreter' build argument 'cmake_target' from command line to 'None'
[0.763s] Level 5:colcon.colcon_core.verb:set package 'deepracer_interpreter' build argument 'cmake_target_skip_unavailable' from command line to 'False'
[0.763s] Level 5:colcon.colcon_core.verb:set package 'deepracer_interpreter' build argument 'cmake_clean_cache' from command line to 'False'
[0.763s] Level 5:colcon.colcon_core.verb:set package 'deepracer_interpreter' build argument 'cmake_clean_first' from command line to 'False'
[0.763s] Level 5:colcon.colcon_core.verb:set package 'deepracer_interpreter' build argument 'cmake_force_configure' from command line to 'False'
[0.763s] Level 5:colcon.colcon_core.verb:set package 'deepracer_interpreter' build argument 'ament_cmake_args' from command line to 'None'
[0.763s] Level 5:colcon.colcon_core.verb:set package 'deepracer_interpreter' build argument 'catkin_cmake_args' from command line to 'None'
[0.763s] Level 5:colcon.colcon_core.verb:set package 'deepracer_interpreter' build argument 'catkin_skip_building_tests' from command line to 'False'
[0.763s] DEBUG:colcon.colcon_core.verb:Building package 'deepracer_interpreter' with the following arguments: {'ament_cmake_args': None, 'build_base': '/home/inspacehj/dr_logger/simulation_ws/build/deepracer_interpreter', 'catkin_cmake_args': None, 'catkin_skip_building_tests': False, 'cmake_args': None, 'cmake_clean_cache': False, 'cmake_clean_first': False, 'cmake_force_configure': False, 'cmake_target': None, 'cmake_target_skip_unavailable': False, 'install_base': '/home/inspacehj/dr_logger/simulation_ws/install/deepracer_interpreter', 'merge_install': False, 'path': '/home/inspacehj/dr_logger/simulation_ws/src/deepracer_interpreter', 'symlink_install': False, 'test_result_base': None}
[0.773s] Level 5:colcon.colcon_core.verb:set package 'deepracer_simulation' build argument 'cmake_args' from command line to 'None'
[0.773s] Level 5:colcon.colcon_core.verb:set package 'deepracer_simulation' build argument 'cmake_target' from command line to 'None'
[0.773s] Level 5:colcon.colcon_core.verb:set package 'deepracer_simulation' build argument 'cmake_target_skip_unavailable' from command line to 'False'
[0.773s] Level 5:colcon.colcon_core.verb:set package 'deepracer_simulation' build argument 'cmake_clean_cache' from command line to 'False'
[0.773s] Level 5:colcon.colcon_core.verb:set package 'deepracer_simulation' build argument 'cmake_clean_first' from command line to 'False'
[0.773s] Level 5:colcon.colcon_core.verb:set package 'deepracer_simulation' build argument 'cmake_force_configure' from command line to 'False'
[0.773s] Level 5:colcon.colcon_core.verb:set package 'deepracer_simulation' build argument 'ament_cmake_args' from command line to 'None'
[0.773s] Level 5:colcon.colcon_core.verb:set package 'deepracer_simulation' build argument 'catkin_cmake_args' from command line to 'None'
[0.773s] Level 5:colcon.colcon_core.verb:set package 'deepracer_simulation' build argument 'catkin_skip_building_tests' from command line to 'False'
[0.773s] DEBUG:colcon.colcon_core.verb:Building package 'deepracer_simulation' with the following arguments: {'ament_cmake_args': None, 'build_base': '/home/inspacehj/dr_logger/simulation_ws/build/deepracer_simulation', 'catkin_cmake_args': None, 'catkin_skip_building_tests': False, 'cmake_args': None, 'cmake_clean_cache': False, 'cmake_clean_first': False, 'cmake_force_configure': False, 'cmake_target': None, 'cmake_target_skip_unavailable': False, 'install_base': '/home/inspacehj/dr_logger/simulation_ws/install/deepracer_simulation', 'merge_install': False, 'path': '/home/inspacehj/dr_logger/simulation_ws/src/deepracer_simulation', 'symlink_install': False, 'test_result_base': None}
[0.776s] INFO:colcon.colcon_core.executor:Executing jobs using 'parallel' executor
[0.793s] DEBUG:colcon.colcon_parallel_executor.executor.parallel:run_until_complete
[0.794s] INFO:colcon.colcon_ros.task.catkin.build:Building ROS package in '/home/inspacehj/dr_logger/simulation_ws/src/deepracer_msgs' with build type 'catkin'
[0.794s] INFO:colcon.colcon_cmake.task.cmake.build:Building CMake package in '/home/inspacehj/dr_logger/simulation_ws/src/deepracer_msgs'
[0.803s] INFO:colcon.colcon_core.plugin_system:Skipping extension 'colcon_core.shell.bat': Not used on non-Windows systems
[0.803s] INFO:colcon.colcon_core.shell:Skip shell extension 'powershell' for command environment: Not usable outside of PowerShell
[0.803s] DEBUG:colcon.colcon_core.shell:Skip shell extension 'dsv' for command environment
[0.809s] DEBUG:colcon.colcon_core.shell:Ignoring prefix path '/home/inspacehj/drone_mpc_ws/devel'
[0.809s] DEBUG:colcon.colcon_core.shell:Ignoring prefix path '/home/inspacehj/autosim_ws/devel'
[0.809s] DEBUG:colcon.colcon_core.shell:Ignoring prefix path '/home/inspacehj/catkin_ws/devel'
[0.809s] DEBUG:colcon.colcon_core.shell:Ignoring prefix path '/home/inspacehj/drone_ws/devel'
[0.809s] DEBUG:colcon.colcon_core.shell:Ignoring prefix path '/opt/ros/melodic'
[0.811s] INFO:colcon.colcon_core.task.python.build:Building Python package in '/home/inspacehj/dr_logger/simulation_ws/src/sagemaker_rl_agent'
[0.818s] INFO:colcon.colcon_core.shell:Skip shell extension 'powershell' for command environment: Not usable outside of PowerShell
[0.818s] DEBUG:colcon.colcon_core.shell:Skip shell extension 'dsv' for command environment
[0.824s] DEBUG:colcon.colcon_core.shell:Ignoring prefix path '/home/inspacehj/drone_mpc_ws/devel'
[0.824s] DEBUG:colcon.colcon_core.shell:Ignoring prefix path '/home/inspacehj/autosim_ws/devel'
[0.824s] DEBUG:colcon.colcon_core.shell:Ignoring prefix path '/home/inspacehj/catkin_ws/devel'
[0.824s] DEBUG:colcon.colcon_core.shell:Ignoring prefix path '/home/inspacehj/drone_ws/devel'
[0.824s] DEBUG:colcon.colcon_core.shell:Ignoring prefix path '/opt/ros/melodic'
[0.830s] DEBUG:colcon.colcon_core.event_handler.log_command:Invoking command in '/home/inspacehj/dr_logger/simulation_ws/build/deepracer_msgs': /usr/bin/cmake --build /home/inspacehj/dr_logger/simulation_ws/build/deepracer_msgs -- -j16 -l16
[1.021s] DEBUG:colcon.colcon_core.event_handler.log_command:Invoking command in '/home/inspacehj/dr_logger/simulation_ws/src/sagemaker_rl_agent': PYTHONPATH=/home/inspacehj/dr_logger/simulation_ws/install/sagemaker_rl_agent/lib/python3.6/site-packages:${PYTHONPATH} /usr/bin/python3 setup.py egg_info --egg-base ../../build/sagemaker_rl_agent build --build-base /home/inspacehj/dr_logger/simulation_ws/build/sagemaker_rl_agent/build install --prefix /home/inspacehj/dr_logger/simulation_ws/install/sagemaker_rl_agent --record /home/inspacehj/dr_logger/simulation_ws/build/sagemaker_rl_agent/install.log --single-version-externally-managed
[1.252s] DEBUG:colcon.colcon_core.event_handler.log_command:Invoked command in '/home/inspacehj/dr_logger/simulation_ws/src/sagemaker_rl_agent' returned '0': PYTHONPATH=/home/inspacehj/dr_logger/simulation_ws/install/sagemaker_rl_agent/lib/python3.6/site-packages:${PYTHONPATH} /usr/bin/python3 setup.py egg_info --egg-base ../../build/sagemaker_rl_agent build --build-base /home/inspacehj/dr_logger/simulation_ws/build/sagemaker_rl_agent/build install --prefix /home/inspacehj/dr_logger/simulation_ws/install/sagemaker_rl_agent --record /home/inspacehj/dr_logger/simulation_ws/build/sagemaker_rl_agent/install.log --single-version-externally-managed
[1.260s] Level 1:colcon.colcon_core.environment:checking '/home/inspacehj/dr_logger/simulation_ws/install/sagemaker_rl_agent' for CMake module files
[1.260s] Level 1:colcon.colcon_core.environment:checking '/home/inspacehj/dr_logger/simulation_ws/install/sagemaker_rl_agent' for CMake config files
[1.261s] Level 1:colcon.colcon_core.environment:checking '/home/inspacehj/dr_logger/simulation_ws/install/sagemaker_rl_agent/lib'
[1.261s] Level 1:colcon.colcon_core.environment:checking '/home/inspacehj/dr_logger/simulation_ws/install/sagemaker_rl_agent/bin'
[1.261s] Level 1:colcon.colcon_core.shell:create_environment_hook('sagemaker_rl_agent', 'path')
[1.269s] INFO:colcon.colcon_core.shell:Creating environment hook '/home/inspacehj/dr_logger/simulation_ws/install/sagemaker_rl_agent/share/sagemaker_rl_agent/hook/path.ps1'
[1.269s] INFO:colcon.colcon_core.shell:Creating environment descriptor '/home/inspacehj/dr_logger/simulation_ws/install/sagemaker_rl_agent/share/sagemaker_rl_agent/hook/path.dsv'
[1.269s] INFO:colcon.colcon_core.shell:Creating environment hook '/home/inspacehj/dr_logger/simulation_ws/install/sagemaker_rl_agent/share/sagemaker_rl_agent/hook/path.sh'
[1.270s] Level 1:colcon.colcon_core.environment:checking '/home/inspacehj/dr_logger/simulation_ws/install/sagemaker_rl_agent/lib/pkgconfig/sagemaker_rl_agent.pc'
[1.270s] Level 1:colcon.colcon_core.environment:checking '/home/inspacehj/dr_logger/simulation_ws/install/sagemaker_rl_agent/lib/python3.6/site-packages'
[1.270s] Level 1:colcon.colcon_core.shell:create_environment_hook('sagemaker_rl_agent', 'pythonpath')
[1.277s] INFO:colcon.colcon_core.shell:Creating environment hook '/home/inspacehj/dr_logger/simulation_ws/install/sagemaker_rl_agent/share/sagemaker_rl_agent/hook/pythonpath.ps1'
[1.278s] INFO:colcon.colcon_core.shell:Creating environment descriptor '/home/inspacehj/dr_logger/simulation_ws/install/sagemaker_rl_agent/share/sagemaker_rl_agent/hook/pythonpath.dsv'
[1.278s] INFO:colcon.colcon_core.shell:Creating environment hook '/home/inspacehj/dr_logger/simulation_ws/install/sagemaker_rl_agent/share/sagemaker_rl_agent/hook/pythonpath.sh'
[1.278s] Level 1:colcon.colcon_core.environment:create_environment_scripts_only(sagemaker_rl_agent)
[1.286s] INFO:colcon.colcon_core.shell:Creating package script '/home/inspacehj/dr_logger/simulation_ws/install/sagemaker_rl_agent/share/sagemaker_rl_agent/package.ps1'
[1.286s] INFO:colcon.colcon_core.shell:Creating package descriptor '/home/inspacehj/dr_logger/simulation_ws/install/sagemaker_rl_agent/share/sagemaker_rl_agent/package.dsv'
[1.287s] INFO:colcon.colcon_core.shell:Creating package script '/home/inspacehj/dr_logger/simulation_ws/install/sagemaker_rl_agent/share/sagemaker_rl_agent/package.sh'
[1.287s] INFO:colcon.colcon_core.shell:Creating package script '/home/inspacehj/dr_logger/simulation_ws/install/sagemaker_rl_agent/share/sagemaker_rl_agent/package.bash'
[1.288s] INFO:colcon.colcon_core.shell:Creating package script '/home/inspacehj/dr_logger/simulation_ws/install/sagemaker_rl_agent/share/sagemaker_rl_agent/package.zsh'
[1.288s] Level 1:colcon.colcon_core.environment:create_file_with_runtime_dependencies(/home/inspacehj/dr_logger/simulation_ws/install/sagemaker_rl_agent/share/colcon-core/packages/sagemaker_rl_agent)
[1.392s] DEBUG:colcon.colcon_core.event_handler.log_command:Invoked command in '/home/inspacehj/dr_logger/simulation_ws/build/deepracer_msgs' returned '0': /usr/bin/cmake --build /home/inspacehj/dr_logger/simulation_ws/build/deepracer_msgs -- -j16 -l16
[1.418s] DEBUG:colcon.colcon_core.event_handler.log_command:Invoking command in '/home/inspacehj/dr_logger/simulation_ws/build/deepracer_msgs': /usr/bin/cmake --build /home/inspacehj/dr_logger/simulation_ws/build/deepracer_msgs --target tests -- -j16 -l16
[1.472s] DEBUG:colcon.colcon_core.event_handler.log_command:Invoked command in '/home/inspacehj/dr_logger/simulation_ws/build/deepracer_msgs' returned '0': /usr/bin/cmake --build /home/inspacehj/dr_logger/simulation_ws/build/deepracer_msgs --target tests -- -j16 -l16
[1.567s] DEBUG:colcon.colcon_core.event_handler.log_command:Invoking command in '/home/inspacehj/dr_logger/simulation_ws/build/deepracer_msgs': /usr/bin/cmake --build /home/inspacehj/dr_logger/simulation_ws/build/deepracer_msgs --target install -- -j16 -l16
[1.758s] DEBUG:colcon.colcon_core.event_handler.log_command:Invoked command in '/home/inspacehj/dr_logger/simulation_ws/build/deepracer_msgs' returned '0': /usr/bin/cmake --build /home/inspacehj/dr_logger/simulation_ws/build/deepracer_msgs --target install -- -j16 -l16
[1.783s] Level 1:colcon.colcon_core.shell:create_environment_hook('deepracer_msgs', 'ros_package_path')
[1.792s] INFO:colcon.colcon_core.shell:Creating environment hook '/home/inspacehj/dr_logger/simulation_ws/install/deepracer_msgs/share/deepracer_msgs/hook/ros_package_path.ps1'
[1.792s] INFO:colcon.colcon_core.shell:Creating environment descriptor '/home/inspacehj/dr_logger/simulation_ws/install/deepracer_msgs/share/deepracer_msgs/hook/ros_package_path.dsv'
[1.793s] INFO:colcon.colcon_core.shell:Creating environment hook '/home/inspacehj/dr_logger/simulation_ws/install/deepracer_msgs/share/deepracer_msgs/hook/ros_package_path.sh'
[1.793s] Level 1:colcon.colcon_ros.task.catkin:checking '/home/inspacehj/dr_logger/simulation_ws/install/deepracer_msgs/lib/python2.7/dist-packages'
[1.793s] Level 1:colcon.colcon_core.shell:create_environment_hook('deepracer_msgs', 'catkin_pythonpath')
[1.801s] INFO:colcon.colcon_core.shell:Creating environment hook '/home/inspacehj/dr_logger/simulation_ws/install/deepracer_msgs/share/deepracer_msgs/hook/catkin_pythonpath.ps1'
[1.802s] INFO:colcon.colcon_core.shell:Creating environment descriptor '/home/inspacehj/dr_logger/simulation_ws/install/deepracer_msgs/share/deepracer_msgs/hook/catkin_pythonpath.dsv'
[1.802s] INFO:colcon.colcon_core.shell:Creating environment hook '/home/inspacehj/dr_logger/simulation_ws/install/deepracer_msgs/share/deepracer_msgs/hook/catkin_pythonpath.sh'
[1.802s] Level 1:colcon.colcon_core.shell:create_environment_hook('deepracer_msgs', 'pkg_config_path')
[1.810s] INFO:colcon.colcon_core.shell:Creating environment hook '/home/inspacehj/dr_logger/simulation_ws/install/deepracer_msgs/share/deepracer_msgs/hook/pkg_config_path.ps1'
[1.811s] INFO:colcon.colcon_core.shell:Creating environment descriptor '/home/inspacehj/dr_logger/simulation_ws/install/deepracer_msgs/share/deepracer_msgs/hook/pkg_config_path.dsv'
[1.811s] INFO:colcon.colcon_core.shell:Creating environment hook '/home/inspacehj/dr_logger/simulation_ws/install/deepracer_msgs/share/deepracer_msgs/hook/pkg_config_path.sh'
[1.813s] Level 1:colcon.colcon_core.shell:create_environment_hook('deepracer_msgs', 'pkg_config_path_multiarch')
[1.821s] INFO:colcon.colcon_core.shell:Creating environment hook '/home/inspacehj/dr_logger/simulation_ws/install/deepracer_msgs/share/deepracer_msgs/hook/pkg_config_path_multiarch.ps1'
[1.821s] INFO:colcon.colcon_core.shell:Creating environment descriptor '/home/inspacehj/dr_logger/simulation_ws/install/deepracer_msgs/share/deepracer_msgs/hook/pkg_config_path_multiarch.dsv'
[1.822s] INFO:colcon.colcon_core.shell:Creating environment hook '/home/inspacehj/dr_logger/simulation_ws/install/deepracer_msgs/share/deepracer_msgs/hook/pkg_config_path_multiarch.sh'
[1.830s] Level 1:colcon.colcon_core.environment:create_environment_scripts_only(deepracer_msgs)
[1.838s] Level 1:colcon.colcon_core.environment:checking '/home/inspacehj/dr_logger/simulation_ws/install/deepracer_msgs' for CMake module files
[1.838s] Level 1:colcon.colcon_core.environment:checking '/home/inspacehj/dr_logger/simulation_ws/install/deepracer_msgs' for CMake config files
[1.838s] Level 1:colcon.colcon_core.shell:create_environment_hook('deepracer_msgs', 'cmake_prefix_path')
[1.846s] INFO:colcon.colcon_core.shell:Creating environment hook '/home/inspacehj/dr_logger/simulation_ws/install/deepracer_msgs/share/deepracer_msgs/hook/cmake_prefix_path.ps1'
[1.847s] INFO:colcon.colcon_core.shell:Creating environment descriptor '/home/inspacehj/dr_logger/simulation_ws/install/deepracer_msgs/share/deepracer_msgs/hook/cmake_prefix_path.dsv'
[1.847s] INFO:colcon.colcon_core.shell:Creating environment hook '/home/inspacehj/dr_logger/simulation_ws/install/deepracer_msgs/share/deepracer_msgs/hook/cmake_prefix_path.sh'
[1.847s] Level 1:colcon.colcon_core.environment:checking '/home/inspacehj/dr_logger/simulation_ws/install/deepracer_msgs/lib'
[1.847s] Level 1:colcon.colcon_core.environment:checking '/home/inspacehj/dr_logger/simulation_ws/install/deepracer_msgs/bin'
[1.848s] Level 1:colcon.colcon_core.environment:checking '/home/inspacehj/dr_logger/simulation_ws/install/deepracer_msgs/lib/pkgconfig/deepracer_msgs.pc'
[1.848s] Level 1:colcon.colcon_core.shell:create_environment_hook('deepracer_msgs', 'pkg_config')
[1.855s] INFO:colcon.colcon_core.shell:Creating environment hook '/home/inspacehj/dr_logger/simulation_ws/install/deepracer_msgs/share/deepracer_msgs/hook/pkg_config.ps1'
[1.855s] INFO:colcon.colcon_core.shell:Creating environment descriptor '/home/inspacehj/dr_logger/simulation_ws/install/deepracer_msgs/share/deepracer_msgs/hook/pkg_config.dsv'
[1.855s] INFO:colcon.colcon_core.shell:Creating environment hook '/home/inspacehj/dr_logger/simulation_ws/install/deepracer_msgs/share/deepracer_msgs/hook/pkg_config.sh'
[1.856s] Level 1:colcon.colcon_core.environment:checking '/home/inspacehj/dr_logger/simulation_ws/install/deepracer_msgs/lib/python3.6/site-packages'
[1.863s] INFO:colcon.colcon_core.shell:Creating package script '/home/inspacehj/dr_logger/simulation_ws/install/deepracer_msgs/share/deepracer_msgs/package.ps1'
[1.864s] INFO:colcon.colcon_core.shell:Creating package descriptor '/home/inspacehj/dr_logger/simulation_ws/install/deepracer_msgs/share/deepracer_msgs/package.dsv'
[1.864s] INFO:colcon.colcon_core.shell:Creating package script '/home/inspacehj/dr_logger/simulation_ws/install/deepracer_msgs/share/deepracer_msgs/package.sh'
[1.864s] INFO:colcon.colcon_core.shell:Creating package script '/home/inspacehj/dr_logger/simulation_ws/install/deepracer_msgs/share/deepracer_msgs/package.bash'
[1.865s] INFO:colcon.colcon_core.shell:Creating package script '/home/inspacehj/dr_logger/simulation_ws/install/deepracer_msgs/share/deepracer_msgs/package.zsh'
[1.865s] Level 1:colcon.colcon_core.environment:create_file_with_runtime_dependencies(/home/inspacehj/dr_logger/simulation_ws/install/deepracer_msgs/share/colcon-core/packages/deepracer_msgs)
[1.865s] INFO:colcon.colcon_ros.task.catkin.build:Building ROS package in '/home/inspacehj/dr_logger/simulation_ws/src/deepracer_interpreter' with build type 'catkin'
[1.865s] INFO:colcon.colcon_cmake.task.cmake.build:Building CMake package in '/home/inspacehj/dr_logger/simulation_ws/src/deepracer_interpreter'
[1.873s] INFO:colcon.colcon_core.shell:Skip shell extension 'powershell' for command environment: Not usable outside of PowerShell
[1.873s] DEBUG:colcon.colcon_core.shell:Skip shell extension 'dsv' for command environment
[1.879s] DEBUG:colcon.colcon_core.shell:Ignoring prefix path '/home/inspacehj/drone_mpc_ws/devel'
[1.879s] DEBUG:colcon.colcon_core.shell:Ignoring prefix path '/home/inspacehj/autosim_ws/devel'
[1.879s] DEBUG:colcon.colcon_core.shell:Ignoring prefix path '/home/inspacehj/catkin_ws/devel'
[1.879s] DEBUG:colcon.colcon_core.shell:Ignoring prefix path '/home/inspacehj/drone_ws/devel'
[1.879s] DEBUG:colcon.colcon_core.shell:Ignoring prefix path '/opt/ros/melodic'
[1.880s] INFO:colcon.colcon_ros.task.catkin.build:Building ROS package in '/home/inspacehj/dr_logger/simulation_ws/src/deepracer_simulation' with build type 'catkin'
[1.880s] INFO:colcon.colcon_cmake.task.cmake.build:Building CMake package in '/home/inspacehj/dr_logger/simulation_ws/src/deepracer_simulation'
[1.888s] INFO:colcon.colcon_core.shell:Skip shell extension 'powershell' for command environment: Not usable outside of PowerShell
[1.888s] DEBUG:colcon.colcon_core.shell:Skip shell extension 'dsv' for command environment
[1.895s] DEBUG:colcon.colcon_core.shell:Ignoring prefix path '/home/inspacehj/drone_mpc_ws/devel'
[1.896s] DEBUG:colcon.colcon_core.shell:Ignoring prefix path '/home/inspacehj/autosim_ws/devel'
[1.896s] DEBUG:colcon.colcon_core.shell:Ignoring prefix path '/home/inspacehj/catkin_ws/devel'
[1.896s] DEBUG:colcon.colcon_core.shell:Ignoring prefix path '/home/inspacehj/drone_ws/devel'
[1.896s] DEBUG:colcon.colcon_core.shell:Ignoring prefix path '/opt/ros/melodic'
[1.902s] DEBUG:colcon.colcon_core.event_handler.log_command:Invoking command in '/home/inspacehj/dr_logger/simulation_ws/build/deepracer_interpreter': CMAKE_PREFIX_PATH=/home/inspacehj/dr_logger/simulation_ws/install/deepracer_msgs:${CMAKE_PREFIX_PATH} PKG_CONFIG_PATH=/home/inspacehj/dr_logger/simulation_ws/install/deepracer_msgs/lib/x86_64-linux-gnu/pkgconfig:/home/inspacehj/dr_logger/simulation_ws/install/deepracer_msgs/lib/pkgconfig:${PKG_CONFIG_PATH} PYTHONPATH=/home/inspacehj/dr_logger/simulation_ws/install/deepracer_msgs/lib/python2.7/dist-packages:${PYTHONPATH} ROS_PACKAGE_PATH=/home/inspacehj/dr_logger/simulation_ws/install/deepracer_msgs/share:${ROS_PACKAGE_PATH} /usr/bin/cmake --build /home/inspacehj/dr_logger/simulation_ws/build/deepracer_interpreter -- -j16 -l16
[1.905s] DEBUG:colcon.colcon_core.event_handler.log_command:Invoking command in '/home/inspacehj/dr_logger/simulation_ws/build/deepracer_simulation': CMAKE_PREFIX_PATH=/home/inspacehj/dr_logger/simulation_ws/install/deepracer_msgs:${CMAKE_PREFIX_PATH} PKG_CONFIG_PATH=/home/inspacehj/dr_logger/simulation_ws/install/deepracer_msgs/lib/x86_64-linux-gnu/pkgconfig:/home/inspacehj/dr_logger/simulation_ws/install/deepracer_msgs/lib/pkgconfig:${PKG_CONFIG_PATH} PYTHONPATH=/home/inspacehj/dr_logger/simulation_ws/install/deepracer_msgs/lib/python2.7/dist-packages:${PYTHONPATH} ROS_PACKAGE_PATH=/home/inspacehj/dr_logger/simulation_ws/install/deepracer_msgs/share:${ROS_PACKAGE_PATH} /usr/bin/cmake /home/inspacehj/dr_logger/simulation_ws/src/deepracer_simulation -DCATKIN_INSTALL_INTO_PREFIX_ROOT=0 -DCMAKE_INSTALL_PREFIX=/home/inspacehj/dr_logger/simulation_ws/install/deepracer_simulation
[2.391s] DEBUG:colcon.colcon_core.event_handler.log_command:Invoked command in '/home/inspacehj/dr_logger/simulation_ws/build/deepracer_simulation' returned '0': CMAKE_PREFIX_PATH=/home/inspacehj/dr_logger/simulation_ws/install/deepracer_msgs:${CMAKE_PREFIX_PATH} PKG_CONFIG_PATH=/home/inspacehj/dr_logger/simulation_ws/install/deepracer_msgs/lib/x86_64-linux-gnu/pkgconfig:/home/inspacehj/dr_logger/simulation_ws/install/deepracer_msgs/lib/pkgconfig:${PKG_CONFIG_PATH} PYTHONPATH=/home/inspacehj/dr_logger/simulation_ws/install/deepracer_msgs/lib/python2.7/dist-packages:${PYTHONPATH} ROS_PACKAGE_PATH=/home/inspacehj/dr_logger/simulation_ws/install/deepracer_msgs/share:${ROS_PACKAGE_PATH} /usr/bin/cmake /home/inspacehj/dr_logger/simulation_ws/src/deepracer_simulation -DCATKIN_INSTALL_INTO_PREFIX_ROOT=0 -DCMAKE_INSTALL_PREFIX=/home/inspacehj/dr_logger/simulation_ws/install/deepracer_simulation
[2.393s] DEBUG:colcon.colcon_core.event_handler.log_command:Invoking command in '/home/inspacehj/dr_logger/simulation_ws/build/deepracer_simulation': CMAKE_PREFIX_PATH=/home/inspacehj/dr_logger/simulation_ws/install/deepracer_msgs:${CMAKE_PREFIX_PATH} PKG_CONFIG_PATH=/home/inspacehj/dr_logger/simulation_ws/install/deepracer_msgs/lib/x86_64-linux-gnu/pkgconfig:/home/inspacehj/dr_logger/simulation_ws/install/deepracer_msgs/lib/pkgconfig:${PKG_CONFIG_PATH} PYTHONPATH=/home/inspacehj/dr_logger/simulation_ws/install/deepracer_msgs/lib/python2.7/dist-packages:${PYTHONPATH} ROS_PACKAGE_PATH=/home/inspacehj/dr_logger/simulation_ws/install/deepracer_msgs/share:${ROS_PACKAGE_PATH} /usr/bin/cmake --build /home/inspacehj/dr_logger/simulation_ws/build/deepracer_simulation -- -j16 -l16
[2.421s] DEBUG:colcon.colcon_core.event_handler.log_command:Invoked command in '/home/inspacehj/dr_logger/simulation_ws/build/deepracer_simulation' returned '0': CMAKE_PREFIX_PATH=/home/inspacehj/dr_logger/simulation_ws/install/deepracer_msgs:${CMAKE_PREFIX_PATH} PKG_CONFIG_PATH=/home/inspacehj/dr_logger/simulation_ws/install/deepracer_msgs/lib/x86_64-linux-gnu/pkgconfig:/home/inspacehj/dr_logger/simulation_ws/install/deepracer_msgs/lib/pkgconfig:${PKG_CONFIG_PATH} PYTHONPATH=/home/inspacehj/dr_logger/simulation_ws/install/deepracer_msgs/lib/python2.7/dist-packages:${PYTHONPATH} ROS_PACKAGE_PATH=/home/inspacehj/dr_logger/simulation_ws/install/deepracer_msgs/share:${ROS_PACKAGE_PATH} /usr/bin/cmake --build /home/inspacehj/dr_logger/simulation_ws/build/deepracer_simulation -- -j16 -l16
[2.471s] DEBUG:colcon.colcon_core.event_handler.log_command:Invoking command in '/home/inspacehj/dr_logger/simulation_ws/build/deepracer_simulation': CMAKE_PREFIX_PATH=/home/inspacehj/dr_logger/simulation_ws/install/deepracer_msgs:${CMAKE_PREFIX_PATH} PKG_CONFIG_PATH=/home/inspacehj/dr_logger/simulation_ws/install/deepracer_msgs/lib/x86_64-linux-gnu/pkgconfig:/home/inspacehj/dr_logger/simulation_ws/install/deepracer_msgs/lib/pkgconfig:${PKG_CONFIG_PATH} PYTHONPATH=/home/inspacehj/dr_logger/simulation_ws/install/deepracer_msgs/lib/python2.7/dist-packages:${PYTHONPATH} ROS_PACKAGE_PATH=/home/inspacehj/dr_logger/simulation_ws/install/deepracer_msgs/share:${ROS_PACKAGE_PATH} /usr/bin/cmake --build /home/inspacehj/dr_logger/simulation_ws/build/deepracer_simulation --target tests -- -j16 -l16
[2.519s] DEBUG:colcon.colcon_core.event_handler.log_command:Invoked command in '/home/inspacehj/dr_logger/simulation_ws/build/deepracer_simulation' returned '0': CMAKE_PREFIX_PATH=/home/inspacehj/dr_logger/simulation_ws/install/deepracer_msgs:${CMAKE_PREFIX_PATH} PKG_CONFIG_PATH=/home/inspacehj/dr_logger/simulation_ws/install/deepracer_msgs/lib/x86_64-linux-gnu/pkgconfig:/home/inspacehj/dr_logger/simulation_ws/install/deepracer_msgs/lib/pkgconfig:${PKG_CONFIG_PATH} PYTHONPATH=/home/inspacehj/dr_logger/simulation_ws/install/deepracer_msgs/lib/python2.7/dist-packages:${PYTHONPATH} ROS_PACKAGE_PATH=/home/inspacehj/dr_logger/simulation_ws/install/deepracer_msgs/share:${ROS_PACKAGE_PATH} /usr/bin/cmake --build /home/inspacehj/dr_logger/simulation_ws/build/deepracer_simulation --target tests -- -j16 -l16
[2.568s] DEBUG:colcon.colcon_core.event_handler.log_command:Invoking command in '/home/inspacehj/dr_logger/simulation_ws/build/deepracer_simulation': CMAKE_PREFIX_PATH=/home/inspacehj/dr_logger/simulation_ws/install/deepracer_msgs:${CMAKE_PREFIX_PATH} PKG_CONFIG_PATH=/home/inspacehj/dr_logger/simulation_ws/install/deepracer_msgs/lib/x86_64-linux-gnu/pkgconfig:/home/inspacehj/dr_logger/simulation_ws/install/deepracer_msgs/lib/pkgconfig:${PKG_CONFIG_PATH} PYTHONPATH=/home/inspacehj/dr_logger/simulation_ws/install/deepracer_msgs/lib/python2.7/dist-packages:${PYTHONPATH} ROS_PACKAGE_PATH=/home/inspacehj/dr_logger/simulation_ws/install/deepracer_msgs/share:${ROS_PACKAGE_PATH} /usr/bin/cmake --build /home/inspacehj/dr_logger/simulation_ws/build/deepracer_simulation --target install -- -j16 -l16
[2.616s] DEBUG:colcon.colcon_core.event_handler.log_command:Invoked command in '/home/inspacehj/dr_logger/simulation_ws/build/deepracer_simulation' returned '0': CMAKE_PREFIX_PATH=/home/inspacehj/dr_logger/simulation_ws/install/deepracer_msgs:${CMAKE_PREFIX_PATH} PKG_CONFIG_PATH=/home/inspacehj/dr_logger/simulation_ws/install/deepracer_msgs/lib/x86_64-linux-gnu/pkgconfig:/home/inspacehj/dr_logger/simulation_ws/install/deepracer_msgs/lib/pkgconfig:${PKG_CONFIG_PATH} PYTHONPATH=/home/inspacehj/dr_logger/simulation_ws/install/deepracer_msgs/lib/python2.7/dist-packages:${PYTHONPATH} ROS_PACKAGE_PATH=/home/inspacehj/dr_logger/simulation_ws/install/deepracer_msgs/share:${ROS_PACKAGE_PATH} /usr/bin/cmake --build /home/inspacehj/dr_logger/simulation_ws/build/deepracer_simulation --target install -- -j16 -l16
[2.660s] Level 1:colcon.colcon_core.shell:create_environment_hook('deepracer_simulation', 'ros_package_path')
[2.668s] INFO:colcon.colcon_core.shell:Creating environment hook '/home/inspacehj/dr_logger/simulation_ws/install/deepracer_simulation/share/deepracer_simulation/hook/ros_package_path.ps1'
[2.668s] INFO:colcon.colcon_core.shell:Creating environment descriptor '/home/inspacehj/dr_logger/simulation_ws/install/deepracer_simulation/share/deepracer_simulation/hook/ros_package_path.dsv'
[2.669s] INFO:colcon.colcon_core.shell:Creating environment hook '/home/inspacehj/dr_logger/simulation_ws/install/deepracer_simulation/share/deepracer_simulation/hook/ros_package_path.sh'
[2.669s] Level 1:colcon.colcon_ros.task.catkin:checking '/home/inspacehj/dr_logger/simulation_ws/install/deepracer_simulation/lib/python2.7/dist-packages'
[2.669s] Level 1:colcon.colcon_core.shell:create_environment_hook('deepracer_simulation', 'pkg_config_path')
[2.677s] INFO:colcon.colcon_core.shell:Creating environment hook '/home/inspacehj/dr_logger/simulation_ws/install/deepracer_simulation/share/deepracer_simulation/hook/pkg_config_path.ps1'
[2.677s] INFO:colcon.colcon_core.shell:Creating environment descriptor '/home/inspacehj/dr_logger/simulation_ws/install/deepracer_simulation/share/deepracer_simulation/hook/pkg_config_path.dsv'
[2.677s] INFO:colcon.colcon_core.shell:Creating environment hook '/home/inspacehj/dr_logger/simulation_ws/install/deepracer_simulation/share/deepracer_simulation/hook/pkg_config_path.sh'
[2.677s] Level 1:colcon.colcon_core.shell:create_environment_hook('deepracer_simulation', 'pkg_config_path_multiarch')
[2.685s] INFO:colcon.colcon_core.shell:Creating environment hook '/home/inspacehj/dr_logger/simulation_ws/install/deepracer_simulation/share/deepracer_simulation/hook/pkg_config_path_multiarch.ps1'
[2.685s] INFO:colcon.colcon_core.shell:Creating environment descriptor '/home/inspacehj/dr_logger/simulation_ws/install/deepracer_simulation/share/deepracer_simulation/hook/pkg_config_path_multiarch.dsv'
[2.686s] INFO:colcon.colcon_core.shell:Creating environment hook '/home/inspacehj/dr_logger/simulation_ws/install/deepracer_simulation/share/deepracer_simulation/hook/pkg_config_path_multiarch.sh'
[2.694s] Level 1:colcon.colcon_core.environment:create_environment_scripts_only(deepracer_simulation)
[2.702s] Level 1:colcon.colcon_core.environment:checking '/home/inspacehj/dr_logger/simulation_ws/install/deepracer_simulation' for CMake module files
[2.703s] Level 1:colcon.colcon_core.environment:checking '/home/inspacehj/dr_logger/simulation_ws/install/deepracer_simulation' for CMake config files
[2.703s] Level 1:colcon.colcon_core.shell:create_environment_hook('deepracer_simulation', 'cmake_prefix_path')
[2.711s] INFO:colcon.colcon_core.shell:Creating environment hook '/home/inspacehj/dr_logger/simulation_ws/install/deepracer_simulation/share/deepracer_simulation/hook/cmake_prefix_path.ps1'
[2.711s] INFO:colcon.colcon_core.shell:Creating environment descriptor '/home/inspacehj/dr_logger/simulation_ws/install/deepracer_simulation/share/deepracer_simulation/hook/cmake_prefix_path.dsv'
[2.711s] INFO:colcon.colcon_core.shell:Creating environment hook '/home/inspacehj/dr_logger/simulation_ws/install/deepracer_simulation/share/deepracer_simulation/hook/cmake_prefix_path.sh'
[2.712s] Level 1:colcon.colcon_core.environment:checking '/home/inspacehj/dr_logger/simulation_ws/install/deepracer_simulation/lib'
[2.712s] Level 1:colcon.colcon_core.environment:checking '/home/inspacehj/dr_logger/simulation_ws/install/deepracer_simulation/bin'
[2.712s] Level 1:colcon.colcon_core.environment:checking '/home/inspacehj/dr_logger/simulation_ws/install/deepracer_simulation/lib/pkgconfig/deepracer_simulation.pc'
[2.712s] Level 1:colcon.colcon_core.shell:create_environment_hook('deepracer_simulation', 'pkg_config')
[2.720s] INFO:colcon.colcon_core.shell:Creating environment hook '/home/inspacehj/dr_logger/simulation_ws/install/deepracer_simulation/share/deepracer_simulation/hook/pkg_config.ps1'
[2.720s] INFO:colcon.colcon_core.shell:Creating environment descriptor '/home/inspacehj/dr_logger/simulation_ws/install/deepracer_simulation/share/deepracer_simulation/hook/pkg_config.dsv'
[2.720s] INFO:colcon.colcon_core.shell:Creating environment hook '/home/inspacehj/dr_logger/simulation_ws/install/deepracer_simulation/share/deepracer_simulation/hook/pkg_config.sh'
[2.720s] Level 1:colcon.colcon_core.environment:checking '/home/inspacehj/dr_logger/simulation_ws/install/deepracer_simulation/lib/python3.6/site-packages'
[2.728s] INFO:colcon.colcon_core.shell:Creating package script '/home/inspacehj/dr_logger/simulation_ws/install/deepracer_simulation/share/deepracer_simulation/package.ps1'
[2.728s] INFO:colcon.colcon_core.shell:Creating package descriptor '/home/inspacehj/dr_logger/simulation_ws/install/deepracer_simulation/share/deepracer_simulation/package.dsv'
[2.729s] INFO:colcon.colcon_core.shell:Creating package script '/home/inspacehj/dr_logger/simulation_ws/install/deepracer_simulation/share/deepracer_simulation/package.sh'
[2.729s] INFO:colcon.colcon_core.shell:Creating package script '/home/inspacehj/dr_logger/simulation_ws/install/deepracer_simulation/share/deepracer_simulation/package.bash'
[2.730s] INFO:colcon.colcon_core.shell:Creating package script '/home/inspacehj/dr_logger/simulation_ws/install/deepracer_simulation/share/deepracer_simulation/package.zsh'
[2.730s] Level 1:colcon.colcon_core.environment:create_file_with_runtime_dependencies(/home/inspacehj/dr_logger/simulation_ws/install/deepracer_simulation/share/colcon-core/packages/deepracer_simulation)
[3.625s] DEBUG:colcon.colcon_core.event_handler.log_command:Invoked command in '/home/inspacehj/dr_logger/simulation_ws/build/deepracer_interpreter' returned '0': CMAKE_PREFIX_PATH=/home/inspacehj/dr_logger/simulation_ws/install/deepracer_msgs:${CMAKE_PREFIX_PATH} PKG_CONFIG_PATH=/home/inspacehj/dr_logger/simulation_ws/install/deepracer_msgs/lib/x86_64-linux-gnu/pkgconfig:/home/inspacehj/dr_logger/simulation_ws/install/deepracer_msgs/lib/pkgconfig:${PKG_CONFIG_PATH} PYTHONPATH=/home/inspacehj/dr_logger/simulation_ws/install/deepracer_msgs/lib/python2.7/dist-packages:${PYTHONPATH} ROS_PACKAGE_PATH=/home/inspacehj/dr_logger/simulation_ws/install/deepracer_msgs/share:${ROS_PACKAGE_PATH} /usr/bin/cmake --build /home/inspacehj/dr_logger/simulation_ws/build/deepracer_interpreter -- -j16 -l16
[3.780s] DEBUG:colcon.colcon_core.event_handler.log_command:Invoking command in '/home/inspacehj/dr_logger/simulation_ws/build/deepracer_interpreter': CMAKE_PREFIX_PATH=/home/inspacehj/dr_logger/simulation_ws/install/deepracer_msgs:${CMAKE_PREFIX_PATH} PKG_CONFIG_PATH=/home/inspacehj/dr_logger/simulation_ws/install/deepracer_msgs/lib/x86_64-linux-gnu/pkgconfig:/home/inspacehj/dr_logger/simulation_ws/install/deepracer_msgs/lib/pkgconfig:${PKG_CONFIG_PATH} PYTHONPATH=/home/inspacehj/dr_logger/simulation_ws/install/deepracer_msgs/lib/python2.7/dist-packages:${PYTHONPATH} ROS_PACKAGE_PATH=/home/inspacehj/dr_logger/simulation_ws/install/deepracer_msgs/share:${ROS_PACKAGE_PATH} /usr/bin/cmake --build /home/inspacehj/dr_logger/simulation_ws/build/deepracer_interpreter --target tests -- -j16 -l16
[3.913s] DEBUG:colcon.colcon_core.event_handler.log_command:Invoked command in '/home/inspacehj/dr_logger/simulation_ws/build/deepracer_interpreter' returned '0': CMAKE_PREFIX_PATH=/home/inspacehj/dr_logger/simulation_ws/install/deepracer_msgs:${CMAKE_PREFIX_PATH} PKG_CONFIG_PATH=/home/inspacehj/dr_logger/simulation_ws/install/deepracer_msgs/lib/x86_64-linux-gnu/pkgconfig:/home/inspacehj/dr_logger/simulation_ws/install/deepracer_msgs/lib/pkgconfig:${PKG_CONFIG_PATH} PYTHONPATH=/home/inspacehj/dr_logger/simulation_ws/install/deepracer_msgs/lib/python2.7/dist-packages:${PYTHONPATH} ROS_PACKAGE_PATH=/home/inspacehj/dr_logger/simulation_ws/install/deepracer_msgs/share:${ROS_PACKAGE_PATH} /usr/bin/cmake --build /home/inspacehj/dr_logger/simulation_ws/build/deepracer_interpreter --target tests -- -j16 -l16
[4.170s] DEBUG:colcon.colcon_core.event_handler.log_command:Invoking command in '/home/inspacehj/dr_logger/simulation_ws/build/deepracer_interpreter': CMAKE_PREFIX_PATH=/home/inspacehj/dr_logger/simulation_ws/install/deepracer_msgs:${CMAKE_PREFIX_PATH} PKG_CONFIG_PATH=/home/inspacehj/dr_logger/simulation_ws/install/deepracer_msgs/lib/x86_64-linux-gnu/pkgconfig:/home/inspacehj/dr_logger/simulation_ws/install/deepracer_msgs/lib/pkgconfig:${PKG_CONFIG_PATH} PYTHONPATH=/home/inspacehj/dr_logger/simulation_ws/install/deepracer_msgs/lib/python2.7/dist-packages:${PYTHONPATH} ROS_PACKAGE_PATH=/home/inspacehj/dr_logger/simulation_ws/install/deepracer_msgs/share:${ROS_PACKAGE_PATH} /usr/bin/cmake --build /home/inspacehj/dr_logger/simulation_ws/build/deepracer_interpreter --target install -- -j16 -l16
[4.254s] DEBUG:colcon.colcon_core.event_handler.log_command:Invoked command in '/home/inspacehj/dr_logger/simulation_ws/build/deepracer_interpreter' returned '0': CMAKE_PREFIX_PATH=/home/inspacehj/dr_logger/simulation_ws/install/deepracer_msgs:${CMAKE_PREFIX_PATH} PKG_CONFIG_PATH=/home/inspacehj/dr_logger/simulation_ws/install/deepracer_msgs/lib/x86_64-linux-gnu/pkgconfig:/home/inspacehj/dr_logger/simulation_ws/install/deepracer_msgs/lib/pkgconfig:${PKG_CONFIG_PATH} PYTHONPATH=/home/inspacehj/dr_logger/simulation_ws/install/deepracer_msgs/lib/python2.7/dist-packages:${PYTHONPATH} ROS_PACKAGE_PATH=/home/inspacehj/dr_logger/simulation_ws/install/deepracer_msgs/share:${ROS_PACKAGE_PATH} /usr/bin/cmake --build /home/inspacehj/dr_logger/simulation_ws/build/deepracer_interpreter --target install -- -j16 -l16
[4.436s] Level 1:colcon.colcon_core.shell:create_environment_hook('deepracer_interpreter', 'ros_package_path')
[4.474s] INFO:colcon.colcon_core.shell:Creating environment hook '/home/inspacehj/dr_logger/simulation_ws/install/deepracer_interpreter/share/deepracer_interpreter/hook/ros_package_path.ps1'
[4.475s] INFO:colcon.colcon_core.shell:Creating environment descriptor '/home/inspacehj/dr_logger/simulation_ws/install/deepracer_interpreter/share/deepracer_interpreter/hook/ros_package_path.dsv'
[4.475s] INFO:colcon.colcon_core.shell:Creating environment hook '/home/inspacehj/dr_logger/simulation_ws/install/deepracer_interpreter/share/deepracer_interpreter/hook/ros_package_path.sh'
[4.477s] Level 1:colcon.colcon_ros.task.catkin:checking '/home/inspacehj/dr_logger/simulation_ws/install/deepracer_interpreter/lib/python2.7/dist-packages'
[4.477s] Level 1:colcon.colcon_core.shell:create_environment_hook('deepracer_interpreter', 'pkg_config_path')
[4.490s] INFO:colcon.colcon_core.shell:Creating environment hook '/home/inspacehj/dr_logger/simulation_ws/install/deepracer_interpreter/share/deepracer_interpreter/hook/pkg_config_path.ps1'
[4.491s] INFO:colcon.colcon_core.shell:Creating environment descriptor '/home/inspacehj/dr_logger/simulation_ws/install/deepracer_interpreter/share/deepracer_interpreter/hook/pkg_config_path.dsv'
[4.491s] INFO:colcon.colcon_core.shell:Creating environment hook '/home/inspacehj/dr_logger/simulation_ws/install/deepracer_interpreter/share/deepracer_interpreter/hook/pkg_config_path.sh'
[4.491s] Level 1:colcon.colcon_core.shell:create_environment_hook('deepracer_interpreter', 'pkg_config_path_multiarch')
[4.501s] INFO:colcon.colcon_core.shell:Creating environment hook '/home/inspacehj/dr_logger/simulation_ws/install/deepracer_interpreter/share/deepracer_interpreter/hook/pkg_config_path_multiarch.ps1'
[4.501s] INFO:colcon.colcon_core.shell:Creating environment descriptor '/home/inspacehj/dr_logger/simulation_ws/install/deepracer_interpreter/share/deepracer_interpreter/hook/pkg_config_path_multiarch.dsv'
[4.502s] INFO:colcon.colcon_core.shell:Creating environment hook '/home/inspacehj/dr_logger/simulation_ws/install/deepracer_interpreter/share/deepracer_interpreter/hook/pkg_config_path_multiarch.sh'
[4.510s] Level 1:colcon.colcon_core.environment:create_environment_scripts_only(deepracer_interpreter)
[4.518s] Level 1:colcon.colcon_core.environment:checking '/home/inspacehj/dr_logger/simulation_ws/install/deepracer_interpreter' for CMake module files
[4.518s] Level 1:colcon.colcon_core.environment:checking '/home/inspacehj/dr_logger/simulation_ws/install/deepracer_interpreter' for CMake config files
[4.518s] Level 1:colcon.colcon_core.shell:create_environment_hook('deepracer_interpreter', 'cmake_prefix_path')
[4.526s] INFO:colcon.colcon_core.shell:Creating environment hook '/home/inspacehj/dr_logger/simulation_ws/install/deepracer_interpreter/share/deepracer_interpreter/hook/cmake_prefix_path.ps1'
[4.526s] INFO:colcon.colcon_core.shell:Creating environment descriptor '/home/inspacehj/dr_logger/simulation_ws/install/deepracer_interpreter/share/deepracer_interpreter/hook/cmake_prefix_path.dsv'
[4.526s] INFO:colcon.colcon_core.shell:Creating environment hook '/home/inspacehj/dr_logger/simulation_ws/install/deepracer_interpreter/share/deepracer_interpreter/hook/cmake_prefix_path.sh'
[4.527s] Level 1:colcon.colcon_core.environment:checking '/home/inspacehj/dr_logger/simulation_ws/install/deepracer_interpreter/lib'
[4.527s] Level 1:colcon.colcon_core.shell:create_environment_hook('deepracer_interpreter', 'ld_library_path_lib')
[4.535s] INFO:colcon.colcon_core.shell:Creating environment hook '/home/inspacehj/dr_logger/simulation_ws/install/deepracer_interpreter/share/deepracer_interpreter/hook/ld_library_path_lib.ps1'
[4.535s] INFO:colcon.colcon_core.shell:Creating environment descriptor '/home/inspacehj/dr_logger/simulation_ws/install/deepracer_interpreter/share/deepracer_interpreter/hook/ld_library_path_lib.dsv'
[4.535s] INFO:colcon.colcon_core.shell:Creating environment hook '/home/inspacehj/dr_logger/simulation_ws/install/deepracer_interpreter/share/deepracer_interpreter/hook/ld_library_path_lib.sh'
[4.535s] Level 1:colcon.colcon_core.environment:checking '/home/inspacehj/dr_logger/simulation_ws/install/deepracer_interpreter/bin'
[4.535s] Level 1:colcon.colcon_core.environment:checking '/home/inspacehj/dr_logger/simulation_ws/install/deepracer_interpreter/lib/pkgconfig/deepracer_interpreter.pc'
[4.535s] Level 1:colcon.colcon_core.shell:create_environment_hook('deepracer_interpreter', 'pkg_config')
[4.543s] INFO:colcon.colcon_core.shell:Creating environment hook '/home/inspacehj/dr_logger/simulation_ws/install/deepracer_interpreter/share/deepracer_interpreter/hook/pkg_config.ps1'
[4.543s] INFO:colcon.colcon_core.shell:Creating environment descriptor '/home/inspacehj/dr_logger/simulation_ws/install/deepracer_interpreter/share/deepracer_interpreter/hook/pkg_config.dsv'
[4.543s] INFO:colcon.colcon_core.shell:Creating environment hook '/home/inspacehj/dr_logger/simulation_ws/install/deepracer_interpreter/share/deepracer_interpreter/hook/pkg_config.sh'
[4.544s] Level 1:colcon.colcon_core.environment:checking '/home/inspacehj/dr_logger/simulation_ws/install/deepracer_interpreter/lib/python3.6/site-packages'
[4.551s] INFO:colcon.colcon_core.shell:Creating package script '/home/inspacehj/dr_logger/simulation_ws/install/deepracer_interpreter/share/deepracer_interpreter/package.ps1'
[4.552s] INFO:colcon.colcon_core.shell:Creating package descriptor '/home/inspacehj/dr_logger/simulation_ws/install/deepracer_interpreter/share/deepracer_interpreter/package.dsv'
[4.552s] INFO:colcon.colcon_core.shell:Creating package script '/home/inspacehj/dr_logger/simulation_ws/install/deepracer_interpreter/share/deepracer_interpreter/package.sh'
[4.552s] INFO:colcon.colcon_core.shell:Creating package script '/home/inspacehj/dr_logger/simulation_ws/install/deepracer_interpreter/share/deepracer_interpreter/package.bash'
[4.553s] INFO:colcon.colcon_core.shell:Creating package script '/home/inspacehj/dr_logger/simulation_ws/install/deepracer_interpreter/share/deepracer_interpreter/package.zsh'
[4.553s] Level 1:colcon.colcon_core.environment:create_file_with_runtime_dependencies(/home/inspacehj/dr_logger/simulation_ws/install/deepracer_interpreter/share/colcon-core/packages/deepracer_interpreter)
[4.553s] DEBUG:colcon.colcon_parallel_executor.executor.parallel:closing loop
[4.555s] DEBUG:colcon.colcon_parallel_executor.executor.parallel:loop closed
[4.555s] DEBUG:colcon.colcon_parallel_executor.executor.parallel:run_until_complete finished with '0'
[4.555s] DEBUG:colcon.colcon_core.event_reactor:joining thread
[4.564s] INFO:colcon.colcon_core.plugin_system:Skipping extension 'colcon_notification.desktop_notification.terminal_notifier': Not used on non-Darwin systems
[4.564s] INFO:colcon.colcon_core.plugin_system:Skipping extension 'colcon_notification.desktop_notification.win32': Not used on non-Windows systems
[4.564s] INFO:colcon.colcon_notification.desktop_notification:Sending desktop notification using 'notify2'
[4.567s] DEBUG:colcon.colcon_core.event_reactor:joined thread
[4.574s] INFO:colcon.colcon_core.shell:Creating prefix script '/home/inspacehj/dr_logger/simulation_ws/install/local_setup.ps1'
[4.575s] INFO:colcon.colcon_core.shell:Creating prefix util module '/home/inspacehj/dr_logger/simulation_ws/install/_local_setup_util_ps1.py'
[4.576s] INFO:colcon.colcon_core.shell:Creating prefix chain script '/home/inspacehj/dr_logger/simulation_ws/install/setup.ps1'
[4.582s] INFO:colcon.colcon_core.shell:Creating prefix script '/home/inspacehj/dr_logger/simulation_ws/install/local_setup.sh'
[4.583s] INFO:colcon.colcon_core.shell:Creating prefix util module '/home/inspacehj/dr_logger/simulation_ws/install/_local_setup_util_sh.py'
[4.583s] INFO:colcon.colcon_core.shell:Creating prefix chain script '/home/inspacehj/dr_logger/simulation_ws/install/setup.sh'
[4.589s] INFO:colcon.colcon_core.shell:Creating prefix script '/home/inspacehj/dr_logger/simulation_ws/install/local_setup.bash'
[4.589s] INFO:colcon.colcon_core.shell:Creating prefix chain script '/home/inspacehj/dr_logger/simulation_ws/install/setup.bash'
[4.595s] INFO:colcon.colcon_core.shell:Creating prefix script '/home/inspacehj/dr_logger/simulation_ws/install/local_setup.zsh'
[4.596s] INFO:colcon.colcon_core.shell:Creating prefix chain script '/home/inspacehj/dr_logger/simulation_ws/install/setup.zsh'
