[0.048s] Invoking command in '/home/inspace/dr_logger/simulation_ws/build/deepracer_msgs': /usr/bin/cmake --build /home/inspace/dr_logger/simulation_ws/build/deepracer_msgs -- -j16 -l16
[0.084s] [  0%] Built target std_msgs_generate_messages_nodejs
[0.085s] [  0%] Built target std_msgs_generate_messages_eus
[0.086s] [  0%] Built target std_msgs_generate_messages_py
[0.086s] [  0%] Built target std_msgs_generate_messages_cpp
[0.088s] [  0%] Built target std_msgs_generate_messages_lisp
[0.101s] [  0%] Built target _deepracer_msgs_generate_messages_check_deps_Progress
[0.118s] [ 28%] Built target deepracer_msgs_generate_messages_lisp
[0.118s] [ 28%] Built target deepracer_msgs_generate_messages_nodejs
[0.119s] [ 85%] Built target deepracer_msgs_generate_messages_py
[0.119s] [ 85%] Built target deepracer_msgs_generate_messages_eus
[0.119s] [100%] Built target deepracer_msgs_generate_messages_cpp
[0.134s] [100%] Built target deepracer_msgs_generate_messages
[0.250s] Invoked command in '/home/inspace/dr_logger/simulation_ws/build/deepracer_msgs' returned '0': /usr/bin/cmake --build /home/inspace/dr_logger/simulation_ws/build/deepracer_msgs -- -j16 -l16
[0.277s] Invoking command in '/home/inspace/dr_logger/simulation_ws/build/deepracer_msgs': /usr/bin/cmake --build /home/inspace/dr_logger/simulation_ws/build/deepracer_msgs --target tests -- -j16 -l16
[0.321s] Built target tests
[0.328s] Invoked command in '/home/inspace/dr_logger/simulation_ws/build/deepracer_msgs' returned '0': /usr/bin/cmake --build /home/inspace/dr_logger/simulation_ws/build/deepracer_msgs --target tests -- -j16 -l16
[0.362s] Invoking command in '/home/inspace/dr_logger/simulation_ws/build/deepracer_msgs': /usr/bin/cmake --build /home/inspace/dr_logger/simulation_ws/build/deepracer_msgs --target install -- -j16 -l16
[0.399s] [  0%] Built target std_msgs_generate_messages_eus
[0.401s] [  0%] Built target std_msgs_generate_messages_lisp
[0.401s] [  0%] Built target std_msgs_generate_messages_nodejs
[0.401s] [  0%] Built target std_msgs_generate_messages_py
[0.401s] [  0%] Built target std_msgs_generate_messages_cpp
[0.416s] [  0%] Built target _deepracer_msgs_generate_messages_check_deps_Progress
[0.430s] [ 57%] Built target deepracer_msgs_generate_messages_lisp
[0.430s] [ 71%] Built target deepracer_msgs_generate_messages_py
[0.430s] [ 71%] Built target deepracer_msgs_generate_messages_eus
[0.430s] [ 85%] Built target deepracer_msgs_generate_messages_cpp
[0.434s] [100%] Built target deepracer_msgs_generate_messages_nodejs
[0.449s] [100%] Built target deepracer_msgs_generate_messages
[0.462s] [36mInstall the project...[0m
[0.468s] -- Install configuration: ""
[0.468s] -- Up-to-date: /home/inspace/dr_logger/simulation_ws/install/deepracer_msgs/share/deepracer_msgs/msg/Progress.msg
[0.468s] -- Up-to-date: /home/inspace/dr_logger/simulation_ws/install/deepracer_msgs/share/deepracer_msgs/cmake/deepracer_msgs-msg-paths.cmake
[0.468s] -- Up-to-date: /home/inspace/dr_logger/simulation_ws/install/deepracer_msgs/include/deepracer_msgs
[0.468s] -- Up-to-date: /home/inspace/dr_logger/simulation_ws/install/deepracer_msgs/include/deepracer_msgs/Progress.h
[0.468s] -- Up-to-date: /home/inspace/dr_logger/simulation_ws/install/deepracer_msgs/share/roseus/ros/deepracer_msgs
[0.468s] -- Up-to-date: /home/inspace/dr_logger/simulation_ws/install/deepracer_msgs/share/roseus/ros/deepracer_msgs/msg
[0.468s] -- Up-to-date: /home/inspace/dr_logger/simulation_ws/install/deepracer_msgs/share/roseus/ros/deepracer_msgs/msg/Progress.l
[0.468s] -- Up-to-date: /home/inspace/dr_logger/simulation_ws/install/deepracer_msgs/share/roseus/ros/deepracer_msgs/manifest.l
[0.468s] -- Up-to-date: /home/inspace/dr_logger/simulation_ws/install/deepracer_msgs/share/common-lisp/ros/deepracer_msgs
[0.468s] -- Up-to-date: /home/inspace/dr_logger/simulation_ws/install/deepracer_msgs/share/common-lisp/ros/deepracer_msgs/msg
[0.469s] -- Up-to-date: /home/inspace/dr_logger/simulation_ws/install/deepracer_msgs/share/common-lisp/ros/deepracer_msgs/msg/deepracer_msgs-msg.asd
[0.469s] -- Up-to-date: /home/inspace/dr_logger/simulation_ws/install/deepracer_msgs/share/common-lisp/ros/deepracer_msgs/msg/_package_Progress.lisp
[0.469s] -- Up-to-date: /home/inspace/dr_logger/simulation_ws/install/deepracer_msgs/share/common-lisp/ros/deepracer_msgs/msg/_package.lisp
[0.469s] -- Up-to-date: /home/inspace/dr_logger/simulation_ws/install/deepracer_msgs/share/common-lisp/ros/deepracer_msgs/msg/Progress.lisp
[0.469s] -- Up-to-date: /home/inspace/dr_logger/simulation_ws/install/deepracer_msgs/share/gennodejs/ros/deepracer_msgs
[0.469s] -- Up-to-date: /home/inspace/dr_logger/simulation_ws/install/deepracer_msgs/share/gennodejs/ros/deepracer_msgs/_index.js
[0.469s] -- Up-to-date: /home/inspace/dr_logger/simulation_ws/install/deepracer_msgs/share/gennodejs/ros/deepracer_msgs/msg
[0.469s] -- Up-to-date: /home/inspace/dr_logger/simulation_ws/install/deepracer_msgs/share/gennodejs/ros/deepracer_msgs/msg/_index.js
[0.469s] -- Up-to-date: /home/inspace/dr_logger/simulation_ws/install/deepracer_msgs/share/gennodejs/ros/deepracer_msgs/msg/Progress.js
[0.476s] Listing /home/inspace/dr_logger/simulation_ws/build/deepracer_msgs/devel/lib/python2.7/dist-packages/deepracer_msgs ...
[0.476s] Listing /home/inspace/dr_logger/simulation_ws/build/deepracer_msgs/devel/lib/python2.7/dist-packages/deepracer_msgs/msg ...
[0.477s] -- Up-to-date: /home/inspace/dr_logger/simulation_ws/install/deepracer_msgs/lib/python2.7/dist-packages/deepracer_msgs
[0.478s] -- Up-to-date: /home/inspace/dr_logger/simulation_ws/install/deepracer_msgs/lib/python2.7/dist-packages/deepracer_msgs/__init__.pyc
[0.478s] -- Up-to-date: /home/inspace/dr_logger/simulation_ws/install/deepracer_msgs/lib/python2.7/dist-packages/deepracer_msgs/__init__.py
[0.478s] -- Up-to-date: /home/inspace/dr_logger/simulation_ws/install/deepracer_msgs/lib/python2.7/dist-packages/deepracer_msgs/msg
[0.478s] -- Up-to-date: /home/inspace/dr_logger/simulation_ws/install/deepracer_msgs/lib/python2.7/dist-packages/deepracer_msgs/msg/_Progress.pyc
[0.478s] -- Up-to-date: /home/inspace/dr_logger/simulation_ws/install/deepracer_msgs/lib/python2.7/dist-packages/deepracer_msgs/msg/__init__.pyc
[0.478s] -- Up-to-date: /home/inspace/dr_logger/simulation_ws/install/deepracer_msgs/lib/python2.7/dist-packages/deepracer_msgs/msg/__init__.py
[0.478s] -- Up-to-date: /home/inspace/dr_logger/simulation_ws/install/deepracer_msgs/lib/python2.7/dist-packages/deepracer_msgs/msg/_Progress.py
[0.478s] -- Up-to-date: /home/inspace/dr_logger/simulation_ws/install/deepracer_msgs/lib/pkgconfig/deepracer_msgs.pc
[0.478s] -- Up-to-date: /home/inspace/dr_logger/simulation_ws/install/deepracer_msgs/share/deepracer_msgs/cmake/deepracer_msgs-msg-extras.cmake
[0.478s] -- Up-to-date: /home/inspace/dr_logger/simulation_ws/install/deepracer_msgs/share/deepracer_msgs/cmake/deepracer_msgsConfig.cmake
[0.478s] -- Up-to-date: /home/inspace/dr_logger/simulation_ws/install/deepracer_msgs/share/deepracer_msgs/cmake/deepracer_msgsConfig-version.cmake
[0.478s] -- Up-to-date: /home/inspace/dr_logger/simulation_ws/install/deepracer_msgs/share/deepracer_msgs/package.xml
[0.480s] Invoked command in '/home/inspace/dr_logger/simulation_ws/build/deepracer_msgs' returned '0': /usr/bin/cmake --build /home/inspace/dr_logger/simulation_ws/build/deepracer_msgs --target install -- -j16 -l16
