Determining if the pthread_create exist failed with the following output:
Change Dir: /home/inspace/dr_logger/simulation_ws/build/deepracer_msgs/CMakeFiles/CMakeTmp

Run Build Command:"/usr/bin/make" "cmTC_05446/fast"
/usr/bin/make -f CMakeFiles/cmTC_05446.dir/build.make CMakeFiles/cmTC_05446.dir/build
make[1]: 디렉터리 '/home/inspacer_logger/simulation_ws/build/deepracer_msgs/CMakeFiles/CMakeTmp' 들어감
Building C object CMakeFiles/cmTC_05446.dir/CheckSymbolExists.c.o
/usr/lib/ccache/cc    -o CMakeFiles/cmTC_05446.dir/CheckSymbolExists.c.o   -c /home/inspacer_logger/simulation_ws/build/deepracer_msgs/CMakeFiles/CMakeTmp/CheckSymbolExists.c
Linking C executable cmTC_05446
/usr/bin/cmake -E cmake_link_script CMakeFiles/cmTC_05446.dir/link.txt --verbose=1
/usr/lib/ccache/cc      -rdynamic CMakeFiles/cmTC_05446.dir/CheckSymbolExists.c.o  -o cmTC_05446 
CMakeFiles/cmTC_05446.dir/CheckSymbolExists.c.o: In function `main':
CheckSymbolExists.c:(.text+0x1b): undefined reference to `pthread_create'
collect2: error: ld returned 1 exit status
CMakeFiles/cmTC_05446.dir/build.make:97: recipe for target 'cmTC_05446' failed
make[1]: *** [cmTC_05446] Error 1
make[1]: 디렉터리 '/home/inspacer_logger/simulation_ws/build/deepracer_msgs/CMakeFiles/CMakeTmp' 나감
Makefile:126: recipe for target 'cmTC_05446/fast' failed
make: *** [cmTC_05446/fast] Error 2

File /home/inspacer_logger/simulation_ws/build/deepracer_msgs/CMakeFiles/CMakeTmp/CheckSymbolExists.c:
/* */
#include <pthread.h>

int main(int argc, char** argv)
{
  (void)argv;
#ifndef pthread_create
  return ((int*)(&pthread_create))[argc];
#else
  (void)argc;
  return 0;
#endif
}

Determining if the function pthread_create exists in the pthreads failed with the following output:
Change Dir: /home/inspacer_logger/simulation_ws/build/deepracer_msgs/CMakeFiles/CMakeTmp

Run Build Command:"/usr/bin/make" "cmTC_7cc39/fast"
/usr/bin/make -f CMakeFiles/cmTC_7cc39.dir/build.make CMakeFiles/cmTC_7cc39.dir/build
make[1]: 디렉터리 '/home/inspacer_logger/simulation_ws/build/deepracer_msgs/CMakeFiles/CMakeTmp' 들어감
Building C object CMakeFiles/cmTC_7cc39.dir/CheckFunctionExists.c.o
/usr/lib/ccache/cc   -DCHECK_FUNCTION_EXISTS=pthread_create   -o CMakeFiles/cmTC_7cc39.dir/CheckFunctionExists.c.o   -c /usr/share/cmake-3.10/Modules/CheckFunctionExists.c
Linking C executable cmTC_7cc39
/usr/bin/cmake -E cmake_link_script CMakeFiles/cmTC_7cc39.dir/link.txt --verbose=1
/usr/lib/ccache/cc  -DCHECK_FUNCTION_EXISTS=pthread_create    -rdynamic CMakeFiles/cmTC_7cc39.dir/CheckFunctionExists.c.o  -o cmTC_7cc39 -lpthreads 
/usr/bin/ld: cannot find -lpthreads
collect2: error: ld returned 1 exit status
CMakeFiles/cmTC_7cc39.dir/build.make:97: recipe for target 'cmTC_7cc39' failed
make[1]: *** [cmTC_7cc39] Error 1
make[1]: 디렉터리 '/home/inspacer_logger/simulation_ws/build/deepracer_msgs/CMakeFiles/CMakeTmp' 나감
Makefile:126: recipe for target 'cmTC_7cc39/fast' failed
make: *** [cmTC_7cc39/fast] Error 2


