[0.495s] DEBUG:colcon:Command line arguments: ['/home/inspacehj/.local/bin/colcon', 'build']
[0.496s] DEBUG:colcon:Parsed command line arguments: Namespace(ament_cmake_args=None, base_paths=['.'], build_base='build', catkin_cmake_args=None, catkin_skip_building_tests=False, cmake_args=None, cmake_clean_cache=False, cmake_clean_first=False, cmake_force_configure=False, cmake_target=None, cmake_target_skip_unavailable=False, continue_on_error=False, event_handlers=None, executor='parallel', ignore_user_meta=False, install_base='install', log_base=None, log_level=None, main=<bound method BuildVerb.main of <colcon_core.verb.build.BuildVerb object at 0x7ff10ec06908>>, merge_install=False, metas=['./colcon.meta'], packages_above=None, packages_above_and_dependencies=None, packages_above_depth=None, packages_end=None, packages_ignore=None, packages_ignore_regex=None, packages_select=None, packages_select_build_failed=False, packages_select_by_dep=None, packages_select_regex=None, packages_select_test_failures=False, packages_skip=None, packages_skip_build_finished=False, packages_skip_by_dep=None, packages_skip_regex=None, packages_skip_test_passed=False, packages_skip_up_to=None, packages_start=None, packages_up_to=None, packages_up_to_regex=None, parallel_workers=16, paths=None, symlink_install=False, test_result_base=None, verb_extension=<colcon_core.verb.build.BuildVerb object at 0x7ff10ec06908>, verb_name='build', verb_parser=<colcon_defaults.argument_parser.defaults.DefaultArgumentsDecorator object at 0x7ff10ec06c88>)
[0.513s] Level 1:colcon.colcon_core.package_discovery:discover_packages(colcon_meta) check parameters
[0.513s] Level 1:colcon.colcon_core.package_discovery:discover_packages(recursive) check parameters
[0.513s] Level 1:colcon.colcon_core.package_discovery:discover_packages(ignore) check parameters
[0.513s] Level 1:colcon.colcon_core.package_discovery:discover_packages(path) check parameters
[0.513s] Level 1:colcon.colcon_core.package_discovery:discover_packages(colcon_meta) discover
[0.513s] Level 1:colcon.colcon_core.package_discovery:discover_packages(recursive) discover
[0.513s] INFO:colcon.colcon_core.package_discovery:Crawling recursively for packages in '/home/inspacehj/dr_logger/simulation_ws'
[0.514s] Level 1:colcon.colcon_core.package_identification:_identify(.) by extensions ['ignore', 'ignore_ament_install']
[0.514s] Level 1:colcon.colcon_core.package_identification:_identify(.) by extension 'ignore'
[0.514s] Level 1:colcon.colcon_core.package_identification:_identify(.) by extension 'ignore_ament_install'
[0.514s] Level 1:colcon.colcon_core.package_identification:_identify(.) by extensions ['colcon_pkg']
[0.514s] Level 1:colcon.colcon_core.package_identification:_identify(.) by extension 'colcon_pkg'
[0.514s] Level 1:colcon.colcon_core.package_identification:_identify(.) by extensions ['colcon_meta']
[0.514s] Level 1:colcon.colcon_core.package_identification:_identify(.) by extension 'colcon_meta'
[0.514s] Level 1:colcon.colcon_core.package_identification:_identify(.) by extensions ['ros']
[0.514s] Level 1:colcon.colcon_core.package_identification:_identify(.) by extension 'ros'
[0.522s] Level 1:colcon.colcon_core.package_identification:_identify(.) by extensions ['cmake', 'python']
[0.522s] Level 1:colcon.colcon_core.package_identification:_identify(.) by extension 'cmake'
[0.522s] Level 1:colcon.colcon_core.package_identification:_identify(.) by extension 'python'
[0.522s] Level 1:colcon.colcon_core.package_identification:_identify(.) by extensions ['python_setup_py']
[0.522s] Level 1:colcon.colcon_core.package_identification:_identify(.) by extension 'python_setup_py'
[0.523s] Level 1:colcon.colcon_core.package_identification:_identify(build) by extensions ['ignore', 'ignore_ament_install']
[0.523s] Level 1:colcon.colcon_core.package_identification:_identify(build) by extension 'ignore'
[0.523s] Level 1:colcon.colcon_core.package_identification:_identify(build) ignored
[0.523s] Level 1:colcon.colcon_core.package_identification:_identify(install) by extensions ['ignore', 'ignore_ament_install']
[0.523s] Level 1:colcon.colcon_core.package_identification:_identify(install) by extension 'ignore'
[0.523s] Level 1:colcon.colcon_core.package_identification:_identify(install) ignored
[0.523s] Level 1:colcon.colcon_core.package_identification:_identify(log) by extensions ['ignore', 'ignore_ament_install']
[0.523s] Level 1:colcon.colcon_core.package_identification:_identify(log) by extension 'ignore'
[0.523s] Level 1:colcon.colcon_core.package_identification:_identify(log) ignored
[0.523s] Level 1:colcon.colcon_core.package_identification:_identify(src) by extensions ['ignore', 'ignore_ament_install']
[0.523s] Level 1:colcon.colcon_core.package_identification:_identify(src) by extension 'ignore'
[0.523s] Level 1:colcon.colcon_core.package_identification:_identify(src) by extension 'ignore_ament_install'
[0.524s] Level 1:colcon.colcon_core.package_identification:_identify(src) by extensions ['colcon_pkg']
[0.524s] Level 1:colcon.colcon_core.package_identification:_identify(src) by extension 'colcon_pkg'
[0.524s] Level 1:colcon.colcon_core.package_identification:_identify(src) by extensions ['colcon_meta']
[0.524s] Level 1:colcon.colcon_core.package_identification:_identify(src) by extension 'colcon_meta'
[0.524s] Level 1:colcon.colcon_core.package_identification:_identify(src) by extensions ['ros']
[0.524s] Level 1:colcon.colcon_core.package_identification:_identify(src) by extension 'ros'
[0.524s] Level 1:colcon.colcon_core.package_identification:_identify(src) by extensions ['cmake', 'python']
[0.524s] Level 1:colcon.colcon_core.package_identification:_identify(src) by extension 'cmake'
[0.524s] Level 1:colcon.colcon_core.package_identification:_identify(src) by extension 'python'
[0.524s] Level 1:colcon.colcon_core.package_identification:_identify(src) by extensions ['python_setup_py']
[0.524s] Level 1:colcon.colcon_core.package_identification:_identify(src) by extension 'python_setup_py'
[0.524s] Level 1:colcon.colcon_core.package_identification:_identify(src/deepracer_interpreter) by extensions ['ignore', 'ignore_ament_install']
[0.524s] Level 1:colcon.colcon_core.package_identification:_identify(src/deepracer_interpreter) by extension 'ignore'
[0.524s] Level 1:colcon.colcon_core.package_identification:_identify(src/deepracer_interpreter) by extension 'ignore_ament_install'
[0.524s] Level 1:colcon.colcon_core.package_identification:_identify(src/deepracer_interpreter) by extensions ['colcon_pkg']
[0.524s] Level 1:colcon.colcon_core.package_identification:_identify(src/deepracer_interpreter) by extension 'colcon_pkg'
[0.524s] Level 1:colcon.colcon_core.package_identification:_identify(src/deepracer_interpreter) by extensions ['colcon_meta']
[0.524s] Level 1:colcon.colcon_core.package_identification:_identify(src/deepracer_interpreter) by extension 'colcon_meta'
[0.524s] Level 1:colcon.colcon_core.package_identification:_identify(src/deepracer_interpreter) by extensions ['ros']
[0.524s] Level 1:colcon.colcon_core.package_identification:_identify(src/deepracer_interpreter) by extension 'ros'
[0.526s] DEBUG:colcon.colcon_core.package_identification:Package 'src/deepracer_interpreter' with type 'ros.catkin' and name 'deepracer_interpreter'
[0.526s] Level 1:colcon.colcon_core.package_identification:_identify(src/deepracer_msgs) by extensions ['ignore', 'ignore_ament_install']
[0.526s] Level 1:colcon.colcon_core.package_identification:_identify(src/deepracer_msgs) by extension 'ignore'
[0.526s] Level 1:colcon.colcon_core.package_identification:_identify(src/deepracer_msgs) by extension 'ignore_ament_install'
[0.526s] Level 1:colcon.colcon_core.package_identification:_identify(src/deepracer_msgs) by extensions ['colcon_pkg']
[0.526s] Level 1:colcon.colcon_core.package_identification:_identify(src/deepracer_msgs) by extension 'colcon_pkg'
[0.526s] Level 1:colcon.colcon_core.package_identification:_identify(src/deepracer_msgs) by extensions ['colcon_meta']
[0.526s] Level 1:colcon.colcon_core.package_identification:_identify(src/deepracer_msgs) by extension 'colcon_meta'
[0.526s] Level 1:colcon.colcon_core.package_identification:_identify(src/deepracer_msgs) by extensions ['ros']
[0.526s] Level 1:colcon.colcon_core.package_identification:_identify(src/deepracer_msgs) by extension 'ros'
[0.527s] DEBUG:colcon.colcon_core.package_identification:Package 'src/deepracer_msgs' with type 'ros.catkin' and name 'deepracer_msgs'
[0.527s] Level 1:colcon.colcon_core.package_identification:_identify(src/deepracer_simulation) by extensions ['ignore', 'ignore_ament_install']
[0.527s] Level 1:colcon.colcon_core.package_identification:_identify(src/deepracer_simulation) by extension 'ignore'
[0.527s] Level 1:colcon.colcon_core.package_identification:_identify(src/deepracer_simulation) by extension 'ignore_ament_install'
[0.527s] Level 1:colcon.colcon_core.package_identification:_identify(src/deepracer_simulation) by extensions ['colcon_pkg']
[0.527s] Level 1:colcon.colcon_core.package_identification:_identify(src/deepracer_simulation) by extension 'colcon_pkg'
[0.527s] Level 1:colcon.colcon_core.package_identification:_identify(src/deepracer_simulation) by extensions ['colcon_meta']
[0.527s] Level 1:colcon.colcon_core.package_identification:_identify(src/deepracer_simulation) by extension 'colcon_meta'
[0.527s] Level 1:colcon.colcon_core.package_identification:_identify(src/deepracer_simulation) by extensions ['ros']
[0.527s] Level 1:colcon.colcon_core.package_identification:_identify(src/deepracer_simulation) by extension 'ros'
[0.528s] DEBUG:colcon.colcon_core.package_identification:Package 'src/deepracer_simulation' with type 'ros.catkin' and name 'deepracer_simulation'
[0.528s] Level 1:colcon.colcon_core.package_identification:_identify(src/sagemaker_rl_agent) by extensions ['ignore', 'ignore_ament_install']
[0.528s] Level 1:colcon.colcon_core.package_identification:_identify(src/sagemaker_rl_agent) by extension 'ignore'
[0.528s] Level 1:colcon.colcon_core.package_identification:_identify(src/sagemaker_rl_agent) by extension 'ignore_ament_install'
[0.528s] Level 1:colcon.colcon_core.package_identification:_identify(src/sagemaker_rl_agent) by extensions ['colcon_pkg']
[0.528s] Level 1:colcon.colcon_core.package_identification:_identify(src/sagemaker_rl_agent) by extension 'colcon_pkg'
[0.528s] Level 1:colcon.colcon_core.package_identification:_identify(src/sagemaker_rl_agent) by extensions ['colcon_meta']
[0.528s] Level 1:colcon.colcon_core.package_identification:_identify(src/sagemaker_rl_agent) by extension 'colcon_meta'
[0.528s] Level 1:colcon.colcon_core.package_identification:_identify(src/sagemaker_rl_agent) by extensions ['ros']
[0.528s] Level 1:colcon.colcon_core.package_identification:_identify(src/sagemaker_rl_agent) by extension 'ros'
[0.528s] Level 1:colcon.colcon_core.package_identification:_identify(src/sagemaker_rl_agent) by extensions ['cmake', 'python']
[0.528s] Level 1:colcon.colcon_core.package_identification:_identify(src/sagemaker_rl_agent) by extension 'cmake'
[0.528s] Level 1:colcon.colcon_core.package_identification:_identify(src/sagemaker_rl_agent) by extension 'python'
[0.528s] Level 1:colcon.colcon_core.package_identification:_identify(src/sagemaker_rl_agent) by extensions ['python_setup_py']
[0.529s] Level 1:colcon.colcon_core.package_identification:_identify(src/sagemaker_rl_agent) by extension 'python_setup_py'
[0.708s] DEBUG:colcon.colcon_core.package_identification:Package 'src/sagemaker_rl_agent' with type 'python' and name 'sagemaker_rl_agent'
[0.708s] Level 1:colcon.colcon_core.package_discovery:discover_packages(recursive) using defaults
[0.708s] Level 1:colcon.colcon_core.package_discovery:discover_packages(ignore) discover
[0.708s] Level 1:colcon.colcon_core.package_discovery:discover_packages(ignore) using defaults
[0.708s] Level 1:colcon.colcon_core.package_discovery:discover_packages(path) discover
[0.708s] Level 1:colcon.colcon_core.package_discovery:discover_packages(path) using defaults
[0.751s] Level 5:colcon.colcon_core.verb:set package 'deepracer_msgs' build argument 'cmake_args' from command line to 'None'
[0.751s] Level 5:colcon.colcon_core.verb:set package 'deepracer_msgs' build argument 'cmake_target' from command line to 'None'
[0.751s] Level 5:colcon.colcon_core.verb:set package 'deepracer_msgs' build argument 'cmake_target_skip_unavailable' from command line to 'False'
[0.751s] Level 5:colcon.colcon_core.verb:set package 'deepracer_msgs' build argument 'cmake_clean_cache' from command line to 'False'
[0.751s] Level 5:colcon.colcon_core.verb:set package 'deepracer_msgs' build argument 'cmake_clean_first' from command line to 'False'
[0.751s] Level 5:colcon.colcon_core.verb:set package 'deepracer_msgs' build argument 'cmake_force_configure' from command line to 'False'
[0.751s] Level 5:colcon.colcon_core.verb:set package 'deepracer_msgs' build argument 'ament_cmake_args' from command line to 'None'
[0.751s] Level 5:colcon.colcon_core.verb:set package 'deepracer_msgs' build argument 'catkin_cmake_args' from command line to 'None'
[0.751s] Level 5:colcon.colcon_core.verb:set package 'deepracer_msgs' build argument 'catkin_skip_building_tests' from command line to 'False'
[0.751s] DEBUG:colcon.colcon_core.verb:Building package 'deepracer_msgs' with the following arguments: {'ament_cmake_args': None, 'build_base': '/home/inspacehj/dr_logger/simulation_ws/build/deepracer_msgs', 'catkin_cmake_args': None, 'catkin_skip_building_tests': False, 'cmake_args': None, 'cmake_clean_cache': False, 'cmake_clean_first': False, 'cmake_force_configure': False, 'cmake_target': None, 'cmake_target_skip_unavailable': False, 'install_base': '/home/inspacehj/dr_logger/simulation_ws/install/deepracer_msgs', 'merge_install': False, 'path': '/home/inspacehj/dr_logger/simulation_ws/src/deepracer_msgs', 'symlink_install': False, 'test_result_base': None}
[0.761s] Level 5:colcon.colcon_core.verb:set package 'sagemaker_rl_agent' build argument 'cmake_args' from command line to 'None'
[0.762s] Level 5:colcon.colcon_core.verb:set package 'sagemaker_rl_agent' build argument 'cmake_target' from command line to 'None'
[0.762s] Level 5:colcon.colcon_core.verb:set package 'sagemaker_rl_agent' build argument 'cmake_target_skip_unavailable' from command line to 'False'
[0.762s] Level 5:colcon.colcon_core.verb:set package 'sagemaker_rl_agent' build argument 'cmake_clean_cache' from command line to 'False'
[0.762s] Level 5:colcon.colcon_core.verb:set package 'sagemaker_rl_agent' build argument 'cmake_clean_first' from command line to 'False'
[0.762s] Level 5:colcon.colcon_core.verb:set package 'sagemaker_rl_agent' build argument 'cmake_force_configure' from command line to 'False'
[0.762s] Level 5:colcon.colcon_core.verb:set package 'sagemaker_rl_agent' build argument 'ament_cmake_args' from command line to 'None'
[0.762s] Level 5:colcon.colcon_core.verb:set package 'sagemaker_rl_agent' build argument 'catkin_cmake_args' from command line to 'None'
[0.762s] Level 5:colcon.colcon_core.verb:set package 'sagemaker_rl_agent' build argument 'catkin_skip_building_tests' from command line to 'False'
[0.762s] DEBUG:colcon.colcon_core.verb:Building package 'sagemaker_rl_agent' with the following arguments: {'ament_cmake_args': None, 'build_base': '/home/inspacehj/dr_logger/simulation_ws/build/sagemaker_rl_agent', 'catkin_cmake_args': None, 'catkin_skip_building_tests': False, 'cmake_args': None, 'cmake_clean_cache': False, 'cmake_clean_first': False, 'cmake_force_configure': False, 'cmake_target': None, 'cmake_target_skip_unavailable': False, 'install_base': '/home/inspacehj/dr_logger/simulation_ws/install/sagemaker_rl_agent', 'merge_install': False, 'path': '/home/inspacehj/dr_logger/simulation_ws/src/sagemaker_rl_agent', 'symlink_install': False, 'test_result_base': None}
[0.772s] Level 5:colcon.colcon_core.verb:set package 'deepracer_interpreter' build argument 'cmake_args' from command line to 'None'
[0.772s] Level 5:colcon.colcon_core.verb:set package 'deepracer_interpreter' build argument 'cmake_target' from command line to 'None'
[0.772s] Level 5:colcon.colcon_core.verb:set package 'deepracer_interpreter' build argument 'cmake_target_skip_unavailable' from command line to 'False'
[0.772s] Level 5:colcon.colcon_core.verb:set package 'deepracer_interpreter' build argument 'cmake_clean_cache' from command line to 'False'
[0.772s] Level 5:colcon.colcon_core.verb:set package 'deepracer_interpreter' build argument 'cmake_clean_first' from command line to 'False'
[0.772s] Level 5:colcon.colcon_core.verb:set package 'deepracer_interpreter' build argument 'cmake_force_configure' from command line to 'False'
[0.772s] Level 5:colcon.colcon_core.verb:set package 'deepracer_interpreter' build argument 'ament_cmake_args' from command line to 'None'
[0.772s] Level 5:colcon.colcon_core.verb:set package 'deepracer_interpreter' build argument 'catkin_cmake_args' from command line to 'None'
[0.772s] Level 5:colcon.colcon_core.verb:set package 'deepracer_interpreter' build argument 'catkin_skip_building_tests' from command line to 'False'
[0.772s] DEBUG:colcon.colcon_core.verb:Building package 'deepracer_interpreter' with the following arguments: {'ament_cmake_args': None, 'build_base': '/home/inspacehj/dr_logger/simulation_ws/build/deepracer_interpreter', 'catkin_cmake_args': None, 'catkin_skip_building_tests': False, 'cmake_args': None, 'cmake_clean_cache': False, 'cmake_clean_first': False, 'cmake_force_configure': False, 'cmake_target': None, 'cmake_target_skip_unavailable': False, 'install_base': '/home/inspacehj/dr_logger/simulation_ws/install/deepracer_interpreter', 'merge_install': False, 'path': '/home/inspacehj/dr_logger/simulation_ws/src/deepracer_interpreter', 'symlink_install': False, 'test_result_base': None}
[0.782s] Level 5:colcon.colcon_core.verb:set package 'deepracer_simulation' build argument 'cmake_args' from command line to 'None'
[0.782s] Level 5:colcon.colcon_core.verb:set package 'deepracer_simulation' build argument 'cmake_target' from command line to 'None'
[0.782s] Level 5:colcon.colcon_core.verb:set package 'deepracer_simulation' build argument 'cmake_target_skip_unavailable' from command line to 'False'
[0.782s] Level 5:colcon.colcon_core.verb:set package 'deepracer_simulation' build argument 'cmake_clean_cache' from command line to 'False'
[0.782s] Level 5:colcon.colcon_core.verb:set package 'deepracer_simulation' build argument 'cmake_clean_first' from command line to 'False'
[0.782s] Level 5:colcon.colcon_core.verb:set package 'deepracer_simulation' build argument 'cmake_force_configure' from command line to 'False'
[0.782s] Level 5:colcon.colcon_core.verb:set package 'deepracer_simulation' build argument 'ament_cmake_args' from command line to 'None'
[0.782s] Level 5:colcon.colcon_core.verb:set package 'deepracer_simulation' build argument 'catkin_cmake_args' from command line to 'None'
[0.782s] Level 5:colcon.colcon_core.verb:set package 'deepracer_simulation' build argument 'catkin_skip_building_tests' from command line to 'False'
[0.782s] DEBUG:colcon.colcon_core.verb:Building package 'deepracer_simulation' with the following arguments: {'ament_cmake_args': None, 'build_base': '/home/inspacehj/dr_logger/simulation_ws/build/deepracer_simulation', 'catkin_cmake_args': None, 'catkin_skip_building_tests': False, 'cmake_args': None, 'cmake_clean_cache': False, 'cmake_clean_first': False, 'cmake_force_configure': False, 'cmake_target': None, 'cmake_target_skip_unavailable': False, 'install_base': '/home/inspacehj/dr_logger/simulation_ws/install/deepracer_simulation', 'merge_install': False, 'path': '/home/inspacehj/dr_logger/simulation_ws/src/deepracer_simulation', 'symlink_install': False, 'test_result_base': None}
[0.785s] INFO:colcon.colcon_core.executor:Executing jobs using 'parallel' executor
[0.802s] DEBUG:colcon.colcon_parallel_executor.executor.parallel:run_until_complete
[0.802s] INFO:colcon.colcon_ros.task.catkin.build:Building ROS package in '/home/inspacehj/dr_logger/simulation_ws/src/deepracer_msgs' with build type 'catkin'
[0.802s] INFO:colcon.colcon_cmake.task.cmake.build:Building CMake package in '/home/inspacehj/dr_logger/simulation_ws/src/deepracer_msgs'
[0.811s] INFO:colcon.colcon_core.plugin_system:Skipping extension 'colcon_core.shell.bat': Not used on non-Windows systems
[0.812s] INFO:colcon.colcon_core.shell:Skip shell extension 'powershell' for command environment: Not usable outside of PowerShell
[0.812s] DEBUG:colcon.colcon_core.shell:Skip shell extension 'dsv' for command environment
[0.817s] DEBUG:colcon.colcon_core.shell:Ignoring prefix path '/home/inspacehj/drone_mpc_ws/devel'
[0.817s] DEBUG:colcon.colcon_core.shell:Ignoring prefix path '/home/inspacehj/autosim_ws/devel'
[0.817s] DEBUG:colcon.colcon_core.shell:Ignoring prefix path '/home/inspacehj/catkin_ws/devel'
[0.817s] DEBUG:colcon.colcon_core.shell:Ignoring prefix path '/home/inspacehj/drone_ws/devel'
[0.817s] DEBUG:colcon.colcon_core.shell:Ignoring prefix path '/opt/ros/melodic'
[0.819s] INFO:colcon.colcon_core.task.python.build:Building Python package in '/home/inspacehj/dr_logger/simulation_ws/src/sagemaker_rl_agent'
[0.827s] INFO:colcon.colcon_core.shell:Skip shell extension 'powershell' for command environment: Not usable outside of PowerShell
[0.827s] DEBUG:colcon.colcon_core.shell:Skip shell extension 'dsv' for command environment
[0.832s] DEBUG:colcon.colcon_core.shell:Ignoring prefix path '/home/inspacehj/drone_mpc_ws/devel'
[0.832s] DEBUG:colcon.colcon_core.shell:Ignoring prefix path '/home/inspacehj/autosim_ws/devel'
[0.832s] DEBUG:colcon.colcon_core.shell:Ignoring prefix path '/home/inspacehj/catkin_ws/devel'
[0.832s] DEBUG:colcon.colcon_core.shell:Ignoring prefix path '/home/inspacehj/drone_ws/devel'
[0.832s] DEBUG:colcon.colcon_core.shell:Ignoring prefix path '/opt/ros/melodic'
[0.838s] DEBUG:colcon.colcon_core.event_handler.log_command:Invoking command in '/home/inspacehj/dr_logger/simulation_ws/build/deepracer_msgs': /usr/bin/cmake --build /home/inspacehj/dr_logger/simulation_ws/build/deepracer_msgs -- -j16 -l16
[1.038s] DEBUG:colcon.colcon_core.event_handler.log_command:Invoking command in '/home/inspacehj/dr_logger/simulation_ws/src/sagemaker_rl_agent': PYTHONPATH=/home/inspacehj/dr_logger/simulation_ws/install/sagemaker_rl_agent/lib/python3.6/site-packages:${PYTHONPATH} /usr/bin/python3 setup.py egg_info --egg-base ../../build/sagemaker_rl_agent build --build-base /home/inspacehj/dr_logger/simulation_ws/build/sagemaker_rl_agent/build install --prefix /home/inspacehj/dr_logger/simulation_ws/install/sagemaker_rl_agent --record /home/inspacehj/dr_logger/simulation_ws/build/sagemaker_rl_agent/install.log --single-version-externally-managed
[1.040s] DEBUG:colcon.colcon_core.event_handler.log_command:Invoked command in '/home/inspacehj/dr_logger/simulation_ws/build/deepracer_msgs' returned '0': /usr/bin/cmake --build /home/inspacehj/dr_logger/simulation_ws/build/deepracer_msgs -- -j16 -l16
[1.066s] DEBUG:colcon.colcon_core.event_handler.log_command:Invoking command in '/home/inspacehj/dr_logger/simulation_ws/build/deepracer_msgs': /usr/bin/cmake --build /home/inspacehj/dr_logger/simulation_ws/build/deepracer_msgs --target tests -- -j16 -l16
[1.113s] DEBUG:colcon.colcon_core.event_handler.log_command:Invoked command in '/home/inspacehj/dr_logger/simulation_ws/build/deepracer_msgs' returned '0': /usr/bin/cmake --build /home/inspacehj/dr_logger/simulation_ws/build/deepracer_msgs --target tests -- -j16 -l16
[1.147s] DEBUG:colcon.colcon_core.event_handler.log_command:Invoking command in '/home/inspacehj/dr_logger/simulation_ws/build/deepracer_msgs': /usr/bin/cmake --build /home/inspacehj/dr_logger/simulation_ws/build/deepracer_msgs --target install -- -j16 -l16
[1.266s] DEBUG:colcon.colcon_core.event_handler.log_command:Invoked command in '/home/inspacehj/dr_logger/simulation_ws/build/deepracer_msgs' returned '0': /usr/bin/cmake --build /home/inspacehj/dr_logger/simulation_ws/build/deepracer_msgs --target install -- -j16 -l16
[1.285s] DEBUG:colcon.colcon_core.event_handler.log_command:Invoked command in '/home/inspacehj/dr_logger/simulation_ws/src/sagemaker_rl_agent' returned '0': PYTHONPATH=/home/inspacehj/dr_logger/simulation_ws/install/sagemaker_rl_agent/lib/python3.6/site-packages:${PYTHONPATH} /usr/bin/python3 setup.py egg_info --egg-base ../../build/sagemaker_rl_agent build --build-base /home/inspacehj/dr_logger/simulation_ws/build/sagemaker_rl_agent/build install --prefix /home/inspacehj/dr_logger/simulation_ws/install/sagemaker_rl_agent --record /home/inspacehj/dr_logger/simulation_ws/build/sagemaker_rl_agent/install.log --single-version-externally-managed
[1.293s] Level 1:colcon.colcon_core.environment:checking '/home/inspacehj/dr_logger/simulation_ws/install/sagemaker_rl_agent' for CMake module files
[1.293s] Level 1:colcon.colcon_core.environment:checking '/home/inspacehj/dr_logger/simulation_ws/install/sagemaker_rl_agent' for CMake config files
[1.294s] Level 1:colcon.colcon_core.environment:checking '/home/inspacehj/dr_logger/simulation_ws/install/sagemaker_rl_agent/lib'
[1.294s] Level 1:colcon.colcon_core.environment:checking '/home/inspacehj/dr_logger/simulation_ws/install/sagemaker_rl_agent/bin'
[1.294s] Level 1:colcon.colcon_core.shell:create_environment_hook('sagemaker_rl_agent', 'path')
[1.301s] INFO:colcon.colcon_core.shell:Creating environment hook '/home/inspacehj/dr_logger/simulation_ws/install/sagemaker_rl_agent/share/sagemaker_rl_agent/hook/path.ps1'
[1.302s] INFO:colcon.colcon_core.shell:Creating environment descriptor '/home/inspacehj/dr_logger/simulation_ws/install/sagemaker_rl_agent/share/sagemaker_rl_agent/hook/path.dsv'
[1.302s] INFO:colcon.colcon_core.shell:Creating environment hook '/home/inspacehj/dr_logger/simulation_ws/install/sagemaker_rl_agent/share/sagemaker_rl_agent/hook/path.sh'
[1.303s] Level 1:colcon.colcon_core.environment:checking '/home/inspacehj/dr_logger/simulation_ws/install/sagemaker_rl_agent/lib/pkgconfig/sagemaker_rl_agent.pc'
[1.303s] Level 1:colcon.colcon_core.environment:checking '/home/inspacehj/dr_logger/simulation_ws/install/sagemaker_rl_agent/lib/python3.6/site-packages'
[1.303s] Level 1:colcon.colcon_core.shell:create_environment_hook('sagemaker_rl_agent', 'pythonpath')
[1.310s] INFO:colcon.colcon_core.shell:Creating environment hook '/home/inspacehj/dr_logger/simulation_ws/install/sagemaker_rl_agent/share/sagemaker_rl_agent/hook/pythonpath.ps1'
[1.310s] INFO:colcon.colcon_core.shell:Creating environment descriptor '/home/inspacehj/dr_logger/simulation_ws/install/sagemaker_rl_agent/share/sagemaker_rl_agent/hook/pythonpath.dsv'
[1.311s] INFO:colcon.colcon_core.shell:Creating environment hook '/home/inspacehj/dr_logger/simulation_ws/install/sagemaker_rl_agent/share/sagemaker_rl_agent/hook/pythonpath.sh'
[1.311s] Level 1:colcon.colcon_core.environment:create_environment_scripts_only(sagemaker_rl_agent)
[1.318s] INFO:colcon.colcon_core.shell:Creating package script '/home/inspacehj/dr_logger/simulation_ws/install/sagemaker_rl_agent/share/sagemaker_rl_agent/package.ps1'
[1.319s] INFO:colcon.colcon_core.shell:Creating package descriptor '/home/inspacehj/dr_logger/simulation_ws/install/sagemaker_rl_agent/share/sagemaker_rl_agent/package.dsv'
[1.319s] INFO:colcon.colcon_core.shell:Creating package script '/home/inspacehj/dr_logger/simulation_ws/install/sagemaker_rl_agent/share/sagemaker_rl_agent/package.sh'
[1.320s] INFO:colcon.colcon_core.shell:Creating package script '/home/inspacehj/dr_logger/simulation_ws/install/sagemaker_rl_agent/share/sagemaker_rl_agent/package.bash'
[1.320s] INFO:colcon.colcon_core.shell:Creating package script '/home/inspacehj/dr_logger/simulation_ws/install/sagemaker_rl_agent/share/sagemaker_rl_agent/package.zsh'
[1.321s] Level 1:colcon.colcon_core.environment:create_file_with_runtime_dependencies(/home/inspacehj/dr_logger/simulation_ws/install/sagemaker_rl_agent/share/colcon-core/packages/sagemaker_rl_agent)
[1.321s] Level 1:colcon.colcon_core.shell:create_environment_hook('deepracer_msgs', 'ros_package_path')
[1.329s] INFO:colcon.colcon_core.shell:Creating environment hook '/home/inspacehj/dr_logger/simulation_ws/install/deepracer_msgs/share/deepracer_msgs/hook/ros_package_path.ps1'
[1.329s] INFO:colcon.colcon_core.shell:Creating environment descriptor '/home/inspacehj/dr_logger/simulation_ws/install/deepracer_msgs/share/deepracer_msgs/hook/ros_package_path.dsv'
[1.329s] INFO:colcon.colcon_core.shell:Creating environment hook '/home/inspacehj/dr_logger/simulation_ws/install/deepracer_msgs/share/deepracer_msgs/hook/ros_package_path.sh'
[1.330s] Level 1:colcon.colcon_ros.task.catkin:checking '/home/inspacehj/dr_logger/simulation_ws/install/deepracer_msgs/lib/python2.7/dist-packages'
[1.330s] Level 1:colcon.colcon_core.shell:create_environment_hook('deepracer_msgs', 'catkin_pythonpath')
[1.337s] INFO:colcon.colcon_core.shell:Creating environment hook '/home/inspacehj/dr_logger/simulation_ws/install/deepracer_msgs/share/deepracer_msgs/hook/catkin_pythonpath.ps1'
[1.337s] INFO:colcon.colcon_core.shell:Creating environment descriptor '/home/inspacehj/dr_logger/simulation_ws/install/deepracer_msgs/share/deepracer_msgs/hook/catkin_pythonpath.dsv'
[1.338s] INFO:colcon.colcon_core.shell:Creating environment hook '/home/inspacehj/dr_logger/simulation_ws/install/deepracer_msgs/share/deepracer_msgs/hook/catkin_pythonpath.sh'
[1.338s] Level 1:colcon.colcon_core.shell:create_environment_hook('deepracer_msgs', 'pkg_config_path')
[1.345s] INFO:colcon.colcon_core.shell:Creating environment hook '/home/inspacehj/dr_logger/simulation_ws/install/deepracer_msgs/share/deepracer_msgs/hook/pkg_config_path.ps1'
[1.346s] INFO:colcon.colcon_core.shell:Creating environment descriptor '/home/inspacehj/dr_logger/simulation_ws/install/deepracer_msgs/share/deepracer_msgs/hook/pkg_config_path.dsv'
[1.346s] INFO:colcon.colcon_core.shell:Creating environment hook '/home/inspacehj/dr_logger/simulation_ws/install/deepracer_msgs/share/deepracer_msgs/hook/pkg_config_path.sh'
[1.348s] Level 1:colcon.colcon_core.shell:create_environment_hook('deepracer_msgs', 'pkg_config_path_multiarch')
[1.356s] INFO:colcon.colcon_core.shell:Creating environment hook '/home/inspacehj/dr_logger/simulation_ws/install/deepracer_msgs/share/deepracer_msgs/hook/pkg_config_path_multiarch.ps1'
[1.356s] INFO:colcon.colcon_core.shell:Creating environment descriptor '/home/inspacehj/dr_logger/simulation_ws/install/deepracer_msgs/share/deepracer_msgs/hook/pkg_config_path_multiarch.dsv'
[1.356s] INFO:colcon.colcon_core.shell:Creating environment hook '/home/inspacehj/dr_logger/simulation_ws/install/deepracer_msgs/share/deepracer_msgs/hook/pkg_config_path_multiarch.sh'
[1.364s] Level 1:colcon.colcon_core.environment:create_environment_scripts_only(deepracer_msgs)
[1.372s] Level 1:colcon.colcon_core.environment:checking '/home/inspacehj/dr_logger/simulation_ws/install/deepracer_msgs' for CMake module files
[1.372s] Level 1:colcon.colcon_core.environment:checking '/home/inspacehj/dr_logger/simulation_ws/install/deepracer_msgs' for CMake config files
[1.373s] Level 1:colcon.colcon_core.shell:create_environment_hook('deepracer_msgs', 'cmake_prefix_path')
[1.380s] INFO:colcon.colcon_core.shell:Creating environment hook '/home/inspacehj/dr_logger/simulation_ws/install/deepracer_msgs/share/deepracer_msgs/hook/cmake_prefix_path.ps1'
[1.380s] INFO:colcon.colcon_core.shell:Creating environment descriptor '/home/inspacehj/dr_logger/simulation_ws/install/deepracer_msgs/share/deepracer_msgs/hook/cmake_prefix_path.dsv'
[1.380s] INFO:colcon.colcon_core.shell:Creating environment hook '/home/inspacehj/dr_logger/simulation_ws/install/deepracer_msgs/share/deepracer_msgs/hook/cmake_prefix_path.sh'
[1.381s] Level 1:colcon.colcon_core.environment:checking '/home/inspacehj/dr_logger/simulation_ws/install/deepracer_msgs/lib'
[1.381s] Level 1:colcon.colcon_core.environment:checking '/home/inspacehj/dr_logger/simulation_ws/install/deepracer_msgs/bin'
[1.381s] Level 1:colcon.colcon_core.environment:checking '/home/inspacehj/dr_logger/simulation_ws/install/deepracer_msgs/lib/pkgconfig/deepracer_msgs.pc'
[1.381s] Level 1:colcon.colcon_core.shell:create_environment_hook('deepracer_msgs', 'pkg_config')
[1.388s] INFO:colcon.colcon_core.shell:Creating environment hook '/home/inspacehj/dr_logger/simulation_ws/install/deepracer_msgs/share/deepracer_msgs/hook/pkg_config.ps1'
[1.389s] INFO:colcon.colcon_core.shell:Creating environment descriptor '/home/inspacehj/dr_logger/simulation_ws/install/deepracer_msgs/share/deepracer_msgs/hook/pkg_config.dsv'
[1.389s] INFO:colcon.colcon_core.shell:Creating environment hook '/home/inspacehj/dr_logger/simulation_ws/install/deepracer_msgs/share/deepracer_msgs/hook/pkg_config.sh'
[1.389s] Level 1:colcon.colcon_core.environment:checking '/home/inspacehj/dr_logger/simulation_ws/install/deepracer_msgs/lib/python3.6/site-packages'
[1.397s] INFO:colcon.colcon_core.shell:Creating package script '/home/inspacehj/dr_logger/simulation_ws/install/deepracer_msgs/share/deepracer_msgs/package.ps1'
[1.397s] INFO:colcon.colcon_core.shell:Creating package descriptor '/home/inspacehj/dr_logger/simulation_ws/install/deepracer_msgs/share/deepracer_msgs/package.dsv'
[1.397s] INFO:colcon.colcon_core.shell:Creating package script '/home/inspacehj/dr_logger/simulation_ws/install/deepracer_msgs/share/deepracer_msgs/package.sh'
[1.398s] INFO:colcon.colcon_core.shell:Creating package script '/home/inspacehj/dr_logger/simulation_ws/install/deepracer_msgs/share/deepracer_msgs/package.bash'
[1.398s] INFO:colcon.colcon_core.shell:Creating package script '/home/inspacehj/dr_logger/simulation_ws/install/deepracer_msgs/share/deepracer_msgs/package.zsh'
[1.398s] Level 1:colcon.colcon_core.environment:create_file_with_runtime_dependencies(/home/inspacehj/dr_logger/simulation_ws/install/deepracer_msgs/share/colcon-core/packages/deepracer_msgs)
[1.399s] INFO:colcon.colcon_ros.task.catkin.build:Building ROS package in '/home/inspacehj/dr_logger/simulation_ws/src/deepracer_interpreter' with build type 'catkin'
[1.399s] INFO:colcon.colcon_cmake.task.cmake.build:Building CMake package in '/home/inspacehj/dr_logger/simulation_ws/src/deepracer_interpreter'
[1.406s] INFO:colcon.colcon_core.shell:Skip shell extension 'powershell' for command environment: Not usable outside of PowerShell
[1.406s] DEBUG:colcon.colcon_core.shell:Skip shell extension 'dsv' for command environment
[1.412s] DEBUG:colcon.colcon_core.shell:Ignoring prefix path '/home/inspacehj/drone_mpc_ws/devel'
[1.412s] DEBUG:colcon.colcon_core.shell:Ignoring prefix path '/home/inspacehj/autosim_ws/devel'
[1.412s] DEBUG:colcon.colcon_core.shell:Ignoring prefix path '/home/inspacehj/catkin_ws/devel'
[1.412s] DEBUG:colcon.colcon_core.shell:Ignoring prefix path '/home/inspacehj/drone_ws/devel'
[1.412s] DEBUG:colcon.colcon_core.shell:Ignoring prefix path '/opt/ros/melodic'
[1.413s] INFO:colcon.colcon_ros.task.catkin.build:Building ROS package in '/home/inspacehj/dr_logger/simulation_ws/src/deepracer_simulation' with build type 'catkin'
[1.413s] INFO:colcon.colcon_cmake.task.cmake.build:Building CMake package in '/home/inspacehj/dr_logger/simulation_ws/src/deepracer_simulation'
[1.421s] INFO:colcon.colcon_core.shell:Skip shell extension 'powershell' for command environment: Not usable outside of PowerShell
[1.421s] DEBUG:colcon.colcon_core.shell:Skip shell extension 'dsv' for command environment
[1.426s] DEBUG:colcon.colcon_core.shell:Ignoring prefix path '/home/inspacehj/drone_mpc_ws/devel'
[1.426s] DEBUG:colcon.colcon_core.shell:Ignoring prefix path '/home/inspacehj/autosim_ws/devel'
[1.427s] DEBUG:colcon.colcon_core.shell:Ignoring prefix path '/home/inspacehj/catkin_ws/devel'
[1.427s] DEBUG:colcon.colcon_core.shell:Ignoring prefix path '/home/inspacehj/drone_ws/devel'
[1.427s] DEBUG:colcon.colcon_core.shell:Ignoring prefix path '/opt/ros/melodic'
[1.432s] DEBUG:colcon.colcon_core.event_handler.log_command:Invoking command in '/home/inspacehj/dr_logger/simulation_ws/build/deepracer_interpreter': CMAKE_PREFIX_PATH=/home/inspacehj/dr_logger/simulation_ws/install/deepracer_msgs:${CMAKE_PREFIX_PATH} PKG_CONFIG_PATH=/home/inspacehj/dr_logger/simulation_ws/install/deepracer_msgs/lib/x86_64-linux-gnu/pkgconfig:/home/inspacehj/dr_logger/simulation_ws/install/deepracer_msgs/lib/pkgconfig:${PKG_CONFIG_PATH} PYTHONPATH=/home/inspacehj/dr_logger/simulation_ws/install/deepracer_msgs/lib/python2.7/dist-packages:${PYTHONPATH} ROS_PACKAGE_PATH=/home/inspacehj/dr_logger/simulation_ws/install/deepracer_msgs/share:${ROS_PACKAGE_PATH} /usr/bin/cmake --build /home/inspacehj/dr_logger/simulation_ws/build/deepracer_interpreter -- -j16 -l16
[1.436s] DEBUG:colcon.colcon_core.event_handler.log_command:Invoking command in '/home/inspacehj/dr_logger/simulation_ws/build/deepracer_simulation': CMAKE_PREFIX_PATH=/home/inspacehj/dr_logger/simulation_ws/install/deepracer_msgs:${CMAKE_PREFIX_PATH} PKG_CONFIG_PATH=/home/inspacehj/dr_logger/simulation_ws/install/deepracer_msgs/lib/x86_64-linux-gnu/pkgconfig:/home/inspacehj/dr_logger/simulation_ws/install/deepracer_msgs/lib/pkgconfig:${PKG_CONFIG_PATH} PYTHONPATH=/home/inspacehj/dr_logger/simulation_ws/install/deepracer_msgs/lib/python2.7/dist-packages:${PYTHONPATH} ROS_PACKAGE_PATH=/home/inspacehj/dr_logger/simulation_ws/install/deepracer_msgs/share:${ROS_PACKAGE_PATH} /usr/bin/cmake --build /home/inspacehj/dr_logger/simulation_ws/build/deepracer_simulation -- -j16 -l16
[1.462s] DEBUG:colcon.colcon_core.event_handler.log_command:Invoked command in '/home/inspacehj/dr_logger/simulation_ws/build/deepracer_simulation' returned '0': CMAKE_PREFIX_PATH=/home/inspacehj/dr_logger/simulation_ws/install/deepracer_msgs:${CMAKE_PREFIX_PATH} PKG_CONFIG_PATH=/home/inspacehj/dr_logger/simulation_ws/install/deepracer_msgs/lib/x86_64-linux-gnu/pkgconfig:/home/inspacehj/dr_logger/simulation_ws/install/deepracer_msgs/lib/pkgconfig:${PKG_CONFIG_PATH} PYTHONPATH=/home/inspacehj/dr_logger/simulation_ws/install/deepracer_msgs/lib/python2.7/dist-packages:${PYTHONPATH} ROS_PACKAGE_PATH=/home/inspacehj/dr_logger/simulation_ws/install/deepracer_msgs/share:${ROS_PACKAGE_PATH} /usr/bin/cmake --build /home/inspacehj/dr_logger/simulation_ws/build/deepracer_simulation -- -j16 -l16
[1.485s] DEBUG:colcon.colcon_core.event_handler.log_command:Invoked command in '/home/inspacehj/dr_logger/simulation_ws/build/deepracer_interpreter' returned '0': CMAKE_PREFIX_PATH=/home/inspacehj/dr_logger/simulation_ws/install/deepracer_msgs:${CMAKE_PREFIX_PATH} PKG_CONFIG_PATH=/home/inspacehj/dr_logger/simulation_ws/install/deepracer_msgs/lib/x86_64-linux-gnu/pkgconfig:/home/inspacehj/dr_logger/simulation_ws/install/deepracer_msgs/lib/pkgconfig:${PKG_CONFIG_PATH} PYTHONPATH=/home/inspacehj/dr_logger/simulation_ws/install/deepracer_msgs/lib/python2.7/dist-packages:${PYTHONPATH} ROS_PACKAGE_PATH=/home/inspacehj/dr_logger/simulation_ws/install/deepracer_msgs/share:${ROS_PACKAGE_PATH} /usr/bin/cmake --build /home/inspacehj/dr_logger/simulation_ws/build/deepracer_interpreter -- -j16 -l16
[1.513s] DEBUG:colcon.colcon_core.event_handler.log_command:Invoking command in '/home/inspacehj/dr_logger/simulation_ws/build/deepracer_simulation': CMAKE_PREFIX_PATH=/home/inspacehj/dr_logger/simulation_ws/install/deepracer_msgs:${CMAKE_PREFIX_PATH} PKG_CONFIG_PATH=/home/inspacehj/dr_logger/simulation_ws/install/deepracer_msgs/lib/x86_64-linux-gnu/pkgconfig:/home/inspacehj/dr_logger/simulation_ws/install/deepracer_msgs/lib/pkgconfig:${PKG_CONFIG_PATH} PYTHONPATH=/home/inspacehj/dr_logger/simulation_ws/install/deepracer_msgs/lib/python2.7/dist-packages:${PYTHONPATH} ROS_PACKAGE_PATH=/home/inspacehj/dr_logger/simulation_ws/install/deepracer_msgs/share:${ROS_PACKAGE_PATH} /usr/bin/cmake --build /home/inspacehj/dr_logger/simulation_ws/build/deepracer_simulation --target tests -- -j16 -l16
[1.540s] DEBUG:colcon.colcon_core.event_handler.log_command:Invoking command in '/home/inspacehj/dr_logger/simulation_ws/build/deepracer_interpreter': CMAKE_PREFIX_PATH=/home/inspacehj/dr_logger/simulation_ws/install/deepracer_msgs:${CMAKE_PREFIX_PATH} PKG_CONFIG_PATH=/home/inspacehj/dr_logger/simulation_ws/install/deepracer_msgs/lib/x86_64-linux-gnu/pkgconfig:/home/inspacehj/dr_logger/simulation_ws/install/deepracer_msgs/lib/pkgconfig:${PKG_CONFIG_PATH} PYTHONPATH=/home/inspacehj/dr_logger/simulation_ws/install/deepracer_msgs/lib/python2.7/dist-packages:${PYTHONPATH} ROS_PACKAGE_PATH=/home/inspacehj/dr_logger/simulation_ws/install/deepracer_msgs/share:${ROS_PACKAGE_PATH} /usr/bin/cmake --build /home/inspacehj/dr_logger/simulation_ws/build/deepracer_interpreter --target tests -- -j16 -l16
[1.564s] DEBUG:colcon.colcon_core.event_handler.log_command:Invoked command in '/home/inspacehj/dr_logger/simulation_ws/build/deepracer_simulation' returned '0': CMAKE_PREFIX_PATH=/home/inspacehj/dr_logger/simulation_ws/install/deepracer_msgs:${CMAKE_PREFIX_PATH} PKG_CONFIG_PATH=/home/inspacehj/dr_logger/simulation_ws/install/deepracer_msgs/lib/x86_64-linux-gnu/pkgconfig:/home/inspacehj/dr_logger/simulation_ws/install/deepracer_msgs/lib/pkgconfig:${PKG_CONFIG_PATH} PYTHONPATH=/home/inspacehj/dr_logger/simulation_ws/install/deepracer_msgs/lib/python2.7/dist-packages:${PYTHONPATH} ROS_PACKAGE_PATH=/home/inspacehj/dr_logger/simulation_ws/install/deepracer_msgs/share:${ROS_PACKAGE_PATH} /usr/bin/cmake --build /home/inspacehj/dr_logger/simulation_ws/build/deepracer_simulation --target tests -- -j16 -l16
[1.594s] DEBUG:colcon.colcon_core.event_handler.log_command:Invoked command in '/home/inspacehj/dr_logger/simulation_ws/build/deepracer_interpreter' returned '0': CMAKE_PREFIX_PATH=/home/inspacehj/dr_logger/simulation_ws/install/deepracer_msgs:${CMAKE_PREFIX_PATH} PKG_CONFIG_PATH=/home/inspacehj/dr_logger/simulation_ws/install/deepracer_msgs/lib/x86_64-linux-gnu/pkgconfig:/home/inspacehj/dr_logger/simulation_ws/install/deepracer_msgs/lib/pkgconfig:${PKG_CONFIG_PATH} PYTHONPATH=/home/inspacehj/dr_logger/simulation_ws/install/deepracer_msgs/lib/python2.7/dist-packages:${PYTHONPATH} ROS_PACKAGE_PATH=/home/inspacehj/dr_logger/simulation_ws/install/deepracer_msgs/share:${ROS_PACKAGE_PATH} /usr/bin/cmake --build /home/inspacehj/dr_logger/simulation_ws/build/deepracer_interpreter --target tests -- -j16 -l16
[1.615s] DEBUG:colcon.colcon_core.event_handler.log_command:Invoking command in '/home/inspacehj/dr_logger/simulation_ws/build/deepracer_simulation': CMAKE_PREFIX_PATH=/home/inspacehj/dr_logger/simulation_ws/install/deepracer_msgs:${CMAKE_PREFIX_PATH} PKG_CONFIG_PATH=/home/inspacehj/dr_logger/simulation_ws/install/deepracer_msgs/lib/x86_64-linux-gnu/pkgconfig:/home/inspacehj/dr_logger/simulation_ws/install/deepracer_msgs/lib/pkgconfig:${PKG_CONFIG_PATH} PYTHONPATH=/home/inspacehj/dr_logger/simulation_ws/install/deepracer_msgs/lib/python2.7/dist-packages:${PYTHONPATH} ROS_PACKAGE_PATH=/home/inspacehj/dr_logger/simulation_ws/install/deepracer_msgs/share:${ROS_PACKAGE_PATH} /usr/bin/cmake --build /home/inspacehj/dr_logger/simulation_ws/build/deepracer_simulation --target install -- -j16 -l16
[1.646s] DEBUG:colcon.colcon_core.event_handler.log_command:Invoking command in '/home/inspacehj/dr_logger/simulation_ws/build/deepracer_interpreter': CMAKE_PREFIX_PATH=/home/inspacehj/dr_logger/simulation_ws/install/deepracer_msgs:${CMAKE_PREFIX_PATH} PKG_CONFIG_PATH=/home/inspacehj/dr_logger/simulation_ws/install/deepracer_msgs/lib/x86_64-linux-gnu/pkgconfig:/home/inspacehj/dr_logger/simulation_ws/install/deepracer_msgs/lib/pkgconfig:${PKG_CONFIG_PATH} PYTHONPATH=/home/inspacehj/dr_logger/simulation_ws/install/deepracer_msgs/lib/python2.7/dist-packages:${PYTHONPATH} ROS_PACKAGE_PATH=/home/inspacehj/dr_logger/simulation_ws/install/deepracer_msgs/share:${ROS_PACKAGE_PATH} /usr/bin/cmake --build /home/inspacehj/dr_logger/simulation_ws/build/deepracer_interpreter --target install -- -j16 -l16
[1.666s] DEBUG:colcon.colcon_core.event_handler.log_command:Invoked command in '/home/inspacehj/dr_logger/simulation_ws/build/deepracer_simulation' returned '0': CMAKE_PREFIX_PATH=/home/inspacehj/dr_logger/simulation_ws/install/deepracer_msgs:${CMAKE_PREFIX_PATH} PKG_CONFIG_PATH=/home/inspacehj/dr_logger/simulation_ws/install/deepracer_msgs/lib/x86_64-linux-gnu/pkgconfig:/home/inspacehj/dr_logger/simulation_ws/install/deepracer_msgs/lib/pkgconfig:${PKG_CONFIG_PATH} PYTHONPATH=/home/inspacehj/dr_logger/simulation_ws/install/deepracer_msgs/lib/python2.7/dist-packages:${PYTHONPATH} ROS_PACKAGE_PATH=/home/inspacehj/dr_logger/simulation_ws/install/deepracer_msgs/share:${ROS_PACKAGE_PATH} /usr/bin/cmake --build /home/inspacehj/dr_logger/simulation_ws/build/deepracer_simulation --target install -- -j16 -l16
[1.710s] Level 1:colcon.colcon_core.shell:create_environment_hook('deepracer_simulation', 'ros_package_path')
[1.718s] INFO:colcon.colcon_core.shell:Creating environment hook '/home/inspacehj/dr_logger/simulation_ws/install/deepracer_simulation/share/deepracer_simulation/hook/ros_package_path.ps1'
[1.719s] INFO:colcon.colcon_core.shell:Creating environment descriptor '/home/inspacehj/dr_logger/simulation_ws/install/deepracer_simulation/share/deepracer_simulation/hook/ros_package_path.dsv'
[1.719s] INFO:colcon.colcon_core.shell:Creating environment hook '/home/inspacehj/dr_logger/simulation_ws/install/deepracer_simulation/share/deepracer_simulation/hook/ros_package_path.sh'
[1.720s] Level 1:colcon.colcon_ros.task.catkin:checking '/home/inspacehj/dr_logger/simulation_ws/install/deepracer_simulation/lib/python2.7/dist-packages'
[1.720s] Level 1:colcon.colcon_core.shell:create_environment_hook('deepracer_simulation', 'catkin_pythonpath')
[1.727s] INFO:colcon.colcon_core.shell:Creating environment hook '/home/inspacehj/dr_logger/simulation_ws/install/deepracer_simulation/share/deepracer_simulation/hook/catkin_pythonpath.ps1'
[1.728s] INFO:colcon.colcon_core.shell:Creating environment descriptor '/home/inspacehj/dr_logger/simulation_ws/install/deepracer_simulation/share/deepracer_simulation/hook/catkin_pythonpath.dsv'
[1.728s] INFO:colcon.colcon_core.shell:Creating environment hook '/home/inspacehj/dr_logger/simulation_ws/install/deepracer_simulation/share/deepracer_simulation/hook/catkin_pythonpath.sh'
[1.728s] Level 1:colcon.colcon_core.shell:create_environment_hook('deepracer_simulation', 'pkg_config_path')
[1.735s] INFO:colcon.colcon_core.shell:Creating environment hook '/home/inspacehj/dr_logger/simulation_ws/install/deepracer_simulation/share/deepracer_simulation/hook/pkg_config_path.ps1'
[1.736s] INFO:colcon.colcon_core.shell:Creating environment descriptor '/home/inspacehj/dr_logger/simulation_ws/install/deepracer_simulation/share/deepracer_simulation/hook/pkg_config_path.dsv'
[1.736s] INFO:colcon.colcon_core.shell:Creating environment hook '/home/inspacehj/dr_logger/simulation_ws/install/deepracer_simulation/share/deepracer_simulation/hook/pkg_config_path.sh'
[1.736s] Level 1:colcon.colcon_core.shell:create_environment_hook('deepracer_simulation', 'pkg_config_path_multiarch')
[1.744s] INFO:colcon.colcon_core.shell:Creating environment hook '/home/inspacehj/dr_logger/simulation_ws/install/deepracer_simulation/share/deepracer_simulation/hook/pkg_config_path_multiarch.ps1'
[1.744s] INFO:colcon.colcon_core.shell:Creating environment descriptor '/home/inspacehj/dr_logger/simulation_ws/install/deepracer_simulation/share/deepracer_simulation/hook/pkg_config_path_multiarch.dsv'
[1.744s] INFO:colcon.colcon_core.shell:Creating environment hook '/home/inspacehj/dr_logger/simulation_ws/install/deepracer_simulation/share/deepracer_simulation/hook/pkg_config_path_multiarch.sh'
[1.752s] Level 1:colcon.colcon_core.environment:create_environment_scripts_only(deepracer_simulation)
[1.759s] Level 1:colcon.colcon_core.environment:checking '/home/inspacehj/dr_logger/simulation_ws/install/deepracer_simulation' for CMake module files
[1.760s] Level 1:colcon.colcon_core.environment:checking '/home/inspacehj/dr_logger/simulation_ws/install/deepracer_simulation' for CMake config files
[1.760s] Level 1:colcon.colcon_core.shell:create_environment_hook('deepracer_simulation', 'cmake_prefix_path')
[1.767s] INFO:colcon.colcon_core.shell:Creating environment hook '/home/inspacehj/dr_logger/simulation_ws/install/deepracer_simulation/share/deepracer_simulation/hook/cmake_prefix_path.ps1'
[1.768s] INFO:colcon.colcon_core.shell:Creating environment descriptor '/home/inspacehj/dr_logger/simulation_ws/install/deepracer_simulation/share/deepracer_simulation/hook/cmake_prefix_path.dsv'
[1.768s] INFO:colcon.colcon_core.shell:Creating environment hook '/home/inspacehj/dr_logger/simulation_ws/install/deepracer_simulation/share/deepracer_simulation/hook/cmake_prefix_path.sh'
[1.768s] Level 1:colcon.colcon_core.environment:checking '/home/inspacehj/dr_logger/simulation_ws/install/deepracer_simulation/lib'
[1.768s] Level 1:colcon.colcon_core.environment:checking '/home/inspacehj/dr_logger/simulation_ws/install/deepracer_simulation/bin'
[1.768s] Level 1:colcon.colcon_core.environment:checking '/home/inspacehj/dr_logger/simulation_ws/install/deepracer_simulation/lib/pkgconfig/deepracer_simulation.pc'
[1.768s] Level 1:colcon.colcon_core.shell:create_environment_hook('deepracer_simulation', 'pkg_config')
[1.776s] INFO:colcon.colcon_core.shell:Creating environment hook '/home/inspacehj/dr_logger/simulation_ws/install/deepracer_simulation/share/deepracer_simulation/hook/pkg_config.ps1'
[1.776s] INFO:colcon.colcon_core.shell:Creating environment descriptor '/home/inspacehj/dr_logger/simulation_ws/install/deepracer_simulation/share/deepracer_simulation/hook/pkg_config.dsv'
[1.776s] INFO:colcon.colcon_core.shell:Creating environment hook '/home/inspacehj/dr_logger/simulation_ws/install/deepracer_simulation/share/deepracer_simulation/hook/pkg_config.sh'
[1.776s] Level 1:colcon.colcon_core.environment:checking '/home/inspacehj/dr_logger/simulation_ws/install/deepracer_simulation/lib/python3.6/site-packages'
[1.784s] INFO:colcon.colcon_core.shell:Creating package script '/home/inspacehj/dr_logger/simulation_ws/install/deepracer_simulation/share/deepracer_simulation/package.ps1'
[1.784s] INFO:colcon.colcon_core.shell:Creating package descriptor '/home/inspacehj/dr_logger/simulation_ws/install/deepracer_simulation/share/deepracer_simulation/package.dsv'
[1.785s] INFO:colcon.colcon_core.shell:Creating package script '/home/inspacehj/dr_logger/simulation_ws/install/deepracer_simulation/share/deepracer_simulation/package.sh'
[1.785s] INFO:colcon.colcon_core.shell:Creating package script '/home/inspacehj/dr_logger/simulation_ws/install/deepracer_simulation/share/deepracer_simulation/package.bash'
[1.785s] INFO:colcon.colcon_core.shell:Creating package script '/home/inspacehj/dr_logger/simulation_ws/install/deepracer_simulation/share/deepracer_simulation/package.zsh'
[1.785s] Level 1:colcon.colcon_core.environment:create_file_with_runtime_dependencies(/home/inspacehj/dr_logger/simulation_ws/install/deepracer_simulation/share/colcon-core/packages/deepracer_simulation)
[1.787s] DEBUG:colcon.colcon_core.event_handler.log_command:Invoked command in '/home/inspacehj/dr_logger/simulation_ws/build/deepracer_interpreter' returned '0': CMAKE_PREFIX_PATH=/home/inspacehj/dr_logger/simulation_ws/install/deepracer_msgs:${CMAKE_PREFIX_PATH} PKG_CONFIG_PATH=/home/inspacehj/dr_logger/simulation_ws/install/deepracer_msgs/lib/x86_64-linux-gnu/pkgconfig:/home/inspacehj/dr_logger/simulation_ws/install/deepracer_msgs/lib/pkgconfig:${PKG_CONFIG_PATH} PYTHONPATH=/home/inspacehj/dr_logger/simulation_ws/install/deepracer_msgs/lib/python2.7/dist-packages:${PYTHONPATH} ROS_PACKAGE_PATH=/home/inspacehj/dr_logger/simulation_ws/install/deepracer_msgs/share:${ROS_PACKAGE_PATH} /usr/bin/cmake --build /home/inspacehj/dr_logger/simulation_ws/build/deepracer_interpreter --target install -- -j16 -l16
[1.837s] Level 1:colcon.colcon_core.shell:create_environment_hook('deepracer_interpreter', 'ros_package_path')
[1.844s] INFO:colcon.colcon_core.shell:Creating environment hook '/home/inspacehj/dr_logger/simulation_ws/install/deepracer_interpreter/share/deepracer_interpreter/hook/ros_package_path.ps1'
[1.845s] INFO:colcon.colcon_core.shell:Creating environment descriptor '/home/inspacehj/dr_logger/simulation_ws/install/deepracer_interpreter/share/deepracer_interpreter/hook/ros_package_path.dsv'
[1.845s] INFO:colcon.colcon_core.shell:Creating environment hook '/home/inspacehj/dr_logger/simulation_ws/install/deepracer_interpreter/share/deepracer_interpreter/hook/ros_package_path.sh'
[1.846s] Level 1:colcon.colcon_ros.task.catkin:checking '/home/inspacehj/dr_logger/simulation_ws/install/deepracer_interpreter/lib/python2.7/dist-packages'
[1.846s] Level 1:colcon.colcon_core.shell:create_environment_hook('deepracer_interpreter', 'pkg_config_path')
[1.853s] INFO:colcon.colcon_core.shell:Creating environment hook '/home/inspacehj/dr_logger/simulation_ws/install/deepracer_interpreter/share/deepracer_interpreter/hook/pkg_config_path.ps1'
[1.853s] INFO:colcon.colcon_core.shell:Creating environment descriptor '/home/inspacehj/dr_logger/simulation_ws/install/deepracer_interpreter/share/deepracer_interpreter/hook/pkg_config_path.dsv'
[1.853s] INFO:colcon.colcon_core.shell:Creating environment hook '/home/inspacehj/dr_logger/simulation_ws/install/deepracer_interpreter/share/deepracer_interpreter/hook/pkg_config_path.sh'
[1.854s] Level 1:colcon.colcon_core.shell:create_environment_hook('deepracer_interpreter', 'pkg_config_path_multiarch')
[1.861s] INFO:colcon.colcon_core.shell:Creating environment hook '/home/inspacehj/dr_logger/simulation_ws/install/deepracer_interpreter/share/deepracer_interpreter/hook/pkg_config_path_multiarch.ps1'
[1.861s] INFO:colcon.colcon_core.shell:Creating environment descriptor '/home/inspacehj/dr_logger/simulation_ws/install/deepracer_interpreter/share/deepracer_interpreter/hook/pkg_config_path_multiarch.dsv'
[1.861s] INFO:colcon.colcon_core.shell:Creating environment hook '/home/inspacehj/dr_logger/simulation_ws/install/deepracer_interpreter/share/deepracer_interpreter/hook/pkg_config_path_multiarch.sh'
[1.869s] Level 1:colcon.colcon_core.environment:create_environment_scripts_only(deepracer_interpreter)
[1.876s] Level 1:colcon.colcon_core.environment:checking '/home/inspacehj/dr_logger/simulation_ws/install/deepracer_interpreter' for CMake module files
[1.877s] Level 1:colcon.colcon_core.environment:checking '/home/inspacehj/dr_logger/simulation_ws/install/deepracer_interpreter' for CMake config files
[1.877s] Level 1:colcon.colcon_core.shell:create_environment_hook('deepracer_interpreter', 'cmake_prefix_path')
[1.884s] INFO:colcon.colcon_core.shell:Creating environment hook '/home/inspacehj/dr_logger/simulation_ws/install/deepracer_interpreter/share/deepracer_interpreter/hook/cmake_prefix_path.ps1'
[1.884s] INFO:colcon.colcon_core.shell:Creating environment descriptor '/home/inspacehj/dr_logger/simulation_ws/install/deepracer_interpreter/share/deepracer_interpreter/hook/cmake_prefix_path.dsv'
[1.885s] INFO:colcon.colcon_core.shell:Creating environment hook '/home/inspacehj/dr_logger/simulation_ws/install/deepracer_interpreter/share/deepracer_interpreter/hook/cmake_prefix_path.sh'
[1.885s] Level 1:colcon.colcon_core.environment:checking '/home/inspacehj/dr_logger/simulation_ws/install/deepracer_interpreter/lib'
[1.885s] Level 1:colcon.colcon_core.shell:create_environment_hook('deepracer_interpreter', 'ld_library_path_lib')
[1.892s] INFO:colcon.colcon_core.shell:Creating environment hook '/home/inspacehj/dr_logger/simulation_ws/install/deepracer_interpreter/share/deepracer_interpreter/hook/ld_library_path_lib.ps1'
[1.893s] INFO:colcon.colcon_core.shell:Creating environment descriptor '/home/inspacehj/dr_logger/simulation_ws/install/deepracer_interpreter/share/deepracer_interpreter/hook/ld_library_path_lib.dsv'
[1.893s] INFO:colcon.colcon_core.shell:Creating environment hook '/home/inspacehj/dr_logger/simulation_ws/install/deepracer_interpreter/share/deepracer_interpreter/hook/ld_library_path_lib.sh'
[1.893s] Level 1:colcon.colcon_core.environment:checking '/home/inspacehj/dr_logger/simulation_ws/install/deepracer_interpreter/bin'
[1.893s] Level 1:colcon.colcon_core.environment:checking '/home/inspacehj/dr_logger/simulation_ws/install/deepracer_interpreter/lib/pkgconfig/deepracer_interpreter.pc'
[1.893s] Level 1:colcon.colcon_core.shell:create_environment_hook('deepracer_interpreter', 'pkg_config')
[1.900s] INFO:colcon.colcon_core.shell:Creating environment hook '/home/inspacehj/dr_logger/simulation_ws/install/deepracer_interpreter/share/deepracer_interpreter/hook/pkg_config.ps1'
[1.901s] INFO:colcon.colcon_core.shell:Creating environment descriptor '/home/inspacehj/dr_logger/simulation_ws/install/deepracer_interpreter/share/deepracer_interpreter/hook/pkg_config.dsv'
[1.901s] INFO:colcon.colcon_core.shell:Creating environment hook '/home/inspacehj/dr_logger/simulation_ws/install/deepracer_interpreter/share/deepracer_interpreter/hook/pkg_config.sh'
[1.901s] Level 1:colcon.colcon_core.environment:checking '/home/inspacehj/dr_logger/simulation_ws/install/deepracer_interpreter/lib/python3.6/site-packages'
[1.908s] INFO:colcon.colcon_core.shell:Creating package script '/home/inspacehj/dr_logger/simulation_ws/install/deepracer_interpreter/share/deepracer_interpreter/package.ps1'
[1.909s] INFO:colcon.colcon_core.shell:Creating package descriptor '/home/inspacehj/dr_logger/simulation_ws/install/deepracer_interpreter/share/deepracer_interpreter/package.dsv'
[1.909s] INFO:colcon.colcon_core.shell:Creating package script '/home/inspacehj/dr_logger/simulation_ws/install/deepracer_interpreter/share/deepracer_interpreter/package.sh'
[1.910s] INFO:colcon.colcon_core.shell:Creating package script '/home/inspacehj/dr_logger/simulation_ws/install/deepracer_interpreter/share/deepracer_interpreter/package.bash'
[1.910s] INFO:colcon.colcon_core.shell:Creating package script '/home/inspacehj/dr_logger/simulation_ws/install/deepracer_interpreter/share/deepracer_interpreter/package.zsh'
[1.910s] Level 1:colcon.colcon_core.environment:create_file_with_runtime_dependencies(/home/inspacehj/dr_logger/simulation_ws/install/deepracer_interpreter/share/colcon-core/packages/deepracer_interpreter)
[1.911s] DEBUG:colcon.colcon_parallel_executor.executor.parallel:closing loop
[1.911s] DEBUG:colcon.colcon_parallel_executor.executor.parallel:loop closed
[1.912s] DEBUG:colcon.colcon_parallel_executor.executor.parallel:run_until_complete finished with '0'
[1.912s] DEBUG:colcon.colcon_core.event_reactor:joining thread
[1.921s] INFO:colcon.colcon_core.plugin_system:Skipping extension 'colcon_notification.desktop_notification.terminal_notifier': Not used on non-Darwin systems
[1.921s] INFO:colcon.colcon_core.plugin_system:Skipping extension 'colcon_notification.desktop_notification.win32': Not used on non-Windows systems
[1.921s] INFO:colcon.colcon_notification.desktop_notification:Sending desktop notification using 'notify2'
[1.923s] DEBUG:colcon.colcon_core.event_reactor:joined thread
[1.931s] INFO:colcon.colcon_core.shell:Creating prefix script '/home/inspacehj/dr_logger/simulation_ws/install/local_setup.ps1'
[1.931s] INFO:colcon.colcon_core.shell:Creating prefix util module '/home/inspacehj/dr_logger/simulation_ws/install/_local_setup_util_ps1.py'
[1.932s] INFO:colcon.colcon_core.shell:Creating prefix chain script '/home/inspacehj/dr_logger/simulation_ws/install/setup.ps1'
[1.938s] INFO:colcon.colcon_core.shell:Creating prefix script '/home/inspacehj/dr_logger/simulation_ws/install/local_setup.sh'
[1.938s] INFO:colcon.colcon_core.shell:Creating prefix util module '/home/inspacehj/dr_logger/simulation_ws/install/_local_setup_util_sh.py'
[1.939s] INFO:colcon.colcon_core.shell:Creating prefix chain script '/home/inspacehj/dr_logger/simulation_ws/install/setup.sh'
[1.944s] INFO:colcon.colcon_core.shell:Creating prefix script '/home/inspacehj/dr_logger/simulation_ws/install/local_setup.bash'
[1.945s] INFO:colcon.colcon_core.shell:Creating prefix chain script '/home/inspacehj/dr_logger/simulation_ws/install/setup.bash'
[1.950s] INFO:colcon.colcon_core.shell:Creating prefix script '/home/inspacehj/dr_logger/simulation_ws/install/local_setup.zsh'
[1.951s] INFO:colcon.colcon_core.shell:Creating prefix chain script '/home/inspacehj/dr_logger/simulation_ws/install/setup.zsh'
