[0.050s] Invoking command in '/home/inspace/dr_logger/simulation_ws/build/deepracer_msgs': /usr/bin/cmake --build /home/inspace/dr_logger/simulation_ws/build/deepracer_msgs -- -j16 -l16
[0.087s] [  0%] Built target std_msgs_generate_messages_nodejs
[0.087s] [  0%] Built target std_msgs_generate_messages_py
[0.088s] [  0%] Built target std_msgs_generate_messages_cpp
[0.090s] [  0%] Built target std_msgs_generate_messages_eus
[0.091s] [  0%] Built target std_msgs_generate_messages_lisp
[0.102s] [  0%] Built target _deepracer_msgs_generate_messages_check_deps_Progress
[0.118s] [ 14%] Built target deepracer_msgs_generate_messages_nodejs
[0.120s] [ 57%] Built target deepracer_msgs_generate_messages_py
[0.120s] [ 57%] Built target deepracer_msgs_generate_messages_lisp
[0.120s] [ 71%] Built target deepracer_msgs_generate_messages_cpp
[0.120s] [100%] Built target deepracer_msgs_generate_messages_eus
[0.138s] [100%] Built target deepracer_msgs_generate_messages
[0.253s] Invoked command in '/home/inspace/dr_logger/simulation_ws/build/deepracer_msgs' returned '0': /usr/bin/cmake --build /home/inspace/dr_logger/simulation_ws/build/deepracer_msgs -- -j16 -l16
[0.281s] Invoking command in '/home/inspace/dr_logger/simulation_ws/build/deepracer_msgs': /usr/bin/cmake --build /home/inspace/dr_logger/simulation_ws/build/deepracer_msgs --target tests -- -j16 -l16
[0.327s] Built target tests
[0.334s] Invoked command in '/home/inspace/dr_logger/simulation_ws/build/deepracer_msgs' returned '0': /usr/bin/cmake --build /home/inspace/dr_logger/simulation_ws/build/deepracer_msgs --target tests -- -j16 -l16
[0.369s] Invoking command in '/home/inspace/dr_logger/simulation_ws/build/deepracer_msgs': /usr/bin/cmake --build /home/inspace/dr_logger/simulation_ws/build/deepracer_msgs --target install -- -j16 -l16
[0.406s] [  0%] Built target std_msgs_generate_messages_nodejs
[0.407s] [  0%] Built target std_msgs_generate_messages_py
[0.407s] [  0%] Built target std_msgs_generate_messages_eus
[0.407s] [  0%] Built target std_msgs_generate_messages_lisp
[0.408s] [  0%] Built target std_msgs_generate_messages_cpp
[0.428s] [  0%] Built target _deepracer_msgs_generate_messages_check_deps_Progress
[0.441s] [ 42%] Built target deepracer_msgs_generate_messages_nodejs
[0.441s] [ 71%] Built target deepracer_msgs_generate_messages_py
[0.441s] [ 71%] Built target deepracer_msgs_generate_messages_eus
[0.443s] [ 85%] Built target deepracer_msgs_generate_messages_lisp
[0.444s] [100%] Built target deepracer_msgs_generate_messages_cpp
[0.461s] [100%] Built target deepracer_msgs_generate_messages
[0.474s] [36mInstall the project...[0m
[0.486s] -- Install configuration: ""
[0.486s] -- Up-to-date: /home/inspace/dr_logger/simulation_ws/install/deepracer_msgs/share/deepracer_msgs/msg/Progress.msg
[0.486s] -- Up-to-date: /home/inspace/dr_logger/simulation_ws/install/deepracer_msgs/share/deepracer_msgs/cmake/deepracer_msgs-msg-paths.cmake
[0.486s] -- Up-to-date: /home/inspace/dr_logger/simulation_ws/install/deepracer_msgs/include/deepracer_msgs
[0.486s] -- Up-to-date: /home/inspace/dr_logger/simulation_ws/install/deepracer_msgs/include/deepracer_msgs/Progress.h
[0.486s] -- Up-to-date: /home/inspace/dr_logger/simulation_ws/install/deepracer_msgs/share/roseus/ros/deepracer_msgs
[0.486s] -- Up-to-date: /home/inspace/dr_logger/simulation_ws/install/deepracer_msgs/share/roseus/ros/deepracer_msgs/msg
[0.486s] -- Up-to-date: /home/inspace/dr_logger/simulation_ws/install/deepracer_msgs/share/roseus/ros/deepracer_msgs/msg/Progress.l
[0.486s] -- Up-to-date: /home/inspace/dr_logger/simulation_ws/install/deepracer_msgs/share/roseus/ros/deepracer_msgs/manifest.l
[0.487s] -- Up-to-date: /home/inspace/dr_logger/simulation_ws/install/deepracer_msgs/share/common-lisp/ros/deepracer_msgs
[0.487s] -- Up-to-date: /home/inspace/dr_logger/simulation_ws/install/deepracer_msgs/share/common-lisp/ros/deepracer_msgs/msg
[0.487s] -- Up-to-date: /home/inspace/dr_logger/simulation_ws/install/deepracer_msgs/share/common-lisp/ros/deepracer_msgs/msg/deepracer_msgs-msg.asd
[0.487s] -- Up-to-date: /home/inspace/dr_logger/simulation_ws/install/deepracer_msgs/share/common-lisp/ros/deepracer_msgs/msg/_package_Progress.lisp
[0.487s] -- Up-to-date: /home/inspace/dr_logger/simulation_ws/install/deepracer_msgs/share/common-lisp/ros/deepracer_msgs/msg/_package.lisp
[0.487s] -- Up-to-date: /home/inspace/dr_logger/simulation_ws/install/deepracer_msgs/share/common-lisp/ros/deepracer_msgs/msg/Progress.lisp
[0.487s] -- Up-to-date: /home/inspace/dr_logger/simulation_ws/install/deepracer_msgs/share/gennodejs/ros/deepracer_msgs
[0.487s] -- Up-to-date: /home/inspace/dr_logger/simulation_ws/install/deepracer_msgs/share/gennodejs/ros/deepracer_msgs/_index.js
[0.487s] -- Up-to-date: /home/inspace/dr_logger/simulation_ws/install/deepracer_msgs/share/gennodejs/ros/deepracer_msgs/msg
[0.487s] -- Up-to-date: /home/inspace/dr_logger/simulation_ws/install/deepracer_msgs/share/gennodejs/ros/deepracer_msgs/msg/_index.js
[0.487s] -- Up-to-date: /home/inspace/dr_logger/simulation_ws/install/deepracer_msgs/share/gennodejs/ros/deepracer_msgs/msg/Progress.js
[0.489s] Listing /home/inspace/dr_logger/simulation_ws/build/deepracer_msgs/devel/lib/python2.7/dist-packages/deepracer_msgs ...
[0.489s] Listing /home/inspace/dr_logger/simulation_ws/build/deepracer_msgs/devel/lib/python2.7/dist-packages/deepracer_msgs/msg ...
[0.490s] -- Up-to-date: /home/inspace/dr_logger/simulation_ws/install/deepracer_msgs/lib/python2.7/dist-packages/deepracer_msgs
[0.490s] -- Up-to-date: /home/inspace/dr_logger/simulation_ws/install/deepracer_msgs/lib/python2.7/dist-packages/deepracer_msgs/__init__.pyc
[0.490s] -- Up-to-date: /home/inspace/dr_logger/simulation_ws/install/deepracer_msgs/lib/python2.7/dist-packages/deepracer_msgs/__init__.py
[0.490s] -- Up-to-date: /home/inspace/dr_logger/simulation_ws/install/deepracer_msgs/lib/python2.7/dist-packages/deepracer_msgs/msg
[0.490s] -- Up-to-date: /home/inspace/dr_logger/simulation_ws/install/deepracer_msgs/lib/python2.7/dist-packages/deepracer_msgs/msg/_Progress.pyc
[0.490s] -- Up-to-date: /home/inspace/dr_logger/simulation_ws/install/deepracer_msgs/lib/python2.7/dist-packages/deepracer_msgs/msg/__init__.pyc
[0.490s] -- Up-to-date: /home/inspace/dr_logger/simulation_ws/install/deepracer_msgs/lib/python2.7/dist-packages/deepracer_msgs/msg/__init__.py
[0.490s] -- Up-to-date: /home/inspace/dr_logger/simulation_ws/install/deepracer_msgs/lib/python2.7/dist-packages/deepracer_msgs/msg/_Progress.py
[0.490s] -- Up-to-date: /home/inspace/dr_logger/simulation_ws/install/deepracer_msgs/lib/pkgconfig/deepracer_msgs.pc
[0.490s] -- Up-to-date: /home/inspace/dr_logger/simulation_ws/install/deepracer_msgs/share/deepracer_msgs/cmake/deepracer_msgs-msg-extras.cmake
[0.491s] -- Up-to-date: /home/inspace/dr_logger/simulation_ws/install/deepracer_msgs/share/deepracer_msgs/cmake/deepracer_msgsConfig.cmake
[0.491s] -- Up-to-date: /home/inspace/dr_logger/simulation_ws/install/deepracer_msgs/share/deepracer_msgs/cmake/deepracer_msgsConfig-version.cmake
[0.491s] -- Up-to-date: /home/inspace/dr_logger/simulation_ws/install/deepracer_msgs/share/deepracer_msgs/package.xml
[0.492s] Invoked command in '/home/inspace/dr_logger/simulation_ws/build/deepracer_msgs' returned '0': /usr/bin/cmake --build /home/inspace/dr_logger/simulation_ws/build/deepracer_msgs --target install -- -j16 -l16
