[0.049s] Invoking command in '/home/inspace/dr_logger/simulation_ws/build/deepracer_msgs': /usr/bin/cmake --build /home/inspace/dr_logger/simulation_ws/build/deepracer_msgs -- -j16 -l16
[0.088s] [  0%] Built target std_msgs_generate_messages_nodejs
[0.088s] [  0%] Built target std_msgs_generate_messages_cpp
[0.088s] [  0%] Built target std_msgs_generate_messages_lisp
[0.088s] [  0%] Built target std_msgs_generate_messages_eus
[0.090s] [  0%] Built target std_msgs_generate_messages_py
[0.107s] [  0%] Built target _deepracer_msgs_generate_messages_check_deps_Progress
[0.123s] [ 42%] Built target deepracer_msgs_generate_messages_nodejs
[0.123s] [ 42%] Built target deepracer_msgs_generate_messages_eus
[0.124s] [ 71%] Built target deepracer_msgs_generate_messages_py
[0.125s] [100%] Built target deepracer_msgs_generate_messages_lisp
[0.125s] [100%] Built target deepracer_msgs_generate_messages_cpp
[0.139s] [100%] Built target deepracer_msgs_generate_messages
[0.255s] Invoked command in '/home/inspace/dr_logger/simulation_ws/build/deepracer_msgs' returned '0': /usr/bin/cmake --build /home/inspace/dr_logger/simulation_ws/build/deepracer_msgs -- -j16 -l16
[0.283s] Invoking command in '/home/inspace/dr_logger/simulation_ws/build/deepracer_msgs': /usr/bin/cmake --build /home/inspace/dr_logger/simulation_ws/build/deepracer_msgs --target tests -- -j16 -l16
[0.335s] Built target tests
[0.343s] Invoked command in '/home/inspace/dr_logger/simulation_ws/build/deepracer_msgs' returned '0': /usr/bin/cmake --build /home/inspace/dr_logger/simulation_ws/build/deepracer_msgs --target tests -- -j16 -l16
[0.379s] Invoking command in '/home/inspace/dr_logger/simulation_ws/build/deepracer_msgs': /usr/bin/cmake --build /home/inspace/dr_logger/simulation_ws/build/deepracer_msgs --target install -- -j16 -l16
[0.415s] [  0%] Built target std_msgs_generate_messages_cpp
[0.415s] [  0%] Built target std_msgs_generate_messages_nodejs
[0.417s] [  0%] Built target std_msgs_generate_messages_lisp
[0.418s] [  0%] Built target std_msgs_generate_messages_py
[0.419s] [  0%] Built target std_msgs_generate_messages_eus
[0.432s] [  0%] Built target _deepracer_msgs_generate_messages_check_deps_Progress
[0.447s] [ 28%] Built target deepracer_msgs_generate_messages_nodejs
[0.447s] [ 42%] Built target deepracer_msgs_generate_messages_py
[0.449s] [ 85%] Built target deepracer_msgs_generate_messages_eus
[0.449s] [ 85%] Built target deepracer_msgs_generate_messages_lisp
[0.455s] [100%] Built target deepracer_msgs_generate_messages_cpp
[0.469s] [100%] Built target deepracer_msgs_generate_messages
[0.482s] [36mInstall the project...[0m
[0.488s] -- Install configuration: ""
[0.488s] -- Up-to-date: /home/inspace/dr_logger/simulation_ws/install/deepracer_msgs/share/deepracer_msgs/msg/Progress.msg
[0.488s] -- Up-to-date: /home/inspace/dr_logger/simulation_ws/install/deepracer_msgs/share/deepracer_msgs/cmake/deepracer_msgs-msg-paths.cmake
[0.489s] -- Up-to-date: /home/inspace/dr_logger/simulation_ws/install/deepracer_msgs/include/deepracer_msgs
[0.489s] -- Up-to-date: /home/inspace/dr_logger/simulation_ws/install/deepracer_msgs/include/deepracer_msgs/Progress.h
[0.489s] -- Up-to-date: /home/inspace/dr_logger/simulation_ws/install/deepracer_msgs/share/roseus/ros/deepracer_msgs
[0.489s] -- Up-to-date: /home/inspace/dr_logger/simulation_ws/install/deepracer_msgs/share/roseus/ros/deepracer_msgs/msg
[0.489s] -- Up-to-date: /home/inspace/dr_logger/simulation_ws/install/deepracer_msgs/share/roseus/ros/deepracer_msgs/msg/Progress.l
[0.489s] -- Up-to-date: /home/inspace/dr_logger/simulation_ws/install/deepracer_msgs/share/roseus/ros/deepracer_msgs/manifest.l
[0.489s] -- Up-to-date: /home/inspace/dr_logger/simulation_ws/install/deepracer_msgs/share/common-lisp/ros/deepracer_msgs
[0.489s] -- Up-to-date: /home/inspace/dr_logger/simulation_ws/install/deepracer_msgs/share/common-lisp/ros/deepracer_msgs/msg
[0.489s] -- Up-to-date: /home/inspace/dr_logger/simulation_ws/install/deepracer_msgs/share/common-lisp/ros/deepracer_msgs/msg/deepracer_msgs-msg.asd
[0.489s] -- Up-to-date: /home/inspace/dr_logger/simulation_ws/install/deepracer_msgs/share/common-lisp/ros/deepracer_msgs/msg/_package_Progress.lisp
[0.489s] -- Up-to-date: /home/inspace/dr_logger/simulation_ws/install/deepracer_msgs/share/common-lisp/ros/deepracer_msgs/msg/_package.lisp
[0.489s] -- Up-to-date: /home/inspace/dr_logger/simulation_ws/install/deepracer_msgs/share/common-lisp/ros/deepracer_msgs/msg/Progress.lisp
[0.489s] -- Up-to-date: /home/inspace/dr_logger/simulation_ws/install/deepracer_msgs/share/gennodejs/ros/deepracer_msgs
[0.490s] -- Up-to-date: /home/inspace/dr_logger/simulation_ws/install/deepracer_msgs/share/gennodejs/ros/deepracer_msgs/_index.js
[0.490s] -- Up-to-date: /home/inspace/dr_logger/simulation_ws/install/deepracer_msgs/share/gennodejs/ros/deepracer_msgs/msg
[0.490s] -- Up-to-date: /home/inspace/dr_logger/simulation_ws/install/deepracer_msgs/share/gennodejs/ros/deepracer_msgs/msg/_index.js
[0.490s] -- Up-to-date: /home/inspace/dr_logger/simulation_ws/install/deepracer_msgs/share/gennodejs/ros/deepracer_msgs/msg/Progress.js
[0.498s] Listing /home/inspace/dr_logger/simulation_ws/build/deepracer_msgs/devel/lib/python2.7/dist-packages/deepracer_msgs ...
[0.498s] Listing /home/inspace/dr_logger/simulation_ws/build/deepracer_msgs/devel/lib/python2.7/dist-packages/deepracer_msgs/msg ...
[0.499s] -- Up-to-date: /home/inspace/dr_logger/simulation_ws/install/deepracer_msgs/lib/python2.7/dist-packages/deepracer_msgs
[0.499s] -- Up-to-date: /home/inspace/dr_logger/simulation_ws/install/deepracer_msgs/lib/python2.7/dist-packages/deepracer_msgs/__init__.pyc
[0.499s] -- Up-to-date: /home/inspace/dr_logger/simulation_ws/install/deepracer_msgs/lib/python2.7/dist-packages/deepracer_msgs/__init__.py
[0.499s] -- Up-to-date: /home/inspace/dr_logger/simulation_ws/install/deepracer_msgs/lib/python2.7/dist-packages/deepracer_msgs/msg
[0.499s] -- Up-to-date: /home/inspace/dr_logger/simulation_ws/install/deepracer_msgs/lib/python2.7/dist-packages/deepracer_msgs/msg/_Progress.pyc
[0.499s] -- Up-to-date: /home/inspace/dr_logger/simulation_ws/install/deepracer_msgs/lib/python2.7/dist-packages/deepracer_msgs/msg/__init__.pyc
[0.499s] -- Up-to-date: /home/inspace/dr_logger/simulation_ws/install/deepracer_msgs/lib/python2.7/dist-packages/deepracer_msgs/msg/__init__.py
[0.499s] -- Up-to-date: /home/inspace/dr_logger/simulation_ws/install/deepracer_msgs/lib/python2.7/dist-packages/deepracer_msgs/msg/_Progress.py
[0.499s] -- Up-to-date: /home/inspace/dr_logger/simulation_ws/install/deepracer_msgs/lib/pkgconfig/deepracer_msgs.pc
[0.499s] -- Up-to-date: /home/inspace/dr_logger/simulation_ws/install/deepracer_msgs/share/deepracer_msgs/cmake/deepracer_msgs-msg-extras.cmake
[0.499s] -- Up-to-date: /home/inspace/dr_logger/simulation_ws/install/deepracer_msgs/share/deepracer_msgs/cmake/deepracer_msgsConfig.cmake
[0.499s] -- Up-to-date: /home/inspace/dr_logger/simulation_ws/install/deepracer_msgs/share/deepracer_msgs/cmake/deepracer_msgsConfig-version.cmake
[0.499s] -- Up-to-date: /home/inspace/dr_logger/simulation_ws/install/deepracer_msgs/share/deepracer_msgs/package.xml
[0.501s] Invoked command in '/home/inspace/dr_logger/simulation_ws/build/deepracer_msgs' returned '0': /usr/bin/cmake --build /home/inspace/dr_logger/simulation_ws/build/deepracer_msgs --target install -- -j16 -l16
