[0.492s] DEBUG:colcon:Command line arguments: ['/home/inspacehj/.local/bin/colcon', 'build']
[0.492s] DEBUG:colcon:Parsed command line arguments: Namespace(ament_cmake_args=None, base_paths=['.'], build_base='build', catkin_cmake_args=None, catkin_skip_building_tests=False, cmake_args=None, cmake_clean_cache=False, cmake_clean_first=False, cmake_force_configure=False, cmake_target=None, cmake_target_skip_unavailable=False, continue_on_error=False, event_handlers=None, executor='parallel', ignore_user_meta=False, install_base='install', log_base=None, log_level=None, main=<bound method BuildVerb.main of <colcon_core.verb.build.BuildVerb object at 0x7f3040a94cf8>>, merge_install=False, metas=['./colcon.meta'], packages_above=None, packages_above_and_dependencies=None, packages_above_depth=None, packages_end=None, packages_ignore=None, packages_ignore_regex=None, packages_select=None, packages_select_build_failed=False, packages_select_by_dep=None, packages_select_regex=None, packages_select_test_failures=False, packages_skip=None, packages_skip_build_finished=False, packages_skip_by_dep=None, packages_skip_regex=None, packages_skip_test_passed=False, packages_skip_up_to=None, packages_start=None, packages_up_to=None, packages_up_to_regex=None, parallel_workers=16, paths=None, symlink_install=False, test_result_base=None, verb_extension=<colcon_core.verb.build.BuildVerb object at 0x7f3040a94cf8>, verb_name='build', verb_parser=<colcon_defaults.argument_parser.defaults.DefaultArgumentsDecorator object at 0x7f3040aaa0f0>)
[0.510s] Level 1:colcon.colcon_core.package_discovery:discover_packages(colcon_meta) check parameters
[0.510s] Level 1:colcon.colcon_core.package_discovery:discover_packages(recursive) check parameters
[0.510s] Level 1:colcon.colcon_core.package_discovery:discover_packages(ignore) check parameters
[0.510s] Level 1:colcon.colcon_core.package_discovery:discover_packages(path) check parameters
[0.510s] Level 1:colcon.colcon_core.package_discovery:discover_packages(colcon_meta) discover
[0.510s] Level 1:colcon.colcon_core.package_discovery:discover_packages(recursive) discover
[0.510s] INFO:colcon.colcon_core.package_discovery:Crawling recursively for packages in '/home/inspacehj/dr_logger/simulation_ws'
[0.510s] Level 1:colcon.colcon_core.package_identification:_identify(.) by extensions ['ignore', 'ignore_ament_install']
[0.510s] Level 1:colcon.colcon_core.package_identification:_identify(.) by extension 'ignore'
[0.510s] Level 1:colcon.colcon_core.package_identification:_identify(.) by extension 'ignore_ament_install'
[0.510s] Level 1:colcon.colcon_core.package_identification:_identify(.) by extensions ['colcon_pkg']
[0.510s] Level 1:colcon.colcon_core.package_identification:_identify(.) by extension 'colcon_pkg'
[0.510s] Level 1:colcon.colcon_core.package_identification:_identify(.) by extensions ['colcon_meta']
[0.510s] Level 1:colcon.colcon_core.package_identification:_identify(.) by extension 'colcon_meta'
[0.510s] Level 1:colcon.colcon_core.package_identification:_identify(.) by extensions ['ros']
[0.510s] Level 1:colcon.colcon_core.package_identification:_identify(.) by extension 'ros'
[0.519s] Level 1:colcon.colcon_core.package_identification:_identify(.) by extensions ['cmake', 'python']
[0.519s] Level 1:colcon.colcon_core.package_identification:_identify(.) by extension 'cmake'
[0.519s] Level 1:colcon.colcon_core.package_identification:_identify(.) by extension 'python'
[0.519s] Level 1:colcon.colcon_core.package_identification:_identify(.) by extensions ['python_setup_py']
[0.519s] Level 1:colcon.colcon_core.package_identification:_identify(.) by extension 'python_setup_py'
[0.519s] Level 1:colcon.colcon_core.package_identification:_identify(build) by extensions ['ignore', 'ignore_ament_install']
[0.519s] Level 1:colcon.colcon_core.package_identification:_identify(build) by extension 'ignore'
[0.519s] Level 1:colcon.colcon_core.package_identification:_identify(build) ignored
[0.520s] Level 1:colcon.colcon_core.package_identification:_identify(install) by extensions ['ignore', 'ignore_ament_install']
[0.520s] Level 1:colcon.colcon_core.package_identification:_identify(install) by extension 'ignore'
[0.520s] Level 1:colcon.colcon_core.package_identification:_identify(install) ignored
[0.520s] Level 1:colcon.colcon_core.package_identification:_identify(log) by extensions ['ignore', 'ignore_ament_install']
[0.520s] Level 1:colcon.colcon_core.package_identification:_identify(log) by extension 'ignore'
[0.520s] Level 1:colcon.colcon_core.package_identification:_identify(log) ignored
[0.520s] Level 1:colcon.colcon_core.package_identification:_identify(src) by extensions ['ignore', 'ignore_ament_install']
[0.520s] Level 1:colcon.colcon_core.package_identification:_identify(src) by extension 'ignore'
[0.520s] Level 1:colcon.colcon_core.package_identification:_identify(src) by extension 'ignore_ament_install'
[0.520s] Level 1:colcon.colcon_core.package_identification:_identify(src) by extensions ['colcon_pkg']
[0.520s] Level 1:colcon.colcon_core.package_identification:_identify(src) by extension 'colcon_pkg'
[0.520s] Level 1:colcon.colcon_core.package_identification:_identify(src) by extensions ['colcon_meta']
[0.520s] Level 1:colcon.colcon_core.package_identification:_identify(src) by extension 'colcon_meta'
[0.520s] Level 1:colcon.colcon_core.package_identification:_identify(src) by extensions ['ros']
[0.520s] Level 1:colcon.colcon_core.package_identification:_identify(src) by extension 'ros'
[0.520s] Level 1:colcon.colcon_core.package_identification:_identify(src) by extensions ['cmake', 'python']
[0.521s] Level 1:colcon.colcon_core.package_identification:_identify(src) by extension 'cmake'
[0.521s] Level 1:colcon.colcon_core.package_identification:_identify(src) by extension 'python'
[0.521s] Level 1:colcon.colcon_core.package_identification:_identify(src) by extensions ['python_setup_py']
[0.521s] Level 1:colcon.colcon_core.package_identification:_identify(src) by extension 'python_setup_py'
[0.521s] Level 1:colcon.colcon_core.package_identification:_identify(src/deepracer_interpreter) by extensions ['ignore', 'ignore_ament_install']
[0.521s] Level 1:colcon.colcon_core.package_identification:_identify(src/deepracer_interpreter) by extension 'ignore'
[0.521s] Level 1:colcon.colcon_core.package_identification:_identify(src/deepracer_interpreter) by extension 'ignore_ament_install'
[0.521s] Level 1:colcon.colcon_core.package_identification:_identify(src/deepracer_interpreter) by extensions ['colcon_pkg']
[0.521s] Level 1:colcon.colcon_core.package_identification:_identify(src/deepracer_interpreter) by extension 'colcon_pkg'
[0.521s] Level 1:colcon.colcon_core.package_identification:_identify(src/deepracer_interpreter) by extensions ['colcon_meta']
[0.521s] Level 1:colcon.colcon_core.package_identification:_identify(src/deepracer_interpreter) by extension 'colcon_meta'
[0.521s] Level 1:colcon.colcon_core.package_identification:_identify(src/deepracer_interpreter) by extensions ['ros']
[0.521s] Level 1:colcon.colcon_core.package_identification:_identify(src/deepracer_interpreter) by extension 'ros'
[0.523s] DEBUG:colcon.colcon_core.package_identification:Package 'src/deepracer_interpreter' with type 'ros.catkin' and name 'deepracer_interpreter'
[0.523s] Level 1:colcon.colcon_core.package_identification:_identify(src/deepracer_msgs) by extensions ['ignore', 'ignore_ament_install']
[0.523s] Level 1:colcon.colcon_core.package_identification:_identify(src/deepracer_msgs) by extension 'ignore'
[0.523s] Level 1:colcon.colcon_core.package_identification:_identify(src/deepracer_msgs) by extension 'ignore_ament_install'
[0.523s] Level 1:colcon.colcon_core.package_identification:_identify(src/deepracer_msgs) by extensions ['colcon_pkg']
[0.523s] Level 1:colcon.colcon_core.package_identification:_identify(src/deepracer_msgs) by extension 'colcon_pkg'
[0.523s] Level 1:colcon.colcon_core.package_identification:_identify(src/deepracer_msgs) by extensions ['colcon_meta']
[0.523s] Level 1:colcon.colcon_core.package_identification:_identify(src/deepracer_msgs) by extension 'colcon_meta'
[0.523s] Level 1:colcon.colcon_core.package_identification:_identify(src/deepracer_msgs) by extensions ['ros']
[0.523s] Level 1:colcon.colcon_core.package_identification:_identify(src/deepracer_msgs) by extension 'ros'
[0.524s] DEBUG:colcon.colcon_core.package_identification:Package 'src/deepracer_msgs' with type 'ros.catkin' and name 'deepracer_msgs'
[0.524s] Level 1:colcon.colcon_core.package_identification:_identify(src/deepracer_simulation) by extensions ['ignore', 'ignore_ament_install']
[0.524s] Level 1:colcon.colcon_core.package_identification:_identify(src/deepracer_simulation) by extension 'ignore'
[0.524s] Level 1:colcon.colcon_core.package_identification:_identify(src/deepracer_simulation) by extension 'ignore_ament_install'
[0.524s] Level 1:colcon.colcon_core.package_identification:_identify(src/deepracer_simulation) by extensions ['colcon_pkg']
[0.524s] Level 1:colcon.colcon_core.package_identification:_identify(src/deepracer_simulation) by extension 'colcon_pkg'
[0.524s] Level 1:colcon.colcon_core.package_identification:_identify(src/deepracer_simulation) by extensions ['colcon_meta']
[0.524s] Level 1:colcon.colcon_core.package_identification:_identify(src/deepracer_simulation) by extension 'colcon_meta'
[0.524s] Level 1:colcon.colcon_core.package_identification:_identify(src/deepracer_simulation) by extensions ['ros']
[0.524s] Level 1:colcon.colcon_core.package_identification:_identify(src/deepracer_simulation) by extension 'ros'
[0.525s] DEBUG:colcon.colcon_core.package_identification:Package 'src/deepracer_simulation' with type 'ros.catkin' and name 'deepracer_simulation'
[0.525s] Level 1:colcon.colcon_core.package_identification:_identify(src/sagemaker_rl_agent) by extensions ['ignore', 'ignore_ament_install']
[0.525s] Level 1:colcon.colcon_core.package_identification:_identify(src/sagemaker_rl_agent) by extension 'ignore'
[0.525s] Level 1:colcon.colcon_core.package_identification:_identify(src/sagemaker_rl_agent) by extension 'ignore_ament_install'
[0.525s] Level 1:colcon.colcon_core.package_identification:_identify(src/sagemaker_rl_agent) by extensions ['colcon_pkg']
[0.525s] Level 1:colcon.colcon_core.package_identification:_identify(src/sagemaker_rl_agent) by extension 'colcon_pkg'
[0.525s] Level 1:colcon.colcon_core.package_identification:_identify(src/sagemaker_rl_agent) by extensions ['colcon_meta']
[0.525s] Level 1:colcon.colcon_core.package_identification:_identify(src/sagemaker_rl_agent) by extension 'colcon_meta'
[0.525s] Level 1:colcon.colcon_core.package_identification:_identify(src/sagemaker_rl_agent) by extensions ['ros']
[0.525s] Level 1:colcon.colcon_core.package_identification:_identify(src/sagemaker_rl_agent) by extension 'ros'
[0.525s] Level 1:colcon.colcon_core.package_identification:_identify(src/sagemaker_rl_agent) by extensions ['cmake', 'python']
[0.525s] Level 1:colcon.colcon_core.package_identification:_identify(src/sagemaker_rl_agent) by extension 'cmake'
[0.525s] Level 1:colcon.colcon_core.package_identification:_identify(src/sagemaker_rl_agent) by extension 'python'
[0.525s] Level 1:colcon.colcon_core.package_identification:_identify(src/sagemaker_rl_agent) by extensions ['python_setup_py']
[0.525s] Level 1:colcon.colcon_core.package_identification:_identify(src/sagemaker_rl_agent) by extension 'python_setup_py'
[0.710s] DEBUG:colcon.colcon_core.package_identification:Package 'src/sagemaker_rl_agent' with type 'python' and name 'sagemaker_rl_agent'
[0.710s] Level 1:colcon.colcon_core.package_discovery:discover_packages(recursive) using defaults
[0.710s] Level 1:colcon.colcon_core.package_discovery:discover_packages(ignore) discover
[0.710s] Level 1:colcon.colcon_core.package_discovery:discover_packages(ignore) using defaults
[0.711s] Level 1:colcon.colcon_core.package_discovery:discover_packages(path) discover
[0.711s] Level 1:colcon.colcon_core.package_discovery:discover_packages(path) using defaults
[0.753s] Level 5:colcon.colcon_core.verb:set package 'deepracer_msgs' build argument 'cmake_args' from command line to 'None'
[0.753s] Level 5:colcon.colcon_core.verb:set package 'deepracer_msgs' build argument 'cmake_target' from command line to 'None'
[0.753s] Level 5:colcon.colcon_core.verb:set package 'deepracer_msgs' build argument 'cmake_target_skip_unavailable' from command line to 'False'
[0.753s] Level 5:colcon.colcon_core.verb:set package 'deepracer_msgs' build argument 'cmake_clean_cache' from command line to 'False'
[0.753s] Level 5:colcon.colcon_core.verb:set package 'deepracer_msgs' build argument 'cmake_clean_first' from command line to 'False'
[0.754s] Level 5:colcon.colcon_core.verb:set package 'deepracer_msgs' build argument 'cmake_force_configure' from command line to 'False'
[0.754s] Level 5:colcon.colcon_core.verb:set package 'deepracer_msgs' build argument 'ament_cmake_args' from command line to 'None'
[0.754s] Level 5:colcon.colcon_core.verb:set package 'deepracer_msgs' build argument 'catkin_cmake_args' from command line to 'None'
[0.754s] Level 5:colcon.colcon_core.verb:set package 'deepracer_msgs' build argument 'catkin_skip_building_tests' from command line to 'False'
[0.754s] DEBUG:colcon.colcon_core.verb:Building package 'deepracer_msgs' with the following arguments: {'ament_cmake_args': None, 'build_base': '/home/inspacehj/dr_logger/simulation_ws/build/deepracer_msgs', 'catkin_cmake_args': None, 'catkin_skip_building_tests': False, 'cmake_args': None, 'cmake_clean_cache': False, 'cmake_clean_first': False, 'cmake_force_configure': False, 'cmake_target': None, 'cmake_target_skip_unavailable': False, 'install_base': '/home/inspacehj/dr_logger/simulation_ws/install/deepracer_msgs', 'merge_install': False, 'path': '/home/inspacehj/dr_logger/simulation_ws/src/deepracer_msgs', 'symlink_install': False, 'test_result_base': None}
[0.764s] Level 5:colcon.colcon_core.verb:set package 'sagemaker_rl_agent' build argument 'cmake_args' from command line to 'None'
[0.764s] Level 5:colcon.colcon_core.verb:set package 'sagemaker_rl_agent' build argument 'cmake_target' from command line to 'None'
[0.764s] Level 5:colcon.colcon_core.verb:set package 'sagemaker_rl_agent' build argument 'cmake_target_skip_unavailable' from command line to 'False'
[0.764s] Level 5:colcon.colcon_core.verb:set package 'sagemaker_rl_agent' build argument 'cmake_clean_cache' from command line to 'False'
[0.764s] Level 5:colcon.colcon_core.verb:set package 'sagemaker_rl_agent' build argument 'cmake_clean_first' from command line to 'False'
[0.764s] Level 5:colcon.colcon_core.verb:set package 'sagemaker_rl_agent' build argument 'cmake_force_configure' from command line to 'False'
[0.764s] Level 5:colcon.colcon_core.verb:set package 'sagemaker_rl_agent' build argument 'ament_cmake_args' from command line to 'None'
[0.764s] Level 5:colcon.colcon_core.verb:set package 'sagemaker_rl_agent' build argument 'catkin_cmake_args' from command line to 'None'
[0.764s] Level 5:colcon.colcon_core.verb:set package 'sagemaker_rl_agent' build argument 'catkin_skip_building_tests' from command line to 'False'
[0.764s] DEBUG:colcon.colcon_core.verb:Building package 'sagemaker_rl_agent' with the following arguments: {'ament_cmake_args': None, 'build_base': '/home/inspacehj/dr_logger/simulation_ws/build/sagemaker_rl_agent', 'catkin_cmake_args': None, 'catkin_skip_building_tests': False, 'cmake_args': None, 'cmake_clean_cache': False, 'cmake_clean_first': False, 'cmake_force_configure': False, 'cmake_target': None, 'cmake_target_skip_unavailable': False, 'install_base': '/home/inspacehj/dr_logger/simulation_ws/install/sagemaker_rl_agent', 'merge_install': False, 'path': '/home/inspacehj/dr_logger/simulation_ws/src/sagemaker_rl_agent', 'symlink_install': False, 'test_result_base': None}
[0.774s] Level 5:colcon.colcon_core.verb:set package 'deepracer_interpreter' build argument 'cmake_args' from command line to 'None'
[0.774s] Level 5:colcon.colcon_core.verb:set package 'deepracer_interpreter' build argument 'cmake_target' from command line to 'None'
[0.774s] Level 5:colcon.colcon_core.verb:set package 'deepracer_interpreter' build argument 'cmake_target_skip_unavailable' from command line to 'False'
[0.774s] Level 5:colcon.colcon_core.verb:set package 'deepracer_interpreter' build argument 'cmake_clean_cache' from command line to 'False'
[0.774s] Level 5:colcon.colcon_core.verb:set package 'deepracer_interpreter' build argument 'cmake_clean_first' from command line to 'False'
[0.774s] Level 5:colcon.colcon_core.verb:set package 'deepracer_interpreter' build argument 'cmake_force_configure' from command line to 'False'
[0.774s] Level 5:colcon.colcon_core.verb:set package 'deepracer_interpreter' build argument 'ament_cmake_args' from command line to 'None'
[0.774s] Level 5:colcon.colcon_core.verb:set package 'deepracer_interpreter' build argument 'catkin_cmake_args' from command line to 'None'
[0.774s] Level 5:colcon.colcon_core.verb:set package 'deepracer_interpreter' build argument 'catkin_skip_building_tests' from command line to 'False'
[0.774s] DEBUG:colcon.colcon_core.verb:Building package 'deepracer_interpreter' with the following arguments: {'ament_cmake_args': None, 'build_base': '/home/inspacehj/dr_logger/simulation_ws/build/deepracer_interpreter', 'catkin_cmake_args': None, 'catkin_skip_building_tests': False, 'cmake_args': None, 'cmake_clean_cache': False, 'cmake_clean_first': False, 'cmake_force_configure': False, 'cmake_target': None, 'cmake_target_skip_unavailable': False, 'install_base': '/home/inspacehj/dr_logger/simulation_ws/install/deepracer_interpreter', 'merge_install': False, 'path': '/home/inspacehj/dr_logger/simulation_ws/src/deepracer_interpreter', 'symlink_install': False, 'test_result_base': None}
[0.784s] Level 5:colcon.colcon_core.verb:set package 'deepracer_simulation' build argument 'cmake_args' from command line to 'None'
[0.784s] Level 5:colcon.colcon_core.verb:set package 'deepracer_simulation' build argument 'cmake_target' from command line to 'None'
[0.784s] Level 5:colcon.colcon_core.verb:set package 'deepracer_simulation' build argument 'cmake_target_skip_unavailable' from command line to 'False'
[0.784s] Level 5:colcon.colcon_core.verb:set package 'deepracer_simulation' build argument 'cmake_clean_cache' from command line to 'False'
[0.784s] Level 5:colcon.colcon_core.verb:set package 'deepracer_simulation' build argument 'cmake_clean_first' from command line to 'False'
[0.784s] Level 5:colcon.colcon_core.verb:set package 'deepracer_simulation' build argument 'cmake_force_configure' from command line to 'False'
[0.784s] Level 5:colcon.colcon_core.verb:set package 'deepracer_simulation' build argument 'ament_cmake_args' from command line to 'None'
[0.784s] Level 5:colcon.colcon_core.verb:set package 'deepracer_simulation' build argument 'catkin_cmake_args' from command line to 'None'
[0.784s] Level 5:colcon.colcon_core.verb:set package 'deepracer_simulation' build argument 'catkin_skip_building_tests' from command line to 'False'
[0.784s] DEBUG:colcon.colcon_core.verb:Building package 'deepracer_simulation' with the following arguments: {'ament_cmake_args': None, 'build_base': '/home/inspacehj/dr_logger/simulation_ws/build/deepracer_simulation', 'catkin_cmake_args': None, 'catkin_skip_building_tests': False, 'cmake_args': None, 'cmake_clean_cache': False, 'cmake_clean_first': False, 'cmake_force_configure': False, 'cmake_target': None, 'cmake_target_skip_unavailable': False, 'install_base': '/home/inspacehj/dr_logger/simulation_ws/install/deepracer_simulation', 'merge_install': False, 'path': '/home/inspacehj/dr_logger/simulation_ws/src/deepracer_simulation', 'symlink_install': False, 'test_result_base': None}
[0.786s] INFO:colcon.colcon_core.executor:Executing jobs using 'parallel' executor
[0.804s] DEBUG:colcon.colcon_parallel_executor.executor.parallel:run_until_complete
[0.804s] INFO:colcon.colcon_ros.task.catkin.build:Building ROS package in '/home/inspacehj/dr_logger/simulation_ws/src/deepracer_msgs' with build type 'catkin'
[0.804s] INFO:colcon.colcon_cmake.task.cmake.build:Building CMake package in '/home/inspacehj/dr_logger/simulation_ws/src/deepracer_msgs'
[0.813s] INFO:colcon.colcon_core.plugin_system:Skipping extension 'colcon_core.shell.bat': Not used on non-Windows systems
[0.813s] INFO:colcon.colcon_core.shell:Skip shell extension 'powershell' for command environment: Not usable outside of PowerShell
[0.813s] DEBUG:colcon.colcon_core.shell:Skip shell extension 'dsv' for command environment
[0.819s] DEBUG:colcon.colcon_core.shell:Ignoring prefix path '/home/inspacehj/drone_mpc_ws/devel/.private/catkin_tools_prebuild'
[0.819s] DEBUG:colcon.colcon_core.shell:Ignoring prefix path '/home/inspacehj/drone_ws/devel/.private/catkin_tools_prebuild'
[0.819s] DEBUG:colcon.colcon_core.shell:Ignoring prefix path '/home/inspacehj/drone_mpc_ws/devel'
[0.820s] DEBUG:colcon.colcon_core.shell:Ignoring prefix path '/home/inspacehj/autosim_ws/devel'
[0.820s] DEBUG:colcon.colcon_core.shell:Ignoring prefix path '/home/inspacehj/catkin_ws/devel'
[0.820s] DEBUG:colcon.colcon_core.shell:Ignoring prefix path '/home/inspacehj/drone_ws/devel'
[0.820s] DEBUG:colcon.colcon_core.shell:Ignoring prefix path '/opt/ros/melodic'
[0.822s] INFO:colcon.colcon_core.task.python.build:Building Python package in '/home/inspacehj/dr_logger/simulation_ws/src/sagemaker_rl_agent'
[0.829s] INFO:colcon.colcon_core.shell:Skip shell extension 'powershell' for command environment: Not usable outside of PowerShell
[0.829s] DEBUG:colcon.colcon_core.shell:Skip shell extension 'dsv' for command environment
[0.835s] DEBUG:colcon.colcon_core.shell:Ignoring prefix path '/home/inspacehj/drone_mpc_ws/devel/.private/catkin_tools_prebuild'
[0.835s] DEBUG:colcon.colcon_core.shell:Ignoring prefix path '/home/inspacehj/drone_ws/devel/.private/catkin_tools_prebuild'
[0.835s] DEBUG:colcon.colcon_core.shell:Ignoring prefix path '/home/inspacehj/drone_mpc_ws/devel'
[0.835s] DEBUG:colcon.colcon_core.shell:Ignoring prefix path '/home/inspacehj/autosim_ws/devel'
[0.835s] DEBUG:colcon.colcon_core.shell:Ignoring prefix path '/home/inspacehj/catkin_ws/devel'
[0.835s] DEBUG:colcon.colcon_core.shell:Ignoring prefix path '/home/inspacehj/drone_ws/devel'
[0.835s] DEBUG:colcon.colcon_core.shell:Ignoring prefix path '/opt/ros/melodic'
[0.841s] DEBUG:colcon.colcon_core.event_handler.log_command:Invoking command in '/home/inspacehj/dr_logger/simulation_ws/build/deepracer_msgs': /usr/bin/cmake --build /home/inspacehj/dr_logger/simulation_ws/build/deepracer_msgs -- -j16 -l16
[1.031s] DEBUG:colcon.colcon_core.event_handler.log_command:Invoking command in '/home/inspacehj/dr_logger/simulation_ws/src/sagemaker_rl_agent': PYTHONPATH=/home/inspacehj/dr_logger/simulation_ws/install/sagemaker_rl_agent/lib/python3.6/site-packages:${PYTHONPATH} /usr/bin/python3 setup.py egg_info --egg-base ../../build/sagemaker_rl_agent build --build-base /home/inspacehj/dr_logger/simulation_ws/build/sagemaker_rl_agent/build install --prefix /home/inspacehj/dr_logger/simulation_ws/install/sagemaker_rl_agent --record /home/inspacehj/dr_logger/simulation_ws/build/sagemaker_rl_agent/install.log --single-version-externally-managed
[1.034s] DEBUG:colcon.colcon_core.event_handler.log_command:Invoked command in '/home/inspacehj/dr_logger/simulation_ws/build/deepracer_msgs' returned '2': /usr/bin/cmake --build /home/inspacehj/dr_logger/simulation_ws/build/deepracer_msgs -- -j16 -l16
[1.060s] Level 1:colcon.colcon_core.shell:create_environment_hook('deepracer_msgs', 'ros_package_path')
[1.068s] INFO:colcon.colcon_core.shell:Creating environment hook '/home/inspacehj/dr_logger/simulation_ws/install/deepracer_msgs/share/deepracer_msgs/hook/ros_package_path.ps1'
[1.068s] INFO:colcon.colcon_core.shell:Creating environment descriptor '/home/inspacehj/dr_logger/simulation_ws/install/deepracer_msgs/share/deepracer_msgs/hook/ros_package_path.dsv'
[1.068s] INFO:colcon.colcon_core.shell:Creating environment hook '/home/inspacehj/dr_logger/simulation_ws/install/deepracer_msgs/share/deepracer_msgs/hook/ros_package_path.sh'
[1.069s] Level 1:colcon.colcon_ros.task.catkin:checking '/home/inspacehj/dr_logger/simulation_ws/install/deepracer_msgs/lib/python2.7/dist-packages'
[1.069s] Level 1:colcon.colcon_core.shell:create_environment_hook('deepracer_msgs', 'catkin_pythonpath')
[1.076s] INFO:colcon.colcon_core.shell:Creating environment hook '/home/inspacehj/dr_logger/simulation_ws/install/deepracer_msgs/share/deepracer_msgs/hook/catkin_pythonpath.ps1'
[1.077s] INFO:colcon.colcon_core.shell:Creating environment descriptor '/home/inspacehj/dr_logger/simulation_ws/install/deepracer_msgs/share/deepracer_msgs/hook/catkin_pythonpath.dsv'
[1.077s] INFO:colcon.colcon_core.shell:Creating environment hook '/home/inspacehj/dr_logger/simulation_ws/install/deepracer_msgs/share/deepracer_msgs/hook/catkin_pythonpath.sh'
[1.077s] Level 1:colcon.colcon_core.shell:create_environment_hook('deepracer_msgs', 'pkg_config_path')
[1.085s] INFO:colcon.colcon_core.shell:Creating environment hook '/home/inspacehj/dr_logger/simulation_ws/install/deepracer_msgs/share/deepracer_msgs/hook/pkg_config_path.ps1'
[1.085s] INFO:colcon.colcon_core.shell:Creating environment descriptor '/home/inspacehj/dr_logger/simulation_ws/install/deepracer_msgs/share/deepracer_msgs/hook/pkg_config_path.dsv'
[1.085s] INFO:colcon.colcon_core.shell:Creating environment hook '/home/inspacehj/dr_logger/simulation_ws/install/deepracer_msgs/share/deepracer_msgs/hook/pkg_config_path.sh'
[1.088s] Level 1:colcon.colcon_core.shell:create_environment_hook('deepracer_msgs', 'pkg_config_path_multiarch')
[1.096s] INFO:colcon.colcon_core.shell:Creating environment hook '/home/inspacehj/dr_logger/simulation_ws/install/deepracer_msgs/share/deepracer_msgs/hook/pkg_config_path_multiarch.ps1'
[1.096s] INFO:colcon.colcon_core.shell:Creating environment descriptor '/home/inspacehj/dr_logger/simulation_ws/install/deepracer_msgs/share/deepracer_msgs/hook/pkg_config_path_multiarch.dsv'
[1.096s] INFO:colcon.colcon_core.shell:Creating environment hook '/home/inspacehj/dr_logger/simulation_ws/install/deepracer_msgs/share/deepracer_msgs/hook/pkg_config_path_multiarch.sh'
[1.104s] Level 1:colcon.colcon_core.environment:create_environment_scripts_only(deepracer_msgs)
[1.114s] Level 1:colcon.colcon_core.environment:checking '/home/inspacehj/dr_logger/simulation_ws/install/deepracer_msgs' for CMake module files
[1.114s] Level 1:colcon.colcon_core.environment:checking '/home/inspacehj/dr_logger/simulation_ws/install/deepracer_msgs' for CMake config files
[1.115s] Level 1:colcon.colcon_core.shell:create_environment_hook('deepracer_msgs', 'cmake_prefix_path')
[1.122s] INFO:colcon.colcon_core.shell:Creating environment hook '/home/inspacehj/dr_logger/simulation_ws/install/deepracer_msgs/share/deepracer_msgs/hook/cmake_prefix_path.ps1'
[1.122s] INFO:colcon.colcon_core.shell:Creating environment descriptor '/home/inspacehj/dr_logger/simulation_ws/install/deepracer_msgs/share/deepracer_msgs/hook/cmake_prefix_path.dsv'
[1.122s] INFO:colcon.colcon_core.shell:Creating environment hook '/home/inspacehj/dr_logger/simulation_ws/install/deepracer_msgs/share/deepracer_msgs/hook/cmake_prefix_path.sh'
[1.123s] Level 1:colcon.colcon_core.environment:checking '/home/inspacehj/dr_logger/simulation_ws/install/deepracer_msgs/lib'
[1.123s] Level 1:colcon.colcon_core.environment:checking '/home/inspacehj/dr_logger/simulation_ws/install/deepracer_msgs/bin'
[1.123s] Level 1:colcon.colcon_core.environment:checking '/home/inspacehj/dr_logger/simulation_ws/install/deepracer_msgs/lib/pkgconfig/deepracer_msgs.pc'
[1.123s] Level 1:colcon.colcon_core.shell:create_environment_hook('deepracer_msgs', 'pkg_config')
[1.131s] INFO:colcon.colcon_core.shell:Creating environment hook '/home/inspacehj/dr_logger/simulation_ws/install/deepracer_msgs/share/deepracer_msgs/hook/pkg_config.ps1'
[1.131s] INFO:colcon.colcon_core.shell:Creating environment descriptor '/home/inspacehj/dr_logger/simulation_ws/install/deepracer_msgs/share/deepracer_msgs/hook/pkg_config.dsv'
[1.131s] INFO:colcon.colcon_core.shell:Creating environment hook '/home/inspacehj/dr_logger/simulation_ws/install/deepracer_msgs/share/deepracer_msgs/hook/pkg_config.sh'
[1.132s] Level 1:colcon.colcon_core.environment:checking '/home/inspacehj/dr_logger/simulation_ws/install/deepracer_msgs/lib/python3.6/site-packages'
[1.139s] INFO:colcon.colcon_core.shell:Creating package script '/home/inspacehj/dr_logger/simulation_ws/install/deepracer_msgs/share/deepracer_msgs/package.ps1'
[1.140s] INFO:colcon.colcon_core.shell:Creating package descriptor '/home/inspacehj/dr_logger/simulation_ws/install/deepracer_msgs/share/deepracer_msgs/package.dsv'
[1.141s] INFO:colcon.colcon_core.shell:Creating package script '/home/inspacehj/dr_logger/simulation_ws/install/deepracer_msgs/share/deepracer_msgs/package.sh'
[1.141s] INFO:colcon.colcon_core.shell:Creating package script '/home/inspacehj/dr_logger/simulation_ws/install/deepracer_msgs/share/deepracer_msgs/package.bash'
[1.142s] INFO:colcon.colcon_core.shell:Creating package script '/home/inspacehj/dr_logger/simulation_ws/install/deepracer_msgs/share/deepracer_msgs/package.zsh'
[1.142s] Level 1:colcon.colcon_core.environment:create_file_with_runtime_dependencies(/home/inspacehj/dr_logger/simulation_ws/install/deepracer_msgs/share/colcon-core/packages/deepracer_msgs)
[1.275s] DEBUG:colcon.colcon_parallel_executor.executor.parallel:closing loop
[1.275s] DEBUG:colcon.colcon_parallel_executor.executor.parallel:loop closed
[1.275s] DEBUG:colcon.colcon_parallel_executor.executor.parallel:run_until_complete finished with '2'
[1.275s] DEBUG:colcon.colcon_core.event_reactor:joining thread
[1.285s] INFO:colcon.colcon_core.plugin_system:Skipping extension 'colcon_notification.desktop_notification.terminal_notifier': Not used on non-Darwin systems
[1.285s] INFO:colcon.colcon_core.plugin_system:Skipping extension 'colcon_notification.desktop_notification.win32': Not used on non-Windows systems
[1.285s] INFO:colcon.colcon_notification.desktop_notification:Sending desktop notification using 'notify2'
[1.287s] DEBUG:colcon.colcon_core.event_reactor:joined thread
[1.295s] INFO:colcon.colcon_core.shell:Creating prefix script '/home/inspacehj/dr_logger/simulation_ws/install/local_setup.ps1'
[1.295s] INFO:colcon.colcon_core.shell:Creating prefix util module '/home/inspacehj/dr_logger/simulation_ws/install/_local_setup_util_ps1.py'
[1.296s] INFO:colcon.colcon_core.shell:Creating prefix chain script '/home/inspacehj/dr_logger/simulation_ws/install/setup.ps1'
[1.303s] INFO:colcon.colcon_core.shell:Creating prefix script '/home/inspacehj/dr_logger/simulation_ws/install/local_setup.sh'
[1.303s] INFO:colcon.colcon_core.shell:Creating prefix util module '/home/inspacehj/dr_logger/simulation_ws/install/_local_setup_util_sh.py'
[1.303s] INFO:colcon.colcon_core.shell:Creating prefix chain script '/home/inspacehj/dr_logger/simulation_ws/install/setup.sh'
[1.309s] INFO:colcon.colcon_core.shell:Creating prefix script '/home/inspacehj/dr_logger/simulation_ws/install/local_setup.bash'
[1.310s] INFO:colcon.colcon_core.shell:Creating prefix chain script '/home/inspacehj/dr_logger/simulation_ws/install/setup.bash'
[1.316s] INFO:colcon.colcon_core.shell:Creating prefix script '/home/inspacehj/dr_logger/simulation_ws/install/local_setup.zsh'
[1.317s] INFO:colcon.colcon_core.shell:Creating prefix chain script '/home/inspacehj/dr_logger/simulation_ws/install/setup.zsh'
