[0.035s] Invoking command in '/home/inspacehj/dr_logger/simulation_ws/build/deepracer_msgs': /usr/bin/cmake --build /home/inspacehj/dr_logger/simulation_ws/build/deepracer_msgs -- -j16 -l16
[0.072s] [  0%] Built target std_msgs_generate_messages_eus
[0.072s] [  0%] Built target std_msgs_generate_messages_cpp
[0.072s] [  0%] Built target std_msgs_generate_messages_py
[0.073s] [  0%] Built target std_msgs_generate_messages_nodejs
[0.074s] [  0%] Built target std_msgs_generate_messages_lisp
[0.088s] [  0%] Built target _deepracer_msgs_generate_messages_check_deps_Progress
[0.092s] [  0%] Built target _deepracer_msgs_generate_messages_check_deps_Control_input
[0.107s] [ 58%] Built target deepracer_msgs_generate_messages_lisp
[0.107s] [ 58%] Built target deepracer_msgs_generate_messages_cpp
[0.107s] [ 58%] Built target deepracer_msgs_generate_messages_eus
[0.108s] [ 83%] Built target deepracer_msgs_generate_messages_py
[0.109s] [100%] Built target deepracer_msgs_generate_messages_nodejs
[0.123s] [100%] Built target deepracer_msgs_generate_messages
[0.233s] Invoked command in '/home/inspacehj/dr_logger/simulation_ws/build/deepracer_msgs' returned '0': /usr/bin/cmake --build /home/inspacehj/dr_logger/simulation_ws/build/deepracer_msgs -- -j16 -l16
[0.258s] Invoking command in '/home/inspacehj/dr_logger/simulation_ws/build/deepracer_msgs': /usr/bin/cmake --build /home/inspacehj/dr_logger/simulation_ws/build/deepracer_msgs --target tests -- -j16 -l16
[0.302s] Built target tests
[0.312s] Invoked command in '/home/inspacehj/dr_logger/simulation_ws/build/deepracer_msgs' returned '0': /usr/bin/cmake --build /home/inspacehj/dr_logger/simulation_ws/build/deepracer_msgs --target tests -- -j16 -l16
[0.346s] Invoking command in '/home/inspacehj/dr_logger/simulation_ws/build/deepracer_msgs': /usr/bin/cmake --build /home/inspacehj/dr_logger/simulation_ws/build/deepracer_msgs --target install -- -j16 -l16
[0.380s] [  0%] Built target std_msgs_generate_messages_lisp
[0.380s] [  0%] Built target std_msgs_generate_messages_nodejs
[0.381s] [  0%] Built target std_msgs_generate_messages_py
[0.383s] [  0%] Built target std_msgs_generate_messages_cpp
[0.383s] [  0%] Built target std_msgs_generate_messages_eus
[0.400s] [  0%] Built target _deepracer_msgs_generate_messages_check_deps_Progress
[0.405s] [  0%] Built target _deepracer_msgs_generate_messages_check_deps_Control_input
[0.420s] [ 25%] Built target deepracer_msgs_generate_messages_py
[0.421s] [ 50%] Built target deepracer_msgs_generate_messages_eus
[0.421s] [ 66%] Built target deepracer_msgs_generate_messages_nodejs
[0.422s] [ 83%] Built target deepracer_msgs_generate_messages_lisp
[0.423s] [100%] Built target deepracer_msgs_generate_messages_cpp
[0.436s] [100%] Built target deepracer_msgs_generate_messages
[0.450s] [36mInstall the project...[0m
[0.456s] -- Install configuration: ""
[0.456s] -- Up-to-date: /home/inspacehj/dr_logger/simulation_ws/install/deepracer_msgs/share/deepracer_msgs/msg/Progress.msg
[0.456s] -- Up-to-date: /home/inspacehj/dr_logger/simulation_ws/install/deepracer_msgs/share/deepracer_msgs/msg/Control_input.msg
[0.456s] -- Up-to-date: /home/inspacehj/dr_logger/simulation_ws/install/deepracer_msgs/share/deepracer_msgs/cmake/deepracer_msgs-msg-paths.cmake
[0.457s] -- Up-to-date: /home/inspacehj/dr_logger/simulation_ws/install/deepracer_msgs/include/deepracer_msgs
[0.457s] -- Up-to-date: /home/inspacehj/dr_logger/simulation_ws/install/deepracer_msgs/include/deepracer_msgs/Progress.h
[0.457s] -- Up-to-date: /home/inspacehj/dr_logger/simulation_ws/install/deepracer_msgs/include/deepracer_msgs/Control_input.h
[0.457s] -- Up-to-date: /home/inspacehj/dr_logger/simulation_ws/install/deepracer_msgs/share/roseus/ros/deepracer_msgs
[0.457s] -- Up-to-date: /home/inspacehj/dr_logger/simulation_ws/install/deepracer_msgs/share/roseus/ros/deepracer_msgs/msg
[0.457s] -- Up-to-date: /home/inspacehj/dr_logger/simulation_ws/install/deepracer_msgs/share/roseus/ros/deepracer_msgs/msg/Progress.l
[0.457s] -- Up-to-date: /home/inspacehj/dr_logger/simulation_ws/install/deepracer_msgs/share/roseus/ros/deepracer_msgs/msg/Control_input.l
[0.457s] -- Up-to-date: /home/inspacehj/dr_logger/simulation_ws/install/deepracer_msgs/share/roseus/ros/deepracer_msgs/manifest.l
[0.457s] -- Up-to-date: /home/inspacehj/dr_logger/simulation_ws/install/deepracer_msgs/share/common-lisp/ros/deepracer_msgs
[0.457s] -- Up-to-date: /home/inspacehj/dr_logger/simulation_ws/install/deepracer_msgs/share/common-lisp/ros/deepracer_msgs/msg
[0.457s] -- Up-to-date: /home/inspacehj/dr_logger/simulation_ws/install/deepracer_msgs/share/common-lisp/ros/deepracer_msgs/msg/deepracer_msgs-msg.asd
[0.457s] -- Up-to-date: /home/inspacehj/dr_logger/simulation_ws/install/deepracer_msgs/share/common-lisp/ros/deepracer_msgs/msg/_package_Progress.lisp
[0.457s] -- Up-to-date: /home/inspacehj/dr_logger/simulation_ws/install/deepracer_msgs/share/common-lisp/ros/deepracer_msgs/msg/_package_Control_input.lisp
[0.457s] -- Up-to-date: /home/inspacehj/dr_logger/simulation_ws/install/deepracer_msgs/share/common-lisp/ros/deepracer_msgs/msg/_package.lisp
[0.457s] -- Up-to-date: /home/inspacehj/dr_logger/simulation_ws/install/deepracer_msgs/share/common-lisp/ros/deepracer_msgs/msg/Control_input.lisp
[0.457s] -- Up-to-date: /home/inspacehj/dr_logger/simulation_ws/install/deepracer_msgs/share/common-lisp/ros/deepracer_msgs/msg/Progress.lisp
[0.457s] -- Up-to-date: /home/inspacehj/dr_logger/simulation_ws/install/deepracer_msgs/share/gennodejs/ros/deepracer_msgs
[0.457s] -- Up-to-date: /home/inspacehj/dr_logger/simulation_ws/install/deepracer_msgs/share/gennodejs/ros/deepracer_msgs/_index.js
[0.457s] -- Up-to-date: /home/inspacehj/dr_logger/simulation_ws/install/deepracer_msgs/share/gennodejs/ros/deepracer_msgs/msg
[0.458s] -- Up-to-date: /home/inspacehj/dr_logger/simulation_ws/install/deepracer_msgs/share/gennodejs/ros/deepracer_msgs/msg/Control_input.js
[0.458s] -- Up-to-date: /home/inspacehj/dr_logger/simulation_ws/install/deepracer_msgs/share/gennodejs/ros/deepracer_msgs/msg/_index.js
[0.458s] -- Up-to-date: /home/inspacehj/dr_logger/simulation_ws/install/deepracer_msgs/share/gennodejs/ros/deepracer_msgs/msg/Progress.js
[0.464s] Listing /home/inspacehj/dr_logger/simulation_ws/build/deepracer_msgs/devel/lib/python2.7/dist-packages/deepracer_msgs ...
[0.464s] Listing /home/inspacehj/dr_logger/simulation_ws/build/deepracer_msgs/devel/lib/python2.7/dist-packages/deepracer_msgs/msg ...
[0.466s] -- Up-to-date: /home/inspacehj/dr_logger/simulation_ws/install/deepracer_msgs/lib/python2.7/dist-packages/deepracer_msgs
[0.466s] -- Up-to-date: /home/inspacehj/dr_logger/simulation_ws/install/deepracer_msgs/lib/python2.7/dist-packages/deepracer_msgs/__init__.pyc
[0.466s] -- Up-to-date: /home/inspacehj/dr_logger/simulation_ws/install/deepracer_msgs/lib/python2.7/dist-packages/deepracer_msgs/__init__.py
[0.466s] -- Up-to-date: /home/inspacehj/dr_logger/simulation_ws/install/deepracer_msgs/lib/python2.7/dist-packages/deepracer_msgs/msg
[0.466s] -- Up-to-date: /home/inspacehj/dr_logger/simulation_ws/install/deepracer_msgs/lib/python2.7/dist-packages/deepracer_msgs/msg/_Progress.pyc
[0.466s] -- Up-to-date: /home/inspacehj/dr_logger/simulation_ws/install/deepracer_msgs/lib/python2.7/dist-packages/deepracer_msgs/msg/__init__.pyc
[0.466s] -- Up-to-date: /home/inspacehj/dr_logger/simulation_ws/install/deepracer_msgs/lib/python2.7/dist-packages/deepracer_msgs/msg/_Control_input.py
[0.466s] -- Up-to-date: /home/inspacehj/dr_logger/simulation_ws/install/deepracer_msgs/lib/python2.7/dist-packages/deepracer_msgs/msg/__init__.py
[0.466s] -- Up-to-date: /home/inspacehj/dr_logger/simulation_ws/install/deepracer_msgs/lib/python2.7/dist-packages/deepracer_msgs/msg/_Progress.py
[0.466s] -- Up-to-date: /home/inspacehj/dr_logger/simulation_ws/install/deepracer_msgs/lib/python2.7/dist-packages/deepracer_msgs/msg/_Control_input.pyc
[0.466s] -- Up-to-date: /home/inspacehj/dr_logger/simulation_ws/install/deepracer_msgs/lib/pkgconfig/deepracer_msgs.pc
[0.466s] -- Up-to-date: /home/inspacehj/dr_logger/simulation_ws/install/deepracer_msgs/share/deepracer_msgs/cmake/deepracer_msgs-msg-extras.cmake
[0.466s] -- Up-to-date: /home/inspacehj/dr_logger/simulation_ws/install/deepracer_msgs/share/deepracer_msgs/cmake/deepracer_msgsConfig.cmake
[0.466s] -- Up-to-date: /home/inspacehj/dr_logger/simulation_ws/install/deepracer_msgs/share/deepracer_msgs/cmake/deepracer_msgsConfig-version.cmake
[0.466s] -- Up-to-date: /home/inspacehj/dr_logger/simulation_ws/install/deepracer_msgs/share/deepracer_msgs/package.xml
[0.468s] Invoked command in '/home/inspacehj/dr_logger/simulation_ws/build/deepracer_msgs' returned '0': /usr/bin/cmake --build /home/inspacehj/dr_logger/simulation_ws/build/deepracer_msgs --target install -- -j16 -l16
