-- Using CATKIN_DEVEL_PREFIX: /home/inspacehj/dr_logger/simulation_ws/build/deepracer_msgs/devel
-- Using CMAKE_PREFIX_PATH: /home/inspacehj/drone_mpc_ws/devel;/home/inspacehj/autosim_ws/devel;/home/inspacehj/catkin_ws/devel;/home/inspacehj/drone_ws/devel;/opt/ros/melodic
-- This workspace overlays: /home/inspacehj/drone_mpc_ws/devel;/home/inspacehj/autosim_ws/devel;/home/inspacehj/catkin_ws/devel;/home/inspacehj/drone_ws/devel;/opt/ros/melodic
-- Found PythonInterp: /usr/bin/python2 (found suitable version "2.7.17", minimum required is "2") 
-- Using PYTHON_EXECUTABLE: /usr/bin/python2
-- Using Debian Python package layout
-- Using empy: /usr/bin/empy
-- Using CATKIN_ENABLE_TESTING: ON
-- Call enable_testing()
-- Using CATKIN_TEST_RESULTS_DIR: /home/inspacehj/dr_logger/simulation_ws/build/deepracer_msgs/test_results
-- Found gtest sources under '/usr/src/googletest': gtests will be built
-- Found gmock sources under '/usr/src/googletest': gmock will be built
-- Found PythonInterp: /usr/bin/python2 (found version "2.7.17") 
-- Using Python nosetests: /usr/bin/nosetests-2.7
-- catkin 0.7.29
-- BUILD_SHARED_LIBS is on
-- Using these message generators: gencpp;geneus;genlisp;gennodejs;genpy
-- deepracer_msgs: 2 messages, 0 services
-- Configuring done
-- Generating done
-- Build files have been written to: /home/inspacehj/dr_logger/simulation_ws/build/deepracer_msgs
[35m[1mScanning dependencies of target _deepracer_msgs_generate_messages_check_deps_Control_input[0m
[  0%] Built target std_msgs_generate_messages_cpp
[  0%] Built target std_msgs_generate_messages_lisp
[  0%] Built target std_msgs_generate_messages_eus
[  0%] Built target std_msgs_generate_messages_nodejs
[  0%] Built target std_msgs_generate_messages_py
[  0%] Built target _deepracer_msgs_generate_messages_check_deps_Progress
[  0%] Built target _deepracer_msgs_generate_messages_check_deps_Control_input
[ 41%] [34m[1mGenerating C++ code from deepracer_msgs/Control_input.msg[0m
[ 41%] [34m[1mGenerating Javascript code from deepracer_msgs/Control_input.msg[0m
[ 41%] [34m[1mGenerating Python from MSG deepracer_msgs/Control_input[0m
[ 41%] [34m[1mGenerating Lisp code from deepracer_msgs/Control_input.msg[0m
[ 41%] [34m[1mGenerating EusLisp code from deepracer_msgs/Control_input.msg[0m
[ 50%] Built target deepracer_msgs_generate_messages_lisp
[ 58%] Built target deepracer_msgs_generate_messages_nodejs
[ 75%] Built target deepracer_msgs_generate_messages_eus
[ 83%] Built target deepracer_msgs_generate_messages_cpp
[ 91%] [34m[1mGenerating Python msg __init__.py for deepracer_msgs[0m
[100%] Built target deepracer_msgs_generate_messages_py
[100%] Built target deepracer_msgs_generate_messages
