-- The C compiler identification is GNU 7.5.0
-- The CXX compiler identification is GNU 7.5.0
-- Check for working C compiler: /usr/lib/ccache/cc
-- Check for working C compiler: /usr/lib/ccache/cc -- works
-- Detecting C compiler ABI info
-- Detecting C compiler ABI info - done
-- Detecting C compile features
-- Detecting C compile features - done
-- Check for working CXX compiler: /usr/lib/ccache/c++
-- Check for working CXX compiler: /usr/lib/ccache/c++ -- works
-- Detecting CXX compiler ABI info
-- Detecting CXX compiler ABI info - done
-- Detecting CXX compile features
-- Detecting CXX compile features - done
-- Using CATKIN_DEVEL_PREFIX: /home/inspace/dr_logger/simulation_ws/build/deepracer_msgs/devel
-- Using CMAKE_PREFIX_PATH: /home/inspace/dr_logger/simulation_ws/install/deepracer_simulation;/home/inspace/dr_logger/simulation_ws/install/deepracer_interpreter;/home/inspace/dr_logger/simulation_ws/install/deepracer_msgs;/home/inspace/drone_mpc_ws/devel/.private/catkin_tools_prebuild;/home/inspace/drone_ws/devel/.private/catkin_tools_prebuild;/home/inspace/drone_mpc_ws/devel;/home/inspace/autosim_ws/devel;/home/inspace/catkin_ws/devel;/home/inspace/drone_ws/devel;/opt/ros/melodic
-- This workspace overlays: /home/inspace/drone_mpc_ws/devel/.private/catkin_tools_prebuild;/home/inspace/drone_ws/devel/.private/catkin_tools_prebuild;/home/inspace/drone_mpc_ws/devel;/home/inspace/autosim_ws/devel;/home/inspace/catkin_ws/devel;/home/inspace/drone_ws/devel;/opt/ros/melodic
-- Found PythonInterp: /usr/bin/python2 (found suitable version "2.7.17", minimum required is "2") 
-- Using PYTHON_EXECUTABLE: /usr/bin/python2
-- Using Debian Python package layout
-- Using empy: /usr/bin/empy
-- Using CATKIN_ENABLE_TESTING: ON
-- Call enable_testing()
-- Using CATKIN_TEST_RESULTS_DIR: /home/inspace/dr_logger/simulation_ws/build/deepracer_msgs/test_results
-- Found gtest sources under '/usr/src/googletest': gtests will be built
-- Found gmock sources under '/usr/src/googletest': gmock will be built
-- Found PythonInterp: /usr/bin/python2 (found version "2.7.17") 
-- Looking for pthread.h
-- Looking for pthread.h - found
-- Looking for pthread_create
-- Looking for pthread_create - not found
-- Looking for pthread_create in pthreads
-- Looking for pthread_create in pthreads - not found
-- Looking for pthread_create in pthread
-- Looking for pthread_create in pthread - found
-- Found Threads: TRUE  
-- Using Python nosetests: /usr/bin/nosetests-2.7
-- catkin 0.7.29
-- BUILD_SHARED_LIBS is on
-- Using these message generators: gencpp;geneus;genlisp;gennodejs;genpy
-- deepracer_msgs: 1 messages, 0 services
-- Configuring done
-- Generating done
-- Build files have been written to: /home/inspace/dr_logger/simulation_ws/build/deepracer_msgs
[35m[1mScanning dependencies of target std_msgs_generate_messages_eus[0m
[35m[1mScanning dependencies of target std_msgs_generate_messages_nodejs[0m
[35m[1mScanning dependencies of target std_msgs_generate_messages_py[0m
[35m[1mScanning dependencies of target _deepracer_msgs_generate_messages_check_deps_Progress[0m
[35m[1mScanning dependencies of target std_msgs_generate_messages_lisp[0m
[35m[1mScanning dependencies of target std_msgs_generate_messages_cpp[0m
[  0%] Built target std_msgs_generate_messages_py
[  0%] Built target std_msgs_generate_messages_nodejs
[  0%] Built target std_msgs_generate_messages_eus
[  0%] Built target std_msgs_generate_messages_lisp
[  0%] Built target std_msgs_generate_messages_cpp
[  0%] Built target _deepracer_msgs_generate_messages_check_deps_Progress
[35m[1mScanning dependencies of target deepracer_msgs_generate_messages_cpp[0m
[35m[1mScanning dependencies of target deepracer_msgs_generate_messages_nodejs[0m
[35m[1mScanning dependencies of target deepracer_msgs_generate_messages_py[0m
[35m[1mScanning dependencies of target deepracer_msgs_generate_messages_eus[0m
[35m[1mScanning dependencies of target deepracer_msgs_generate_messages_lisp[0m
[ 28%] [34m[1mGenerating EusLisp code from deepracer_msgs/Progress.msg[0m
[ 28%] [34m[1mGenerating Python from MSG deepracer_msgs/Progress[0m
[ 42%] [34m[1mGenerating EusLisp manifest code for deepracer_msgs[0m
[ 57%] [34m[1mGenerating Javascript code from deepracer_msgs/Progress.msg[0m
[ 71%] [34m[1mGenerating C++ code from deepracer_msgs/Progress.msg[0m
[ 85%] [34m[1mGenerating Lisp code from deepracer_msgs/Progress.msg[0m
[ 85%] Built target deepracer_msgs_generate_messages_nodejs
[ 85%] Built target deepracer_msgs_generate_messages_lisp
[100%] [34m[1mGenerating Python msg __init__.py for deepracer_msgs[0m
[100%] Built target deepracer_msgs_generate_messages_cpp
[100%] Built target deepracer_msgs_generate_messages_py
[100%] Built target deepracer_msgs_generate_messages_eus
[35m[1mScanning dependencies of target deepracer_msgs_generate_messages[0m
[100%] Built target deepracer_msgs_generate_messages
[35m[1mScanning dependencies of target tests[0m
Built target tests
[  0%] Built target std_msgs_generate_messages_lisp
[  0%] Built target std_msgs_generate_messages_cpp
[  0%] Built target std_msgs_generate_messages_nodejs
[  0%] Built target std_msgs_generate_messages_eus
[  0%] Built target std_msgs_generate_messages_py
[  0%] Built target _deepracer_msgs_generate_messages_check_deps_Progress
[ 57%] Built target deepracer_msgs_generate_messages_nodejs
[ 57%] Built target deepracer_msgs_generate_messages_lisp
[ 85%] Built target deepracer_msgs_generate_messages_py
[ 85%] Built target deepracer_msgs_generate_messages_eus
[100%] Built target deepracer_msgs_generate_messages_cpp
[100%] Built target deepracer_msgs_generate_messages
[36mInstall the project...[0m
-- Install configuration: ""
-- Installing: /home/inspace/dr_logger/simulation_ws/install/deepracer_msgs/share/deepracer_msgs/msg/Progress.msg
-- Installing: /home/inspace/dr_logger/simulation_ws/install/deepracer_msgs/share/deepracer_msgs/cmake/deepracer_msgs-msg-paths.cmake
-- Installing: /home/inspace/dr_logger/simulation_ws/install/deepracer_msgs/include/deepracer_msgs
-- Installing: /home/inspace/dr_logger/simulation_ws/install/deepracer_msgs/include/deepracer_msgs/Progress.h
-- Installing: /home/inspace/dr_logger/simulation_ws/install/deepracer_msgs/share/roseus/ros/deepracer_msgs
-- Installing: /home/inspace/dr_logger/simulation_ws/install/deepracer_msgs/share/roseus/ros/deepracer_msgs/msg
-- Installing: /home/inspace/dr_logger/simulation_ws/install/deepracer_msgs/share/roseus/ros/deepracer_msgs/msg/Progress.l
-- Installing: /home/inspace/dr_logger/simulation_ws/install/deepracer_msgs/share/roseus/ros/deepracer_msgs/manifest.l
-- Installing: /home/inspace/dr_logger/simulation_ws/install/deepracer_msgs/share/common-lisp/ros/deepracer_msgs
-- Installing: /home/inspace/dr_logger/simulation_ws/install/deepracer_msgs/share/common-lisp/ros/deepracer_msgs/msg
-- Installing: /home/inspace/dr_logger/simulation_ws/install/deepracer_msgs/share/common-lisp/ros/deepracer_msgs/msg/deepracer_msgs-msg.asd
-- Installing: /home/inspace/dr_logger/simulation_ws/install/deepracer_msgs/share/common-lisp/ros/deepracer_msgs/msg/_package_Progress.lisp
-- Installing: /home/inspace/dr_logger/simulation_ws/install/deepracer_msgs/share/common-lisp/ros/deepracer_msgs/msg/_package.lisp
-- Installing: /home/inspace/dr_logger/simulation_ws/install/deepracer_msgs/share/common-lisp/ros/deepracer_msgs/msg/Progress.lisp
-- Installing: /home/inspace/dr_logger/simulation_ws/install/deepracer_msgs/share/gennodejs/ros/deepracer_msgs
-- Installing: /home/inspace/dr_logger/simulation_ws/install/deepracer_msgs/share/gennodejs/ros/deepracer_msgs/_index.js
-- Installing: /home/inspace/dr_logger/simulation_ws/install/deepracer_msgs/share/gennodejs/ros/deepracer_msgs/msg
-- Installing: /home/inspace/dr_logger/simulation_ws/install/deepracer_msgs/share/gennodejs/ros/deepracer_msgs/msg/_index.js
-- Installing: /home/inspace/dr_logger/simulation_ws/install/deepracer_msgs/share/gennodejs/ros/deepracer_msgs/msg/Progress.js
Listing /home/inspace/dr_logger/simulation_ws/build/deepracer_msgs/devel/lib/python2.7/dist-packages/deepracer_msgs ...
Compiling /home/inspace/dr_logger/simulation_ws/build/deepracer_msgs/devel/lib/python2.7/dist-packages/deepracer_msgs/__init__.py ...
Listing /home/inspace/dr_logger/simulation_ws/build/deepracer_msgs/devel/lib/python2.7/dist-packages/deepracer_msgs/msg ...
Compiling /home/inspace/dr_logger/simulation_ws/build/deepracer_msgs/devel/lib/python2.7/dist-packages/deepracer_msgs/msg/_Progress.py ...
Compiling /home/inspace/dr_logger/simulation_ws/build/deepracer_msgs/devel/lib/python2.7/dist-packages/deepracer_msgs/msg/__init__.py ...
-- Installing: /home/inspace/dr_logger/simulation_ws/install/deepracer_msgs/lib/python2.7/dist-packages/deepracer_msgs
-- Installing: /home/inspace/dr_logger/simulation_ws/install/deepracer_msgs/lib/python2.7/dist-packages/deepracer_msgs/__init__.pyc
-- Installing: /home/inspace/dr_logger/simulation_ws/install/deepracer_msgs/lib/python2.7/dist-packages/deepracer_msgs/__init__.py
-- Installing: /home/inspace/dr_logger/simulation_ws/install/deepracer_msgs/lib/python2.7/dist-packages/deepracer_msgs/msg
-- Installing: /home/inspace/dr_logger/simulation_ws/install/deepracer_msgs/lib/python2.7/dist-packages/deepracer_msgs/msg/_Progress.pyc
-- Installing: /home/inspace/dr_logger/simulation_ws/install/deepracer_msgs/lib/python2.7/dist-packages/deepracer_msgs/msg/__init__.pyc
-- Installing: /home/inspace/dr_logger/simulation_ws/install/deepracer_msgs/lib/python2.7/dist-packages/deepracer_msgs/msg/__init__.py
-- Installing: /home/inspace/dr_logger/simulation_ws/install/deepracer_msgs/lib/python2.7/dist-packages/deepracer_msgs/msg/_Progress.py
-- Installing: /home/inspace/dr_logger/simulation_ws/install/deepracer_msgs/lib/pkgconfig/deepracer_msgs.pc
-- Installing: /home/inspace/dr_logger/simulation_ws/install/deepracer_msgs/share/deepracer_msgs/cmake/deepracer_msgs-msg-extras.cmake
-- Installing: /home/inspace/dr_logger/simulation_ws/install/deepracer_msgs/share/deepracer_msgs/cmake/deepracer_msgsConfig.cmake
-- Installing: /home/inspace/dr_logger/simulation_ws/install/deepracer_msgs/share/deepracer_msgs/cmake/deepracer_msgsConfig-version.cmake
-- Installing: /home/inspace/dr_logger/simulation_ws/install/deepracer_msgs/share/deepracer_msgs/package.xml
