[  0%] Built target std_msgs_generate_messages_nodejs
[  0%] Built target std_msgs_generate_messages_py
[  0%] Built target std_msgs_generate_messages_eus
[  0%] Built target std_msgs_generate_messages_cpp
[  0%] Built target std_msgs_generate_messages_lisp
[  0%] Built target _deepracer_simulation_generate_messages_check_deps_Control_input
[ 14%] Built target deepracer_simulation_generate_messages_nodejs
[ 42%] Built target deepracer_simulation_generate_messages_eus
[ 57%] Built target deepracer_simulation_generate_messages_cpp
[100%] Built target deepracer_simulation_generate_messages_lisp
[100%] Built target deepracer_simulation_generate_messages_py
[100%] Built target deepracer_simulation_generate_messages
Built target tests
[  0%] Built target std_msgs_generate_messages_lisp
[  0%] Built target std_msgs_generate_messages_eus
[  0%] Built target std_msgs_generate_messages_cpp
[  0%] Built target std_msgs_generate_messages_nodejs
[  0%] Built target std_msgs_generate_messages_py
[  0%] Built target _deepracer_simulation_generate_messages_check_deps_Control_input
[ 28%] Built target deepracer_simulation_generate_messages_eus
[ 42%] Built target deepracer_simulation_generate_messages_cpp
[ 71%] Built target deepracer_simulation_generate_messages_py
[ 85%] Built target deepracer_simulation_generate_messages_nodejs
[100%] Built target deepracer_simulation_generate_messages_lisp
[100%] Built target deepracer_simulation_generate_messages
[36mInstall the project...[0m
-- Install configuration: ""
-- Up-to-date: /home/inspacehj/dr_logger/simulation_ws/install/deepracer_simulation/share/deepracer_simulation/msg/Control_input.msg
-- Up-to-date: /home/inspacehj/dr_logger/simulation_ws/install/deepracer_simulation/share/deepracer_simulation/cmake/deepracer_simulation-msg-paths.cmake
-- Up-to-date: /home/inspacehj/dr_logger/simulation_ws/install/deepracer_simulation/include/deepracer_simulation
-- Up-to-date: /home/inspacehj/dr_logger/simulation_ws/install/deepracer_simulation/include/deepracer_simulation/Control_input.h
-- Up-to-date: /home/inspacehj/dr_logger/simulation_ws/install/deepracer_simulation/share/roseus/ros/deepracer_simulation
-- Up-to-date: /home/inspacehj/dr_logger/simulation_ws/install/deepracer_simulation/share/roseus/ros/deepracer_simulation/msg
-- Up-to-date: /home/inspacehj/dr_logger/simulation_ws/install/deepracer_simulation/share/roseus/ros/deepracer_simulation/msg/Control_input.l
-- Up-to-date: /home/inspacehj/dr_logger/simulation_ws/install/deepracer_simulation/share/roseus/ros/deepracer_simulation/manifest.l
-- Up-to-date: /home/inspacehj/dr_logger/simulation_ws/install/deepracer_simulation/share/common-lisp/ros/deepracer_simulation
-- Up-to-date: /home/inspacehj/dr_logger/simulation_ws/install/deepracer_simulation/share/common-lisp/ros/deepracer_simulation/msg
-- Up-to-date: /home/inspacehj/dr_logger/simulation_ws/install/deepracer_simulation/share/common-lisp/ros/deepracer_simulation/msg/deepracer_simulation-msg.asd
-- Up-to-date: /home/inspacehj/dr_logger/simulation_ws/install/deepracer_simulation/share/common-lisp/ros/deepracer_simulation/msg/_package_Control_input.lisp
-- Up-to-date: /home/inspacehj/dr_logger/simulation_ws/install/deepracer_simulation/share/common-lisp/ros/deepracer_simulation/msg/_package.lisp
-- Up-to-date: /home/inspacehj/dr_logger/simulation_ws/install/deepracer_simulation/share/common-lisp/ros/deepracer_simulation/msg/Control_input.lisp
-- Up-to-date: /home/inspacehj/dr_logger/simulation_ws/install/deepracer_simulation/share/gennodejs/ros/deepracer_simulation
-- Up-to-date: /home/inspacehj/dr_logger/simulation_ws/install/deepracer_simulation/share/gennodejs/ros/deepracer_simulation/_index.js
-- Up-to-date: /home/inspacehj/dr_logger/simulation_ws/install/deepracer_simulation/share/gennodejs/ros/deepracer_simulation/msg
-- Up-to-date: /home/inspacehj/dr_logger/simulation_ws/install/deepracer_simulation/share/gennodejs/ros/deepracer_simulation/msg/Control_input.js
-- Up-to-date: /home/inspacehj/dr_logger/simulation_ws/install/deepracer_simulation/share/gennodejs/ros/deepracer_simulation/msg/_index.js
Listing /home/inspacehj/dr_logger/simulation_ws/build/deepracer_simulation/devel/lib/python2.7/dist-packages/deepracer_simulation ...
Listing /home/inspacehj/dr_logger/simulation_ws/build/deepracer_simulation/devel/lib/python2.7/dist-packages/deepracer_simulation/msg ...
-- Up-to-date: /home/inspacehj/dr_logger/simulation_ws/install/deepracer_simulation/lib/python2.7/dist-packages/deepracer_simulation
-- Up-to-date: /home/inspacehj/dr_logger/simulation_ws/install/deepracer_simulation/lib/python2.7/dist-packages/deepracer_simulation/__init__.pyc
-- Up-to-date: /home/inspacehj/dr_logger/simulation_ws/install/deepracer_simulation/lib/python2.7/dist-packages/deepracer_simulation/__init__.py
-- Up-to-date: /home/inspacehj/dr_logger/simulation_ws/install/deepracer_simulation/lib/python2.7/dist-packages/deepracer_simulation/msg
-- Up-to-date: /home/inspacehj/dr_logger/simulation_ws/install/deepracer_simulation/lib/python2.7/dist-packages/deepracer_simulation/msg/__init__.pyc
-- Up-to-date: /home/inspacehj/dr_logger/simulation_ws/install/deepracer_simulation/lib/python2.7/dist-packages/deepracer_simulation/msg/_Control_input.py
-- Up-to-date: /home/inspacehj/dr_logger/simulation_ws/install/deepracer_simulation/lib/python2.7/dist-packages/deepracer_simulation/msg/__init__.py
-- Up-to-date: /home/inspacehj/dr_logger/simulation_ws/install/deepracer_simulation/lib/python2.7/dist-packages/deepracer_simulation/msg/_Control_input.pyc
-- Up-to-date: /home/inspacehj/dr_logger/simulation_ws/install/deepracer_simulation/lib/pkgconfig/deepracer_simulation.pc
-- Up-to-date: /home/inspacehj/dr_logger/simulation_ws/install/deepracer_simulation/share/deepracer_simulation/cmake/deepracer_simulation-msg-extras.cmake
-- Up-to-date: /home/inspacehj/dr_logger/simulation_ws/install/deepracer_simulation/share/deepracer_simulation/cmake/deepracer_simulationConfig.cmake
-- Up-to-date: /home/inspacehj/dr_logger/simulation_ws/install/deepracer_simulation/share/deepracer_simulation/cmake/deepracer_simulationConfig-version.cmake
-- Up-to-date: /home/inspacehj/dr_logger/simulation_ws/install/deepracer_simulation/share/deepracer_simulation/package.xml
-- Up-to-date: /home/inspacehj/dr_logger/simulation_ws/install/deepracer_simulation/lib/deepracer_simulation/servo_commands.py
-- Up-to-date: /home/inspacehj/dr_logger/simulation_ws/install/deepracer_simulation/lib/deepracer_simulation/run_local_rl_agent.sh
-- Up-to-date: /home/inspacehj/dr_logger/simulation_ws/install/deepracer_simulation/lib/deepracer_simulation/run_rollout_rl_agent.sh
-- Up-to-date: /home/inspacehj/dr_logger/simulation_ws/install/deepracer_simulation/lib/deepracer_simulation/run_evaluation_rl_agent.sh
-- Installing: /home/inspacehj/dr_logger/simulation_ws/install/deepracer_simulation/lib/deepracer_simulation/key_control.py
-- Up-to-date: /home/inspacehj/dr_logger/simulation_ws/install/deepracer_simulation/lib/deepracer_simulation/logger.py
-- Up-to-date: /home/inspacehj/dr_logger/simulation_ws/install/deepracer_simulation/share/deepracer_simulation/launch
-- Up-to-date: /home/inspacehj/dr_logger/simulation_ws/install/deepracer_simulation/share/deepracer_simulation/launch/racecar_control.launch
-- Up-to-date: /home/inspacehj/dr_logger/simulation_ws/install/deepracer_simulation/share/deepracer_simulation/launch/distributed_training.launch
-- Up-to-date: /home/inspacehj/dr_logger/simulation_ws/install/deepracer_simulation/share/deepracer_simulation/launch/racetrack_with_racecar.launch
-- Up-to-date: /home/inspacehj/dr_logger/simulation_ws/install/deepracer_simulation/share/deepracer_simulation/launch/local_training.launch
-- Up-to-date: /home/inspacehj/dr_logger/simulation_ws/install/deepracer_simulation/share/deepracer_simulation/launch/racecar.launch
-- Up-to-date: /home/inspacehj/dr_logger/simulation_ws/install/deepracer_simulation/share/deepracer_simulation/launch/logger.launch
-- Up-to-date: /home/inspacehj/dr_logger/simulation_ws/install/deepracer_simulation/share/deepracer_simulation/launch/evaluation.launch
-- Up-to-date: /home/inspacehj/dr_logger/simulation_ws/install/deepracer_simulation/share/deepracer_simulation/config
-- Up-to-date: /home/inspacehj/dr_logger/simulation_ws/install/deepracer_simulation/share/deepracer_simulation/config/racecar_control.yaml
-- Up-to-date: /home/inspacehj/dr_logger/simulation_ws/install/deepracer_simulation/share/deepracer_simulation/meshes
-- Up-to-date: /home/inspacehj/dr_logger/simulation_ws/install/deepracer_simulation/share/deepracer_simulation/meshes/boundary_lines.png
-- Up-to-date: /home/inspacehj/dr_logger/simulation_ws/install/deepracer_simulation/share/deepracer_simulation/meshes/right_steering_hinge.dae
-- Up-to-date: /home/inspacehj/dr_logger/simulation_ws/install/deepracer_simulation/share/deepracer_simulation/meshes/cone.dae
-- Up-to-date: /home/inspacehj/dr_logger/simulation_ws/install/deepracer_simulation/share/deepracer_simulation/meshes/CarAO.jpg
-- Up-to-date: /home/inspacehj/dr_logger/simulation_ws/install/deepracer_simulation/share/deepracer_simulation/meshes/hokuyo.dae
-- Up-to-date: /home/inspacehj/dr_logger/simulation_ws/install/deepracer_simulation/share/deepracer_simulation/meshes/hard_track
-- Up-to-date: /home/inspacehj/dr_logger/simulation_ws/install/deepracer_simulation/share/deepracer_simulation/meshes/hard_track/Track3_and_Wall.dae
-- Up-to-date: /home/inspacehj/dr_logger/simulation_ws/install/deepracer_simulation/share/deepracer_simulation/meshes/hard_track/SolidLine_DIFF.png
-- Up-to-date: /home/inspacehj/dr_logger/simulation_ws/install/deepracer_simulation/share/deepracer_simulation/meshes/hard_track/Astroturf_Gray_DIFF.png
-- Up-to-date: /home/inspacehj/dr_logger/simulation_ws/install/deepracer_simulation/share/deepracer_simulation/meshes/hard_track/Grass_DIFF.png
-- Up-to-date: /home/inspacehj/dr_logger/simulation_ws/install/deepracer_simulation/share/deepracer_simulation/meshes/hard_track/walls.jpg
-- Up-to-date: /home/inspacehj/dr_logger/simulation_ws/install/deepracer_simulation/share/deepracer_simulation/meshes/hard_track/Track3_and_wall.blend
-- Up-to-date: /home/inspacehj/dr_logger/simulation_ws/install/deepracer_simulation/share/deepracer_simulation/meshes/hard_track/DashedLine_DIFF.png
-- Up-to-date: /home/inspacehj/dr_logger/simulation_ws/install/deepracer_simulation/share/deepracer_simulation/meshes/right_front_wheel.dae
-- Up-to-date: /home/inspacehj/dr_logger/simulation_ws/install/deepracer_simulation/share/deepracer_simulation/meshes/left_steering_hinge.STL
-- Up-to-date: /home/inspacehj/dr_logger/simulation_ws/install/deepracer_simulation/share/deepracer_simulation/meshes/left_front_wheel.dae
-- Up-to-date: /home/inspacehj/dr_logger/simulation_ws/install/deepracer_simulation/share/deepracer_simulation/meshes/aws_DIFF.jpg
-- Up-to-date: /home/inspacehj/dr_logger/simulation_ws/install/deepracer_simulation/share/deepracer_simulation/meshes/right_rear_wheel.STL
-- Up-to-date: /home/inspacehj/dr_logger/simulation_ws/install/deepracer_simulation/share/deepracer_simulation/meshes/medium_track
-- Up-to-date: /home/inspacehj/dr_logger/simulation_ws/install/deepracer_simulation/share/deepracer_simulation/meshes/medium_track/scripts
-- Up-to-date: /home/inspacehj/dr_logger/simulation_ws/install/deepracer_simulation/share/deepracer_simulation/meshes/medium_track/scripts/medium_track.material
-- Up-to-date: /home/inspacehj/dr_logger/simulation_ws/install/deepracer_simulation/share/deepracer_simulation/meshes/medium_track/textures
-- Up-to-date: /home/inspacehj/dr_logger/simulation_ws/install/deepracer_simulation/share/deepracer_simulation/meshes/medium_track/textures/medium_track.png
-- Up-to-date: /home/inspacehj/dr_logger/simulation_ws/install/deepracer_simulation/share/deepracer_simulation/meshes/polymsh_detached4.jpg
-- Up-to-date: /home/inspacehj/dr_logger/simulation_ws/install/deepracer_simulation/share/deepracer_simulation/meshes/left_rear_wheel.dae
-- Up-to-date: /home/inspacehj/dr_logger/simulation_ws/install/deepracer_simulation/share/deepracer_simulation/meshes/right_front_wheel.STL
-- Up-to-date: /home/inspacehj/dr_logger/simulation_ws/install/deepracer_simulation/share/deepracer_simulation/meshes/parking_1.dae
-- Up-to-date: /home/inspacehj/dr_logger/simulation_ws/install/deepracer_simulation/share/deepracer_simulation/meshes/racetrack.world
-- Up-to-date: /home/inspacehj/dr_logger/simulation_ws/install/deepracer_simulation/share/deepracer_simulation/meshes/center_line.png
-- Up-to-date: /home/inspacehj/dr_logger/simulation_ws/install/deepracer_simulation/share/deepracer_simulation/meshes/chassis.dae
-- Up-to-date: /home/inspacehj/dr_logger/simulation_ws/install/deepracer_simulation/share/deepracer_simulation/meshes/baseboard_checkers.jpg
-- Up-to-date: /home/inspacehj/dr_logger/simulation_ws/install/deepracer_simulation/share/deepracer_simulation/meshes/left_rear_wheel.STL
-- Up-to-date: /home/inspacehj/dr_logger/simulation_ws/install/deepracer_simulation/share/deepracer_simulation/meshes/right_rear_wheel.dae
-- Up-to-date: /home/inspacehj/dr_logger/simulation_ws/install/deepracer_simulation/share/deepracer_simulation/meshes/left_front_wheel.STL
-- Up-to-date: /home/inspacehj/dr_logger/simulation_ws/install/deepracer_simulation/share/deepracer_simulation/meshes/right_steering_hinge.STL
-- Up-to-date: /home/inspacehj/dr_logger/simulation_ws/install/deepracer_simulation/share/deepracer_simulation/meshes/easy_track
-- Up-to-date: /home/inspacehj/dr_logger/simulation_ws/install/deepracer_simulation/share/deepracer_simulation/meshes/easy_track/scripts
-- Up-to-date: /home/inspacehj/dr_logger/simulation_ws/install/deepracer_simulation/share/deepracer_simulation/meshes/easy_track/scripts/easy_track.material
-- Up-to-date: /home/inspacehj/dr_logger/simulation_ws/install/deepracer_simulation/share/deepracer_simulation/meshes/easy_track/textures
-- Up-to-date: /home/inspacehj/dr_logger/simulation_ws/install/deepracer_simulation/share/deepracer_simulation/meshes/easy_track/textures/easy_track.jpg
-- Up-to-date: /home/inspacehj/dr_logger/simulation_ws/install/deepracer_simulation/share/deepracer_simulation/meshes/checkers_DIFF.jpg
-- Up-to-date: /home/inspacehj/dr_logger/simulation_ws/install/deepracer_simulation/share/deepracer_simulation/meshes/chassis.STL
-- Up-to-date: /home/inspacehj/dr_logger/simulation_ws/install/deepracer_simulation/share/deepracer_simulation/meshes/ground_plane_tex.png
-- Up-to-date: /home/inspacehj/dr_logger/simulation_ws/install/deepracer_simulation/share/deepracer_simulation/meshes/left_steering_hinge.dae
-- Up-to-date: /home/inspacehj/dr_logger/simulation_ws/install/deepracer_simulation/share/deepracer_simulation/meshes/Polygon.jpg
-- Up-to-date: /home/inspacehj/dr_logger/simulation_ws/install/deepracer_simulation/share/deepracer_simulation/models
-- Up-to-date: /home/inspacehj/dr_logger/simulation_ws/install/deepracer_simulation/share/deepracer_simulation/models/hard_track
-- Up-to-date: /home/inspacehj/dr_logger/simulation_ws/install/deepracer_simulation/share/deepracer_simulation/models/hard_track/model.sdf
-- Up-to-date: /home/inspacehj/dr_logger/simulation_ws/install/deepracer_simulation/share/deepracer_simulation/models/hard_track/model.config
-- Up-to-date: /home/inspacehj/dr_logger/simulation_ws/install/deepracer_simulation/share/deepracer_simulation/models/medium_track
-- Up-to-date: /home/inspacehj/dr_logger/simulation_ws/install/deepracer_simulation/share/deepracer_simulation/models/medium_track/model.sdf
-- Up-to-date: /home/inspacehj/dr_logger/simulation_ws/install/deepracer_simulation/share/deepracer_simulation/models/medium_track/model.config
-- Up-to-date: /home/inspacehj/dr_logger/simulation_ws/install/deepracer_simulation/share/deepracer_simulation/models/easy_track
-- Up-to-date: /home/inspacehj/dr_logger/simulation_ws/install/deepracer_simulation/share/deepracer_simulation/models/easy_track/model.sdf
-- Up-to-date: /home/inspacehj/dr_logger/simulation_ws/install/deepracer_simulation/share/deepracer_simulation/models/easy_track/model.config
-- Up-to-date: /home/inspacehj/dr_logger/simulation_ws/install/deepracer_simulation/share/deepracer_simulation/urdf
-- Up-to-date: /home/inspacehj/dr_logger/simulation_ws/install/deepracer_simulation/share/deepracer_simulation/urdf/materials.xacro
-- Up-to-date: /home/inspacehj/dr_logger/simulation_ws/install/deepracer_simulation/share/deepracer_simulation/urdf/racecar.gazebo
-- Up-to-date: /home/inspacehj/dr_logger/simulation_ws/install/deepracer_simulation/share/deepracer_simulation/urdf/racecar.xacro
-- Up-to-date: /home/inspacehj/dr_logger/simulation_ws/install/deepracer_simulation/share/deepracer_simulation/urdf/macros.xacro
-- Up-to-date: /home/inspacehj/dr_logger/simulation_ws/install/deepracer_simulation/share/deepracer_simulation/worlds
-- Up-to-date: /home/inspacehj/dr_logger/simulation_ws/install/deepracer_simulation/share/deepracer_simulation/worlds/hard_track.world
-- Up-to-date: /home/inspacehj/dr_logger/simulation_ws/install/deepracer_simulation/share/deepracer_simulation/worlds/medium_track.world
-- Up-to-date: /home/inspacehj/dr_logger/simulation_ws/install/deepracer_simulation/share/deepracer_simulation/worlds/easy_track.world
