[0.024s] Invoking command in '/home/inspacehj/dr_logger/simulation_ws/build/deepracer_simulation': /usr/bin/cmake --build /home/inspacehj/dr_logger/simulation_ws/build/deepracer_simulation -- -j16 -l16
[0.063s] [  0%] Built target std_msgs_generate_messages_nodejs
[0.065s] [  0%] Built target std_msgs_generate_messages_py
[0.065s] [  0%] Built target std_msgs_generate_messages_eus
[0.068s] [  0%] Built target std_msgs_generate_messages_cpp
[0.070s] [  0%] Built target std_msgs_generate_messages_lisp
[0.087s] [  0%] Built target _deepracer_simulation_generate_messages_check_deps_Control_input
[0.104s] [ 14%] Built target deepracer_simulation_generate_messages_nodejs
[0.104s] [ 42%] Built target deepracer_simulation_generate_messages_eus
[0.106s] [ 57%] Built target deepracer_simulation_generate_messages_cpp
[0.107s] [100%] Built target deepracer_simulation_generate_messages_lisp
[0.107s] [100%] Built target deepracer_simulation_generate_messages_py
[0.121s] [100%] Built target deepracer_simulation_generate_messages
[0.234s] Invoked command in '/home/inspacehj/dr_logger/simulation_ws/build/deepracer_simulation' returned '0': /usr/bin/cmake --build /home/inspacehj/dr_logger/simulation_ws/build/deepracer_simulation -- -j16 -l16
[0.290s] Invoking command in '/home/inspacehj/dr_logger/simulation_ws/build/deepracer_simulation': /usr/bin/cmake --build /home/inspacehj/dr_logger/simulation_ws/build/deepracer_simulation --target tests -- -j16 -l16
[0.340s] Built target tests
[0.351s] Invoked command in '/home/inspacehj/dr_logger/simulation_ws/build/deepracer_simulation' returned '0': /usr/bin/cmake --build /home/inspacehj/dr_logger/simulation_ws/build/deepracer_simulation --target tests -- -j16 -l16
[0.412s] Invoking command in '/home/inspacehj/dr_logger/simulation_ws/build/deepracer_simulation': /usr/bin/cmake --build /home/inspacehj/dr_logger/simulation_ws/build/deepracer_simulation --target install -- -j16 -l16
[0.452s] [  0%] Built target std_msgs_generate_messages_lisp
[0.452s] [  0%] Built target std_msgs_generate_messages_eus
[0.452s] [  0%] Built target std_msgs_generate_messages_cpp
[0.455s] [  0%] Built target std_msgs_generate_messages_nodejs
[0.455s] [  0%] Built target std_msgs_generate_messages_py
[0.471s] [  0%] Built target _deepracer_simulation_generate_messages_check_deps_Control_input
[0.485s] [ 28%] Built target deepracer_simulation_generate_messages_eus
[0.485s] [ 42%] Built target deepracer_simulation_generate_messages_cpp
[0.486s] [ 71%] Built target deepracer_simulation_generate_messages_py
[0.486s] [ 85%] Built target deepracer_simulation_generate_messages_nodejs
[0.489s] [100%] Built target deepracer_simulation_generate_messages_lisp
[0.506s] [100%] Built target deepracer_simulation_generate_messages
[0.519s] [36mInstall the project...[0m
[0.528s] -- Install configuration: ""
[0.528s] -- Up-to-date: /home/inspacehj/dr_logger/simulation_ws/install/deepracer_simulation/share/deepracer_simulation/msg/Control_input.msg
[0.528s] -- Up-to-date: /home/inspacehj/dr_logger/simulation_ws/install/deepracer_simulation/share/deepracer_simulation/cmake/deepracer_simulation-msg-paths.cmake
[0.528s] -- Up-to-date: /home/inspacehj/dr_logger/simulation_ws/install/deepracer_simulation/include/deepracer_simulation
[0.529s] -- Up-to-date: /home/inspacehj/dr_logger/simulation_ws/install/deepracer_simulation/include/deepracer_simulation/Control_input.h
[0.529s] -- Up-to-date: /home/inspacehj/dr_logger/simulation_ws/install/deepracer_simulation/share/roseus/ros/deepracer_simulation
[0.529s] -- Up-to-date: /home/inspacehj/dr_logger/simulation_ws/install/deepracer_simulation/share/roseus/ros/deepracer_simulation/msg
[0.537s] -- Up-to-date: /home/inspacehj/dr_logger/simulation_ws/install/deepracer_simulation/share/roseus/ros/deepracer_simulation/msg/Control_input.l
[0.538s] -- Up-to-date: /home/inspacehj/dr_logger/simulation_ws/install/deepracer_simulation/share/roseus/ros/deepracer_simulation/manifest.l
[0.538s] -- Up-to-date: /home/inspacehj/dr_logger/simulation_ws/install/deepracer_simulation/share/common-lisp/ros/deepracer_simulation
[0.538s] -- Up-to-date: /home/inspacehj/dr_logger/simulation_ws/install/deepracer_simulation/share/common-lisp/ros/deepracer_simulation/msg
[0.538s] -- Up-to-date: /home/inspacehj/dr_logger/simulation_ws/install/deepracer_simulation/share/common-lisp/ros/deepracer_simulation/msg/deepracer_simulation-msg.asd
[0.538s] -- Up-to-date: /home/inspacehj/dr_logger/simulation_ws/install/deepracer_simulation/share/common-lisp/ros/deepracer_simulation/msg/_package_Control_input.lisp
[0.539s] -- Up-to-date: /home/inspacehj/dr_logger/simulation_ws/install/deepracer_simulation/share/common-lisp/ros/deepracer_simulation/msg/_package.lisp
[0.539s] -- Up-to-date: /home/inspacehj/dr_logger/simulation_ws/install/deepracer_simulation/share/common-lisp/ros/deepracer_simulation/msg/Control_input.lisp
[0.539s] -- Up-to-date: /home/inspacehj/dr_logger/simulation_ws/install/deepracer_simulation/share/gennodejs/ros/deepracer_simulation
[0.539s] -- Up-to-date: /home/inspacehj/dr_logger/simulation_ws/install/deepracer_simulation/share/gennodejs/ros/deepracer_simulation/_index.js
[0.540s] -- Up-to-date: /home/inspacehj/dr_logger/simulation_ws/install/deepracer_simulation/share/gennodejs/ros/deepracer_simulation/msg
[0.540s] -- Up-to-date: /home/inspacehj/dr_logger/simulation_ws/install/deepracer_simulation/share/gennodejs/ros/deepracer_simulation/msg/Control_input.js
[0.540s] -- Up-to-date: /home/inspacehj/dr_logger/simulation_ws/install/deepracer_simulation/share/gennodejs/ros/deepracer_simulation/msg/_index.js
[0.541s] Listing /home/inspacehj/dr_logger/simulation_ws/build/deepracer_simulation/devel/lib/python2.7/dist-packages/deepracer_simulation ...
[0.541s] Listing /home/inspacehj/dr_logger/simulation_ws/build/deepracer_simulation/devel/lib/python2.7/dist-packages/deepracer_simulation/msg ...
[0.541s] -- Up-to-date: /home/inspacehj/dr_logger/simulation_ws/install/deepracer_simulation/lib/python2.7/dist-packages/deepracer_simulation
[0.541s] -- Up-to-date: /home/inspacehj/dr_logger/simulation_ws/install/deepracer_simulation/lib/python2.7/dist-packages/deepracer_simulation/__init__.pyc
[0.541s] -- Up-to-date: /home/inspacehj/dr_logger/simulation_ws/install/deepracer_simulation/lib/python2.7/dist-packages/deepracer_simulation/__init__.py
[0.541s] -- Up-to-date: /home/inspacehj/dr_logger/simulation_ws/install/deepracer_simulation/lib/python2.7/dist-packages/deepracer_simulation/msg
[0.541s] -- Up-to-date: /home/inspacehj/dr_logger/simulation_ws/install/deepracer_simulation/lib/python2.7/dist-packages/deepracer_simulation/msg/__init__.pyc
[0.542s] -- Up-to-date: /home/inspacehj/dr_logger/simulation_ws/install/deepracer_simulation/lib/python2.7/dist-packages/deepracer_simulation/msg/_Control_input.py
[0.549s] -- Up-to-date: /home/inspacehj/dr_logger/simulation_ws/install/deepracer_simulation/lib/python2.7/dist-packages/deepracer_simulation/msg/__init__.py
[0.550s] -- Up-to-date: /home/inspacehj/dr_logger/simulation_ws/install/deepracer_simulation/lib/python2.7/dist-packages/deepracer_simulation/msg/_Control_input.pyc
[0.550s] -- Up-to-date: /home/inspacehj/dr_logger/simulation_ws/install/deepracer_simulation/lib/pkgconfig/deepracer_simulation.pc
[0.550s] -- Up-to-date: /home/inspacehj/dr_logger/simulation_ws/install/deepracer_simulation/share/deepracer_simulation/cmake/deepracer_simulation-msg-extras.cmake
[0.550s] -- Up-to-date: /home/inspacehj/dr_logger/simulation_ws/install/deepracer_simulation/share/deepracer_simulation/cmake/deepracer_simulationConfig.cmake
[0.550s] -- Up-to-date: /home/inspacehj/dr_logger/simulation_ws/install/deepracer_simulation/share/deepracer_simulation/cmake/deepracer_simulationConfig-version.cmake
[0.550s] -- Up-to-date: /home/inspacehj/dr_logger/simulation_ws/install/deepracer_simulation/share/deepracer_simulation/package.xml
[0.551s] -- Up-to-date: /home/inspacehj/dr_logger/simulation_ws/install/deepracer_simulation/lib/deepracer_simulation/servo_commands.py
[0.551s] -- Up-to-date: /home/inspacehj/dr_logger/simulation_ws/install/deepracer_simulation/lib/deepracer_simulation/run_local_rl_agent.sh
[0.551s] -- Up-to-date: /home/inspacehj/dr_logger/simulation_ws/install/deepracer_simulation/lib/deepracer_simulation/run_rollout_rl_agent.sh
[0.551s] -- Up-to-date: /home/inspacehj/dr_logger/simulation_ws/install/deepracer_simulation/lib/deepracer_simulation/run_evaluation_rl_agent.sh
[0.551s] -- Installing: /home/inspacehj/dr_logger/simulation_ws/install/deepracer_simulation/lib/deepracer_simulation/key_control.py
[0.559s] -- Up-to-date: /home/inspacehj/dr_logger/simulation_ws/install/deepracer_simulation/lib/deepracer_simulation/logger.py
[0.559s] -- Up-to-date: /home/inspacehj/dr_logger/simulation_ws/install/deepracer_simulation/share/deepracer_simulation/launch
[0.559s] -- Up-to-date: /home/inspacehj/dr_logger/simulation_ws/install/deepracer_simulation/share/deepracer_simulation/launch/racecar_control.launch
[0.559s] -- Up-to-date: /home/inspacehj/dr_logger/simulation_ws/install/deepracer_simulation/share/deepracer_simulation/launch/distributed_training.launch
[0.559s] -- Up-to-date: /home/inspacehj/dr_logger/simulation_ws/install/deepracer_simulation/share/deepracer_simulation/launch/racetrack_with_racecar.launch
[0.560s] -- Up-to-date: /home/inspacehj/dr_logger/simulation_ws/install/deepracer_simulation/share/deepracer_simulation/launch/local_training.launch
[0.560s] -- Up-to-date: /home/inspacehj/dr_logger/simulation_ws/install/deepracer_simulation/share/deepracer_simulation/launch/racecar.launch
[0.560s] -- Up-to-date: /home/inspacehj/dr_logger/simulation_ws/install/deepracer_simulation/share/deepracer_simulation/launch/logger.launch
[0.560s] -- Up-to-date: /home/inspacehj/dr_logger/simulation_ws/install/deepracer_simulation/share/deepracer_simulation/launch/evaluation.launch
[0.568s] -- Up-to-date: /home/inspacehj/dr_logger/simulation_ws/install/deepracer_simulation/share/deepracer_simulation/config
[0.568s] -- Up-to-date: /home/inspacehj/dr_logger/simulation_ws/install/deepracer_simulation/share/deepracer_simulation/config/racecar_control.yaml
[0.568s] -- Up-to-date: /home/inspacehj/dr_logger/simulation_ws/install/deepracer_simulation/share/deepracer_simulation/meshes
[0.568s] -- Up-to-date: /home/inspacehj/dr_logger/simulation_ws/install/deepracer_simulation/share/deepracer_simulation/meshes/boundary_lines.png
[0.568s] -- Up-to-date: /home/inspacehj/dr_logger/simulation_ws/install/deepracer_simulation/share/deepracer_simulation/meshes/right_steering_hinge.dae
[0.568s] -- Up-to-date: /home/inspacehj/dr_logger/simulation_ws/install/deepracer_simulation/share/deepracer_simulation/meshes/cone.dae
[0.569s] -- Up-to-date: /home/inspacehj/dr_logger/simulation_ws/install/deepracer_simulation/share/deepracer_simulation/meshes/CarAO.jpg
[0.569s] -- Up-to-date: /home/inspacehj/dr_logger/simulation_ws/install/deepracer_simulation/share/deepracer_simulation/meshes/hokuyo.dae
[0.569s] -- Up-to-date: /home/inspacehj/dr_logger/simulation_ws/install/deepracer_simulation/share/deepracer_simulation/meshes/hard_track
[0.569s] -- Up-to-date: /home/inspacehj/dr_logger/simulation_ws/install/deepracer_simulation/share/deepracer_simulation/meshes/hard_track/Track3_and_Wall.dae
[0.570s] -- Up-to-date: /home/inspacehj/dr_logger/simulation_ws/install/deepracer_simulation/share/deepracer_simulation/meshes/hard_track/SolidLine_DIFF.png
[0.570s] -- Up-to-date: /home/inspacehj/dr_logger/simulation_ws/install/deepracer_simulation/share/deepracer_simulation/meshes/hard_track/Astroturf_Gray_DIFF.png
[0.570s] -- Up-to-date: /home/inspacehj/dr_logger/simulation_ws/install/deepracer_simulation/share/deepracer_simulation/meshes/hard_track/Grass_DIFF.png
[0.570s] -- Up-to-date: /home/inspacehj/dr_logger/simulation_ws/install/deepracer_simulation/share/deepracer_simulation/meshes/hard_track/walls.jpg
[0.570s] -- Up-to-date: /home/inspacehj/dr_logger/simulation_ws/install/deepracer_simulation/share/deepracer_simulation/meshes/hard_track/Track3_and_wall.blend
[0.570s] -- Up-to-date: /home/inspacehj/dr_logger/simulation_ws/install/deepracer_simulation/share/deepracer_simulation/meshes/hard_track/DashedLine_DIFF.png
[0.570s] -- Up-to-date: /home/inspacehj/dr_logger/simulation_ws/install/deepracer_simulation/share/deepracer_simulation/meshes/right_front_wheel.dae
[0.571s] -- Up-to-date: /home/inspacehj/dr_logger/simulation_ws/install/deepracer_simulation/share/deepracer_simulation/meshes/left_steering_hinge.STL
[0.571s] -- Up-to-date: /home/inspacehj/dr_logger/simulation_ws/install/deepracer_simulation/share/deepracer_simulation/meshes/left_front_wheel.dae
[0.571s] -- Up-to-date: /home/inspacehj/dr_logger/simulation_ws/install/deepracer_simulation/share/deepracer_simulation/meshes/aws_DIFF.jpg
[0.571s] -- Up-to-date: /home/inspacehj/dr_logger/simulation_ws/install/deepracer_simulation/share/deepracer_simulation/meshes/right_rear_wheel.STL
[0.571s] -- Up-to-date: /home/inspacehj/dr_logger/simulation_ws/install/deepracer_simulation/share/deepracer_simulation/meshes/medium_track
[0.571s] -- Up-to-date: /home/inspacehj/dr_logger/simulation_ws/install/deepracer_simulation/share/deepracer_simulation/meshes/medium_track/scripts
[0.571s] -- Up-to-date: /home/inspacehj/dr_logger/simulation_ws/install/deepracer_simulation/share/deepracer_simulation/meshes/medium_track/scripts/medium_track.material
[0.571s] -- Up-to-date: /home/inspacehj/dr_logger/simulation_ws/install/deepracer_simulation/share/deepracer_simulation/meshes/medium_track/textures
[0.571s] -- Up-to-date: /home/inspacehj/dr_logger/simulation_ws/install/deepracer_simulation/share/deepracer_simulation/meshes/medium_track/textures/medium_track.png
[0.571s] -- Up-to-date: /home/inspacehj/dr_logger/simulation_ws/install/deepracer_simulation/share/deepracer_simulation/meshes/polymsh_detached4.jpg
[0.571s] -- Up-to-date: /home/inspacehj/dr_logger/simulation_ws/install/deepracer_simulation/share/deepracer_simulation/meshes/left_rear_wheel.dae
[0.571s] -- Up-to-date: /home/inspacehj/dr_logger/simulation_ws/install/deepracer_simulation/share/deepracer_simulation/meshes/right_front_wheel.STL
[0.579s] -- Up-to-date: /home/inspacehj/dr_logger/simulation_ws/install/deepracer_simulation/share/deepracer_simulation/meshes/parking_1.dae
[0.579s] -- Up-to-date: /home/inspacehj/dr_logger/simulation_ws/install/deepracer_simulation/share/deepracer_simulation/meshes/racetrack.world
[0.580s] -- Up-to-date: /home/inspacehj/dr_logger/simulation_ws/install/deepracer_simulation/share/deepracer_simulation/meshes/center_line.png
[0.580s] -- Up-to-date: /home/inspacehj/dr_logger/simulation_ws/install/deepracer_simulation/share/deepracer_simulation/meshes/chassis.dae
[0.580s] -- Up-to-date: /home/inspacehj/dr_logger/simulation_ws/install/deepracer_simulation/share/deepracer_simulation/meshes/baseboard_checkers.jpg
[0.580s] -- Up-to-date: /home/inspacehj/dr_logger/simulation_ws/install/deepracer_simulation/share/deepracer_simulation/meshes/left_rear_wheel.STL
[0.580s] -- Up-to-date: /home/inspacehj/dr_logger/simulation_ws/install/deepracer_simulation/share/deepracer_simulation/meshes/right_rear_wheel.dae
[0.580s] -- Up-to-date: /home/inspacehj/dr_logger/simulation_ws/install/deepracer_simulation/share/deepracer_simulation/meshes/left_front_wheel.STL
[0.580s] -- Up-to-date: /home/inspacehj/dr_logger/simulation_ws/install/deepracer_simulation/share/deepracer_simulation/meshes/right_steering_hinge.STL
[0.588s] -- Up-to-date: /home/inspacehj/dr_logger/simulation_ws/install/deepracer_simulation/share/deepracer_simulation/meshes/easy_track
[0.594s] -- Up-to-date: /home/inspacehj/dr_logger/simulation_ws/install/deepracer_simulation/share/deepracer_simulation/meshes/easy_track/scripts
[0.597s] -- Up-to-date: /home/inspacehj/dr_logger/simulation_ws/install/deepracer_simulation/share/deepracer_simulation/meshes/easy_track/scripts/easy_track.material
[0.597s] -- Up-to-date: /home/inspacehj/dr_logger/simulation_ws/install/deepracer_simulation/share/deepracer_simulation/meshes/easy_track/textures
[0.597s] -- Up-to-date: /home/inspacehj/dr_logger/simulation_ws/install/deepracer_simulation/share/deepracer_simulation/meshes/easy_track/textures/easy_track.jpg
[0.597s] -- Up-to-date: /home/inspacehj/dr_logger/simulation_ws/install/deepracer_simulation/share/deepracer_simulation/meshes/checkers_DIFF.jpg
[0.597s] -- Up-to-date: /home/inspacehj/dr_logger/simulation_ws/install/deepracer_simulation/share/deepracer_simulation/meshes/chassis.STL
[0.597s] -- Up-to-date: /home/inspacehj/dr_logger/simulation_ws/install/deepracer_simulation/share/deepracer_simulation/meshes/ground_plane_tex.png
[0.597s] -- Up-to-date: /home/inspacehj/dr_logger/simulation_ws/install/deepracer_simulation/share/deepracer_simulation/meshes/left_steering_hinge.dae
[0.597s] -- Up-to-date: /home/inspacehj/dr_logger/simulation_ws/install/deepracer_simulation/share/deepracer_simulation/meshes/Polygon.jpg
[0.597s] -- Up-to-date: /home/inspacehj/dr_logger/simulation_ws/install/deepracer_simulation/share/deepracer_simulation/models
[0.597s] -- Up-to-date: /home/inspacehj/dr_logger/simulation_ws/install/deepracer_simulation/share/deepracer_simulation/models/hard_track
[0.598s] -- Up-to-date: /home/inspacehj/dr_logger/simulation_ws/install/deepracer_simulation/share/deepracer_simulation/models/hard_track/model.sdf
[0.598s] -- Up-to-date: /home/inspacehj/dr_logger/simulation_ws/install/deepracer_simulation/share/deepracer_simulation/models/hard_track/model.config
[0.598s] -- Up-to-date: /home/inspacehj/dr_logger/simulation_ws/install/deepracer_simulation/share/deepracer_simulation/models/medium_track
[0.598s] -- Up-to-date: /home/inspacehj/dr_logger/simulation_ws/install/deepracer_simulation/share/deepracer_simulation/models/medium_track/model.sdf
[0.598s] -- Up-to-date: /home/inspacehj/dr_logger/simulation_ws/install/deepracer_simulation/share/deepracer_simulation/models/medium_track/model.config
[0.598s] -- Up-to-date: /home/inspacehj/dr_logger/simulation_ws/install/deepracer_simulation/share/deepracer_simulation/models/easy_track
[0.598s] -- Up-to-date: /home/inspacehj/dr_logger/simulation_ws/install/deepracer_simulation/share/deepracer_simulation/models/easy_track/model.sdf
[0.598s] -- Up-to-date: /home/inspacehj/dr_logger/simulation_ws/install/deepracer_simulation/share/deepracer_simulation/models/easy_track/model.config
[0.598s] -- Up-to-date: /home/inspacehj/dr_logger/simulation_ws/install/deepracer_simulation/share/deepracer_simulation/urdf
[0.598s] -- Up-to-date: /home/inspacehj/dr_logger/simulation_ws/install/deepracer_simulation/share/deepracer_simulation/urdf/materials.xacro
[0.598s] -- Up-to-date: /home/inspacehj/dr_logger/simulation_ws/install/deepracer_simulation/share/deepracer_simulation/urdf/racecar.gazebo
[0.598s] -- Up-to-date: /home/inspacehj/dr_logger/simulation_ws/install/deepracer_simulation/share/deepracer_simulation/urdf/racecar.xacro
[0.598s] -- Up-to-date: /home/inspacehj/dr_logger/simulation_ws/install/deepracer_simulation/share/deepracer_simulation/urdf/macros.xacro
[0.599s] -- Up-to-date: /home/inspacehj/dr_logger/simulation_ws/install/deepracer_simulation/share/deepracer_simulation/worlds
[0.599s] -- Up-to-date: /home/inspacehj/dr_logger/simulation_ws/install/deepracer_simulation/share/deepracer_simulation/worlds/hard_track.world
[0.599s] -- Up-to-date: /home/inspacehj/dr_logger/simulation_ws/install/deepracer_simulation/share/deepracer_simulation/worlds/medium_track.world
[0.599s] -- Up-to-date: /home/inspacehj/dr_logger/simulation_ws/install/deepracer_simulation/share/deepracer_simulation/worlds/easy_track.world
[0.641s] Invoked command in '/home/inspacehj/dr_logger/simulation_ws/build/deepracer_simulation' returned '0': /usr/bin/cmake --build /home/inspacehj/dr_logger/simulation_ws/build/deepracer_simulation --target install -- -j16 -l16
