[0.054s] Invoking command in '/home/inspace/dr_logger/simulation_ws/build/deepracer_msgs': /usr/bin/cmake --build /home/inspace/dr_logger/simulation_ws/build/deepracer_msgs -- -j16 -l16
[0.090s] [  0%] Built target std_msgs_generate_messages_eus
[0.090s] [  0%] Built target std_msgs_generate_messages_py
[0.090s] [  0%] Built target std_msgs_generate_messages_nodejs
[0.090s] [  0%] Built target std_msgs_generate_messages_cpp
[0.090s] [  0%] Built target std_msgs_generate_messages_lisp
[0.109s] [  0%] Built target _deepracer_msgs_generate_messages_check_deps_Progress
[0.125s] [ 71%] Built target deepracer_msgs_generate_messages_nodejs
[0.125s] [ 71%] Built target deepracer_msgs_generate_messages_cpp
[0.125s] [ 71%] Built target deepracer_msgs_generate_messages_lisp
[0.125s] [100%] Built target deepracer_msgs_generate_messages_py
[0.125s] [100%] Built target deepracer_msgs_generate_messages_eus
[0.139s] [100%] Built target deepracer_msgs_generate_messages
[0.251s] Invoked command in '/home/inspace/dr_logger/simulation_ws/build/deepracer_msgs' returned '0': /usr/bin/cmake --build /home/inspace/dr_logger/simulation_ws/build/deepracer_msgs -- -j16 -l16
[0.281s] Invoking command in '/home/inspace/dr_logger/simulation_ws/build/deepracer_msgs': /usr/bin/cmake --build /home/inspace/dr_logger/simulation_ws/build/deepracer_msgs --target tests -- -j16 -l16
[0.329s] Built target tests
[0.337s] Invoked command in '/home/inspace/dr_logger/simulation_ws/build/deepracer_msgs' returned '0': /usr/bin/cmake --build /home/inspace/dr_logger/simulation_ws/build/deepracer_msgs --target tests -- -j16 -l16
[0.375s] Invoking command in '/home/inspace/dr_logger/simulation_ws/build/deepracer_msgs': /usr/bin/cmake --build /home/inspace/dr_logger/simulation_ws/build/deepracer_msgs --target install -- -j16 -l16
[0.413s] [  0%] Built target std_msgs_generate_messages_eus
[0.413s] [  0%] Built target std_msgs_generate_messages_nodejs
[0.414s] [  0%] Built target std_msgs_generate_messages_py
[0.414s] [  0%] Built target std_msgs_generate_messages_cpp
[0.414s] [  0%] Built target std_msgs_generate_messages_lisp
[0.431s] [  0%] Built target _deepracer_msgs_generate_messages_check_deps_Progress
[0.447s] [ 14%] Built target deepracer_msgs_generate_messages_nodejs
[0.448s] [ 42%] Built target deepracer_msgs_generate_messages_py
[0.449s] [ 71%] Built target deepracer_msgs_generate_messages_cpp
[0.449s] [ 85%] Built target deepracer_msgs_generate_messages_eus
[0.451s] [100%] Built target deepracer_msgs_generate_messages_lisp
[0.471s] [100%] Built target deepracer_msgs_generate_messages
[0.483s] [36mInstall the project...[0m
[0.489s] -- Install configuration: ""
[0.490s] -- Up-to-date: /home/inspace/dr_logger/simulation_ws/install/deepracer_msgs/share/deepracer_msgs/msg/Progress.msg
[0.490s] -- Up-to-date: /home/inspace/dr_logger/simulation_ws/install/deepracer_msgs/share/deepracer_msgs/cmake/deepracer_msgs-msg-paths.cmake
[0.490s] -- Up-to-date: /home/inspace/dr_logger/simulation_ws/install/deepracer_msgs/include/deepracer_msgs
[0.490s] -- Up-to-date: /home/inspace/dr_logger/simulation_ws/install/deepracer_msgs/include/deepracer_msgs/Progress.h
[0.490s] -- Up-to-date: /home/inspace/dr_logger/simulation_ws/install/deepracer_msgs/share/roseus/ros/deepracer_msgs
[0.490s] -- Up-to-date: /home/inspace/dr_logger/simulation_ws/install/deepracer_msgs/share/roseus/ros/deepracer_msgs/msg
[0.490s] -- Up-to-date: /home/inspace/dr_logger/simulation_ws/install/deepracer_msgs/share/roseus/ros/deepracer_msgs/msg/Progress.l
[0.490s] -- Up-to-date: /home/inspace/dr_logger/simulation_ws/install/deepracer_msgs/share/roseus/ros/deepracer_msgs/manifest.l
[0.490s] -- Up-to-date: /home/inspace/dr_logger/simulation_ws/install/deepracer_msgs/share/common-lisp/ros/deepracer_msgs
[0.490s] -- Up-to-date: /home/inspace/dr_logger/simulation_ws/install/deepracer_msgs/share/common-lisp/ros/deepracer_msgs/msg
[0.490s] -- Up-to-date: /home/inspace/dr_logger/simulation_ws/install/deepracer_msgs/share/common-lisp/ros/deepracer_msgs/msg/deepracer_msgs-msg.asd
[0.490s] -- Up-to-date: /home/inspace/dr_logger/simulation_ws/install/deepracer_msgs/share/common-lisp/ros/deepracer_msgs/msg/_package_Progress.lisp
[0.491s] -- Up-to-date: /home/inspace/dr_logger/simulation_ws/install/deepracer_msgs/share/common-lisp/ros/deepracer_msgs/msg/_package.lisp
[0.491s] -- Up-to-date: /home/inspace/dr_logger/simulation_ws/install/deepracer_msgs/share/common-lisp/ros/deepracer_msgs/msg/Progress.lisp
[0.491s] -- Up-to-date: /home/inspace/dr_logger/simulation_ws/install/deepracer_msgs/share/gennodejs/ros/deepracer_msgs
[0.491s] -- Up-to-date: /home/inspace/dr_logger/simulation_ws/install/deepracer_msgs/share/gennodejs/ros/deepracer_msgs/_index.js
[0.491s] -- Up-to-date: /home/inspace/dr_logger/simulation_ws/install/deepracer_msgs/share/gennodejs/ros/deepracer_msgs/msg
[0.491s] -- Up-to-date: /home/inspace/dr_logger/simulation_ws/install/deepracer_msgs/share/gennodejs/ros/deepracer_msgs/msg/_index.js
[0.491s] -- Up-to-date: /home/inspace/dr_logger/simulation_ws/install/deepracer_msgs/share/gennodejs/ros/deepracer_msgs/msg/Progress.js
[0.499s] Listing /home/inspace/dr_logger/simulation_ws/build/deepracer_msgs/devel/lib/python2.7/dist-packages/deepracer_msgs ...
[0.499s] Listing /home/inspace/dr_logger/simulation_ws/build/deepracer_msgs/devel/lib/python2.7/dist-packages/deepracer_msgs/msg ...
[0.500s] -- Up-to-date: /home/inspace/dr_logger/simulation_ws/install/deepracer_msgs/lib/python2.7/dist-packages/deepracer_msgs
[0.500s] -- Up-to-date: /home/inspace/dr_logger/simulation_ws/install/deepracer_msgs/lib/python2.7/dist-packages/deepracer_msgs/__init__.pyc
[0.500s] -- Up-to-date: /home/inspace/dr_logger/simulation_ws/install/deepracer_msgs/lib/python2.7/dist-packages/deepracer_msgs/__init__.py
[0.500s] -- Up-to-date: /home/inspace/dr_logger/simulation_ws/install/deepracer_msgs/lib/python2.7/dist-packages/deepracer_msgs/msg
[0.501s] -- Up-to-date: /home/inspace/dr_logger/simulation_ws/install/deepracer_msgs/lib/python2.7/dist-packages/deepracer_msgs/msg/_Progress.pyc
[0.501s] -- Up-to-date: /home/inspace/dr_logger/simulation_ws/install/deepracer_msgs/lib/python2.7/dist-packages/deepracer_msgs/msg/__init__.pyc
[0.501s] -- Up-to-date: /home/inspace/dr_logger/simulation_ws/install/deepracer_msgs/lib/python2.7/dist-packages/deepracer_msgs/msg/__init__.py
[0.501s] -- Up-to-date: /home/inspace/dr_logger/simulation_ws/install/deepracer_msgs/lib/python2.7/dist-packages/deepracer_msgs/msg/_Progress.py
[0.501s] -- Up-to-date: /home/inspace/dr_logger/simulation_ws/install/deepracer_msgs/lib/pkgconfig/deepracer_msgs.pc
[0.501s] -- Up-to-date: /home/inspace/dr_logger/simulation_ws/install/deepracer_msgs/share/deepracer_msgs/cmake/deepracer_msgs-msg-extras.cmake
[0.501s] -- Up-to-date: /home/inspace/dr_logger/simulation_ws/install/deepracer_msgs/share/deepracer_msgs/cmake/deepracer_msgsConfig.cmake
[0.501s] -- Up-to-date: /home/inspace/dr_logger/simulation_ws/install/deepracer_msgs/share/deepracer_msgs/cmake/deepracer_msgsConfig-version.cmake
[0.501s] -- Up-to-date: /home/inspace/dr_logger/simulation_ws/install/deepracer_msgs/share/deepracer_msgs/package.xml
[0.503s] Invoked command in '/home/inspace/dr_logger/simulation_ws/build/deepracer_msgs' returned '0': /usr/bin/cmake --build /home/inspace/dr_logger/simulation_ws/build/deepracer_msgs --target install -- -j16 -l16
