[0.037s] Invoking command in '/home/inspacehj/dr_logger/simulation_ws/build/deepracer_msgs': /usr/bin/cmake --build /home/inspacehj/dr_logger/simulation_ws/build/deepracer_msgs -- -j16 -l16
[0.076s] [  0%] Built target std_msgs_generate_messages_py
[0.077s] [  0%] Built target std_msgs_generate_messages_eus
[0.078s] [  0%] Built target std_msgs_generate_messages_nodejs
[0.081s] [  0%] Built target std_msgs_generate_messages_cpp
[0.081s] [  0%] Built target std_msgs_generate_messages_lisp
[0.095s] [  0%] Built target _deepracer_msgs_generate_messages_check_deps_Control_input
[0.105s] [  0%] Built target _deepracer_msgs_generate_messages_check_deps_Progress
[0.121s] [ 41%] Built target deepracer_msgs_generate_messages_eus
[0.121s] [ 41%] Built target deepracer_msgs_generate_messages_cpp
[0.121s] [ 58%] Built target deepracer_msgs_generate_messages_lisp
[0.122s] [ 83%] Built target deepracer_msgs_generate_messages_py
[0.124s] [100%] Built target deepracer_msgs_generate_messages_nodejs
[0.139s] [100%] Built target deepracer_msgs_generate_messages
[0.252s] Invoked command in '/home/inspacehj/dr_logger/simulation_ws/build/deepracer_msgs' returned '0': /usr/bin/cmake --build /home/inspacehj/dr_logger/simulation_ws/build/deepracer_msgs -- -j16 -l16
[0.278s] Invoking command in '/home/inspacehj/dr_logger/simulation_ws/build/deepracer_msgs': /usr/bin/cmake --build /home/inspacehj/dr_logger/simulation_ws/build/deepracer_msgs --target tests -- -j16 -l16
[0.324s] Built target tests
[0.331s] Invoked command in '/home/inspacehj/dr_logger/simulation_ws/build/deepracer_msgs' returned '0': /usr/bin/cmake --build /home/inspacehj/dr_logger/simulation_ws/build/deepracer_msgs --target tests -- -j16 -l16
[0.365s] Invoking command in '/home/inspacehj/dr_logger/simulation_ws/build/deepracer_msgs': /usr/bin/cmake --build /home/inspacehj/dr_logger/simulation_ws/build/deepracer_msgs --target install -- -j16 -l16
[0.405s] [  0%] Built target std_msgs_generate_messages_nodejs
[0.405s] [  0%] Built target std_msgs_generate_messages_py
[0.405s] [  0%] Built target std_msgs_generate_messages_lisp
[0.406s] [  0%] Built target std_msgs_generate_messages_cpp
[0.409s] [  0%] Built target std_msgs_generate_messages_eus
[0.428s] [  0%] Built target _deepracer_msgs_generate_messages_check_deps_Control_input
[0.430s] [  0%] Built target _deepracer_msgs_generate_messages_check_deps_Progress
[0.445s] [ 25%] Built target deepracer_msgs_generate_messages_eus
[0.448s] [ 75%] Built target deepracer_msgs_generate_messages_lisp
[0.448s] [ 75%] Built target deepracer_msgs_generate_messages_nodejs
[0.448s] [ 75%] Built target deepracer_msgs_generate_messages_cpp
[0.448s] [100%] Built target deepracer_msgs_generate_messages_py
[0.463s] [100%] Built target deepracer_msgs_generate_messages
[0.478s] [36mInstall the project...[0m
[0.484s] -- Install configuration: ""
[0.484s] -- Up-to-date: /home/inspacehj/dr_logger/simulation_ws/install/deepracer_msgs/share/deepracer_msgs/msg/Progress.msg
[0.484s] -- Up-to-date: /home/inspacehj/dr_logger/simulation_ws/install/deepracer_msgs/share/deepracer_msgs/msg/Control_input.msg
[0.485s] -- Up-to-date: /home/inspacehj/dr_logger/simulation_ws/install/deepracer_msgs/share/deepracer_msgs/cmake/deepracer_msgs-msg-paths.cmake
[0.485s] -- Up-to-date: /home/inspacehj/dr_logger/simulation_ws/install/deepracer_msgs/include/deepracer_msgs
[0.485s] -- Up-to-date: /home/inspacehj/dr_logger/simulation_ws/install/deepracer_msgs/include/deepracer_msgs/Progress.h
[0.485s] -- Up-to-date: /home/inspacehj/dr_logger/simulation_ws/install/deepracer_msgs/include/deepracer_msgs/Control_input.h
[0.485s] -- Up-to-date: /home/inspacehj/dr_logger/simulation_ws/install/deepracer_msgs/share/roseus/ros/deepracer_msgs
[0.485s] -- Up-to-date: /home/inspacehj/dr_logger/simulation_ws/install/deepracer_msgs/share/roseus/ros/deepracer_msgs/msg
[0.485s] -- Up-to-date: /home/inspacehj/dr_logger/simulation_ws/install/deepracer_msgs/share/roseus/ros/deepracer_msgs/msg/Progress.l
[0.485s] -- Up-to-date: /home/inspacehj/dr_logger/simulation_ws/install/deepracer_msgs/share/roseus/ros/deepracer_msgs/msg/Control_input.l
[0.485s] -- Up-to-date: /home/inspacehj/dr_logger/simulation_ws/install/deepracer_msgs/share/roseus/ros/deepracer_msgs/manifest.l
[0.485s] -- Up-to-date: /home/inspacehj/dr_logger/simulation_ws/install/deepracer_msgs/share/common-lisp/ros/deepracer_msgs
[0.485s] -- Up-to-date: /home/inspacehj/dr_logger/simulation_ws/install/deepracer_msgs/share/common-lisp/ros/deepracer_msgs/msg
[0.485s] -- Up-to-date: /home/inspacehj/dr_logger/simulation_ws/install/deepracer_msgs/share/common-lisp/ros/deepracer_msgs/msg/deepracer_msgs-msg.asd
[0.485s] -- Up-to-date: /home/inspacehj/dr_logger/simulation_ws/install/deepracer_msgs/share/common-lisp/ros/deepracer_msgs/msg/_package_Progress.lisp
[0.485s] -- Up-to-date: /home/inspacehj/dr_logger/simulation_ws/install/deepracer_msgs/share/common-lisp/ros/deepracer_msgs/msg/_package_Control_input.lisp
[0.485s] -- Up-to-date: /home/inspacehj/dr_logger/simulation_ws/install/deepracer_msgs/share/common-lisp/ros/deepracer_msgs/msg/_package.lisp
[0.485s] -- Up-to-date: /home/inspacehj/dr_logger/simulation_ws/install/deepracer_msgs/share/common-lisp/ros/deepracer_msgs/msg/Control_input.lisp
[0.485s] -- Up-to-date: /home/inspacehj/dr_logger/simulation_ws/install/deepracer_msgs/share/common-lisp/ros/deepracer_msgs/msg/Progress.lisp
[0.486s] -- Up-to-date: /home/inspacehj/dr_logger/simulation_ws/install/deepracer_msgs/share/gennodejs/ros/deepracer_msgs
[0.486s] -- Up-to-date: /home/inspacehj/dr_logger/simulation_ws/install/deepracer_msgs/share/gennodejs/ros/deepracer_msgs/_index.js
[0.486s] -- Up-to-date: /home/inspacehj/dr_logger/simulation_ws/install/deepracer_msgs/share/gennodejs/ros/deepracer_msgs/msg
[0.486s] -- Up-to-date: /home/inspacehj/dr_logger/simulation_ws/install/deepracer_msgs/share/gennodejs/ros/deepracer_msgs/msg/Control_input.js
[0.486s] -- Up-to-date: /home/inspacehj/dr_logger/simulation_ws/install/deepracer_msgs/share/gennodejs/ros/deepracer_msgs/msg/_index.js
[0.486s] -- Up-to-date: /home/inspacehj/dr_logger/simulation_ws/install/deepracer_msgs/share/gennodejs/ros/deepracer_msgs/msg/Progress.js
[0.493s] Listing /home/inspacehj/dr_logger/simulation_ws/build/deepracer_msgs/devel/lib/python2.7/dist-packages/deepracer_msgs ...
[0.493s] Listing /home/inspacehj/dr_logger/simulation_ws/build/deepracer_msgs/devel/lib/python2.7/dist-packages/deepracer_msgs/msg ...
[0.494s] -- Up-to-date: /home/inspacehj/dr_logger/simulation_ws/install/deepracer_msgs/lib/python2.7/dist-packages/deepracer_msgs
[0.494s] -- Up-to-date: /home/inspacehj/dr_logger/simulation_ws/install/deepracer_msgs/lib/python2.7/dist-packages/deepracer_msgs/__init__.pyc
[0.494s] -- Up-to-date: /home/inspacehj/dr_logger/simulation_ws/install/deepracer_msgs/lib/python2.7/dist-packages/deepracer_msgs/__init__.py
[0.494s] -- Up-to-date: /home/inspacehj/dr_logger/simulation_ws/install/deepracer_msgs/lib/python2.7/dist-packages/deepracer_msgs/msg
[0.494s] -- Up-to-date: /home/inspacehj/dr_logger/simulation_ws/install/deepracer_msgs/lib/python2.7/dist-packages/deepracer_msgs/msg/_Progress.pyc
[0.494s] -- Up-to-date: /home/inspacehj/dr_logger/simulation_ws/install/deepracer_msgs/lib/python2.7/dist-packages/deepracer_msgs/msg/__init__.pyc
[0.495s] -- Up-to-date: /home/inspacehj/dr_logger/simulation_ws/install/deepracer_msgs/lib/python2.7/dist-packages/deepracer_msgs/msg/_Control_input.py
[0.495s] -- Up-to-date: /home/inspacehj/dr_logger/simulation_ws/install/deepracer_msgs/lib/python2.7/dist-packages/deepracer_msgs/msg/__init__.py
[0.495s] -- Up-to-date: /home/inspacehj/dr_logger/simulation_ws/install/deepracer_msgs/lib/python2.7/dist-packages/deepracer_msgs/msg/_Progress.py
[0.495s] -- Up-to-date: /home/inspacehj/dr_logger/simulation_ws/install/deepracer_msgs/lib/python2.7/dist-packages/deepracer_msgs/msg/_Control_input.pyc
[0.495s] -- Up-to-date: /home/inspacehj/dr_logger/simulation_ws/install/deepracer_msgs/lib/pkgconfig/deepracer_msgs.pc
[0.495s] -- Up-to-date: /home/inspacehj/dr_logger/simulation_ws/install/deepracer_msgs/share/deepracer_msgs/cmake/deepracer_msgs-msg-extras.cmake
[0.495s] -- Up-to-date: /home/inspacehj/dr_logger/simulation_ws/install/deepracer_msgs/share/deepracer_msgs/cmake/deepracer_msgsConfig.cmake
[0.495s] -- Up-to-date: /home/inspacehj/dr_logger/simulation_ws/install/deepracer_msgs/share/deepracer_msgs/cmake/deepracer_msgsConfig-version.cmake
[0.495s] -- Up-to-date: /home/inspacehj/dr_logger/simulation_ws/install/deepracer_msgs/share/deepracer_msgs/package.xml
[0.497s] Invoked command in '/home/inspacehj/dr_logger/simulation_ws/build/deepracer_msgs' returned '0': /usr/bin/cmake --build /home/inspacehj/dr_logger/simulation_ws/build/deepracer_msgs --target install -- -j16 -l16
