[0.498s] DEBUG:colcon:Command line arguments: ['/home/inspacehj/.local/bin/colcon', 'build']
[0.498s] DEBUG:colcon:Parsed command line arguments: Namespace(ament_cmake_args=None, base_paths=['.'], build_base='build', catkin_cmake_args=None, catkin_skip_building_tests=False, cmake_args=None, cmake_clean_cache=False, cmake_clean_first=False, cmake_force_configure=False, cmake_target=None, cmake_target_skip_unavailable=False, continue_on_error=False, event_handlers=None, executor='parallel', ignore_user_meta=False, install_base='install', log_base=None, log_level=None, main=<bound method BuildVerb.main of <colcon_core.verb.build.BuildVerb object at 0x7f3a925f39e8>>, merge_install=False, metas=['./colcon.meta'], packages_above=None, packages_above_and_dependencies=None, packages_above_depth=None, packages_end=None, packages_ignore=None, packages_ignore_regex=None, packages_select=None, packages_select_build_failed=False, packages_select_by_dep=None, packages_select_regex=None, packages_select_test_failures=False, packages_skip=None, packages_skip_build_finished=False, packages_skip_by_dep=None, packages_skip_regex=None, packages_skip_test_passed=False, packages_skip_up_to=None, packages_start=None, packages_up_to=None, packages_up_to_regex=None, parallel_workers=16, paths=None, symlink_install=False, test_result_base=None, verb_extension=<colcon_core.verb.build.BuildVerb object at 0x7f3a925f39e8>, verb_name='build', verb_parser=<colcon_defaults.argument_parser.defaults.DefaultArgumentsDecorator object at 0x7f3a925f3d68>)
[0.516s] Level 1:colcon.colcon_core.package_discovery:discover_packages(colcon_meta) check parameters
[0.516s] Level 1:colcon.colcon_core.package_discovery:discover_packages(recursive) check parameters
[0.516s] Level 1:colcon.colcon_core.package_discovery:discover_packages(ignore) check parameters
[0.516s] Level 1:colcon.colcon_core.package_discovery:discover_packages(path) check parameters
[0.516s] Level 1:colcon.colcon_core.package_discovery:discover_packages(colcon_meta) discover
[0.516s] Level 1:colcon.colcon_core.package_discovery:discover_packages(recursive) discover
[0.516s] INFO:colcon.colcon_core.package_discovery:Crawling recursively for packages in '/home/inspacehj/dr_logger/simulation_ws'
[0.516s] Level 1:colcon.colcon_core.package_identification:_identify(.) by extensions ['ignore', 'ignore_ament_install']
[0.516s] Level 1:colcon.colcon_core.package_identification:_identify(.) by extension 'ignore'
[0.517s] Level 1:colcon.colcon_core.package_identification:_identify(.) by extension 'ignore_ament_install'
[0.517s] Level 1:colcon.colcon_core.package_identification:_identify(.) by extensions ['colcon_pkg']
[0.517s] Level 1:colcon.colcon_core.package_identification:_identify(.) by extension 'colcon_pkg'
[0.517s] Level 1:colcon.colcon_core.package_identification:_identify(.) by extensions ['colcon_meta']
[0.517s] Level 1:colcon.colcon_core.package_identification:_identify(.) by extension 'colcon_meta'
[0.517s] Level 1:colcon.colcon_core.package_identification:_identify(.) by extensions ['ros']
[0.517s] Level 1:colcon.colcon_core.package_identification:_identify(.) by extension 'ros'
[0.525s] Level 1:colcon.colcon_core.package_identification:_identify(.) by extensions ['cmake', 'python']
[0.525s] Level 1:colcon.colcon_core.package_identification:_identify(.) by extension 'cmake'
[0.525s] Level 1:colcon.colcon_core.package_identification:_identify(.) by extension 'python'
[0.525s] Level 1:colcon.colcon_core.package_identification:_identify(.) by extensions ['python_setup_py']
[0.525s] Level 1:colcon.colcon_core.package_identification:_identify(.) by extension 'python_setup_py'
[0.526s] Level 1:colcon.colcon_core.package_identification:_identify(build) by extensions ['ignore', 'ignore_ament_install']
[0.526s] Level 1:colcon.colcon_core.package_identification:_identify(build) by extension 'ignore'
[0.526s] Level 1:colcon.colcon_core.package_identification:_identify(build) ignored
[0.526s] Level 1:colcon.colcon_core.package_identification:_identify(install) by extensions ['ignore', 'ignore_ament_install']
[0.526s] Level 1:colcon.colcon_core.package_identification:_identify(install) by extension 'ignore'
[0.526s] Level 1:colcon.colcon_core.package_identification:_identify(install) ignored
[0.526s] Level 1:colcon.colcon_core.package_identification:_identify(log) by extensions ['ignore', 'ignore_ament_install']
[0.526s] Level 1:colcon.colcon_core.package_identification:_identify(log) by extension 'ignore'
[0.526s] Level 1:colcon.colcon_core.package_identification:_identify(log) ignored
[0.526s] Level 1:colcon.colcon_core.package_identification:_identify(src) by extensions ['ignore', 'ignore_ament_install']
[0.526s] Level 1:colcon.colcon_core.package_identification:_identify(src) by extension 'ignore'
[0.526s] Level 1:colcon.colcon_core.package_identification:_identify(src) by extension 'ignore_ament_install'
[0.526s] Level 1:colcon.colcon_core.package_identification:_identify(src) by extensions ['colcon_pkg']
[0.526s] Level 1:colcon.colcon_core.package_identification:_identify(src) by extension 'colcon_pkg'
[0.526s] Level 1:colcon.colcon_core.package_identification:_identify(src) by extensions ['colcon_meta']
[0.527s] Level 1:colcon.colcon_core.package_identification:_identify(src) by extension 'colcon_meta'
[0.527s] Level 1:colcon.colcon_core.package_identification:_identify(src) by extensions ['ros']
[0.527s] Level 1:colcon.colcon_core.package_identification:_identify(src) by extension 'ros'
[0.527s] Level 1:colcon.colcon_core.package_identification:_identify(src) by extensions ['cmake', 'python']
[0.527s] Level 1:colcon.colcon_core.package_identification:_identify(src) by extension 'cmake'
[0.527s] Level 1:colcon.colcon_core.package_identification:_identify(src) by extension 'python'
[0.527s] Level 1:colcon.colcon_core.package_identification:_identify(src) by extensions ['python_setup_py']
[0.527s] Level 1:colcon.colcon_core.package_identification:_identify(src) by extension 'python_setup_py'
[0.527s] Level 1:colcon.colcon_core.package_identification:_identify(src/deepracer_interpreter) by extensions ['ignore', 'ignore_ament_install']
[0.527s] Level 1:colcon.colcon_core.package_identification:_identify(src/deepracer_interpreter) by extension 'ignore'
[0.527s] Level 1:colcon.colcon_core.package_identification:_identify(src/deepracer_interpreter) by extension 'ignore_ament_install'
[0.527s] Level 1:colcon.colcon_core.package_identification:_identify(src/deepracer_interpreter) by extensions ['colcon_pkg']
[0.527s] Level 1:colcon.colcon_core.package_identification:_identify(src/deepracer_interpreter) by extension 'colcon_pkg'
[0.527s] Level 1:colcon.colcon_core.package_identification:_identify(src/deepracer_interpreter) by extensions ['colcon_meta']
[0.527s] Level 1:colcon.colcon_core.package_identification:_identify(src/deepracer_interpreter) by extension 'colcon_meta'
[0.527s] Level 1:colcon.colcon_core.package_identification:_identify(src/deepracer_interpreter) by extensions ['ros']
[0.527s] Level 1:colcon.colcon_core.package_identification:_identify(src/deepracer_interpreter) by extension 'ros'
[0.529s] DEBUG:colcon.colcon_core.package_identification:Package 'src/deepracer_interpreter' with type 'ros.catkin' and name 'deepracer_interpreter'
[0.529s] Level 1:colcon.colcon_core.package_identification:_identify(src/deepracer_msgs) by extensions ['ignore', 'ignore_ament_install']
[0.529s] Level 1:colcon.colcon_core.package_identification:_identify(src/deepracer_msgs) by extension 'ignore'
[0.529s] Level 1:colcon.colcon_core.package_identification:_identify(src/deepracer_msgs) by extension 'ignore_ament_install'
[0.529s] Level 1:colcon.colcon_core.package_identification:_identify(src/deepracer_msgs) by extensions ['colcon_pkg']
[0.529s] Level 1:colcon.colcon_core.package_identification:_identify(src/deepracer_msgs) by extension 'colcon_pkg'
[0.529s] Level 1:colcon.colcon_core.package_identification:_identify(src/deepracer_msgs) by extensions ['colcon_meta']
[0.529s] Level 1:colcon.colcon_core.package_identification:_identify(src/deepracer_msgs) by extension 'colcon_meta'
[0.529s] Level 1:colcon.colcon_core.package_identification:_identify(src/deepracer_msgs) by extensions ['ros']
[0.529s] Level 1:colcon.colcon_core.package_identification:_identify(src/deepracer_msgs) by extension 'ros'
[0.530s] DEBUG:colcon.colcon_core.package_identification:Package 'src/deepracer_msgs' with type 'ros.catkin' and name 'deepracer_msgs'
[0.530s] Level 1:colcon.colcon_core.package_identification:_identify(src/deepracer_simulation) by extensions ['ignore', 'ignore_ament_install']
[0.530s] Level 1:colcon.colcon_core.package_identification:_identify(src/deepracer_simulation) by extension 'ignore'
[0.530s] Level 1:colcon.colcon_core.package_identification:_identify(src/deepracer_simulation) by extension 'ignore_ament_install'
[0.530s] Level 1:colcon.colcon_core.package_identification:_identify(src/deepracer_simulation) by extensions ['colcon_pkg']
[0.530s] Level 1:colcon.colcon_core.package_identification:_identify(src/deepracer_simulation) by extension 'colcon_pkg'
[0.530s] Level 1:colcon.colcon_core.package_identification:_identify(src/deepracer_simulation) by extensions ['colcon_meta']
[0.530s] Level 1:colcon.colcon_core.package_identification:_identify(src/deepracer_simulation) by extension 'colcon_meta'
[0.530s] Level 1:colcon.colcon_core.package_identification:_identify(src/deepracer_simulation) by extensions ['ros']
[0.530s] Level 1:colcon.colcon_core.package_identification:_identify(src/deepracer_simulation) by extension 'ros'
[0.531s] DEBUG:colcon.colcon_core.package_identification:Package 'src/deepracer_simulation' with type 'ros.catkin' and name 'deepracer_simulation'
[0.531s] Level 1:colcon.colcon_core.package_identification:_identify(src/sagemaker_rl_agent) by extensions ['ignore', 'ignore_ament_install']
[0.531s] Level 1:colcon.colcon_core.package_identification:_identify(src/sagemaker_rl_agent) by extension 'ignore'
[0.531s] Level 1:colcon.colcon_core.package_identification:_identify(src/sagemaker_rl_agent) by extension 'ignore_ament_install'
[0.531s] Level 1:colcon.colcon_core.package_identification:_identify(src/sagemaker_rl_agent) by extensions ['colcon_pkg']
[0.531s] Level 1:colcon.colcon_core.package_identification:_identify(src/sagemaker_rl_agent) by extension 'colcon_pkg'
[0.531s] Level 1:colcon.colcon_core.package_identification:_identify(src/sagemaker_rl_agent) by extensions ['colcon_meta']
[0.531s] Level 1:colcon.colcon_core.package_identification:_identify(src/sagemaker_rl_agent) by extension 'colcon_meta'
[0.531s] Level 1:colcon.colcon_core.package_identification:_identify(src/sagemaker_rl_agent) by extensions ['ros']
[0.531s] Level 1:colcon.colcon_core.package_identification:_identify(src/sagemaker_rl_agent) by extension 'ros'
[0.531s] Level 1:colcon.colcon_core.package_identification:_identify(src/sagemaker_rl_agent) by extensions ['cmake', 'python']
[0.532s] Level 1:colcon.colcon_core.package_identification:_identify(src/sagemaker_rl_agent) by extension 'cmake'
[0.532s] Level 1:colcon.colcon_core.package_identification:_identify(src/sagemaker_rl_agent) by extension 'python'
[0.532s] Level 1:colcon.colcon_core.package_identification:_identify(src/sagemaker_rl_agent) by extensions ['python_setup_py']
[0.532s] Level 1:colcon.colcon_core.package_identification:_identify(src/sagemaker_rl_agent) by extension 'python_setup_py'
[0.719s] DEBUG:colcon.colcon_core.package_identification:Package 'src/sagemaker_rl_agent' with type 'python' and name 'sagemaker_rl_agent'
[0.719s] Level 1:colcon.colcon_core.package_discovery:discover_packages(recursive) using defaults
[0.719s] Level 1:colcon.colcon_core.package_discovery:discover_packages(ignore) discover
[0.719s] Level 1:colcon.colcon_core.package_discovery:discover_packages(ignore) using defaults
[0.719s] Level 1:colcon.colcon_core.package_discovery:discover_packages(path) discover
[0.719s] Level 1:colcon.colcon_core.package_discovery:discover_packages(path) using defaults
[0.764s] Level 5:colcon.colcon_core.verb:set package 'deepracer_msgs' build argument 'cmake_args' from command line to 'None'
[0.764s] Level 5:colcon.colcon_core.verb:set package 'deepracer_msgs' build argument 'cmake_target' from command line to 'None'
[0.764s] Level 5:colcon.colcon_core.verb:set package 'deepracer_msgs' build argument 'cmake_target_skip_unavailable' from command line to 'False'
[0.764s] Level 5:colcon.colcon_core.verb:set package 'deepracer_msgs' build argument 'cmake_clean_cache' from command line to 'False'
[0.764s] Level 5:colcon.colcon_core.verb:set package 'deepracer_msgs' build argument 'cmake_clean_first' from command line to 'False'
[0.764s] Level 5:colcon.colcon_core.verb:set package 'deepracer_msgs' build argument 'cmake_force_configure' from command line to 'False'
[0.764s] Level 5:colcon.colcon_core.verb:set package 'deepracer_msgs' build argument 'ament_cmake_args' from command line to 'None'
[0.764s] Level 5:colcon.colcon_core.verb:set package 'deepracer_msgs' build argument 'catkin_cmake_args' from command line to 'None'
[0.764s] Level 5:colcon.colcon_core.verb:set package 'deepracer_msgs' build argument 'catkin_skip_building_tests' from command line to 'False'
[0.764s] DEBUG:colcon.colcon_core.verb:Building package 'deepracer_msgs' with the following arguments: {'ament_cmake_args': None, 'build_base': '/home/inspacehj/dr_logger/simulation_ws/build/deepracer_msgs', 'catkin_cmake_args': None, 'catkin_skip_building_tests': False, 'cmake_args': None, 'cmake_clean_cache': False, 'cmake_clean_first': False, 'cmake_force_configure': False, 'cmake_target': None, 'cmake_target_skip_unavailable': False, 'install_base': '/home/inspacehj/dr_logger/simulation_ws/install/deepracer_msgs', 'merge_install': False, 'path': '/home/inspacehj/dr_logger/simulation_ws/src/deepracer_msgs', 'symlink_install': False, 'test_result_base': None}
[0.775s] Level 5:colcon.colcon_core.verb:set package 'deepracer_simulation' build argument 'cmake_args' from command line to 'None'
[0.775s] Level 5:colcon.colcon_core.verb:set package 'deepracer_simulation' build argument 'cmake_target' from command line to 'None'
[0.775s] Level 5:colcon.colcon_core.verb:set package 'deepracer_simulation' build argument 'cmake_target_skip_unavailable' from command line to 'False'
[0.775s] Level 5:colcon.colcon_core.verb:set package 'deepracer_simulation' build argument 'cmake_clean_cache' from command line to 'False'
[0.775s] Level 5:colcon.colcon_core.verb:set package 'deepracer_simulation' build argument 'cmake_clean_first' from command line to 'False'
[0.775s] Level 5:colcon.colcon_core.verb:set package 'deepracer_simulation' build argument 'cmake_force_configure' from command line to 'False'
[0.775s] Level 5:colcon.colcon_core.verb:set package 'deepracer_simulation' build argument 'ament_cmake_args' from command line to 'None'
[0.775s] Level 5:colcon.colcon_core.verb:set package 'deepracer_simulation' build argument 'catkin_cmake_args' from command line to 'None'
[0.775s] Level 5:colcon.colcon_core.verb:set package 'deepracer_simulation' build argument 'catkin_skip_building_tests' from command line to 'False'
[0.775s] DEBUG:colcon.colcon_core.verb:Building package 'deepracer_simulation' with the following arguments: {'ament_cmake_args': None, 'build_base': '/home/inspacehj/dr_logger/simulation_ws/build/deepracer_simulation', 'catkin_cmake_args': None, 'catkin_skip_building_tests': False, 'cmake_args': None, 'cmake_clean_cache': False, 'cmake_clean_first': False, 'cmake_force_configure': False, 'cmake_target': None, 'cmake_target_skip_unavailable': False, 'install_base': '/home/inspacehj/dr_logger/simulation_ws/install/deepracer_simulation', 'merge_install': False, 'path': '/home/inspacehj/dr_logger/simulation_ws/src/deepracer_simulation', 'symlink_install': False, 'test_result_base': None}
[0.786s] Level 5:colcon.colcon_core.verb:set package 'sagemaker_rl_agent' build argument 'cmake_args' from command line to 'None'
[0.786s] Level 5:colcon.colcon_core.verb:set package 'sagemaker_rl_agent' build argument 'cmake_target' from command line to 'None'
[0.786s] Level 5:colcon.colcon_core.verb:set package 'sagemaker_rl_agent' build argument 'cmake_target_skip_unavailable' from command line to 'False'
[0.786s] Level 5:colcon.colcon_core.verb:set package 'sagemaker_rl_agent' build argument 'cmake_clean_cache' from command line to 'False'
[0.786s] Level 5:colcon.colcon_core.verb:set package 'sagemaker_rl_agent' build argument 'cmake_clean_first' from command line to 'False'
[0.786s] Level 5:colcon.colcon_core.verb:set package 'sagemaker_rl_agent' build argument 'cmake_force_configure' from command line to 'False'
[0.786s] Level 5:colcon.colcon_core.verb:set package 'sagemaker_rl_agent' build argument 'ament_cmake_args' from command line to 'None'
[0.786s] Level 5:colcon.colcon_core.verb:set package 'sagemaker_rl_agent' build argument 'catkin_cmake_args' from command line to 'None'
[0.786s] Level 5:colcon.colcon_core.verb:set package 'sagemaker_rl_agent' build argument 'catkin_skip_building_tests' from command line to 'False'
[0.786s] DEBUG:colcon.colcon_core.verb:Building package 'sagemaker_rl_agent' with the following arguments: {'ament_cmake_args': None, 'build_base': '/home/inspacehj/dr_logger/simulation_ws/build/sagemaker_rl_agent', 'catkin_cmake_args': None, 'catkin_skip_building_tests': False, 'cmake_args': None, 'cmake_clean_cache': False, 'cmake_clean_first': False, 'cmake_force_configure': False, 'cmake_target': None, 'cmake_target_skip_unavailable': False, 'install_base': '/home/inspacehj/dr_logger/simulation_ws/install/sagemaker_rl_agent', 'merge_install': False, 'path': '/home/inspacehj/dr_logger/simulation_ws/src/sagemaker_rl_agent', 'symlink_install': False, 'test_result_base': None}
[0.797s] Level 5:colcon.colcon_core.verb:set package 'deepracer_interpreter' build argument 'cmake_args' from command line to 'None'
[0.797s] Level 5:colcon.colcon_core.verb:set package 'deepracer_interpreter' build argument 'cmake_target' from command line to 'None'
[0.797s] Level 5:colcon.colcon_core.verb:set package 'deepracer_interpreter' build argument 'cmake_target_skip_unavailable' from command line to 'False'
[0.797s] Level 5:colcon.colcon_core.verb:set package 'deepracer_interpreter' build argument 'cmake_clean_cache' from command line to 'False'
[0.797s] Level 5:colcon.colcon_core.verb:set package 'deepracer_interpreter' build argument 'cmake_clean_first' from command line to 'False'
[0.797s] Level 5:colcon.colcon_core.verb:set package 'deepracer_interpreter' build argument 'cmake_force_configure' from command line to 'False'
[0.797s] Level 5:colcon.colcon_core.verb:set package 'deepracer_interpreter' build argument 'ament_cmake_args' from command line to 'None'
[0.797s] Level 5:colcon.colcon_core.verb:set package 'deepracer_interpreter' build argument 'catkin_cmake_args' from command line to 'None'
[0.797s] Level 5:colcon.colcon_core.verb:set package 'deepracer_interpreter' build argument 'catkin_skip_building_tests' from command line to 'False'
[0.797s] DEBUG:colcon.colcon_core.verb:Building package 'deepracer_interpreter' with the following arguments: {'ament_cmake_args': None, 'build_base': '/home/inspacehj/dr_logger/simulation_ws/build/deepracer_interpreter', 'catkin_cmake_args': None, 'catkin_skip_building_tests': False, 'cmake_args': None, 'cmake_clean_cache': False, 'cmake_clean_first': False, 'cmake_force_configure': False, 'cmake_target': None, 'cmake_target_skip_unavailable': False, 'install_base': '/home/inspacehj/dr_logger/simulation_ws/install/deepracer_interpreter', 'merge_install': False, 'path': '/home/inspacehj/dr_logger/simulation_ws/src/deepracer_interpreter', 'symlink_install': False, 'test_result_base': None}
[0.800s] INFO:colcon.colcon_core.executor:Executing jobs using 'parallel' executor
[0.818s] DEBUG:colcon.colcon_parallel_executor.executor.parallel:run_until_complete
[0.819s] INFO:colcon.colcon_ros.task.catkin.build:Building ROS package in '/home/inspacehj/dr_logger/simulation_ws/src/deepracer_msgs' with build type 'catkin'
[0.819s] INFO:colcon.colcon_cmake.task.cmake.build:Building CMake package in '/home/inspacehj/dr_logger/simulation_ws/src/deepracer_msgs'
[0.829s] INFO:colcon.colcon_core.plugin_system:Skipping extension 'colcon_core.shell.bat': Not used on non-Windows systems
[0.829s] INFO:colcon.colcon_core.shell:Skip shell extension 'powershell' for command environment: Not usable outside of PowerShell
[0.829s] DEBUG:colcon.colcon_core.shell:Skip shell extension 'dsv' for command environment
[0.835s] WARNING:colcon.colcon_ros.prefix_path.catkin:The path '/home/inspacehj/dr_logger/simulation_ws/install/deepracer_simulation' in the environment variable CMAKE_PREFIX_PATH doesn't exist
[0.836s] WARNING:colcon.colcon_ros.prefix_path.catkin:The path '/home/inspacehj/dr_logger/simulation_ws/install/deepracer_interpreter' in the environment variable CMAKE_PREFIX_PATH doesn't exist
[0.836s] WARNING:colcon.colcon_ros.prefix_path.catkin:The path '/home/inspacehj/dr_logger/simulation_ws/install/deepracer_msgs' in the environment variable CMAKE_PREFIX_PATH doesn't exist
[0.836s] DEBUG:colcon.colcon_core.shell:Ignoring prefix path '/home/inspacehj/drone_mpc_ws/devel/.private/catkin_tools_prebuild'
[0.836s] DEBUG:colcon.colcon_core.shell:Ignoring prefix path '/home/inspacehj/drone_ws/devel/.private/catkin_tools_prebuild'
[0.836s] DEBUG:colcon.colcon_core.shell:Ignoring prefix path '/home/inspacehj/drone_mpc_ws/devel'
[0.836s] DEBUG:colcon.colcon_core.shell:Ignoring prefix path '/home/inspacehj/autosim_ws/devel'
[0.836s] DEBUG:colcon.colcon_core.shell:Ignoring prefix path '/home/inspacehj/catkin_ws/devel'
[0.836s] DEBUG:colcon.colcon_core.shell:Ignoring prefix path '/home/inspacehj/drone_ws/devel'
[0.836s] DEBUG:colcon.colcon_core.shell:Ignoring prefix path '/opt/ros/melodic'
[0.838s] INFO:colcon.colcon_ros.task.catkin.build:Building ROS package in '/home/inspacehj/dr_logger/simulation_ws/src/deepracer_simulation' with build type 'catkin'
[0.838s] INFO:colcon.colcon_cmake.task.cmake.build:Building CMake package in '/home/inspacehj/dr_logger/simulation_ws/src/deepracer_simulation'
[0.846s] INFO:colcon.colcon_core.shell:Skip shell extension 'powershell' for command environment: Not usable outside of PowerShell
[0.846s] DEBUG:colcon.colcon_core.shell:Skip shell extension 'dsv' for command environment
[0.853s] DEBUG:colcon.colcon_core.shell:Ignoring prefix path '/home/inspacehj/drone_mpc_ws/devel/.private/catkin_tools_prebuild'
[0.853s] DEBUG:colcon.colcon_core.shell:Ignoring prefix path '/home/inspacehj/drone_ws/devel/.private/catkin_tools_prebuild'
[0.853s] DEBUG:colcon.colcon_core.shell:Ignoring prefix path '/home/inspacehj/drone_mpc_ws/devel'
[0.853s] DEBUG:colcon.colcon_core.shell:Ignoring prefix path '/home/inspacehj/autosim_ws/devel'
[0.853s] DEBUG:colcon.colcon_core.shell:Ignoring prefix path '/home/inspacehj/catkin_ws/devel'
[0.854s] DEBUG:colcon.colcon_core.shell:Ignoring prefix path '/home/inspacehj/drone_ws/devel'
[0.854s] DEBUG:colcon.colcon_core.shell:Ignoring prefix path '/opt/ros/melodic'
[0.855s] INFO:colcon.colcon_core.task.python.build:Building Python package in '/home/inspacehj/dr_logger/simulation_ws/src/sagemaker_rl_agent'
[0.863s] INFO:colcon.colcon_core.shell:Skip shell extension 'powershell' for command environment: Not usable outside of PowerShell
[0.863s] DEBUG:colcon.colcon_core.shell:Skip shell extension 'dsv' for command environment
[0.870s] DEBUG:colcon.colcon_core.shell:Ignoring prefix path '/home/inspacehj/drone_mpc_ws/devel/.private/catkin_tools_prebuild'
[0.870s] DEBUG:colcon.colcon_core.shell:Ignoring prefix path '/home/inspacehj/drone_ws/devel/.private/catkin_tools_prebuild'
[0.870s] DEBUG:colcon.colcon_core.shell:Ignoring prefix path '/home/inspacehj/drone_mpc_ws/devel'
[0.870s] DEBUG:colcon.colcon_core.shell:Ignoring prefix path '/home/inspacehj/autosim_ws/devel'
[0.870s] DEBUG:colcon.colcon_core.shell:Ignoring prefix path '/home/inspacehj/catkin_ws/devel'
[0.870s] DEBUG:colcon.colcon_core.shell:Ignoring prefix path '/home/inspacehj/drone_ws/devel'
[0.870s] DEBUG:colcon.colcon_core.shell:Ignoring prefix path '/opt/ros/melodic'
[0.876s] DEBUG:colcon.colcon_core.event_handler.log_command:Invoking command in '/home/inspacehj/dr_logger/simulation_ws/build/deepracer_msgs': /usr/bin/cmake /home/inspacehj/dr_logger/simulation_ws/src/deepracer_msgs -DCATKIN_INSTALL_INTO_PREFIX_ROOT=0 -DCMAKE_INSTALL_PREFIX=/home/inspacehj/dr_logger/simulation_ws/install/deepracer_msgs
[0.878s] DEBUG:colcon.colcon_core.event_handler.log_command:Invoking command in '/home/inspacehj/dr_logger/simulation_ws/build/deepracer_simulation': /usr/bin/cmake /home/inspacehj/dr_logger/simulation_ws/src/deepracer_simulation -DCATKIN_INSTALL_INTO_PREFIX_ROOT=0 -DCMAKE_INSTALL_PREFIX=/home/inspacehj/dr_logger/simulation_ws/install/deepracer_simulation
[1.093s] DEBUG:colcon.colcon_core.event_handler.log_command:Invoking command in '/home/inspacehj/dr_logger/simulation_ws/src/sagemaker_rl_agent': PYTHONPATH=/home/inspacehj/dr_logger/simulation_ws/install/sagemaker_rl_agent/lib/python3.6/site-packages:${PYTHONPATH} /usr/bin/python3 setup.py egg_info --egg-base ../../build/sagemaker_rl_agent build --build-base /home/inspacehj/dr_logger/simulation_ws/build/sagemaker_rl_agent/build install --prefix /home/inspacehj/dr_logger/simulation_ws/install/sagemaker_rl_agent --record /home/inspacehj/dr_logger/simulation_ws/build/sagemaker_rl_agent/install.log --single-version-externally-managed
[1.350s] DEBUG:colcon.colcon_core.event_handler.log_command:Invoked command in '/home/inspacehj/dr_logger/simulation_ws/src/sagemaker_rl_agent' returned '0': PYTHONPATH=/home/inspacehj/dr_logger/simulation_ws/install/sagemaker_rl_agent/lib/python3.6/site-packages:${PYTHONPATH} /usr/bin/python3 setup.py egg_info --egg-base ../../build/sagemaker_rl_agent build --build-base /home/inspacehj/dr_logger/simulation_ws/build/sagemaker_rl_agent/build install --prefix /home/inspacehj/dr_logger/simulation_ws/install/sagemaker_rl_agent --record /home/inspacehj/dr_logger/simulation_ws/build/sagemaker_rl_agent/install.log --single-version-externally-managed
[1.358s] Level 1:colcon.colcon_core.environment:checking '/home/inspacehj/dr_logger/simulation_ws/install/sagemaker_rl_agent' for CMake module files
[1.359s] Level 1:colcon.colcon_core.environment:checking '/home/inspacehj/dr_logger/simulation_ws/install/sagemaker_rl_agent' for CMake config files
[1.360s] Level 1:colcon.colcon_core.environment:checking '/home/inspacehj/dr_logger/simulation_ws/install/sagemaker_rl_agent/lib'
[1.360s] Level 1:colcon.colcon_core.environment:checking '/home/inspacehj/dr_logger/simulation_ws/install/sagemaker_rl_agent/bin'
[1.360s] Level 1:colcon.colcon_core.shell:create_environment_hook('sagemaker_rl_agent', 'path')
[1.371s] INFO:colcon.colcon_core.shell:Creating environment hook '/home/inspacehj/dr_logger/simulation_ws/install/sagemaker_rl_agent/share/sagemaker_rl_agent/hook/path.ps1'
[1.371s] INFO:colcon.colcon_core.shell:Creating environment descriptor '/home/inspacehj/dr_logger/simulation_ws/install/sagemaker_rl_agent/share/sagemaker_rl_agent/hook/path.dsv'
[1.372s] INFO:colcon.colcon_core.shell:Creating environment hook '/home/inspacehj/dr_logger/simulation_ws/install/sagemaker_rl_agent/share/sagemaker_rl_agent/hook/path.sh'
[1.372s] Level 1:colcon.colcon_core.environment:checking '/home/inspacehj/dr_logger/simulation_ws/install/sagemaker_rl_agent/lib/pkgconfig/sagemaker_rl_agent.pc'
[1.372s] Level 1:colcon.colcon_core.environment:checking '/home/inspacehj/dr_logger/simulation_ws/install/sagemaker_rl_agent/lib/python3.6/site-packages'
[1.372s] Level 1:colcon.colcon_core.shell:create_environment_hook('sagemaker_rl_agent', 'pythonpath')
[1.383s] INFO:colcon.colcon_core.shell:Creating environment hook '/home/inspacehj/dr_logger/simulation_ws/install/sagemaker_rl_agent/share/sagemaker_rl_agent/hook/pythonpath.ps1'
[1.384s] INFO:colcon.colcon_core.shell:Creating environment descriptor '/home/inspacehj/dr_logger/simulation_ws/install/sagemaker_rl_agent/share/sagemaker_rl_agent/hook/pythonpath.dsv'
[1.384s] INFO:colcon.colcon_core.shell:Creating environment hook '/home/inspacehj/dr_logger/simulation_ws/install/sagemaker_rl_agent/share/sagemaker_rl_agent/hook/pythonpath.sh'
[1.384s] Level 1:colcon.colcon_core.environment:create_environment_scripts_only(sagemaker_rl_agent)
[1.392s] INFO:colcon.colcon_core.shell:Creating package script '/home/inspacehj/dr_logger/simulation_ws/install/sagemaker_rl_agent/share/sagemaker_rl_agent/package.ps1'
[1.393s] INFO:colcon.colcon_core.shell:Creating package descriptor '/home/inspacehj/dr_logger/simulation_ws/install/sagemaker_rl_agent/share/sagemaker_rl_agent/package.dsv'
[1.393s] INFO:colcon.colcon_core.shell:Creating package script '/home/inspacehj/dr_logger/simulation_ws/install/sagemaker_rl_agent/share/sagemaker_rl_agent/package.sh'
[1.394s] INFO:colcon.colcon_core.shell:Creating package script '/home/inspacehj/dr_logger/simulation_ws/install/sagemaker_rl_agent/share/sagemaker_rl_agent/package.bash'
[1.394s] INFO:colcon.colcon_core.shell:Creating package script '/home/inspacehj/dr_logger/simulation_ws/install/sagemaker_rl_agent/share/sagemaker_rl_agent/package.zsh'
[1.395s] Level 1:colcon.colcon_core.environment:create_file_with_runtime_dependencies(/home/inspacehj/dr_logger/simulation_ws/install/sagemaker_rl_agent/share/colcon-core/packages/sagemaker_rl_agent)
[2.075s] DEBUG:colcon.colcon_core.event_handler.log_command:Invoked command in '/home/inspacehj/dr_logger/simulation_ws/build/deepracer_msgs' returned '0': /usr/bin/cmake /home/inspacehj/dr_logger/simulation_ws/src/deepracer_msgs -DCATKIN_INSTALL_INTO_PREFIX_ROOT=0 -DCMAKE_INSTALL_PREFIX=/home/inspacehj/dr_logger/simulation_ws/install/deepracer_msgs
[2.077s] DEBUG:colcon.colcon_core.event_handler.log_command:Invoking command in '/home/inspacehj/dr_logger/simulation_ws/build/deepracer_msgs': /usr/bin/cmake --build /home/inspacehj/dr_logger/simulation_ws/build/deepracer_msgs -- -j16 -l16
[2.114s] DEBUG:colcon.colcon_core.event_handler.log_command:Invoked command in '/home/inspacehj/dr_logger/simulation_ws/build/deepracer_simulation' returned '0': /usr/bin/cmake /home/inspacehj/dr_logger/simulation_ws/src/deepracer_simulation -DCATKIN_INSTALL_INTO_PREFIX_ROOT=0 -DCMAKE_INSTALL_PREFIX=/home/inspacehj/dr_logger/simulation_ws/install/deepracer_simulation
[2.117s] DEBUG:colcon.colcon_core.event_handler.log_command:Invoking command in '/home/inspacehj/dr_logger/simulation_ws/build/deepracer_simulation': /usr/bin/cmake --build /home/inspacehj/dr_logger/simulation_ws/build/deepracer_simulation -- -j16 -l16
[2.150s] DEBUG:colcon.colcon_core.event_handler.log_command:Invoked command in '/home/inspacehj/dr_logger/simulation_ws/build/deepracer_simulation' returned '0': /usr/bin/cmake --build /home/inspacehj/dr_logger/simulation_ws/build/deepracer_simulation -- -j16 -l16
[2.207s] DEBUG:colcon.colcon_core.event_handler.log_command:Invoking command in '/home/inspacehj/dr_logger/simulation_ws/build/deepracer_simulation': /usr/bin/cmake --build /home/inspacehj/dr_logger/simulation_ws/build/deepracer_simulation --target tests -- -j16 -l16
[2.263s] DEBUG:colcon.colcon_core.event_handler.log_command:Invoked command in '/home/inspacehj/dr_logger/simulation_ws/build/deepracer_simulation' returned '0': /usr/bin/cmake --build /home/inspacehj/dr_logger/simulation_ws/build/deepracer_simulation --target tests -- -j16 -l16
[2.339s] DEBUG:colcon.colcon_core.event_handler.log_command:Invoking command in '/home/inspacehj/dr_logger/simulation_ws/build/deepracer_simulation': /usr/bin/cmake --build /home/inspacehj/dr_logger/simulation_ws/build/deepracer_simulation --target install -- -j16 -l16
[2.393s] DEBUG:colcon.colcon_core.event_handler.log_command:Invoked command in '/home/inspacehj/dr_logger/simulation_ws/build/deepracer_simulation' returned '0': /usr/bin/cmake --build /home/inspacehj/dr_logger/simulation_ws/build/deepracer_simulation --target install -- -j16 -l16
[2.445s] Level 1:colcon.colcon_core.shell:create_environment_hook('deepracer_simulation', 'ros_package_path')
[2.452s] INFO:colcon.colcon_core.shell:Creating environment hook '/home/inspacehj/dr_logger/simulation_ws/install/deepracer_simulation/share/deepracer_simulation/hook/ros_package_path.ps1'
[2.453s] INFO:colcon.colcon_core.shell:Creating environment descriptor '/home/inspacehj/dr_logger/simulation_ws/install/deepracer_simulation/share/deepracer_simulation/hook/ros_package_path.dsv'
[2.453s] INFO:colcon.colcon_core.shell:Creating environment hook '/home/inspacehj/dr_logger/simulation_ws/install/deepracer_simulation/share/deepracer_simulation/hook/ros_package_path.sh'
[2.453s] Level 1:colcon.colcon_ros.task.catkin:checking '/home/inspacehj/dr_logger/simulation_ws/install/deepracer_simulation/lib/python2.7/dist-packages'
[2.454s] Level 1:colcon.colcon_core.shell:create_environment_hook('deepracer_simulation', 'pkg_config_path')
[2.461s] INFO:colcon.colcon_core.shell:Creating environment hook '/home/inspacehj/dr_logger/simulation_ws/install/deepracer_simulation/share/deepracer_simulation/hook/pkg_config_path.ps1'
[2.461s] INFO:colcon.colcon_core.shell:Creating environment descriptor '/home/inspacehj/dr_logger/simulation_ws/install/deepracer_simulation/share/deepracer_simulation/hook/pkg_config_path.dsv'
[2.461s] INFO:colcon.colcon_core.shell:Creating environment hook '/home/inspacehj/dr_logger/simulation_ws/install/deepracer_simulation/share/deepracer_simulation/hook/pkg_config_path.sh'
[2.464s] Level 1:colcon.colcon_core.shell:create_environment_hook('deepracer_simulation', 'pkg_config_path_multiarch')
[2.472s] INFO:colcon.colcon_core.shell:Creating environment hook '/home/inspacehj/dr_logger/simulation_ws/install/deepracer_simulation/share/deepracer_simulation/hook/pkg_config_path_multiarch.ps1'
[2.472s] INFO:colcon.colcon_core.shell:Creating environment descriptor '/home/inspacehj/dr_logger/simulation_ws/install/deepracer_simulation/share/deepracer_simulation/hook/pkg_config_path_multiarch.dsv'
[2.472s] INFO:colcon.colcon_core.shell:Creating environment hook '/home/inspacehj/dr_logger/simulation_ws/install/deepracer_simulation/share/deepracer_simulation/hook/pkg_config_path_multiarch.sh'
[2.480s] Level 1:colcon.colcon_core.environment:create_environment_scripts_only(deepracer_simulation)
[2.488s] Level 1:colcon.colcon_core.environment:checking '/home/inspacehj/dr_logger/simulation_ws/install/deepracer_simulation' for CMake module files
[2.488s] Level 1:colcon.colcon_core.environment:checking '/home/inspacehj/dr_logger/simulation_ws/install/deepracer_simulation' for CMake config files
[2.488s] Level 1:colcon.colcon_core.shell:create_environment_hook('deepracer_simulation', 'cmake_prefix_path')
[2.496s] INFO:colcon.colcon_core.shell:Creating environment hook '/home/inspacehj/dr_logger/simulation_ws/install/deepracer_simulation/share/deepracer_simulation/hook/cmake_prefix_path.ps1'
[2.496s] INFO:colcon.colcon_core.shell:Creating environment descriptor '/home/inspacehj/dr_logger/simulation_ws/install/deepracer_simulation/share/deepracer_simulation/hook/cmake_prefix_path.dsv'
[2.496s] INFO:colcon.colcon_core.shell:Creating environment hook '/home/inspacehj/dr_logger/simulation_ws/install/deepracer_simulation/share/deepracer_simulation/hook/cmake_prefix_path.sh'
[2.497s] Level 1:colcon.colcon_core.environment:checking '/home/inspacehj/dr_logger/simulation_ws/install/deepracer_simulation/lib'
[2.497s] Level 1:colcon.colcon_core.environment:checking '/home/inspacehj/dr_logger/simulation_ws/install/deepracer_simulation/bin'
[2.497s] Level 1:colcon.colcon_core.environment:checking '/home/inspacehj/dr_logger/simulation_ws/install/deepracer_simulation/lib/pkgconfig/deepracer_simulation.pc'
[2.497s] Level 1:colcon.colcon_core.shell:create_environment_hook('deepracer_simulation', 'pkg_config')
[2.504s] INFO:colcon.colcon_core.shell:Creating environment hook '/home/inspacehj/dr_logger/simulation_ws/install/deepracer_simulation/share/deepracer_simulation/hook/pkg_config.ps1'
[2.504s] INFO:colcon.colcon_core.shell:Creating environment descriptor '/home/inspacehj/dr_logger/simulation_ws/install/deepracer_simulation/share/deepracer_simulation/hook/pkg_config.dsv'
[2.505s] INFO:colcon.colcon_core.shell:Creating environment hook '/home/inspacehj/dr_logger/simulation_ws/install/deepracer_simulation/share/deepracer_simulation/hook/pkg_config.sh'
[2.505s] Level 1:colcon.colcon_core.environment:checking '/home/inspacehj/dr_logger/simulation_ws/install/deepracer_simulation/lib/python3.6/site-packages'
[2.512s] INFO:colcon.colcon_core.shell:Creating package script '/home/inspacehj/dr_logger/simulation_ws/install/deepracer_simulation/share/deepracer_simulation/package.ps1'
[2.513s] INFO:colcon.colcon_core.shell:Creating package descriptor '/home/inspacehj/dr_logger/simulation_ws/install/deepracer_simulation/share/deepracer_simulation/package.dsv'
[2.513s] INFO:colcon.colcon_core.shell:Creating package script '/home/inspacehj/dr_logger/simulation_ws/install/deepracer_simulation/share/deepracer_simulation/package.sh'
[2.513s] INFO:colcon.colcon_core.shell:Creating package script '/home/inspacehj/dr_logger/simulation_ws/install/deepracer_simulation/share/deepracer_simulation/package.bash'
[2.514s] INFO:colcon.colcon_core.shell:Creating package script '/home/inspacehj/dr_logger/simulation_ws/install/deepracer_simulation/share/deepracer_simulation/package.zsh'
[2.514s] Level 1:colcon.colcon_core.environment:create_file_with_runtime_dependencies(/home/inspacehj/dr_logger/simulation_ws/install/deepracer_simulation/share/colcon-core/packages/deepracer_simulation)
[2.699s] DEBUG:colcon.colcon_core.event_handler.log_command:Invoked command in '/home/inspacehj/dr_logger/simulation_ws/build/deepracer_msgs' returned '0': /usr/bin/cmake --build /home/inspacehj/dr_logger/simulation_ws/build/deepracer_msgs -- -j16 -l16
[2.774s] DEBUG:colcon.colcon_core.event_handler.log_command:Invoking command in '/home/inspacehj/dr_logger/simulation_ws/build/deepracer_msgs': /usr/bin/cmake --build /home/inspacehj/dr_logger/simulation_ws/build/deepracer_msgs --target tests -- -j16 -l16
[2.915s] DEBUG:colcon.colcon_core.event_handler.log_command:Invoked command in '/home/inspacehj/dr_logger/simulation_ws/build/deepracer_msgs' returned '0': /usr/bin/cmake --build /home/inspacehj/dr_logger/simulation_ws/build/deepracer_msgs --target tests -- -j16 -l16
[2.967s] DEBUG:colcon.colcon_core.event_handler.log_command:Invoking command in '/home/inspacehj/dr_logger/simulation_ws/build/deepracer_msgs': /usr/bin/cmake --build /home/inspacehj/dr_logger/simulation_ws/build/deepracer_msgs --target install -- -j16 -l16
[3.079s] DEBUG:colcon.colcon_core.event_handler.log_command:Invoked command in '/home/inspacehj/dr_logger/simulation_ws/build/deepracer_msgs' returned '0': /usr/bin/cmake --build /home/inspacehj/dr_logger/simulation_ws/build/deepracer_msgs --target install -- -j16 -l16
[3.106s] Level 1:colcon.colcon_core.shell:create_environment_hook('deepracer_msgs', 'ros_package_path')
[3.115s] INFO:colcon.colcon_core.shell:Creating environment hook '/home/inspacehj/dr_logger/simulation_ws/install/deepracer_msgs/share/deepracer_msgs/hook/ros_package_path.ps1'
[3.116s] INFO:colcon.colcon_core.shell:Creating environment descriptor '/home/inspacehj/dr_logger/simulation_ws/install/deepracer_msgs/share/deepracer_msgs/hook/ros_package_path.dsv'
[3.116s] INFO:colcon.colcon_core.shell:Creating environment hook '/home/inspacehj/dr_logger/simulation_ws/install/deepracer_msgs/share/deepracer_msgs/hook/ros_package_path.sh'
[3.117s] Level 1:colcon.colcon_ros.task.catkin:checking '/home/inspacehj/dr_logger/simulation_ws/install/deepracer_msgs/lib/python2.7/dist-packages'
[3.117s] Level 1:colcon.colcon_core.shell:create_environment_hook('deepracer_msgs', 'catkin_pythonpath')
[3.126s] INFO:colcon.colcon_core.shell:Creating environment hook '/home/inspacehj/dr_logger/simulation_ws/install/deepracer_msgs/share/deepracer_msgs/hook/catkin_pythonpath.ps1'
[3.126s] INFO:colcon.colcon_core.shell:Creating environment descriptor '/home/inspacehj/dr_logger/simulation_ws/install/deepracer_msgs/share/deepracer_msgs/hook/catkin_pythonpath.dsv'
[3.127s] INFO:colcon.colcon_core.shell:Creating environment hook '/home/inspacehj/dr_logger/simulation_ws/install/deepracer_msgs/share/deepracer_msgs/hook/catkin_pythonpath.sh'
[3.127s] Level 1:colcon.colcon_core.shell:create_environment_hook('deepracer_msgs', 'pkg_config_path')
[3.135s] INFO:colcon.colcon_core.shell:Creating environment hook '/home/inspacehj/dr_logger/simulation_ws/install/deepracer_msgs/share/deepracer_msgs/hook/pkg_config_path.ps1'
[3.135s] INFO:colcon.colcon_core.shell:Creating environment descriptor '/home/inspacehj/dr_logger/simulation_ws/install/deepracer_msgs/share/deepracer_msgs/hook/pkg_config_path.dsv'
[3.136s] INFO:colcon.colcon_core.shell:Creating environment hook '/home/inspacehj/dr_logger/simulation_ws/install/deepracer_msgs/share/deepracer_msgs/hook/pkg_config_path.sh'
[3.136s] Level 1:colcon.colcon_core.shell:create_environment_hook('deepracer_msgs', 'pkg_config_path_multiarch')
[3.143s] INFO:colcon.colcon_core.shell:Creating environment hook '/home/inspacehj/dr_logger/simulation_ws/install/deepracer_msgs/share/deepracer_msgs/hook/pkg_config_path_multiarch.ps1'
[3.143s] INFO:colcon.colcon_core.shell:Creating environment descriptor '/home/inspacehj/dr_logger/simulation_ws/install/deepracer_msgs/share/deepracer_msgs/hook/pkg_config_path_multiarch.dsv'
[3.144s] INFO:colcon.colcon_core.shell:Creating environment hook '/home/inspacehj/dr_logger/simulation_ws/install/deepracer_msgs/share/deepracer_msgs/hook/pkg_config_path_multiarch.sh'
[3.151s] Level 1:colcon.colcon_core.environment:create_environment_scripts_only(deepracer_msgs)
[3.159s] Level 1:colcon.colcon_core.environment:checking '/home/inspacehj/dr_logger/simulation_ws/install/deepracer_msgs' for CMake module files
[3.159s] Level 1:colcon.colcon_core.environment:checking '/home/inspacehj/dr_logger/simulation_ws/install/deepracer_msgs' for CMake config files
[3.159s] Level 1:colcon.colcon_core.shell:create_environment_hook('deepracer_msgs', 'cmake_prefix_path')
[3.167s] INFO:colcon.colcon_core.shell:Creating environment hook '/home/inspacehj/dr_logger/simulation_ws/install/deepracer_msgs/share/deepracer_msgs/hook/cmake_prefix_path.ps1'
[3.167s] INFO:colcon.colcon_core.shell:Creating environment descriptor '/home/inspacehj/dr_logger/simulation_ws/install/deepracer_msgs/share/deepracer_msgs/hook/cmake_prefix_path.dsv'
[3.168s] INFO:colcon.colcon_core.shell:Creating environment hook '/home/inspacehj/dr_logger/simulation_ws/install/deepracer_msgs/share/deepracer_msgs/hook/cmake_prefix_path.sh'
[3.168s] Level 1:colcon.colcon_core.environment:checking '/home/inspacehj/dr_logger/simulation_ws/install/deepracer_msgs/lib'
[3.168s] Level 1:colcon.colcon_core.environment:checking '/home/inspacehj/dr_logger/simulation_ws/install/deepracer_msgs/bin'
[3.168s] Level 1:colcon.colcon_core.environment:checking '/home/inspacehj/dr_logger/simulation_ws/install/deepracer_msgs/lib/pkgconfig/deepracer_msgs.pc'
[3.168s] Level 1:colcon.colcon_core.shell:create_environment_hook('deepracer_msgs', 'pkg_config')
[3.176s] INFO:colcon.colcon_core.shell:Creating environment hook '/home/inspacehj/dr_logger/simulation_ws/install/deepracer_msgs/share/deepracer_msgs/hook/pkg_config.ps1'
[3.176s] INFO:colcon.colcon_core.shell:Creating environment descriptor '/home/inspacehj/dr_logger/simulation_ws/install/deepracer_msgs/share/deepracer_msgs/hook/pkg_config.dsv'
[3.176s] INFO:colcon.colcon_core.shell:Creating environment hook '/home/inspacehj/dr_logger/simulation_ws/install/deepracer_msgs/share/deepracer_msgs/hook/pkg_config.sh'
[3.176s] Level 1:colcon.colcon_core.environment:checking '/home/inspacehj/dr_logger/simulation_ws/install/deepracer_msgs/lib/python3.6/site-packages'
[3.184s] INFO:colcon.colcon_core.shell:Creating package script '/home/inspacehj/dr_logger/simulation_ws/install/deepracer_msgs/share/deepracer_msgs/package.ps1'
[3.184s] INFO:colcon.colcon_core.shell:Creating package descriptor '/home/inspacehj/dr_logger/simulation_ws/install/deepracer_msgs/share/deepracer_msgs/package.dsv'
[3.185s] INFO:colcon.colcon_core.shell:Creating package script '/home/inspacehj/dr_logger/simulation_ws/install/deepracer_msgs/share/deepracer_msgs/package.sh'
[3.185s] INFO:colcon.colcon_core.shell:Creating package script '/home/inspacehj/dr_logger/simulation_ws/install/deepracer_msgs/share/deepracer_msgs/package.bash'
[3.185s] INFO:colcon.colcon_core.shell:Creating package script '/home/inspacehj/dr_logger/simulation_ws/install/deepracer_msgs/share/deepracer_msgs/package.zsh'
[3.185s] Level 1:colcon.colcon_core.environment:create_file_with_runtime_dependencies(/home/inspacehj/dr_logger/simulation_ws/install/deepracer_msgs/share/colcon-core/packages/deepracer_msgs)
[3.186s] INFO:colcon.colcon_ros.task.catkin.build:Building ROS package in '/home/inspacehj/dr_logger/simulation_ws/src/deepracer_interpreter' with build type 'catkin'
[3.186s] INFO:colcon.colcon_cmake.task.cmake.build:Building CMake package in '/home/inspacehj/dr_logger/simulation_ws/src/deepracer_interpreter'
[3.193s] INFO:colcon.colcon_core.shell:Skip shell extension 'powershell' for command environment: Not usable outside of PowerShell
[3.193s] DEBUG:colcon.colcon_core.shell:Skip shell extension 'dsv' for command environment
[3.199s] DEBUG:colcon.colcon_core.shell:Ignoring prefix path '/home/inspacehj/drone_mpc_ws/devel/.private/catkin_tools_prebuild'
[3.199s] DEBUG:colcon.colcon_core.shell:Ignoring prefix path '/home/inspacehj/drone_ws/devel/.private/catkin_tools_prebuild'
[3.199s] DEBUG:colcon.colcon_core.shell:Ignoring prefix path '/home/inspacehj/drone_mpc_ws/devel'
[3.199s] DEBUG:colcon.colcon_core.shell:Ignoring prefix path '/home/inspacehj/autosim_ws/devel'
[3.199s] DEBUG:colcon.colcon_core.shell:Ignoring prefix path '/home/inspacehj/catkin_ws/devel'
[3.199s] DEBUG:colcon.colcon_core.shell:Ignoring prefix path '/home/inspacehj/drone_ws/devel'
[3.199s] DEBUG:colcon.colcon_core.shell:Ignoring prefix path '/opt/ros/melodic'
[3.206s] DEBUG:colcon.colcon_core.event_handler.log_command:Invoking command in '/home/inspacehj/dr_logger/simulation_ws/build/deepracer_interpreter': CMAKE_PREFIX_PATH=/home/inspacehj/dr_logger/simulation_ws/install/deepracer_msgs:/home/inspacehj/dr_logger/simulation_ws/install/deepracer_simulation:/home/inspacehj/dr_logger/simulation_ws/install/deepracer_interpreter:/home/inspacehj/drone_mpc_ws/devel/.private/catkin_tools_prebuild:/home/inspacehj/drone_ws/devel/.private/catkin_tools_prebuild:/home/inspacehj/drone_mpc_ws/devel:/home/inspacehj/autosim_ws/devel:/home/inspacehj/catkin_ws/devel:/home/inspacehj/drone_ws/devel:/opt/ros/melodic PKG_CONFIG_PATH=/home/inspacehj/dr_logger/simulation_ws/install/deepracer_msgs/lib/x86_64-linux-gnu/pkgconfig:/home/inspacehj/dr_logger/simulation_ws/install/deepracer_msgs/lib/pkgconfig:/home/inspacehj/dr_logger/simulation_ws/install/deepracer_simulation/lib/x86_64-linux-gnu/pkgconfig:/home/inspacehj/dr_logger/simulation_ws/install/deepracer_simulation/lib/pkgconfig:/home/inspacehj/dr_logger/simulation_ws/install/deepracer_interpreter/lib/x86_64-linux-gnu/pkgconfig:/home/inspacehj/dr_logger/simulation_ws/install/deepracer_interpreter/lib/pkgconfig:/home/inspacehj/drone_mpc_ws/devel/.private/catkin_tools_prebuild/lib/pkgconfig:/home/inspacehj/drone_ws/devel/.private/catkin_tools_prebuild/lib/pkgconfig:/home/inspacehj/drone_mpc_ws/devel/lib/pkgconfig:/home/inspacehj/autosim_ws/devel/lib/pkgconfig:/home/inspacehj/catkin_ws/devel/lib/pkgconfig:/home/inspacehj/drone_ws/devel/lib/pkgconfig:/opt/ros/melodic/lib/pkgconfig PYTHONPATH=/home/inspacehj/dr_logger/simulation_ws/install/deepracer_msgs/lib/python2.7/dist-packages:/home/inspacehj/dr_logger/simulation_ws/install/sagemaker_rl_agent/lib/python3.6/site-packages:/home/inspacehj/drone_mpc_ws/devel/lib/python2.7/dist-packages:/home/inspacehj/autosim_ws/devel/lib/python2.7/dist-packages:/home/inspacehj/catkin_ws/devel/lib/python2.7/dist-packages:/home/inspacehj/drone_ws/devel/lib/python2.7/dist-packages:/opt/ros/melodic/lib/python2.7/dist-packages:/home/inspacehj/drone_mpc_ws/src/data_driven_mpc/ros_gp_mpc ROS_PACKAGE_PATH=/home/inspacehj/dr_logger/simulation_ws/install/deepracer_msgs/share:/home/inspacehj/dr_logger/simulation_ws/install/deepracer_simulation/share:/home/inspacehj/dr_logger/simulation_ws/install/deepracer_interpreter/share:/home/inspacehj/drone_mpc_ws/src/catkin_simple:/home/inspacehj/drone_mpc_ws/src/eigen_catkin:/home/inspacehj/drone_mpc_ws/src/mav_comm/mav_comm:/home/inspacehj/drone_mpc_ws/src/mav_comm/mav_msgs:/home/inspacehj/drone_mpc_ws/src/mav_comm/mav_planning_msgs:/home/inspacehj/drone_mpc_ws/src/mav_comm/mav_state_machine_msgs:/home/inspacehj/drone_mpc_ws/src/mav_comm/mav_system_msgs:/home/inspacehj/drone_mpc_ws/src/rpg_quadrotor_control/quad_launch_files:/home/inspacehj/drone_mpc_ws/src/rpg_quadrotor_common/quadrotor_msgs:/home/inspacehj/drone_mpc_ws/src/rpg_quadrotor_common/quadrotor_common:/home/inspacehj/drone_mpc_ws/src/rpg_quadrotor_control/trajectory_planning/polynomial_trajectories:/home/inspacehj/drone_mpc_ws/src/rpg_quadrotor_control/control/position_controller:/home/inspacehj/drone_mpc_ws/src/data_driven_mpc/ros_gp_mpc:/home/inspacehj/drone_mpc_ws/src/rotors_simulator/rotors_comm:/home/inspacehj/drone_mpc_ws/src/rotors_simulator/rotors_control:/home/inspacehj/drone_mpc_ws/src/rotors_simulator/rotors_description:/home/inspacehj/drone_mpc_ws/src/rotors_simulator/rotors_evaluation:/home/inspacehj/drone_mpc_ws/src/rotors_simulator/rotors_gazebo_plugins:/home/inspacehj/drone_mpc_ws/src/rotors_simulator/rotors_gazebo:/home/inspacehj/drone_mpc_ws/src/rotors_simulator/rotors_hil_interface:/home/inspacehj/drone_mpc_ws/src/rotors_simulator/rotors_joy_interface:/home/inspacehj/drone_mpc_ws/src/rotors_simulator/rotors_simulator:/home/inspacehj/drone_mpc_ws/src/rpg_quadrotor_control/simulation/rpg_rotors_interface:/home/inspacehj/drone_mpc_ws/src/rpg_single_board_io:/home/inspacehj/drone_mpc_ws/src/rpg_quadrotor_control/gui/rqt_quad_gui:/home/inspacehj/drone_mpc_ws/src/rotors_simulator/rqt_rotors:/home/inspacehj/drone_mpc_ws/src/rpg_quadrotor_control/bridges/sbus_bridge:/home/inspacehj/drone_mpc_ws/src/rpg_quadrotor_control/utils/manual_flight_assistant:/home/inspacehj/drone_mpc_ws/src/rpg_quadrotor_common/state_predictor:/home/inspacehj/drone_mpc_ws/src/rpg_quadrotor_control/trajectory_planning/trajectory_generation_helper:/home/inspacehj/drone_mpc_ws/src/rpg_quadrotor_control/control/autopilot:/home/inspacehj/drone_mpc_ws/src/rpg_quadrotor_control/test/rpg_quadrotor_integration_test:/home/inspacehj/drone_mpc_ws/src/rpg_quadrotor_control/utils/vbat_thrust_calibration:/home/inspacehj/autosim_ws/src:/home/inspacehj/catkin_ws/src:/home/inspacehj/drone_ws/src/iq_sim:/home/inspacehj/drone_ws/src/mavlink:/home/inspacehj/drone_ws/src/mavros/libmavconn:/home/inspacehj/drone_ws/src/mavros/mavros_msgs:/home/inspacehj/drone_ws/src/mavros/mavros:/home/inspacehj/drone_ws/src/mavros/mavros_extras:/home/inspacehj/drone_ws/src/mavros/test_mavros:/opt/ros/melodic/share /usr/bin/cmake /home/inspacehj/dr_logger/simulation_ws/src/deepracer_interpreter -DCATKIN_INSTALL_INTO_PREFIX_ROOT=0 -DCMAKE_INSTALL_PREFIX=/home/inspacehj/dr_logger/simulation_ws/install/deepracer_interpreter
[5.921s] DEBUG:colcon.colcon_core.event_handler.log_command:Invoked command in '/home/inspacehj/dr_logger/simulation_ws/build/deepracer_interpreter' returned '0': CMAKE_PREFIX_PATH=/home/inspacehj/dr_logger/simulation_ws/install/deepracer_msgs:/home/inspacehj/dr_logger/simulation_ws/install/deepracer_simulation:/home/inspacehj/dr_logger/simulation_ws/install/deepracer_interpreter:/home/inspacehj/drone_mpc_ws/devel/.private/catkin_tools_prebuild:/home/inspacehj/drone_ws/devel/.private/catkin_tools_prebuild:/home/inspacehj/drone_mpc_ws/devel:/home/inspacehj/autosim_ws/devel:/home/inspacehj/catkin_ws/devel:/home/inspacehj/drone_ws/devel:/opt/ros/melodic PKG_CONFIG_PATH=/home/inspacehj/dr_logger/simulation_ws/install/deepracer_msgs/lib/x86_64-linux-gnu/pkgconfig:/home/inspacehj/dr_logger/simulation_ws/install/deepracer_msgs/lib/pkgconfig:/home/inspacehj/dr_logger/simulation_ws/install/deepracer_simulation/lib/x86_64-linux-gnu/pkgconfig:/home/inspacehj/dr_logger/simulation_ws/install/deepracer_simulation/lib/pkgconfig:/home/inspacehj/dr_logger/simulation_ws/install/deepracer_interpreter/lib/x86_64-linux-gnu/pkgconfig:/home/inspacehj/dr_logger/simulation_ws/install/deepracer_interpreter/lib/pkgconfig:/home/inspacehj/drone_mpc_ws/devel/.private/catkin_tools_prebuild/lib/pkgconfig:/home/inspacehj/drone_ws/devel/.private/catkin_tools_prebuild/lib/pkgconfig:/home/inspacehj/drone_mpc_ws/devel/lib/pkgconfig:/home/inspacehj/autosim_ws/devel/lib/pkgconfig:/home/inspacehj/catkin_ws/devel/lib/pkgconfig:/home/inspacehj/drone_ws/devel/lib/pkgconfig:/opt/ros/melodic/lib/pkgconfig PYTHONPATH=/home/inspacehj/dr_logger/simulation_ws/install/deepracer_msgs/lib/python2.7/dist-packages:/home/inspacehj/dr_logger/simulation_ws/install/sagemaker_rl_agent/lib/python3.6/site-packages:/home/inspacehj/drone_mpc_ws/devel/lib/python2.7/dist-packages:/home/inspacehj/autosim_ws/devel/lib/python2.7/dist-packages:/home/inspacehj/catkin_ws/devel/lib/python2.7/dist-packages:/home/inspacehj/drone_ws/devel/lib/python2.7/dist-packages:/opt/ros/melodic/lib/python2.7/dist-packages:/home/inspacehj/drone_mpc_ws/src/data_driven_mpc/ros_gp_mpc ROS_PACKAGE_PATH=/home/inspacehj/dr_logger/simulation_ws/install/deepracer_msgs/share:/home/inspacehj/dr_logger/simulation_ws/install/deepracer_simulation/share:/home/inspacehj/dr_logger/simulation_ws/install/deepracer_interpreter/share:/home/inspacehj/drone_mpc_ws/src/catkin_simple:/home/inspacehj/drone_mpc_ws/src/eigen_catkin:/home/inspacehj/drone_mpc_ws/src/mav_comm/mav_comm:/home/inspacehj/drone_mpc_ws/src/mav_comm/mav_msgs:/home/inspacehj/drone_mpc_ws/src/mav_comm/mav_planning_msgs:/home/inspacehj/drone_mpc_ws/src/mav_comm/mav_state_machine_msgs:/home/inspacehj/drone_mpc_ws/src/mav_comm/mav_system_msgs:/home/inspacehj/drone_mpc_ws/src/rpg_quadrotor_control/quad_launch_files:/home/inspacehj/drone_mpc_ws/src/rpg_quadrotor_common/quadrotor_msgs:/home/inspacehj/drone_mpc_ws/src/rpg_quadrotor_common/quadrotor_common:/home/inspacehj/drone_mpc_ws/src/rpg_quadrotor_control/trajectory_planning/polynomial_trajectories:/home/inspacehj/drone_mpc_ws/src/rpg_quadrotor_control/control/position_controller:/home/inspacehj/drone_mpc_ws/src/data_driven_mpc/ros_gp_mpc:/home/inspacehj/drone_mpc_ws/src/rotors_simulator/rotors_comm:/home/inspacehj/drone_mpc_ws/src/rotors_simulator/rotors_control:/home/inspacehj/drone_mpc_ws/src/rotors_simulator/rotors_description:/home/inspacehj/drone_mpc_ws/src/rotors_simulator/rotors_evaluation:/home/inspacehj/drone_mpc_ws/src/rotors_simulator/rotors_gazebo_plugins:/home/inspacehj/drone_mpc_ws/src/rotors_simulator/rotors_gazebo:/home/inspacehj/drone_mpc_ws/src/rotors_simulator/rotors_hil_interface:/home/inspacehj/drone_mpc_ws/src/rotors_simulator/rotors_joy_interface:/home/inspacehj/drone_mpc_ws/src/rotors_simulator/rotors_simulator:/home/inspacehj/drone_mpc_ws/src/rpg_quadrotor_control/simulation/rpg_rotors_interface:/home/inspacehj/drone_mpc_ws/src/rpg_single_board_io:/home/inspacehj/drone_mpc_ws/src/rpg_quadrotor_control/gui/rqt_quad_gui:/home/inspacehj/drone_mpc_ws/src/rotors_simulator/rqt_rotors:/home/inspacehj/drone_mpc_ws/src/rpg_quadrotor_control/bridges/sbus_bridge:/home/inspacehj/drone_mpc_ws/src/rpg_quadrotor_control/utils/manual_flight_assistant:/home/inspacehj/drone_mpc_ws/src/rpg_quadrotor_common/state_predictor:/home/inspacehj/drone_mpc_ws/src/rpg_quadrotor_control/trajectory_planning/trajectory_generation_helper:/home/inspacehj/drone_mpc_ws/src/rpg_quadrotor_control/control/autopilot:/home/inspacehj/drone_mpc_ws/src/rpg_quadrotor_control/test/rpg_quadrotor_integration_test:/home/inspacehj/drone_mpc_ws/src/rpg_quadrotor_control/utils/vbat_thrust_calibration:/home/inspacehj/autosim_ws/src:/home/inspacehj/catkin_ws/src:/home/inspacehj/drone_ws/src/iq_sim:/home/inspacehj/drone_ws/src/mavlink:/home/inspacehj/drone_ws/src/mavros/libmavconn:/home/inspacehj/drone_ws/src/mavros/mavros_msgs:/home/inspacehj/drone_ws/src/mavros/mavros:/home/inspacehj/drone_ws/src/mavros/mavros_extras:/home/inspacehj/drone_ws/src/mavros/test_mavros:/opt/ros/melodic/share /usr/bin/cmake /home/inspacehj/dr_logger/simulation_ws/src/deepracer_interpreter -DCATKIN_INSTALL_INTO_PREFIX_ROOT=0 -DCMAKE_INSTALL_PREFIX=/home/inspacehj/dr_logger/simulation_ws/install/deepracer_interpreter
[5.923s] DEBUG:colcon.colcon_core.event_handler.log_command:Invoking command in '/home/inspacehj/dr_logger/simulation_ws/build/deepracer_interpreter': CMAKE_PREFIX_PATH=/home/inspacehj/dr_logger/simulation_ws/install/deepracer_msgs:/home/inspacehj/dr_logger/simulation_ws/install/deepracer_simulation:/home/inspacehj/dr_logger/simulation_ws/install/deepracer_interpreter:/home/inspacehj/drone_mpc_ws/devel/.private/catkin_tools_prebuild:/home/inspacehj/drone_ws/devel/.private/catkin_tools_prebuild:/home/inspacehj/drone_mpc_ws/devel:/home/inspacehj/autosim_ws/devel:/home/inspacehj/catkin_ws/devel:/home/inspacehj/drone_ws/devel:/opt/ros/melodic PKG_CONFIG_PATH=/home/inspacehj/dr_logger/simulation_ws/install/deepracer_msgs/lib/x86_64-linux-gnu/pkgconfig:/home/inspacehj/dr_logger/simulation_ws/install/deepracer_msgs/lib/pkgconfig:/home/inspacehj/dr_logger/simulation_ws/install/deepracer_simulation/lib/x86_64-linux-gnu/pkgconfig:/home/inspacehj/dr_logger/simulation_ws/install/deepracer_simulation/lib/pkgconfig:/home/inspacehj/dr_logger/simulation_ws/install/deepracer_interpreter/lib/x86_64-linux-gnu/pkgconfig:/home/inspacehj/dr_logger/simulation_ws/install/deepracer_interpreter/lib/pkgconfig:/home/inspacehj/drone_mpc_ws/devel/.private/catkin_tools_prebuild/lib/pkgconfig:/home/inspacehj/drone_ws/devel/.private/catkin_tools_prebuild/lib/pkgconfig:/home/inspacehj/drone_mpc_ws/devel/lib/pkgconfig:/home/inspacehj/autosim_ws/devel/lib/pkgconfig:/home/inspacehj/catkin_ws/devel/lib/pkgconfig:/home/inspacehj/drone_ws/devel/lib/pkgconfig:/opt/ros/melodic/lib/pkgconfig PYTHONPATH=/home/inspacehj/dr_logger/simulation_ws/install/deepracer_msgs/lib/python2.7/dist-packages:/home/inspacehj/dr_logger/simulation_ws/install/sagemaker_rl_agent/lib/python3.6/site-packages:/home/inspacehj/drone_mpc_ws/devel/lib/python2.7/dist-packages:/home/inspacehj/autosim_ws/devel/lib/python2.7/dist-packages:/home/inspacehj/catkin_ws/devel/lib/python2.7/dist-packages:/home/inspacehj/drone_ws/devel/lib/python2.7/dist-packages:/opt/ros/melodic/lib/python2.7/dist-packages:/home/inspacehj/drone_mpc_ws/src/data_driven_mpc/ros_gp_mpc ROS_PACKAGE_PATH=/home/inspacehj/dr_logger/simulation_ws/install/deepracer_msgs/share:/home/inspacehj/dr_logger/simulation_ws/install/deepracer_simulation/share:/home/inspacehj/dr_logger/simulation_ws/install/deepracer_interpreter/share:/home/inspacehj/drone_mpc_ws/src/catkin_simple:/home/inspacehj/drone_mpc_ws/src/eigen_catkin:/home/inspacehj/drone_mpc_ws/src/mav_comm/mav_comm:/home/inspacehj/drone_mpc_ws/src/mav_comm/mav_msgs:/home/inspacehj/drone_mpc_ws/src/mav_comm/mav_planning_msgs:/home/inspacehj/drone_mpc_ws/src/mav_comm/mav_state_machine_msgs:/home/inspacehj/drone_mpc_ws/src/mav_comm/mav_system_msgs:/home/inspacehj/drone_mpc_ws/src/rpg_quadrotor_control/quad_launch_files:/home/inspacehj/drone_mpc_ws/src/rpg_quadrotor_common/quadrotor_msgs:/home/inspacehj/drone_mpc_ws/src/rpg_quadrotor_common/quadrotor_common:/home/inspacehj/drone_mpc_ws/src/rpg_quadrotor_control/trajectory_planning/polynomial_trajectories:/home/inspacehj/drone_mpc_ws/src/rpg_quadrotor_control/control/position_controller:/home/inspacehj/drone_mpc_ws/src/data_driven_mpc/ros_gp_mpc:/home/inspacehj/drone_mpc_ws/src/rotors_simulator/rotors_comm:/home/inspacehj/drone_mpc_ws/src/rotors_simulator/rotors_control:/home/inspacehj/drone_mpc_ws/src/rotors_simulator/rotors_description:/home/inspacehj/drone_mpc_ws/src/rotors_simulator/rotors_evaluation:/home/inspacehj/drone_mpc_ws/src/rotors_simulator/rotors_gazebo_plugins:/home/inspacehj/drone_mpc_ws/src/rotors_simulator/rotors_gazebo:/home/inspacehj/drone_mpc_ws/src/rotors_simulator/rotors_hil_interface:/home/inspacehj/drone_mpc_ws/src/rotors_simulator/rotors_joy_interface:/home/inspacehj/drone_mpc_ws/src/rotors_simulator/rotors_simulator:/home/inspacehj/drone_mpc_ws/src/rpg_quadrotor_control/simulation/rpg_rotors_interface:/home/inspacehj/drone_mpc_ws/src/rpg_single_board_io:/home/inspacehj/drone_mpc_ws/src/rpg_quadrotor_control/gui/rqt_quad_gui:/home/inspacehj/drone_mpc_ws/src/rotors_simulator/rqt_rotors:/home/inspacehj/drone_mpc_ws/src/rpg_quadrotor_control/bridges/sbus_bridge:/home/inspacehj/drone_mpc_ws/src/rpg_quadrotor_control/utils/manual_flight_assistant:/home/inspacehj/drone_mpc_ws/src/rpg_quadrotor_common/state_predictor:/home/inspacehj/drone_mpc_ws/src/rpg_quadrotor_control/trajectory_planning/trajectory_generation_helper:/home/inspacehj/drone_mpc_ws/src/rpg_quadrotor_control/control/autopilot:/home/inspacehj/drone_mpc_ws/src/rpg_quadrotor_control/test/rpg_quadrotor_integration_test:/home/inspacehj/drone_mpc_ws/src/rpg_quadrotor_control/utils/vbat_thrust_calibration:/home/inspacehj/autosim_ws/src:/home/inspacehj/catkin_ws/src:/home/inspacehj/drone_ws/src/iq_sim:/home/inspacehj/drone_ws/src/mavlink:/home/inspacehj/drone_ws/src/mavros/libmavconn:/home/inspacehj/drone_ws/src/mavros/mavros_msgs:/home/inspacehj/drone_ws/src/mavros/mavros:/home/inspacehj/drone_ws/src/mavros/mavros_extras:/home/inspacehj/drone_ws/src/mavros/test_mavros:/opt/ros/melodic/share /usr/bin/cmake --build /home/inspacehj/dr_logger/simulation_ws/build/deepracer_interpreter -- -j16 -l16
[6.213s] DEBUG:colcon.colcon_core.event_handler.log_command:Invoked command in '/home/inspacehj/dr_logger/simulation_ws/build/deepracer_interpreter' returned '0': CMAKE_PREFIX_PATH=/home/inspacehj/dr_logger/simulation_ws/install/deepracer_msgs:/home/inspacehj/dr_logger/simulation_ws/install/deepracer_simulation:/home/inspacehj/dr_logger/simulation_ws/install/deepracer_interpreter:/home/inspacehj/drone_mpc_ws/devel/.private/catkin_tools_prebuild:/home/inspacehj/drone_ws/devel/.private/catkin_tools_prebuild:/home/inspacehj/drone_mpc_ws/devel:/home/inspacehj/autosim_ws/devel:/home/inspacehj/catkin_ws/devel:/home/inspacehj/drone_ws/devel:/opt/ros/melodic PKG_CONFIG_PATH=/home/inspacehj/dr_logger/simulation_ws/install/deepracer_msgs/lib/x86_64-linux-gnu/pkgconfig:/home/inspacehj/dr_logger/simulation_ws/install/deepracer_msgs/lib/pkgconfig:/home/inspacehj/dr_logger/simulation_ws/install/deepracer_simulation/lib/x86_64-linux-gnu/pkgconfig:/home/inspacehj/dr_logger/simulation_ws/install/deepracer_simulation/lib/pkgconfig:/home/inspacehj/dr_logger/simulation_ws/install/deepracer_interpreter/lib/x86_64-linux-gnu/pkgconfig:/home/inspacehj/dr_logger/simulation_ws/install/deepracer_interpreter/lib/pkgconfig:/home/inspacehj/drone_mpc_ws/devel/.private/catkin_tools_prebuild/lib/pkgconfig:/home/inspacehj/drone_ws/devel/.private/catkin_tools_prebuild/lib/pkgconfig:/home/inspacehj/drone_mpc_ws/devel/lib/pkgconfig:/home/inspacehj/autosim_ws/devel/lib/pkgconfig:/home/inspacehj/catkin_ws/devel/lib/pkgconfig:/home/inspacehj/drone_ws/devel/lib/pkgconfig:/opt/ros/melodic/lib/pkgconfig PYTHONPATH=/home/inspacehj/dr_logger/simulation_ws/install/deepracer_msgs/lib/python2.7/dist-packages:/home/inspacehj/dr_logger/simulation_ws/install/sagemaker_rl_agent/lib/python3.6/site-packages:/home/inspacehj/drone_mpc_ws/devel/lib/python2.7/dist-packages:/home/inspacehj/autosim_ws/devel/lib/python2.7/dist-packages:/home/inspacehj/catkin_ws/devel/lib/python2.7/dist-packages:/home/inspacehj/drone_ws/devel/lib/python2.7/dist-packages:/opt/ros/melodic/lib/python2.7/dist-packages:/home/inspacehj/drone_mpc_ws/src/data_driven_mpc/ros_gp_mpc ROS_PACKAGE_PATH=/home/inspacehj/dr_logger/simulation_ws/install/deepracer_msgs/share:/home/inspacehj/dr_logger/simulation_ws/install/deepracer_simulation/share:/home/inspacehj/dr_logger/simulation_ws/install/deepracer_interpreter/share:/home/inspacehj/drone_mpc_ws/src/catkin_simple:/home/inspacehj/drone_mpc_ws/src/eigen_catkin:/home/inspacehj/drone_mpc_ws/src/mav_comm/mav_comm:/home/inspacehj/drone_mpc_ws/src/mav_comm/mav_msgs:/home/inspacehj/drone_mpc_ws/src/mav_comm/mav_planning_msgs:/home/inspacehj/drone_mpc_ws/src/mav_comm/mav_state_machine_msgs:/home/inspacehj/drone_mpc_ws/src/mav_comm/mav_system_msgs:/home/inspacehj/drone_mpc_ws/src/rpg_quadrotor_control/quad_launch_files:/home/inspacehj/drone_mpc_ws/src/rpg_quadrotor_common/quadrotor_msgs:/home/inspacehj/drone_mpc_ws/src/rpg_quadrotor_common/quadrotor_common:/home/inspacehj/drone_mpc_ws/src/rpg_quadrotor_control/trajectory_planning/polynomial_trajectories:/home/inspacehj/drone_mpc_ws/src/rpg_quadrotor_control/control/position_controller:/home/inspacehj/drone_mpc_ws/src/data_driven_mpc/ros_gp_mpc:/home/inspacehj/drone_mpc_ws/src/rotors_simulator/rotors_comm:/home/inspacehj/drone_mpc_ws/src/rotors_simulator/rotors_control:/home/inspacehj/drone_mpc_ws/src/rotors_simulator/rotors_description:/home/inspacehj/drone_mpc_ws/src/rotors_simulator/rotors_evaluation:/home/inspacehj/drone_mpc_ws/src/rotors_simulator/rotors_gazebo_plugins:/home/inspacehj/drone_mpc_ws/src/rotors_simulator/rotors_gazebo:/home/inspacehj/drone_mpc_ws/src/rotors_simulator/rotors_hil_interface:/home/inspacehj/drone_mpc_ws/src/rotors_simulator/rotors_joy_interface:/home/inspacehj/drone_mpc_ws/src/rotors_simulator/rotors_simulator:/home/inspacehj/drone_mpc_ws/src/rpg_quadrotor_control/simulation/rpg_rotors_interface:/home/inspacehj/drone_mpc_ws/src/rpg_single_board_io:/home/inspacehj/drone_mpc_ws/src/rpg_quadrotor_control/gui/rqt_quad_gui:/home/inspacehj/drone_mpc_ws/src/rotors_simulator/rqt_rotors:/home/inspacehj/drone_mpc_ws/src/rpg_quadrotor_control/bridges/sbus_bridge:/home/inspacehj/drone_mpc_ws/src/rpg_quadrotor_control/utils/manual_flight_assistant:/home/inspacehj/drone_mpc_ws/src/rpg_quadrotor_common/state_predictor:/home/inspacehj/drone_mpc_ws/src/rpg_quadrotor_control/trajectory_planning/trajectory_generation_helper:/home/inspacehj/drone_mpc_ws/src/rpg_quadrotor_control/control/autopilot:/home/inspacehj/drone_mpc_ws/src/rpg_quadrotor_control/test/rpg_quadrotor_integration_test:/home/inspacehj/drone_mpc_ws/src/rpg_quadrotor_control/utils/vbat_thrust_calibration:/home/inspacehj/autosim_ws/src:/home/inspacehj/catkin_ws/src:/home/inspacehj/drone_ws/src/iq_sim:/home/inspacehj/drone_ws/src/mavlink:/home/inspacehj/drone_ws/src/mavros/libmavconn:/home/inspacehj/drone_ws/src/mavros/mavros_msgs:/home/inspacehj/drone_ws/src/mavros/mavros:/home/inspacehj/drone_ws/src/mavros/mavros_extras:/home/inspacehj/drone_ws/src/mavros/test_mavros:/opt/ros/melodic/share /usr/bin/cmake --build /home/inspacehj/dr_logger/simulation_ws/build/deepracer_interpreter -- -j16 -l16
[6.265s] DEBUG:colcon.colcon_core.event_handler.log_command:Invoking command in '/home/inspacehj/dr_logger/simulation_ws/build/deepracer_interpreter': CMAKE_PREFIX_PATH=/home/inspacehj/dr_logger/simulation_ws/install/deepracer_msgs:/home/inspacehj/dr_logger/simulation_ws/install/deepracer_simulation:/home/inspacehj/dr_logger/simulation_ws/install/deepracer_interpreter:/home/inspacehj/drone_mpc_ws/devel/.private/catkin_tools_prebuild:/home/inspacehj/drone_ws/devel/.private/catkin_tools_prebuild:/home/inspacehj/drone_mpc_ws/devel:/home/inspacehj/autosim_ws/devel:/home/inspacehj/catkin_ws/devel:/home/inspacehj/drone_ws/devel:/opt/ros/melodic PKG_CONFIG_PATH=/home/inspacehj/dr_logger/simulation_ws/install/deepracer_msgs/lib/x86_64-linux-gnu/pkgconfig:/home/inspacehj/dr_logger/simulation_ws/install/deepracer_msgs/lib/pkgconfig:/home/inspacehj/dr_logger/simulation_ws/install/deepracer_simulation/lib/x86_64-linux-gnu/pkgconfig:/home/inspacehj/dr_logger/simulation_ws/install/deepracer_simulation/lib/pkgconfig:/home/inspacehj/dr_logger/simulation_ws/install/deepracer_interpreter/lib/x86_64-linux-gnu/pkgconfig:/home/inspacehj/dr_logger/simulation_ws/install/deepracer_interpreter/lib/pkgconfig:/home/inspacehj/drone_mpc_ws/devel/.private/catkin_tools_prebuild/lib/pkgconfig:/home/inspacehj/drone_ws/devel/.private/catkin_tools_prebuild/lib/pkgconfig:/home/inspacehj/drone_mpc_ws/devel/lib/pkgconfig:/home/inspacehj/autosim_ws/devel/lib/pkgconfig:/home/inspacehj/catkin_ws/devel/lib/pkgconfig:/home/inspacehj/drone_ws/devel/lib/pkgconfig:/opt/ros/melodic/lib/pkgconfig PYTHONPATH=/home/inspacehj/dr_logger/simulation_ws/install/deepracer_msgs/lib/python2.7/dist-packages:/home/inspacehj/dr_logger/simulation_ws/install/sagemaker_rl_agent/lib/python3.6/site-packages:/home/inspacehj/drone_mpc_ws/devel/lib/python2.7/dist-packages:/home/inspacehj/autosim_ws/devel/lib/python2.7/dist-packages:/home/inspacehj/catkin_ws/devel/lib/python2.7/dist-packages:/home/inspacehj/drone_ws/devel/lib/python2.7/dist-packages:/opt/ros/melodic/lib/python2.7/dist-packages:/home/inspacehj/drone_mpc_ws/src/data_driven_mpc/ros_gp_mpc ROS_PACKAGE_PATH=/home/inspacehj/dr_logger/simulation_ws/install/deepracer_msgs/share:/home/inspacehj/dr_logger/simulation_ws/install/deepracer_simulation/share:/home/inspacehj/dr_logger/simulation_ws/install/deepracer_interpreter/share:/home/inspacehj/drone_mpc_ws/src/catkin_simple:/home/inspacehj/drone_mpc_ws/src/eigen_catkin:/home/inspacehj/drone_mpc_ws/src/mav_comm/mav_comm:/home/inspacehj/drone_mpc_ws/src/mav_comm/mav_msgs:/home/inspacehj/drone_mpc_ws/src/mav_comm/mav_planning_msgs:/home/inspacehj/drone_mpc_ws/src/mav_comm/mav_state_machine_msgs:/home/inspacehj/drone_mpc_ws/src/mav_comm/mav_system_msgs:/home/inspacehj/drone_mpc_ws/src/rpg_quadrotor_control/quad_launch_files:/home/inspacehj/drone_mpc_ws/src/rpg_quadrotor_common/quadrotor_msgs:/home/inspacehj/drone_mpc_ws/src/rpg_quadrotor_common/quadrotor_common:/home/inspacehj/drone_mpc_ws/src/rpg_quadrotor_control/trajectory_planning/polynomial_trajectories:/home/inspacehj/drone_mpc_ws/src/rpg_quadrotor_control/control/position_controller:/home/inspacehj/drone_mpc_ws/src/data_driven_mpc/ros_gp_mpc:/home/inspacehj/drone_mpc_ws/src/rotors_simulator/rotors_comm:/home/inspacehj/drone_mpc_ws/src/rotors_simulator/rotors_control:/home/inspacehj/drone_mpc_ws/src/rotors_simulator/rotors_description:/home/inspacehj/drone_mpc_ws/src/rotors_simulator/rotors_evaluation:/home/inspacehj/drone_mpc_ws/src/rotors_simulator/rotors_gazebo_plugins:/home/inspacehj/drone_mpc_ws/src/rotors_simulator/rotors_gazebo:/home/inspacehj/drone_mpc_ws/src/rotors_simulator/rotors_hil_interface:/home/inspacehj/drone_mpc_ws/src/rotors_simulator/rotors_joy_interface:/home/inspacehj/drone_mpc_ws/src/rotors_simulator/rotors_simulator:/home/inspacehj/drone_mpc_ws/src/rpg_quadrotor_control/simulation/rpg_rotors_interface:/home/inspacehj/drone_mpc_ws/src/rpg_single_board_io:/home/inspacehj/drone_mpc_ws/src/rpg_quadrotor_control/gui/rqt_quad_gui:/home/inspacehj/drone_mpc_ws/src/rotors_simulator/rqt_rotors:/home/inspacehj/drone_mpc_ws/src/rpg_quadrotor_control/bridges/sbus_bridge:/home/inspacehj/drone_mpc_ws/src/rpg_quadrotor_control/utils/manual_flight_assistant:/home/inspacehj/drone_mpc_ws/src/rpg_quadrotor_common/state_predictor:/home/inspacehj/drone_mpc_ws/src/rpg_quadrotor_control/trajectory_planning/trajectory_generation_helper:/home/inspacehj/drone_mpc_ws/src/rpg_quadrotor_control/control/autopilot:/home/inspacehj/drone_mpc_ws/src/rpg_quadrotor_control/test/rpg_quadrotor_integration_test:/home/inspacehj/drone_mpc_ws/src/rpg_quadrotor_control/utils/vbat_thrust_calibration:/home/inspacehj/autosim_ws/src:/home/inspacehj/catkin_ws/src:/home/inspacehj/drone_ws/src/iq_sim:/home/inspacehj/drone_ws/src/mavlink:/home/inspacehj/drone_ws/src/mavros/libmavconn:/home/inspacehj/drone_ws/src/mavros/mavros_msgs:/home/inspacehj/drone_ws/src/mavros/mavros:/home/inspacehj/drone_ws/src/mavros/mavros_extras:/home/inspacehj/drone_ws/src/mavros/test_mavros:/opt/ros/melodic/share /usr/bin/cmake --build /home/inspacehj/dr_logger/simulation_ws/build/deepracer_interpreter --target tests -- -j16 -l16
[6.327s] DEBUG:colcon.colcon_core.event_handler.log_command:Invoked command in '/home/inspacehj/dr_logger/simulation_ws/build/deepracer_interpreter' returned '0': CMAKE_PREFIX_PATH=/home/inspacehj/dr_logger/simulation_ws/install/deepracer_msgs:/home/inspacehj/dr_logger/simulation_ws/install/deepracer_simulation:/home/inspacehj/dr_logger/simulation_ws/install/deepracer_interpreter:/home/inspacehj/drone_mpc_ws/devel/.private/catkin_tools_prebuild:/home/inspacehj/drone_ws/devel/.private/catkin_tools_prebuild:/home/inspacehj/drone_mpc_ws/devel:/home/inspacehj/autosim_ws/devel:/home/inspacehj/catkin_ws/devel:/home/inspacehj/drone_ws/devel:/opt/ros/melodic PKG_CONFIG_PATH=/home/inspacehj/dr_logger/simulation_ws/install/deepracer_msgs/lib/x86_64-linux-gnu/pkgconfig:/home/inspacehj/dr_logger/simulation_ws/install/deepracer_msgs/lib/pkgconfig:/home/inspacehj/dr_logger/simulation_ws/install/deepracer_simulation/lib/x86_64-linux-gnu/pkgconfig:/home/inspacehj/dr_logger/simulation_ws/install/deepracer_simulation/lib/pkgconfig:/home/inspacehj/dr_logger/simulation_ws/install/deepracer_interpreter/lib/x86_64-linux-gnu/pkgconfig:/home/inspacehj/dr_logger/simulation_ws/install/deepracer_interpreter/lib/pkgconfig:/home/inspacehj/drone_mpc_ws/devel/.private/catkin_tools_prebuild/lib/pkgconfig:/home/inspacehj/drone_ws/devel/.private/catkin_tools_prebuild/lib/pkgconfig:/home/inspacehj/drone_mpc_ws/devel/lib/pkgconfig:/home/inspacehj/autosim_ws/devel/lib/pkgconfig:/home/inspacehj/catkin_ws/devel/lib/pkgconfig:/home/inspacehj/drone_ws/devel/lib/pkgconfig:/opt/ros/melodic/lib/pkgconfig PYTHONPATH=/home/inspacehj/dr_logger/simulation_ws/install/deepracer_msgs/lib/python2.7/dist-packages:/home/inspacehj/dr_logger/simulation_ws/install/sagemaker_rl_agent/lib/python3.6/site-packages:/home/inspacehj/drone_mpc_ws/devel/lib/python2.7/dist-packages:/home/inspacehj/autosim_ws/devel/lib/python2.7/dist-packages:/home/inspacehj/catkin_ws/devel/lib/python2.7/dist-packages:/home/inspacehj/drone_ws/devel/lib/python2.7/dist-packages:/opt/ros/melodic/lib/python2.7/dist-packages:/home/inspacehj/drone_mpc_ws/src/data_driven_mpc/ros_gp_mpc ROS_PACKAGE_PATH=/home/inspacehj/dr_logger/simulation_ws/install/deepracer_msgs/share:/home/inspacehj/dr_logger/simulation_ws/install/deepracer_simulation/share:/home/inspacehj/dr_logger/simulation_ws/install/deepracer_interpreter/share:/home/inspacehj/drone_mpc_ws/src/catkin_simple:/home/inspacehj/drone_mpc_ws/src/eigen_catkin:/home/inspacehj/drone_mpc_ws/src/mav_comm/mav_comm:/home/inspacehj/drone_mpc_ws/src/mav_comm/mav_msgs:/home/inspacehj/drone_mpc_ws/src/mav_comm/mav_planning_msgs:/home/inspacehj/drone_mpc_ws/src/mav_comm/mav_state_machine_msgs:/home/inspacehj/drone_mpc_ws/src/mav_comm/mav_system_msgs:/home/inspacehj/drone_mpc_ws/src/rpg_quadrotor_control/quad_launch_files:/home/inspacehj/drone_mpc_ws/src/rpg_quadrotor_common/quadrotor_msgs:/home/inspacehj/drone_mpc_ws/src/rpg_quadrotor_common/quadrotor_common:/home/inspacehj/drone_mpc_ws/src/rpg_quadrotor_control/trajectory_planning/polynomial_trajectories:/home/inspacehj/drone_mpc_ws/src/rpg_quadrotor_control/control/position_controller:/home/inspacehj/drone_mpc_ws/src/data_driven_mpc/ros_gp_mpc:/home/inspacehj/drone_mpc_ws/src/rotors_simulator/rotors_comm:/home/inspacehj/drone_mpc_ws/src/rotors_simulator/rotors_control:/home/inspacehj/drone_mpc_ws/src/rotors_simulator/rotors_description:/home/inspacehj/drone_mpc_ws/src/rotors_simulator/rotors_evaluation:/home/inspacehj/drone_mpc_ws/src/rotors_simulator/rotors_gazebo_plugins:/home/inspacehj/drone_mpc_ws/src/rotors_simulator/rotors_gazebo:/home/inspacehj/drone_mpc_ws/src/rotors_simulator/rotors_hil_interface:/home/inspacehj/drone_mpc_ws/src/rotors_simulator/rotors_joy_interface:/home/inspacehj/drone_mpc_ws/src/rotors_simulator/rotors_simulator:/home/inspacehj/drone_mpc_ws/src/rpg_quadrotor_control/simulation/rpg_rotors_interface:/home/inspacehj/drone_mpc_ws/src/rpg_single_board_io:/home/inspacehj/drone_mpc_ws/src/rpg_quadrotor_control/gui/rqt_quad_gui:/home/inspacehj/drone_mpc_ws/src/rotors_simulator/rqt_rotors:/home/inspacehj/drone_mpc_ws/src/rpg_quadrotor_control/bridges/sbus_bridge:/home/inspacehj/drone_mpc_ws/src/rpg_quadrotor_control/utils/manual_flight_assistant:/home/inspacehj/drone_mpc_ws/src/rpg_quadrotor_common/state_predictor:/home/inspacehj/drone_mpc_ws/src/rpg_quadrotor_control/trajectory_planning/trajectory_generation_helper:/home/inspacehj/drone_mpc_ws/src/rpg_quadrotor_control/control/autopilot:/home/inspacehj/drone_mpc_ws/src/rpg_quadrotor_control/test/rpg_quadrotor_integration_test:/home/inspacehj/drone_mpc_ws/src/rpg_quadrotor_control/utils/vbat_thrust_calibration:/home/inspacehj/autosim_ws/src:/home/inspacehj/catkin_ws/src:/home/inspacehj/drone_ws/src/iq_sim:/home/inspacehj/drone_ws/src/mavlink:/home/inspacehj/drone_ws/src/mavros/libmavconn:/home/inspacehj/drone_ws/src/mavros/mavros_msgs:/home/inspacehj/drone_ws/src/mavros/mavros:/home/inspacehj/drone_ws/src/mavros/mavros_extras:/home/inspacehj/drone_ws/src/mavros/test_mavros:/opt/ros/melodic/share /usr/bin/cmake --build /home/inspacehj/dr_logger/simulation_ws/build/deepracer_interpreter --target tests -- -j16 -l16
[6.490s] DEBUG:colcon.colcon_core.event_handler.log_command:Invoking command in '/home/inspacehj/dr_logger/simulation_ws/build/deepracer_interpreter': CMAKE_PREFIX_PATH=/home/inspacehj/dr_logger/simulation_ws/install/deepracer_msgs:/home/inspacehj/dr_logger/simulation_ws/install/deepracer_simulation:/home/inspacehj/dr_logger/simulation_ws/install/deepracer_interpreter:/home/inspacehj/drone_mpc_ws/devel/.private/catkin_tools_prebuild:/home/inspacehj/drone_ws/devel/.private/catkin_tools_prebuild:/home/inspacehj/drone_mpc_ws/devel:/home/inspacehj/autosim_ws/devel:/home/inspacehj/catkin_ws/devel:/home/inspacehj/drone_ws/devel:/opt/ros/melodic PKG_CONFIG_PATH=/home/inspacehj/dr_logger/simulation_ws/install/deepracer_msgs/lib/x86_64-linux-gnu/pkgconfig:/home/inspacehj/dr_logger/simulation_ws/install/deepracer_msgs/lib/pkgconfig:/home/inspacehj/dr_logger/simulation_ws/install/deepracer_simulation/lib/x86_64-linux-gnu/pkgconfig:/home/inspacehj/dr_logger/simulation_ws/install/deepracer_simulation/lib/pkgconfig:/home/inspacehj/dr_logger/simulation_ws/install/deepracer_interpreter/lib/x86_64-linux-gnu/pkgconfig:/home/inspacehj/dr_logger/simulation_ws/install/deepracer_interpreter/lib/pkgconfig:/home/inspacehj/drone_mpc_ws/devel/.private/catkin_tools_prebuild/lib/pkgconfig:/home/inspacehj/drone_ws/devel/.private/catkin_tools_prebuild/lib/pkgconfig:/home/inspacehj/drone_mpc_ws/devel/lib/pkgconfig:/home/inspacehj/autosim_ws/devel/lib/pkgconfig:/home/inspacehj/catkin_ws/devel/lib/pkgconfig:/home/inspacehj/drone_ws/devel/lib/pkgconfig:/opt/ros/melodic/lib/pkgconfig PYTHONPATH=/home/inspacehj/dr_logger/simulation_ws/install/deepracer_msgs/lib/python2.7/dist-packages:/home/inspacehj/dr_logger/simulation_ws/install/sagemaker_rl_agent/lib/python3.6/site-packages:/home/inspacehj/drone_mpc_ws/devel/lib/python2.7/dist-packages:/home/inspacehj/autosim_ws/devel/lib/python2.7/dist-packages:/home/inspacehj/catkin_ws/devel/lib/python2.7/dist-packages:/home/inspacehj/drone_ws/devel/lib/python2.7/dist-packages:/opt/ros/melodic/lib/python2.7/dist-packages:/home/inspacehj/drone_mpc_ws/src/data_driven_mpc/ros_gp_mpc ROS_PACKAGE_PATH=/home/inspacehj/dr_logger/simulation_ws/install/deepracer_msgs/share:/home/inspacehj/dr_logger/simulation_ws/install/deepracer_simulation/share:/home/inspacehj/dr_logger/simulation_ws/install/deepracer_interpreter/share:/home/inspacehj/drone_mpc_ws/src/catkin_simple:/home/inspacehj/drone_mpc_ws/src/eigen_catkin:/home/inspacehj/drone_mpc_ws/src/mav_comm/mav_comm:/home/inspacehj/drone_mpc_ws/src/mav_comm/mav_msgs:/home/inspacehj/drone_mpc_ws/src/mav_comm/mav_planning_msgs:/home/inspacehj/drone_mpc_ws/src/mav_comm/mav_state_machine_msgs:/home/inspacehj/drone_mpc_ws/src/mav_comm/mav_system_msgs:/home/inspacehj/drone_mpc_ws/src/rpg_quadrotor_control/quad_launch_files:/home/inspacehj/drone_mpc_ws/src/rpg_quadrotor_common/quadrotor_msgs:/home/inspacehj/drone_mpc_ws/src/rpg_quadrotor_common/quadrotor_common:/home/inspacehj/drone_mpc_ws/src/rpg_quadrotor_control/trajectory_planning/polynomial_trajectories:/home/inspacehj/drone_mpc_ws/src/rpg_quadrotor_control/control/position_controller:/home/inspacehj/drone_mpc_ws/src/data_driven_mpc/ros_gp_mpc:/home/inspacehj/drone_mpc_ws/src/rotors_simulator/rotors_comm:/home/inspacehj/drone_mpc_ws/src/rotors_simulator/rotors_control:/home/inspacehj/drone_mpc_ws/src/rotors_simulator/rotors_description:/home/inspacehj/drone_mpc_ws/src/rotors_simulator/rotors_evaluation:/home/inspacehj/drone_mpc_ws/src/rotors_simulator/rotors_gazebo_plugins:/home/inspacehj/drone_mpc_ws/src/rotors_simulator/rotors_gazebo:/home/inspacehj/drone_mpc_ws/src/rotors_simulator/rotors_hil_interface:/home/inspacehj/drone_mpc_ws/src/rotors_simulator/rotors_joy_interface:/home/inspacehj/drone_mpc_ws/src/rotors_simulator/rotors_simulator:/home/inspacehj/drone_mpc_ws/src/rpg_quadrotor_control/simulation/rpg_rotors_interface:/home/inspacehj/drone_mpc_ws/src/rpg_single_board_io:/home/inspacehj/drone_mpc_ws/src/rpg_quadrotor_control/gui/rqt_quad_gui:/home/inspacehj/drone_mpc_ws/src/rotors_simulator/rqt_rotors:/home/inspacehj/drone_mpc_ws/src/rpg_quadrotor_control/bridges/sbus_bridge:/home/inspacehj/drone_mpc_ws/src/rpg_quadrotor_control/utils/manual_flight_assistant:/home/inspacehj/drone_mpc_ws/src/rpg_quadrotor_common/state_predictor:/home/inspacehj/drone_mpc_ws/src/rpg_quadrotor_control/trajectory_planning/trajectory_generation_helper:/home/inspacehj/drone_mpc_ws/src/rpg_quadrotor_control/control/autopilot:/home/inspacehj/drone_mpc_ws/src/rpg_quadrotor_control/test/rpg_quadrotor_integration_test:/home/inspacehj/drone_mpc_ws/src/rpg_quadrotor_control/utils/vbat_thrust_calibration:/home/inspacehj/autosim_ws/src:/home/inspacehj/catkin_ws/src:/home/inspacehj/drone_ws/src/iq_sim:/home/inspacehj/drone_ws/src/mavlink:/home/inspacehj/drone_ws/src/mavros/libmavconn:/home/inspacehj/drone_ws/src/mavros/mavros_msgs:/home/inspacehj/drone_ws/src/mavros/mavros:/home/inspacehj/drone_ws/src/mavros/mavros_extras:/home/inspacehj/drone_ws/src/mavros/test_mavros:/opt/ros/melodic/share /usr/bin/cmake --build /home/inspacehj/dr_logger/simulation_ws/build/deepracer_interpreter --target install -- -j16 -l16
[6.601s] DEBUG:colcon.colcon_core.event_handler.log_command:Invoked command in '/home/inspacehj/dr_logger/simulation_ws/build/deepracer_interpreter' returned '0': CMAKE_PREFIX_PATH=/home/inspacehj/dr_logger/simulation_ws/install/deepracer_msgs:/home/inspacehj/dr_logger/simulation_ws/install/deepracer_simulation:/home/inspacehj/dr_logger/simulation_ws/install/deepracer_interpreter:/home/inspacehj/drone_mpc_ws/devel/.private/catkin_tools_prebuild:/home/inspacehj/drone_ws/devel/.private/catkin_tools_prebuild:/home/inspacehj/drone_mpc_ws/devel:/home/inspacehj/autosim_ws/devel:/home/inspacehj/catkin_ws/devel:/home/inspacehj/drone_ws/devel:/opt/ros/melodic PKG_CONFIG_PATH=/home/inspacehj/dr_logger/simulation_ws/install/deepracer_msgs/lib/x86_64-linux-gnu/pkgconfig:/home/inspacehj/dr_logger/simulation_ws/install/deepracer_msgs/lib/pkgconfig:/home/inspacehj/dr_logger/simulation_ws/install/deepracer_simulation/lib/x86_64-linux-gnu/pkgconfig:/home/inspacehj/dr_logger/simulation_ws/install/deepracer_simulation/lib/pkgconfig:/home/inspacehj/dr_logger/simulation_ws/install/deepracer_interpreter/lib/x86_64-linux-gnu/pkgconfig:/home/inspacehj/dr_logger/simulation_ws/install/deepracer_interpreter/lib/pkgconfig:/home/inspacehj/drone_mpc_ws/devel/.private/catkin_tools_prebuild/lib/pkgconfig:/home/inspacehj/drone_ws/devel/.private/catkin_tools_prebuild/lib/pkgconfig:/home/inspacehj/drone_mpc_ws/devel/lib/pkgconfig:/home/inspacehj/autosim_ws/devel/lib/pkgconfig:/home/inspacehj/catkin_ws/devel/lib/pkgconfig:/home/inspacehj/drone_ws/devel/lib/pkgconfig:/opt/ros/melodic/lib/pkgconfig PYTHONPATH=/home/inspacehj/dr_logger/simulation_ws/install/deepracer_msgs/lib/python2.7/dist-packages:/home/inspacehj/dr_logger/simulation_ws/install/sagemaker_rl_agent/lib/python3.6/site-packages:/home/inspacehj/drone_mpc_ws/devel/lib/python2.7/dist-packages:/home/inspacehj/autosim_ws/devel/lib/python2.7/dist-packages:/home/inspacehj/catkin_ws/devel/lib/python2.7/dist-packages:/home/inspacehj/drone_ws/devel/lib/python2.7/dist-packages:/opt/ros/melodic/lib/python2.7/dist-packages:/home/inspacehj/drone_mpc_ws/src/data_driven_mpc/ros_gp_mpc ROS_PACKAGE_PATH=/home/inspacehj/dr_logger/simulation_ws/install/deepracer_msgs/share:/home/inspacehj/dr_logger/simulation_ws/install/deepracer_simulation/share:/home/inspacehj/dr_logger/simulation_ws/install/deepracer_interpreter/share:/home/inspacehj/drone_mpc_ws/src/catkin_simple:/home/inspacehj/drone_mpc_ws/src/eigen_catkin:/home/inspacehj/drone_mpc_ws/src/mav_comm/mav_comm:/home/inspacehj/drone_mpc_ws/src/mav_comm/mav_msgs:/home/inspacehj/drone_mpc_ws/src/mav_comm/mav_planning_msgs:/home/inspacehj/drone_mpc_ws/src/mav_comm/mav_state_machine_msgs:/home/inspacehj/drone_mpc_ws/src/mav_comm/mav_system_msgs:/home/inspacehj/drone_mpc_ws/src/rpg_quadrotor_control/quad_launch_files:/home/inspacehj/drone_mpc_ws/src/rpg_quadrotor_common/quadrotor_msgs:/home/inspacehj/drone_mpc_ws/src/rpg_quadrotor_common/quadrotor_common:/home/inspacehj/drone_mpc_ws/src/rpg_quadrotor_control/trajectory_planning/polynomial_trajectories:/home/inspacehj/drone_mpc_ws/src/rpg_quadrotor_control/control/position_controller:/home/inspacehj/drone_mpc_ws/src/data_driven_mpc/ros_gp_mpc:/home/inspacehj/drone_mpc_ws/src/rotors_simulator/rotors_comm:/home/inspacehj/drone_mpc_ws/src/rotors_simulator/rotors_control:/home/inspacehj/drone_mpc_ws/src/rotors_simulator/rotors_description:/home/inspacehj/drone_mpc_ws/src/rotors_simulator/rotors_evaluation:/home/inspacehj/drone_mpc_ws/src/rotors_simulator/rotors_gazebo_plugins:/home/inspacehj/drone_mpc_ws/src/rotors_simulator/rotors_gazebo:/home/inspacehj/drone_mpc_ws/src/rotors_simulator/rotors_hil_interface:/home/inspacehj/drone_mpc_ws/src/rotors_simulator/rotors_joy_interface:/home/inspacehj/drone_mpc_ws/src/rotors_simulator/rotors_simulator:/home/inspacehj/drone_mpc_ws/src/rpg_quadrotor_control/simulation/rpg_rotors_interface:/home/inspacehj/drone_mpc_ws/src/rpg_single_board_io:/home/inspacehj/drone_mpc_ws/src/rpg_quadrotor_control/gui/rqt_quad_gui:/home/inspacehj/drone_mpc_ws/src/rotors_simulator/rqt_rotors:/home/inspacehj/drone_mpc_ws/src/rpg_quadrotor_control/bridges/sbus_bridge:/home/inspacehj/drone_mpc_ws/src/rpg_quadrotor_control/utils/manual_flight_assistant:/home/inspacehj/drone_mpc_ws/src/rpg_quadrotor_common/state_predictor:/home/inspacehj/drone_mpc_ws/src/rpg_quadrotor_control/trajectory_planning/trajectory_generation_helper:/home/inspacehj/drone_mpc_ws/src/rpg_quadrotor_control/control/autopilot:/home/inspacehj/drone_mpc_ws/src/rpg_quadrotor_control/test/rpg_quadrotor_integration_test:/home/inspacehj/drone_mpc_ws/src/rpg_quadrotor_control/utils/vbat_thrust_calibration:/home/inspacehj/autosim_ws/src:/home/inspacehj/catkin_ws/src:/home/inspacehj/drone_ws/src/iq_sim:/home/inspacehj/drone_ws/src/mavlink:/home/inspacehj/drone_ws/src/mavros/libmavconn:/home/inspacehj/drone_ws/src/mavros/mavros_msgs:/home/inspacehj/drone_ws/src/mavros/mavros:/home/inspacehj/drone_ws/src/mavros/mavros_extras:/home/inspacehj/drone_ws/src/mavros/test_mavros:/opt/ros/melodic/share /usr/bin/cmake --build /home/inspacehj/dr_logger/simulation_ws/build/deepracer_interpreter --target install -- -j16 -l16
[6.799s] Level 1:colcon.colcon_core.shell:create_environment_hook('deepracer_interpreter', 'ros_package_path')
[6.838s] INFO:colcon.colcon_core.shell:Creating environment hook '/home/inspacehj/dr_logger/simulation_ws/install/deepracer_interpreter/share/deepracer_interpreter/hook/ros_package_path.ps1'
[6.839s] INFO:colcon.colcon_core.shell:Creating environment descriptor '/home/inspacehj/dr_logger/simulation_ws/install/deepracer_interpreter/share/deepracer_interpreter/hook/ros_package_path.dsv'
[6.839s] INFO:colcon.colcon_core.shell:Creating environment hook '/home/inspacehj/dr_logger/simulation_ws/install/deepracer_interpreter/share/deepracer_interpreter/hook/ros_package_path.sh'
[6.840s] Level 1:colcon.colcon_ros.task.catkin:checking '/home/inspacehj/dr_logger/simulation_ws/install/deepracer_interpreter/lib/python2.7/dist-packages'
[6.841s] Level 1:colcon.colcon_core.shell:create_environment_hook('deepracer_interpreter', 'pkg_config_path')
[6.854s] INFO:colcon.colcon_core.shell:Creating environment hook '/home/inspacehj/dr_logger/simulation_ws/install/deepracer_interpreter/share/deepracer_interpreter/hook/pkg_config_path.ps1'
[6.854s] INFO:colcon.colcon_core.shell:Creating environment descriptor '/home/inspacehj/dr_logger/simulation_ws/install/deepracer_interpreter/share/deepracer_interpreter/hook/pkg_config_path.dsv'
[6.855s] INFO:colcon.colcon_core.shell:Creating environment hook '/home/inspacehj/dr_logger/simulation_ws/install/deepracer_interpreter/share/deepracer_interpreter/hook/pkg_config_path.sh'
[6.855s] Level 1:colcon.colcon_core.shell:create_environment_hook('deepracer_interpreter', 'pkg_config_path_multiarch')
[6.865s] INFO:colcon.colcon_core.shell:Creating environment hook '/home/inspacehj/dr_logger/simulation_ws/install/deepracer_interpreter/share/deepracer_interpreter/hook/pkg_config_path_multiarch.ps1'
[6.865s] INFO:colcon.colcon_core.shell:Creating environment descriptor '/home/inspacehj/dr_logger/simulation_ws/install/deepracer_interpreter/share/deepracer_interpreter/hook/pkg_config_path_multiarch.dsv'
[6.865s] INFO:colcon.colcon_core.shell:Creating environment hook '/home/inspacehj/dr_logger/simulation_ws/install/deepracer_interpreter/share/deepracer_interpreter/hook/pkg_config_path_multiarch.sh'
[6.873s] Level 1:colcon.colcon_core.environment:create_environment_scripts_only(deepracer_interpreter)
[6.881s] Level 1:colcon.colcon_core.environment:checking '/home/inspacehj/dr_logger/simulation_ws/install/deepracer_interpreter' for CMake module files
[6.881s] Level 1:colcon.colcon_core.environment:checking '/home/inspacehj/dr_logger/simulation_ws/install/deepracer_interpreter' for CMake config files
[6.881s] Level 1:colcon.colcon_core.shell:create_environment_hook('deepracer_interpreter', 'cmake_prefix_path')
[6.888s] INFO:colcon.colcon_core.shell:Creating environment hook '/home/inspacehj/dr_logger/simulation_ws/install/deepracer_interpreter/share/deepracer_interpreter/hook/cmake_prefix_path.ps1'
[6.889s] INFO:colcon.colcon_core.shell:Creating environment descriptor '/home/inspacehj/dr_logger/simulation_ws/install/deepracer_interpreter/share/deepracer_interpreter/hook/cmake_prefix_path.dsv'
[6.889s] INFO:colcon.colcon_core.shell:Creating environment hook '/home/inspacehj/dr_logger/simulation_ws/install/deepracer_interpreter/share/deepracer_interpreter/hook/cmake_prefix_path.sh'
[6.889s] Level 1:colcon.colcon_core.environment:checking '/home/inspacehj/dr_logger/simulation_ws/install/deepracer_interpreter/lib'
[6.889s] Level 1:colcon.colcon_core.shell:create_environment_hook('deepracer_interpreter', 'ld_library_path_lib')
[6.897s] INFO:colcon.colcon_core.shell:Creating environment hook '/home/inspacehj/dr_logger/simulation_ws/install/deepracer_interpreter/share/deepracer_interpreter/hook/ld_library_path_lib.ps1'
[6.897s] INFO:colcon.colcon_core.shell:Creating environment descriptor '/home/inspacehj/dr_logger/simulation_ws/install/deepracer_interpreter/share/deepracer_interpreter/hook/ld_library_path_lib.dsv'
[6.897s] INFO:colcon.colcon_core.shell:Creating environment hook '/home/inspacehj/dr_logger/simulation_ws/install/deepracer_interpreter/share/deepracer_interpreter/hook/ld_library_path_lib.sh'
[6.897s] Level 1:colcon.colcon_core.environment:checking '/home/inspacehj/dr_logger/simulation_ws/install/deepracer_interpreter/bin'
[6.897s] Level 1:colcon.colcon_core.environment:checking '/home/inspacehj/dr_logger/simulation_ws/install/deepracer_interpreter/lib/pkgconfig/deepracer_interpreter.pc'
[6.897s] Level 1:colcon.colcon_core.shell:create_environment_hook('deepracer_interpreter', 'pkg_config')
[6.904s] INFO:colcon.colcon_core.shell:Creating environment hook '/home/inspacehj/dr_logger/simulation_ws/install/deepracer_interpreter/share/deepracer_interpreter/hook/pkg_config.ps1'
[6.905s] INFO:colcon.colcon_core.shell:Creating environment descriptor '/home/inspacehj/dr_logger/simulation_ws/install/deepracer_interpreter/share/deepracer_interpreter/hook/pkg_config.dsv'
[6.905s] INFO:colcon.colcon_core.shell:Creating environment hook '/home/inspacehj/dr_logger/simulation_ws/install/deepracer_interpreter/share/deepracer_interpreter/hook/pkg_config.sh'
[6.905s] Level 1:colcon.colcon_core.environment:checking '/home/inspacehj/dr_logger/simulation_ws/install/deepracer_interpreter/lib/python3.6/site-packages'
[6.912s] INFO:colcon.colcon_core.shell:Creating package script '/home/inspacehj/dr_logger/simulation_ws/install/deepracer_interpreter/share/deepracer_interpreter/package.ps1'
[6.913s] INFO:colcon.colcon_core.shell:Creating package descriptor '/home/inspacehj/dr_logger/simulation_ws/install/deepracer_interpreter/share/deepracer_interpreter/package.dsv'
[6.913s] INFO:colcon.colcon_core.shell:Creating package script '/home/inspacehj/dr_logger/simulation_ws/install/deepracer_interpreter/share/deepracer_interpreter/package.sh'
[6.913s] INFO:colcon.colcon_core.shell:Creating package script '/home/inspacehj/dr_logger/simulation_ws/install/deepracer_interpreter/share/deepracer_interpreter/package.bash'
[6.914s] INFO:colcon.colcon_core.shell:Creating package script '/home/inspacehj/dr_logger/simulation_ws/install/deepracer_interpreter/share/deepracer_interpreter/package.zsh'
[6.914s] Level 1:colcon.colcon_core.environment:create_file_with_runtime_dependencies(/home/inspacehj/dr_logger/simulation_ws/install/deepracer_interpreter/share/colcon-core/packages/deepracer_interpreter)
[6.914s] DEBUG:colcon.colcon_parallel_executor.executor.parallel:closing loop
[6.916s] DEBUG:colcon.colcon_parallel_executor.executor.parallel:loop closed
[6.916s] DEBUG:colcon.colcon_parallel_executor.executor.parallel:run_until_complete finished with '0'
[6.916s] DEBUG:colcon.colcon_core.event_reactor:joining thread
[6.926s] INFO:colcon.colcon_core.plugin_system:Skipping extension 'colcon_notification.desktop_notification.terminal_notifier': Not used on non-Darwin systems
[6.926s] INFO:colcon.colcon_core.plugin_system:Skipping extension 'colcon_notification.desktop_notification.win32': Not used on non-Windows systems
[6.926s] INFO:colcon.colcon_notification.desktop_notification:Sending desktop notification using 'notify2'
[6.928s] DEBUG:colcon.colcon_core.event_reactor:joined thread
[6.936s] INFO:colcon.colcon_core.shell:Creating prefix script '/home/inspacehj/dr_logger/simulation_ws/install/local_setup.ps1'
[6.937s] INFO:colcon.colcon_core.shell:Creating prefix util module '/home/inspacehj/dr_logger/simulation_ws/install/_local_setup_util_ps1.py'
[6.938s] INFO:colcon.colcon_core.shell:Creating prefix chain script '/home/inspacehj/dr_logger/simulation_ws/install/setup.ps1'
[6.944s] INFO:colcon.colcon_core.shell:Creating prefix script '/home/inspacehj/dr_logger/simulation_ws/install/local_setup.sh'
[6.944s] INFO:colcon.colcon_core.shell:Creating prefix util module '/home/inspacehj/dr_logger/simulation_ws/install/_local_setup_util_sh.py'
[6.944s] INFO:colcon.colcon_core.shell:Creating prefix chain script '/home/inspacehj/dr_logger/simulation_ws/install/setup.sh'
[6.951s] INFO:colcon.colcon_core.shell:Creating prefix script '/home/inspacehj/dr_logger/simulation_ws/install/local_setup.bash'
[6.951s] INFO:colcon.colcon_core.shell:Creating prefix chain script '/home/inspacehj/dr_logger/simulation_ws/install/setup.bash'
[6.957s] INFO:colcon.colcon_core.shell:Creating prefix script '/home/inspacehj/dr_logger/simulation_ws/install/local_setup.zsh'
[6.957s] INFO:colcon.colcon_core.shell:Creating prefix chain script '/home/inspacehj/dr_logger/simulation_ws/install/setup.zsh'
