[0.022s] Invoking command in '/home/inspacehj/dr_logger/simulation_ws/build/deepracer_simulation': CMAKE_PREFIX_PATH=/home/inspacehj/dr_logger/simulation_ws/install/deepracer_msgs:${CMAKE_PREFIX_PATH} PKG_CONFIG_PATH=/home/inspacehj/dr_logger/simulation_ws/install/deepracer_msgs/lib/x86_64-linux-gnu/pkgconfig:/home/inspacehj/dr_logger/simulation_ws/install/deepracer_msgs/lib/pkgconfig:${PKG_CONFIG_PATH} PYTHONPATH=/home/inspacehj/dr_logger/simulation_ws/install/deepracer_msgs/lib/python2.7/dist-packages:${PYTHONPATH} ROS_PACKAGE_PATH=/home/inspacehj/dr_logger/simulation_ws/install/deepracer_msgs/share:${ROS_PACKAGE_PATH} /usr/bin/cmake --build /home/inspacehj/dr_logger/simulation_ws/build/deepracer_simulation -- -j16 -l16
[0.050s] Invoked command in '/home/inspacehj/dr_logger/simulation_ws/build/deepracer_simulation' returned '0': CMAKE_PREFIX_PATH=/home/inspacehj/dr_logger/simulation_ws/install/deepracer_msgs:${CMAKE_PREFIX_PATH} PKG_CONFIG_PATH=/home/inspacehj/dr_logger/simulation_ws/install/deepracer_msgs/lib/x86_64-linux-gnu/pkgconfig:/home/inspacehj/dr_logger/simulation_ws/install/deepracer_msgs/lib/pkgconfig:${PKG_CONFIG_PATH} PYTHONPATH=/home/inspacehj/dr_logger/simulation_ws/install/deepracer_msgs/lib/python2.7/dist-packages:${PYTHONPATH} ROS_PACKAGE_PATH=/home/inspacehj/dr_logger/simulation_ws/install/deepracer_msgs/share:${ROS_PACKAGE_PATH} /usr/bin/cmake --build /home/inspacehj/dr_logger/simulation_ws/build/deepracer_simulation -- -j16 -l16
[0.100s] Invoking command in '/home/inspacehj/dr_logger/simulation_ws/build/deepracer_simulation': CMAKE_PREFIX_PATH=/home/inspacehj/dr_logger/simulation_ws/install/deepracer_msgs:${CMAKE_PREFIX_PATH} PKG_CONFIG_PATH=/home/inspacehj/dr_logger/simulation_ws/install/deepracer_msgs/lib/x86_64-linux-gnu/pkgconfig:/home/inspacehj/dr_logger/simulation_ws/install/deepracer_msgs/lib/pkgconfig:${PKG_CONFIG_PATH} PYTHONPATH=/home/inspacehj/dr_logger/simulation_ws/install/deepracer_msgs/lib/python2.7/dist-packages:${PYTHONPATH} ROS_PACKAGE_PATH=/home/inspacehj/dr_logger/simulation_ws/install/deepracer_msgs/share:${ROS_PACKAGE_PATH} /usr/bin/cmake --build /home/inspacehj/dr_logger/simulation_ws/build/deepracer_simulation --target tests -- -j16 -l16
[0.144s] Built target tests
[0.151s] Invoked command in '/home/inspacehj/dr_logger/simulation_ws/build/deepracer_simulation' returned '0': CMAKE_PREFIX_PATH=/home/inspacehj/dr_logger/simulation_ws/install/deepracer_msgs:${CMAKE_PREFIX_PATH} PKG_CONFIG_PATH=/home/inspacehj/dr_logger/simulation_ws/install/deepracer_msgs/lib/x86_64-linux-gnu/pkgconfig:/home/inspacehj/dr_logger/simulation_ws/install/deepracer_msgs/lib/pkgconfig:${PKG_CONFIG_PATH} PYTHONPATH=/home/inspacehj/dr_logger/simulation_ws/install/deepracer_msgs/lib/python2.7/dist-packages:${PYTHONPATH} ROS_PACKAGE_PATH=/home/inspacehj/dr_logger/simulation_ws/install/deepracer_msgs/share:${ROS_PACKAGE_PATH} /usr/bin/cmake --build /home/inspacehj/dr_logger/simulation_ws/build/deepracer_simulation --target tests -- -j16 -l16
[0.201s] Invoking command in '/home/inspacehj/dr_logger/simulation_ws/build/deepracer_simulation': CMAKE_PREFIX_PATH=/home/inspacehj/dr_logger/simulation_ws/install/deepracer_msgs:${CMAKE_PREFIX_PATH} PKG_CONFIG_PATH=/home/inspacehj/dr_logger/simulation_ws/install/deepracer_msgs/lib/x86_64-linux-gnu/pkgconfig:/home/inspacehj/dr_logger/simulation_ws/install/deepracer_msgs/lib/pkgconfig:${PKG_CONFIG_PATH} PYTHONPATH=/home/inspacehj/dr_logger/simulation_ws/install/deepracer_msgs/lib/python2.7/dist-packages:${PYTHONPATH} ROS_PACKAGE_PATH=/home/inspacehj/dr_logger/simulation_ws/install/deepracer_msgs/share:${ROS_PACKAGE_PATH} /usr/bin/cmake --build /home/inspacehj/dr_logger/simulation_ws/build/deepracer_simulation --target install -- -j16 -l16
[0.236s] [36mInstall the project...[0m
[0.242s] -- Install configuration: ""
[0.242s] -- Up-to-date: /home/inspacehj/dr_logger/simulation_ws/install/deepracer_simulation/lib/pkgconfig/deepracer_simulation.pc
[0.242s] -- Up-to-date: /home/inspacehj/dr_logger/simulation_ws/install/deepracer_simulation/share/deepracer_simulation/cmake/deepracer_simulationConfig.cmake
[0.242s] -- Up-to-date: /home/inspacehj/dr_logger/simulation_ws/install/deepracer_simulation/share/deepracer_simulation/cmake/deepracer_simulationConfig-version.cmake
[0.243s] -- Up-to-date: /home/inspacehj/dr_logger/simulation_ws/install/deepracer_simulation/share/deepracer_simulation/package.xml
[0.243s] -- Up-to-date: /home/inspacehj/dr_logger/simulation_ws/install/deepracer_simulation/lib/deepracer_simulation/servo_commands.py
[0.243s] -- Up-to-date: /home/inspacehj/dr_logger/simulation_ws/install/deepracer_simulation/lib/deepracer_simulation/run_local_rl_agent.sh
[0.243s] -- Up-to-date: /home/inspacehj/dr_logger/simulation_ws/install/deepracer_simulation/lib/deepracer_simulation/run_rollout_rl_agent.sh
[0.243s] -- Up-to-date: /home/inspacehj/dr_logger/simulation_ws/install/deepracer_simulation/lib/deepracer_simulation/run_evaluation_rl_agent.sh
[0.243s] -- Up-to-date: /home/inspacehj/dr_logger/simulation_ws/install/deepracer_simulation/lib/deepracer_simulation/key_control.py
[0.243s] -- Up-to-date: /home/inspacehj/dr_logger/simulation_ws/install/deepracer_simulation/lib/deepracer_simulation/logger.py
[0.243s] -- Up-to-date: /home/inspacehj/dr_logger/simulation_ws/install/deepracer_simulation/lib/deepracer_simulation/ackermann_control.py
[0.244s] -- Up-to-date: /home/inspacehj/dr_logger/simulation_ws/install/deepracer_simulation/share/deepracer_simulation/launch
[0.244s] -- Up-to-date: /home/inspacehj/dr_logger/simulation_ws/install/deepracer_simulation/share/deepracer_simulation/launch/ackermann_control.launch
[0.244s] -- Up-to-date: /home/inspacehj/dr_logger/simulation_ws/install/deepracer_simulation/share/deepracer_simulation/launch/racecar_control.launch
[0.244s] -- Up-to-date: /home/inspacehj/dr_logger/simulation_ws/install/deepracer_simulation/share/deepracer_simulation/launch/distributed_training.launch
[0.244s] -- Up-to-date: /home/inspacehj/dr_logger/simulation_ws/install/deepracer_simulation/share/deepracer_simulation/launch/racetrack_with_racecar.launch
[0.244s] -- Up-to-date: /home/inspacehj/dr_logger/simulation_ws/install/deepracer_simulation/share/deepracer_simulation/launch/local_training.launch
[0.244s] -- Up-to-date: /home/inspacehj/dr_logger/simulation_ws/install/deepracer_simulation/share/deepracer_simulation/launch/key_control.launch
[0.244s] -- Up-to-date: /home/inspacehj/dr_logger/simulation_ws/install/deepracer_simulation/share/deepracer_simulation/launch/racecar.launch
[0.244s] -- Up-to-date: /home/inspacehj/dr_logger/simulation_ws/install/deepracer_simulation/share/deepracer_simulation/launch/logger.launch
[0.244s] -- Up-to-date: /home/inspacehj/dr_logger/simulation_ws/install/deepracer_simulation/share/deepracer_simulation/launch/evaluation.launch
[0.244s] -- Up-to-date: /home/inspacehj/dr_logger/simulation_ws/install/deepracer_simulation/share/deepracer_simulation/config
[0.244s] -- Up-to-date: /home/inspacehj/dr_logger/simulation_ws/install/deepracer_simulation/share/deepracer_simulation/config/racecar_control.yaml
[0.245s] -- Up-to-date: /home/inspacehj/dr_logger/simulation_ws/install/deepracer_simulation/share/deepracer_simulation/meshes
[0.245s] -- Up-to-date: /home/inspacehj/dr_logger/simulation_ws/install/deepracer_simulation/share/deepracer_simulation/meshes/boundary_lines.png
[0.245s] -- Up-to-date: /home/inspacehj/dr_logger/simulation_ws/install/deepracer_simulation/share/deepracer_simulation/meshes/right_steering_hinge.dae
[0.245s] -- Up-to-date: /home/inspacehj/dr_logger/simulation_ws/install/deepracer_simulation/share/deepracer_simulation/meshes/cone.dae
[0.245s] -- Up-to-date: /home/inspacehj/dr_logger/simulation_ws/install/deepracer_simulation/share/deepracer_simulation/meshes/CarAO.jpg
[0.245s] -- Up-to-date: /home/inspacehj/dr_logger/simulation_ws/install/deepracer_simulation/share/deepracer_simulation/meshes/hokuyo.dae
[0.245s] -- Up-to-date: /home/inspacehj/dr_logger/simulation_ws/install/deepracer_simulation/share/deepracer_simulation/meshes/hard_track
[0.245s] -- Up-to-date: /home/inspacehj/dr_logger/simulation_ws/install/deepracer_simulation/share/deepracer_simulation/meshes/hard_track/Track3_and_Wall.dae
[0.245s] -- Up-to-date: /home/inspacehj/dr_logger/simulation_ws/install/deepracer_simulation/share/deepracer_simulation/meshes/hard_track/SolidLine_DIFF.png
[0.245s] -- Up-to-date: /home/inspacehj/dr_logger/simulation_ws/install/deepracer_simulation/share/deepracer_simulation/meshes/hard_track/Astroturf_Gray_DIFF.png
[0.245s] -- Up-to-date: /home/inspacehj/dr_logger/simulation_ws/install/deepracer_simulation/share/deepracer_simulation/meshes/hard_track/Grass_DIFF.png
[0.245s] -- Up-to-date: /home/inspacehj/dr_logger/simulation_ws/install/deepracer_simulation/share/deepracer_simulation/meshes/hard_track/walls.jpg
[0.245s] -- Up-to-date: /home/inspacehj/dr_logger/simulation_ws/install/deepracer_simulation/share/deepracer_simulation/meshes/hard_track/Track3_and_wall.blend
[0.245s] -- Up-to-date: /home/inspacehj/dr_logger/simulation_ws/install/deepracer_simulation/share/deepracer_simulation/meshes/hard_track/DashedLine_DIFF.png
[0.245s] -- Up-to-date: /home/inspacehj/dr_logger/simulation_ws/install/deepracer_simulation/share/deepracer_simulation/meshes/right_front_wheel.dae
[0.245s] -- Up-to-date: /home/inspacehj/dr_logger/simulation_ws/install/deepracer_simulation/share/deepracer_simulation/meshes/left_steering_hinge.STL
[0.245s] -- Up-to-date: /home/inspacehj/dr_logger/simulation_ws/install/deepracer_simulation/share/deepracer_simulation/meshes/left_front_wheel.dae
[0.246s] -- Up-to-date: /home/inspacehj/dr_logger/simulation_ws/install/deepracer_simulation/share/deepracer_simulation/meshes/aws_DIFF.jpg
[0.246s] -- Up-to-date: /home/inspacehj/dr_logger/simulation_ws/install/deepracer_simulation/share/deepracer_simulation/meshes/right_rear_wheel.STL
[0.246s] -- Up-to-date: /home/inspacehj/dr_logger/simulation_ws/install/deepracer_simulation/share/deepracer_simulation/meshes/medium_track
[0.246s] -- Up-to-date: /home/inspacehj/dr_logger/simulation_ws/install/deepracer_simulation/share/deepracer_simulation/meshes/medium_track/scripts
[0.246s] -- Up-to-date: /home/inspacehj/dr_logger/simulation_ws/install/deepracer_simulation/share/deepracer_simulation/meshes/medium_track/scripts/medium_track.material
[0.247s] -- Up-to-date: /home/inspacehj/dr_logger/simulation_ws/install/deepracer_simulation/share/deepracer_simulation/meshes/medium_track/textures
[0.247s] -- Up-to-date: /home/inspacehj/dr_logger/simulation_ws/install/deepracer_simulation/share/deepracer_simulation/meshes/medium_track/textures/medium_track.png
[0.247s] -- Up-to-date: /home/inspacehj/dr_logger/simulation_ws/install/deepracer_simulation/share/deepracer_simulation/meshes/polymsh_detached4.jpg
[0.248s] -- Up-to-date: /home/inspacehj/dr_logger/simulation_ws/install/deepracer_simulation/share/deepracer_simulation/meshes/left_rear_wheel.dae
[0.248s] -- Up-to-date: /home/inspacehj/dr_logger/simulation_ws/install/deepracer_simulation/share/deepracer_simulation/meshes/right_front_wheel.STL
[0.248s] -- Up-to-date: /home/inspacehj/dr_logger/simulation_ws/install/deepracer_simulation/share/deepracer_simulation/meshes/parking_1.dae
[0.248s] -- Up-to-date: /home/inspacehj/dr_logger/simulation_ws/install/deepracer_simulation/share/deepracer_simulation/meshes/racetrack.world
[0.248s] -- Up-to-date: /home/inspacehj/dr_logger/simulation_ws/install/deepracer_simulation/share/deepracer_simulation/meshes/center_line.png
[0.248s] -- Up-to-date: /home/inspacehj/dr_logger/simulation_ws/install/deepracer_simulation/share/deepracer_simulation/meshes/chassis.dae
[0.248s] -- Up-to-date: /home/inspacehj/dr_logger/simulation_ws/install/deepracer_simulation/share/deepracer_simulation/meshes/baseboard_checkers.jpg
[0.248s] -- Up-to-date: /home/inspacehj/dr_logger/simulation_ws/install/deepracer_simulation/share/deepracer_simulation/meshes/left_rear_wheel.STL
[0.248s] -- Up-to-date: /home/inspacehj/dr_logger/simulation_ws/install/deepracer_simulation/share/deepracer_simulation/meshes/right_rear_wheel.dae
[0.248s] -- Up-to-date: /home/inspacehj/dr_logger/simulation_ws/install/deepracer_simulation/share/deepracer_simulation/meshes/left_front_wheel.STL
[0.248s] -- Up-to-date: /home/inspacehj/dr_logger/simulation_ws/install/deepracer_simulation/share/deepracer_simulation/meshes/right_steering_hinge.STL
[0.249s] -- Up-to-date: /home/inspacehj/dr_logger/simulation_ws/install/deepracer_simulation/share/deepracer_simulation/meshes/easy_track
[0.249s] -- Up-to-date: /home/inspacehj/dr_logger/simulation_ws/install/deepracer_simulation/share/deepracer_simulation/meshes/easy_track/scripts
[0.249s] -- Up-to-date: /home/inspacehj/dr_logger/simulation_ws/install/deepracer_simulation/share/deepracer_simulation/meshes/easy_track/scripts/easy_track.material
[0.249s] -- Up-to-date: /home/inspacehj/dr_logger/simulation_ws/install/deepracer_simulation/share/deepracer_simulation/meshes/easy_track/textures
[0.249s] -- Up-to-date: /home/inspacehj/dr_logger/simulation_ws/install/deepracer_simulation/share/deepracer_simulation/meshes/easy_track/textures/easy_track.jpg
[0.249s] -- Up-to-date: /home/inspacehj/dr_logger/simulation_ws/install/deepracer_simulation/share/deepracer_simulation/meshes/checkers_DIFF.jpg
[0.249s] -- Up-to-date: /home/inspacehj/dr_logger/simulation_ws/install/deepracer_simulation/share/deepracer_simulation/meshes/chassis.STL
[0.249s] -- Up-to-date: /home/inspacehj/dr_logger/simulation_ws/install/deepracer_simulation/share/deepracer_simulation/meshes/ground_plane_tex.png
[0.249s] -- Up-to-date: /home/inspacehj/dr_logger/simulation_ws/install/deepracer_simulation/share/deepracer_simulation/meshes/left_steering_hinge.dae
[0.249s] -- Up-to-date: /home/inspacehj/dr_logger/simulation_ws/install/deepracer_simulation/share/deepracer_simulation/meshes/Polygon.jpg
[0.249s] -- Up-to-date: /home/inspacehj/dr_logger/simulation_ws/install/deepracer_simulation/share/deepracer_simulation/models
[0.249s] -- Up-to-date: /home/inspacehj/dr_logger/simulation_ws/install/deepracer_simulation/share/deepracer_simulation/models/hard_track
[0.249s] -- Up-to-date: /home/inspacehj/dr_logger/simulation_ws/install/deepracer_simulation/share/deepracer_simulation/models/hard_track/model.sdf
[0.249s] -- Up-to-date: /home/inspacehj/dr_logger/simulation_ws/install/deepracer_simulation/share/deepracer_simulation/models/hard_track/model.config
[0.249s] -- Up-to-date: /home/inspacehj/dr_logger/simulation_ws/install/deepracer_simulation/share/deepracer_simulation/models/medium_track
[0.249s] -- Up-to-date: /home/inspacehj/dr_logger/simulation_ws/install/deepracer_simulation/share/deepracer_simulation/models/medium_track/model.sdf
[0.249s] -- Up-to-date: /home/inspacehj/dr_logger/simulation_ws/install/deepracer_simulation/share/deepracer_simulation/models/medium_track/model.config
[0.249s] -- Up-to-date: /home/inspacehj/dr_logger/simulation_ws/install/deepracer_simulation/share/deepracer_simulation/models/easy_track
[0.249s] -- Up-to-date: /home/inspacehj/dr_logger/simulation_ws/install/deepracer_simulation/share/deepracer_simulation/models/easy_track/model.sdf
[0.249s] -- Up-to-date: /home/inspacehj/dr_logger/simulation_ws/install/deepracer_simulation/share/deepracer_simulation/models/easy_track/model.config
[0.250s] -- Up-to-date: /home/inspacehj/dr_logger/simulation_ws/install/deepracer_simulation/share/deepracer_simulation/urdf
[0.250s] -- Up-to-date: /home/inspacehj/dr_logger/simulation_ws/install/deepracer_simulation/share/deepracer_simulation/urdf/materials.xacro
[0.250s] -- Up-to-date: /home/inspacehj/dr_logger/simulation_ws/install/deepracer_simulation/share/deepracer_simulation/urdf/racecar.gazebo
[0.250s] -- Up-to-date: /home/inspacehj/dr_logger/simulation_ws/install/deepracer_simulation/share/deepracer_simulation/urdf/racecar.xacro
[0.250s] -- Up-to-date: /home/inspacehj/dr_logger/simulation_ws/install/deepracer_simulation/share/deepracer_simulation/urdf/macros.xacro
[0.250s] -- Up-to-date: /home/inspacehj/dr_logger/simulation_ws/install/deepracer_simulation/share/deepracer_simulation/worlds
[0.250s] -- Up-to-date: /home/inspacehj/dr_logger/simulation_ws/install/deepracer_simulation/share/deepracer_simulation/worlds/hard_track.world
[0.250s] -- Up-to-date: /home/inspacehj/dr_logger/simulation_ws/install/deepracer_simulation/share/deepracer_simulation/worlds/medium_track.world
[0.250s] -- Up-to-date: /home/inspacehj/dr_logger/simulation_ws/install/deepracer_simulation/share/deepracer_simulation/worlds/easy_track.world
[0.250s] Invoked command in '/home/inspacehj/dr_logger/simulation_ws/build/deepracer_simulation' returned '0': CMAKE_PREFIX_PATH=/home/inspacehj/dr_logger/simulation_ws/install/deepracer_msgs:${CMAKE_PREFIX_PATH} PKG_CONFIG_PATH=/home/inspacehj/dr_logger/simulation_ws/install/deepracer_msgs/lib/x86_64-linux-gnu/pkgconfig:/home/inspacehj/dr_logger/simulation_ws/install/deepracer_msgs/lib/pkgconfig:${PKG_CONFIG_PATH} PYTHONPATH=/home/inspacehj/dr_logger/simulation_ws/install/deepracer_msgs/lib/python2.7/dist-packages:${PYTHONPATH} ROS_PACKAGE_PATH=/home/inspacehj/dr_logger/simulation_ws/install/deepracer_msgs/share:${ROS_PACKAGE_PATH} /usr/bin/cmake --build /home/inspacehj/dr_logger/simulation_ws/build/deepracer_simulation --target install -- -j16 -l16
