[0.007s] Invoking command in '/home/inspacehj/dr_logger/simulation_ws/build/deepracer_interpreter': CMAKE_PREFIX_PATH=/home/inspacehj/dr_logger/simulation_ws/install/deepracer_msgs:/home/inspacehj/dr_logger/simulation_ws/install/deepracer_simulation:/home/inspacehj/dr_logger/simulation_ws/install/deepracer_interpreter:/home/inspacehj/drone_mpc_ws/devel/.private/catkin_tools_prebuild:/home/inspacehj/drone_ws/devel/.private/catkin_tools_prebuild:/home/inspacehj/drone_mpc_ws/devel:/home/inspacehj/autosim_ws/devel:/home/inspacehj/catkin_ws/devel:/home/inspacehj/drone_ws/devel:/opt/ros/melodic PKG_CONFIG_PATH=/home/inspacehj/dr_logger/simulation_ws/install/deepracer_msgs/lib/x86_64-linux-gnu/pkgconfig:/home/inspacehj/dr_logger/simulation_ws/install/deepracer_msgs/lib/pkgconfig:/home/inspacehj/dr_logger/simulation_ws/install/deepracer_simulation/lib/x86_64-linux-gnu/pkgconfig:/home/inspacehj/dr_logger/simulation_ws/install/deepracer_simulation/lib/pkgconfig:/home/inspacehj/dr_logger/simulation_ws/install/deepracer_interpreter/lib/x86_64-linux-gnu/pkgconfig:/home/inspacehj/dr_logger/simulation_ws/install/deepracer_interpreter/lib/pkgconfig:/home/inspacehj/drone_mpc_ws/devel/.private/catkin_tools_prebuild/lib/pkgconfig:/home/inspacehj/drone_ws/devel/.private/catkin_tools_prebuild/lib/pkgconfig:/home/inspacehj/drone_mpc_ws/devel/lib/pkgconfig:/home/inspacehj/autosim_ws/devel/lib/pkgconfig:/home/inspacehj/catkin_ws/devel/lib/pkgconfig:/home/inspacehj/drone_ws/devel/lib/pkgconfig:/opt/ros/melodic/lib/pkgconfig PYTHONPATH=/home/inspacehj/dr_logger/simulation_ws/install/deepracer_msgs/lib/python2.7/dist-packages:/home/inspacehj/dr_logger/simulation_ws/install/sagemaker_rl_agent/lib/python3.6/site-packages:/home/inspacehj/drone_mpc_ws/devel/lib/python2.7/dist-packages:/home/inspacehj/autosim_ws/devel/lib/python2.7/dist-packages:/home/inspacehj/catkin_ws/devel/lib/python2.7/dist-packages:/home/inspacehj/drone_ws/devel/lib/python2.7/dist-packages:/opt/ros/melodic/lib/python2.7/dist-packages:/home/inspacehj/drone_mpc_ws/src/data_driven_mpc/ros_gp_mpc ROS_PACKAGE_PATH=/home/inspacehj/dr_logger/simulation_ws/install/deepracer_msgs/share:/home/inspacehj/dr_logger/simulation_ws/install/deepracer_simulation/share:/home/inspacehj/dr_logger/simulation_ws/install/deepracer_interpreter/share:/home/inspacehj/drone_mpc_ws/src/catkin_simple:/home/inspacehj/drone_mpc_ws/src/eigen_catkin:/home/inspacehj/drone_mpc_ws/src/mav_comm/mav_comm:/home/inspacehj/drone_mpc_ws/src/mav_comm/mav_msgs:/home/inspacehj/drone_mpc_ws/src/mav_comm/mav_planning_msgs:/home/inspacehj/drone_mpc_ws/src/mav_comm/mav_state_machine_msgs:/home/inspacehj/drone_mpc_ws/src/mav_comm/mav_system_msgs:/home/inspacehj/drone_mpc_ws/src/rpg_quadrotor_control/quad_launch_files:/home/inspacehj/drone_mpc_ws/src/rpg_quadrotor_common/quadrotor_msgs:/home/inspacehj/drone_mpc_ws/src/rpg_quadrotor_common/quadrotor_common:/home/inspacehj/drone_mpc_ws/src/rpg_quadrotor_control/trajectory_planning/polynomial_trajectories:/home/inspacehj/drone_mpc_ws/src/rpg_quadrotor_control/control/position_controller:/home/inspacehj/drone_mpc_ws/src/data_driven_mpc/ros_gp_mpc:/home/inspacehj/drone_mpc_ws/src/rotors_simulator/rotors_comm:/home/inspacehj/drone_mpc_ws/src/rotors_simulator/rotors_control:/home/inspacehj/drone_mpc_ws/src/rotors_simulator/rotors_description:/home/inspacehj/drone_mpc_ws/src/rotors_simulator/rotors_evaluation:/home/inspacehj/drone_mpc_ws/src/rotors_simulator/rotors_gazebo_plugins:/home/inspacehj/drone_mpc_ws/src/rotors_simulator/rotors_gazebo:/home/inspacehj/drone_mpc_ws/src/rotors_simulator/rotors_hil_interface:/home/inspacehj/drone_mpc_ws/src/rotors_simulator/rotors_joy_interface:/home/inspacehj/drone_mpc_ws/src/rotors_simulator/rotors_simulator:/home/inspacehj/drone_mpc_ws/src/rpg_quadrotor_control/simulation/rpg_rotors_interface:/home/inspacehj/drone_mpc_ws/src/rpg_single_board_io:/home/inspacehj/drone_mpc_ws/src/rpg_quadrotor_control/gui/rqt_quad_gui:/home/inspacehj/drone_mpc_ws/src/rotors_simulator/rqt_rotors:/home/inspacehj/drone_mpc_ws/src/rpg_quadrotor_control/bridges/sbus_bridge:/home/inspacehj/drone_mpc_ws/src/rpg_quadrotor_control/utils/manual_flight_assistant:/home/inspacehj/drone_mpc_ws/src/rpg_quadrotor_common/state_predictor:/home/inspacehj/drone_mpc_ws/src/rpg_quadrotor_control/trajectory_planning/trajectory_generation_helper:/home/inspacehj/drone_mpc_ws/src/rpg_quadrotor_control/control/autopilot:/home/inspacehj/drone_mpc_ws/src/rpg_quadrotor_control/test/rpg_quadrotor_integration_test:/home/inspacehj/drone_mpc_ws/src/rpg_quadrotor_control/utils/vbat_thrust_calibration:/home/inspacehj/autosim_ws/src:/home/inspacehj/catkin_ws/src:/home/inspacehj/drone_ws/src/iq_sim:/home/inspacehj/drone_ws/src/mavlink:/home/inspacehj/drone_ws/src/mavros/libmavconn:/home/inspacehj/drone_ws/src/mavros/mavros_msgs:/home/inspacehj/drone_ws/src/mavros/mavros:/home/inspacehj/drone_ws/src/mavros/mavros_extras:/home/inspacehj/drone_ws/src/mavros/test_mavros:/opt/ros/melodic/share /usr/bin/cmake /home/inspacehj/dr_logger/simulation_ws/src/deepracer_interpreter -DCATKIN_INSTALL_INTO_PREFIX_ROOT=0 -DCMAKE_INSTALL_PREFIX=/home/inspacehj/dr_logger/simulation_ws/install/deepracer_interpreter
[0.045s] -- The C compiler identification is GNU 7.5.0
[0.083s] -- The CXX compiler identification is GNU 7.5.0
[0.086s] -- Check for working C compiler: /usr/lib/ccache/cc
[0.121s] -- Check for working C compiler: /usr/lib/ccache/cc -- works
[0.121s] -- Detecting C compiler ABI info
[0.168s] -- Detecting C compiler ABI info - done
[0.177s] -- Detecting C compile features
[0.374s] -- Detecting C compile features - done
[0.376s] -- Check for working CXX compiler: /usr/lib/ccache/c++
[0.438s] -- Check for working CXX compiler: /usr/lib/ccache/c++ -- works
[0.438s] -- Detecting CXX compiler ABI info
[0.519s] -- Detecting CXX compiler ABI info - done
[0.527s] -- Detecting CXX compile features
[0.772s] -- Detecting CXX compile features - done
[0.775s] -- Using CATKIN_DEVEL_PREFIX: /home/inspacehj/dr_logger/simulation_ws/build/deepracer_interpreter/devel
[0.776s] -- Using CMAKE_PREFIX_PATH: /home/inspacehj/dr_logger/simulation_ws/install/deepracer_msgs;/home/inspacehj/dr_logger/simulation_ws/install/deepracer_simulation;/home/inspacehj/dr_logger/simulation_ws/install/deepracer_interpreter;/home/inspacehj/drone_mpc_ws/devel/.private/catkin_tools_prebuild;/home/inspacehj/drone_ws/devel/.private/catkin_tools_prebuild;/home/inspacehj/drone_mpc_ws/devel;/home/inspacehj/autosim_ws/devel;/home/inspacehj/catkin_ws/devel;/home/inspacehj/drone_ws/devel;/opt/ros/melodic
[0.776s] -- This workspace overlays: /home/inspacehj/dr_logger/simulation_ws/install/deepracer_msgs;/home/inspacehj/dr_logger/simulation_ws/install/deepracer_simulation;/home/inspacehj/drone_mpc_ws/devel/.private/catkin_tools_prebuild;/home/inspacehj/drone_ws/devel/.private/catkin_tools_prebuild;/home/inspacehj/drone_mpc_ws/devel;/home/inspacehj/autosim_ws/devel;/home/inspacehj/catkin_ws/devel;/home/inspacehj/drone_ws/devel;/opt/ros/melodic
[0.790s] -- Found PythonInterp: /usr/bin/python2 (found suitable version "2.7.17", minimum required is "2") 
[0.790s] -- Using PYTHON_EXECUTABLE: /usr/bin/python2
[0.790s] -- Using Debian Python package layout
[0.791s] -- Using empy: /usr/bin/empy
[0.889s] -- Using CATKIN_ENABLE_TESTING: ON
[0.889s] -- Call enable_testing()
[0.891s] -- Using CATKIN_TEST_RESULTS_DIR: /home/inspacehj/dr_logger/simulation_ws/build/deepracer_interpreter/test_results
[0.904s] -- Found gtest sources under '/usr/src/googletest': gtests will be built
[0.904s] -- Found gmock sources under '/usr/src/googletest': gmock will be built
[0.913s] -- Found PythonInterp: /usr/bin/python2 (found version "2.7.17") 
[0.913s] -- Looking for pthread.h
[0.949s] -- Looking for pthread.h - found
[0.949s] -- Looking for pthread_create
[1.014s] -- Looking for pthread_create - not found
[1.014s] -- Looking for pthread_create in pthreads
[1.073s] -- Looking for pthread_create in pthreads - not found
[1.073s] -- Looking for pthread_create in pthread
[1.116s] -- Looking for pthread_create in pthread - found
[1.118s] -- Found Threads: TRUE  
[1.123s] -- Using Python nosetests: /usr/bin/nosetests-2.7
[1.180s] -- catkin 0.7.29
[1.180s] -- BUILD_SHARED_LIBS is on
[1.337s] -- Using these message generators: gencpp;geneus;genlisp;gennodejs;genpy
[1.515s] -- Found PkgConfig: /usr/bin/pkg-config (found version "0.29.1") 
[1.516s] -- Checking for module 'bullet>=2.82'
[1.525s] --   Found bullet, version 2.87
[1.554s] -- Found Simbody: /usr/include/simbody  
[1.621s] -- Boost version: 1.65.1
[1.622s] -- Found the following Boost libraries:
[1.622s] --   thread
[1.622s] --   signals
[1.622s] --   system
[1.622s] --   filesystem
[1.622s] --   program_options
[1.622s] --   regex
[1.622s] --   iostreams
[1.622s] --   date_time
[1.622s] --   chrono
[1.622s] --   atomic
[1.632s] -- Found Protobuf: /usr/lib/x86_64-linux-gnu/libprotobuf.so;-lpthread (found version "3.0.0") 
[1.647s] -- Boost version: 1.65.1
[1.649s] -- Looking for OGRE...
[1.649s] -- OGRE_PREFIX_WATCH changed.
[1.652s] -- Checking for module 'OGRE'
[1.663s] --   Found OGRE, version 1.9.0
[1.689s] -- Found Ogre Ghadamon (1.9.0)
[1.693s] -- Found OGRE: optimized;/usr/lib/x86_64-linux-gnu/libOgreMain.so;debug;/usr/lib/x86_64-linux-gnu/libOgreMain.so
[1.718s] CMake Warning (dev) at /usr/share/cmake-3.10/Modules/FindBoost.cmake:911 (if):
[1.718s]   Policy CMP0054 is not set: Only interpret if() arguments as variables or
[1.718s]   keywords when unquoted.  Run "cmake --help-policy CMP0054" for policy
[1.718s]   details.  Use the cmake_policy command to set the policy and suppress this
[1.718s]   warning.
[1.718s] 
[1.718s]   Quoted variables like "chrono" will no longer be dereferenced when the
[1.718s]   policy is set to NEW.  Since the policy is not set the OLD behavior will be
[1.718s]   used.
[1.718s] Call Stack (most recent call first):
[1.718s]   /usr/share/cmake-3.10/Modules/FindBoost.cmake:1558 (_Boost_MISSING_DEPENDENCIES)
[1.718s]   /usr/share/OGRE/cmake/modules/FindOGRE.cmake:318 (find_package)
[1.719s]   /usr/lib/x86_64-linux-gnu/cmake/gazebo/gazebo-config.cmake:175 (find_package)
[1.719s]   CMakeLists.txt:11 (find_package)
[1.719s] This warning is for project developers.  Use -Wno-dev to suppress it.
[1.719s] 
[1.725s] -- Looking for OGRE_Paging...
[1.728s] -- Found OGRE_Paging: optimized;/usr/lib/x86_64-linux-gnu/libOgrePaging.so;debug;/usr/lib/x86_64-linux-gnu/libOgrePaging.so
[1.728s] -- Looking for OGRE_Terrain...
[1.731s] -- Found OGRE_Terrain: optimized;/usr/lib/x86_64-linux-gnu/libOgreTerrain.so;debug;/usr/lib/x86_64-linux-gnu/libOgreTerrain.so
[1.731s] -- Looking for OGRE_Property...
[1.734s] -- Found OGRE_Property: optimized;/usr/lib/x86_64-linux-gnu/libOgreProperty.so;debug;/usr/lib/x86_64-linux-gnu/libOgreProperty.so
[1.734s] -- Looking for OGRE_RTShaderSystem...
[1.737s] -- Found OGRE_RTShaderSystem: optimized;/usr/lib/x86_64-linux-gnu/libOgreRTShaderSystem.so;debug;/usr/lib/x86_64-linux-gnu/libOgreRTShaderSystem.so
[1.738s] -- Looking for OGRE_Volume...
[1.741s] -- Found OGRE_Volume: optimized;/usr/lib/x86_64-linux-gnu/libOgreVolume.so;debug;/usr/lib/x86_64-linux-gnu/libOgreVolume.so
[1.741s] -- Looking for OGRE_Overlay...
[1.744s] -- Found OGRE_Overlay: optimized;/usr/lib/x86_64-linux-gnu/libOgreOverlay.so;debug;/usr/lib/x86_64-linux-gnu/libOgreOverlay.so
[1.819s] -- Found Protobuf: /usr/lib/x86_64-linux-gnu/libprotobuf.so;-lpthread;-lpthread (found suitable version "3.0.0", minimum required is "2.3.0") 
[1.824s] -- Config-file not installed for ZeroMQ -- checking for pkg-config
[1.827s] -- Checking for module 'libzmq >= 4'
[1.837s] --   Found libzmq , version 4.2.5
[1.862s] -- Found ZeroMQ: TRUE (Required is at least version "4") 
[1.866s] -- Checking for module 'uuid'
[1.875s] --   Found uuid, version 2.31.1
[1.902s] -- Found UUID: TRUE  
[1.910s] -- Checking for module 'tinyxml2'
[1.920s] --   Found tinyxml2, version 6.0.0
[1.952s] -- Looking for dlfcn.h - found
[1.953s] -- Looking for libdl - found
[1.954s] -- Found DL: TRUE  
[1.955s] -- FreeImage.pc not found, we will search for FreeImage_INCLUDE_DIRS and FreeImage_LIBRARIES
[2.007s] -- Checking for module 'gts'
[2.017s] --   Found gts, version 0.7.6
[2.060s] -- Found GTS: TRUE  
[2.066s] -- Checking for module 'libswscale'
[2.088s] --   Found libswscale, version 4.8.100
[2.148s] -- Found SWSCALE: TRUE  
[2.154s] -- Checking for module 'libavdevice >= 56.4.100'
[2.177s] --   Found libavdevice , version 57.10.100
[2.312s] -- Found AVDEVICE: TRUE (Required is at least version "56.4.100") 
[2.323s] -- Checking for module 'libavformat'
[2.340s] --   Found libavformat, version 57.83.100
[2.368s] -- Found AVFORMAT: TRUE  
[2.371s] -- Checking for module 'libavcodec'
[2.381s] --   Found libavcodec, version 57.107.100
[2.408s] -- Found AVCODEC: TRUE  
[2.410s] -- Checking for module 'libavutil'
[2.420s] --   Found libavutil, version 55.78.100
[2.447s] -- Found AVUTIL: TRUE  
[2.451s] -- Found CURL: /usr/lib/x86_64-linux-gnu/libcurl.so (found version "7.58.0") 
[2.457s] -- Checking for module 'jsoncpp'
[2.469s] --   Found jsoncpp, version 1.7.4
[2.504s] -- Found JSONCPP: TRUE  
[2.509s] -- Checking for module 'yaml-0.1'
[2.525s] --   Found yaml-0.1, version 0.1.7
[2.579s] -- Found YAML: TRUE  
[2.585s] -- Checking for module 'libzip'
[2.607s] --   Found libzip, version 1.1.2
[2.667s] -- Found ZIP: TRUE  
[2.671s] -- Configuring done
[2.712s] -- Generating done
[2.718s] -- Build files have been written to: /home/inspacehj/dr_logger/simulation_ws/build/deepracer_interpreter
[2.722s] Invoked command in '/home/inspacehj/dr_logger/simulation_ws/build/deepracer_interpreter' returned '0': CMAKE_PREFIX_PATH=/home/inspacehj/dr_logger/simulation_ws/install/deepracer_msgs:/home/inspacehj/dr_logger/simulation_ws/install/deepracer_simulation:/home/inspacehj/dr_logger/simulation_ws/install/deepracer_interpreter:/home/inspacehj/drone_mpc_ws/devel/.private/catkin_tools_prebuild:/home/inspacehj/drone_ws/devel/.private/catkin_tools_prebuild:/home/inspacehj/drone_mpc_ws/devel:/home/inspacehj/autosim_ws/devel:/home/inspacehj/catkin_ws/devel:/home/inspacehj/drone_ws/devel:/opt/ros/melodic PKG_CONFIG_PATH=/home/inspacehj/dr_logger/simulation_ws/install/deepracer_msgs/lib/x86_64-linux-gnu/pkgconfig:/home/inspacehj/dr_logger/simulation_ws/install/deepracer_msgs/lib/pkgconfig:/home/inspacehj/dr_logger/simulation_ws/install/deepracer_simulation/lib/x86_64-linux-gnu/pkgconfig:/home/inspacehj/dr_logger/simulation_ws/install/deepracer_simulation/lib/pkgconfig:/home/inspacehj/dr_logger/simulation_ws/install/deepracer_interpreter/lib/x86_64-linux-gnu/pkgconfig:/home/inspacehj/dr_logger/simulation_ws/install/deepracer_interpreter/lib/pkgconfig:/home/inspacehj/drone_mpc_ws/devel/.private/catkin_tools_prebuild/lib/pkgconfig:/home/inspacehj/drone_ws/devel/.private/catkin_tools_prebuild/lib/pkgconfig:/home/inspacehj/drone_mpc_ws/devel/lib/pkgconfig:/home/inspacehj/autosim_ws/devel/lib/pkgconfig:/home/inspacehj/catkin_ws/devel/lib/pkgconfig:/home/inspacehj/drone_ws/devel/lib/pkgconfig:/opt/ros/melodic/lib/pkgconfig PYTHONPATH=/home/inspacehj/dr_logger/simulation_ws/install/deepracer_msgs/lib/python2.7/dist-packages:/home/inspacehj/dr_logger/simulation_ws/install/sagemaker_rl_agent/lib/python3.6/site-packages:/home/inspacehj/drone_mpc_ws/devel/lib/python2.7/dist-packages:/home/inspacehj/autosim_ws/devel/lib/python2.7/dist-packages:/home/inspacehj/catkin_ws/devel/lib/python2.7/dist-packages:/home/inspacehj/drone_ws/devel/lib/python2.7/dist-packages:/opt/ros/melodic/lib/python2.7/dist-packages:/home/inspacehj/drone_mpc_ws/src/data_driven_mpc/ros_gp_mpc ROS_PACKAGE_PATH=/home/inspacehj/dr_logger/simulation_ws/install/deepracer_msgs/share:/home/inspacehj/dr_logger/simulation_ws/install/deepracer_simulation/share:/home/inspacehj/dr_logger/simulation_ws/install/deepracer_interpreter/share:/home/inspacehj/drone_mpc_ws/src/catkin_simple:/home/inspacehj/drone_mpc_ws/src/eigen_catkin:/home/inspacehj/drone_mpc_ws/src/mav_comm/mav_comm:/home/inspacehj/drone_mpc_ws/src/mav_comm/mav_msgs:/home/inspacehj/drone_mpc_ws/src/mav_comm/mav_planning_msgs:/home/inspacehj/drone_mpc_ws/src/mav_comm/mav_state_machine_msgs:/home/inspacehj/drone_mpc_ws/src/mav_comm/mav_system_msgs:/home/inspacehj/drone_mpc_ws/src/rpg_quadrotor_control/quad_launch_files:/home/inspacehj/drone_mpc_ws/src/rpg_quadrotor_common/quadrotor_msgs:/home/inspacehj/drone_mpc_ws/src/rpg_quadrotor_common/quadrotor_common:/home/inspacehj/drone_mpc_ws/src/rpg_quadrotor_control/trajectory_planning/polynomial_trajectories:/home/inspacehj/drone_mpc_ws/src/rpg_quadrotor_control/control/position_controller:/home/inspacehj/drone_mpc_ws/src/data_driven_mpc/ros_gp_mpc:/home/inspacehj/drone_mpc_ws/src/rotors_simulator/rotors_comm:/home/inspacehj/drone_mpc_ws/src/rotors_simulator/rotors_control:/home/inspacehj/drone_mpc_ws/src/rotors_simulator/rotors_description:/home/inspacehj/drone_mpc_ws/src/rotors_simulator/rotors_evaluation:/home/inspacehj/drone_mpc_ws/src/rotors_simulator/rotors_gazebo_plugins:/home/inspacehj/drone_mpc_ws/src/rotors_simulator/rotors_gazebo:/home/inspacehj/drone_mpc_ws/src/rotors_simulator/rotors_hil_interface:/home/inspacehj/drone_mpc_ws/src/rotors_simulator/rotors_joy_interface:/home/inspacehj/drone_mpc_ws/src/rotors_simulator/rotors_simulator:/home/inspacehj/drone_mpc_ws/src/rpg_quadrotor_control/simulation/rpg_rotors_interface:/home/inspacehj/drone_mpc_ws/src/rpg_single_board_io:/home/inspacehj/drone_mpc_ws/src/rpg_quadrotor_control/gui/rqt_quad_gui:/home/inspacehj/drone_mpc_ws/src/rotors_simulator/rqt_rotors:/home/inspacehj/drone_mpc_ws/src/rpg_quadrotor_control/bridges/sbus_bridge:/home/inspacehj/drone_mpc_ws/src/rpg_quadrotor_control/utils/manual_flight_assistant:/home/inspacehj/drone_mpc_ws/src/rpg_quadrotor_common/state_predictor:/home/inspacehj/drone_mpc_ws/src/rpg_quadrotor_control/trajectory_planning/trajectory_generation_helper:/home/inspacehj/drone_mpc_ws/src/rpg_quadrotor_control/control/autopilot:/home/inspacehj/drone_mpc_ws/src/rpg_quadrotor_control/test/rpg_quadrotor_integration_test:/home/inspacehj/drone_mpc_ws/src/rpg_quadrotor_control/utils/vbat_thrust_calibration:/home/inspacehj/autosim_ws/src:/home/inspacehj/catkin_ws/src:/home/inspacehj/drone_ws/src/iq_sim:/home/inspacehj/drone_ws/src/mavlink:/home/inspacehj/drone_ws/src/mavros/libmavconn:/home/inspacehj/drone_ws/src/mavros/mavros_msgs:/home/inspacehj/drone_ws/src/mavros/mavros:/home/inspacehj/drone_ws/src/mavros/mavros_extras:/home/inspacehj/drone_ws/src/mavros/test_mavros:/opt/ros/melodic/share /usr/bin/cmake /home/inspacehj/dr_logger/simulation_ws/src/deepracer_interpreter -DCATKIN_INSTALL_INTO_PREFIX_ROOT=0 -DCMAKE_INSTALL_PREFIX=/home/inspacehj/dr_logger/simulation_ws/install/deepracer_interpreter
[2.724s] Invoking command in '/home/inspacehj/dr_logger/simulation_ws/build/deepracer_interpreter': CMAKE_PREFIX_PATH=/home/inspacehj/dr_logger/simulation_ws/install/deepracer_msgs:/home/inspacehj/dr_logger/simulation_ws/install/deepracer_simulation:/home/inspacehj/dr_logger/simulation_ws/install/deepracer_interpreter:/home/inspacehj/drone_mpc_ws/devel/.private/catkin_tools_prebuild:/home/inspacehj/drone_ws/devel/.private/catkin_tools_prebuild:/home/inspacehj/drone_mpc_ws/devel:/home/inspacehj/autosim_ws/devel:/home/inspacehj/catkin_ws/devel:/home/inspacehj/drone_ws/devel:/opt/ros/melodic PKG_CONFIG_PATH=/home/inspacehj/dr_logger/simulation_ws/install/deepracer_msgs/lib/x86_64-linux-gnu/pkgconfig:/home/inspacehj/dr_logger/simulation_ws/install/deepracer_msgs/lib/pkgconfig:/home/inspacehj/dr_logger/simulation_ws/install/deepracer_simulation/lib/x86_64-linux-gnu/pkgconfig:/home/inspacehj/dr_logger/simulation_ws/install/deepracer_simulation/lib/pkgconfig:/home/inspacehj/dr_logger/simulation_ws/install/deepracer_interpreter/lib/x86_64-linux-gnu/pkgconfig:/home/inspacehj/dr_logger/simulation_ws/install/deepracer_interpreter/lib/pkgconfig:/home/inspacehj/drone_mpc_ws/devel/.private/catkin_tools_prebuild/lib/pkgconfig:/home/inspacehj/drone_ws/devel/.private/catkin_tools_prebuild/lib/pkgconfig:/home/inspacehj/drone_mpc_ws/devel/lib/pkgconfig:/home/inspacehj/autosim_ws/devel/lib/pkgconfig:/home/inspacehj/catkin_ws/devel/lib/pkgconfig:/home/inspacehj/drone_ws/devel/lib/pkgconfig:/opt/ros/melodic/lib/pkgconfig PYTHONPATH=/home/inspacehj/dr_logger/simulation_ws/install/deepracer_msgs/lib/python2.7/dist-packages:/home/inspacehj/dr_logger/simulation_ws/install/sagemaker_rl_agent/lib/python3.6/site-packages:/home/inspacehj/drone_mpc_ws/devel/lib/python2.7/dist-packages:/home/inspacehj/autosim_ws/devel/lib/python2.7/dist-packages:/home/inspacehj/catkin_ws/devel/lib/python2.7/dist-packages:/home/inspacehj/drone_ws/devel/lib/python2.7/dist-packages:/opt/ros/melodic/lib/python2.7/dist-packages:/home/inspacehj/drone_mpc_ws/src/data_driven_mpc/ros_gp_mpc ROS_PACKAGE_PATH=/home/inspacehj/dr_logger/simulation_ws/install/deepracer_msgs/share:/home/inspacehj/dr_logger/simulation_ws/install/deepracer_simulation/share:/home/inspacehj/dr_logger/simulation_ws/install/deepracer_interpreter/share:/home/inspacehj/drone_mpc_ws/src/catkin_simple:/home/inspacehj/drone_mpc_ws/src/eigen_catkin:/home/inspacehj/drone_mpc_ws/src/mav_comm/mav_comm:/home/inspacehj/drone_mpc_ws/src/mav_comm/mav_msgs:/home/inspacehj/drone_mpc_ws/src/mav_comm/mav_planning_msgs:/home/inspacehj/drone_mpc_ws/src/mav_comm/mav_state_machine_msgs:/home/inspacehj/drone_mpc_ws/src/mav_comm/mav_system_msgs:/home/inspacehj/drone_mpc_ws/src/rpg_quadrotor_control/quad_launch_files:/home/inspacehj/drone_mpc_ws/src/rpg_quadrotor_common/quadrotor_msgs:/home/inspacehj/drone_mpc_ws/src/rpg_quadrotor_common/quadrotor_common:/home/inspacehj/drone_mpc_ws/src/rpg_quadrotor_control/trajectory_planning/polynomial_trajectories:/home/inspacehj/drone_mpc_ws/src/rpg_quadrotor_control/control/position_controller:/home/inspacehj/drone_mpc_ws/src/data_driven_mpc/ros_gp_mpc:/home/inspacehj/drone_mpc_ws/src/rotors_simulator/rotors_comm:/home/inspacehj/drone_mpc_ws/src/rotors_simulator/rotors_control:/home/inspacehj/drone_mpc_ws/src/rotors_simulator/rotors_description:/home/inspacehj/drone_mpc_ws/src/rotors_simulator/rotors_evaluation:/home/inspacehj/drone_mpc_ws/src/rotors_simulator/rotors_gazebo_plugins:/home/inspacehj/drone_mpc_ws/src/rotors_simulator/rotors_gazebo:/home/inspacehj/drone_mpc_ws/src/rotors_simulator/rotors_hil_interface:/home/inspacehj/drone_mpc_ws/src/rotors_simulator/rotors_joy_interface:/home/inspacehj/drone_mpc_ws/src/rotors_simulator/rotors_simulator:/home/inspacehj/drone_mpc_ws/src/rpg_quadrotor_control/simulation/rpg_rotors_interface:/home/inspacehj/drone_mpc_ws/src/rpg_single_board_io:/home/inspacehj/drone_mpc_ws/src/rpg_quadrotor_control/gui/rqt_quad_gui:/home/inspacehj/drone_mpc_ws/src/rotors_simulator/rqt_rotors:/home/inspacehj/drone_mpc_ws/src/rpg_quadrotor_control/bridges/sbus_bridge:/home/inspacehj/drone_mpc_ws/src/rpg_quadrotor_control/utils/manual_flight_assistant:/home/inspacehj/drone_mpc_ws/src/rpg_quadrotor_common/state_predictor:/home/inspacehj/drone_mpc_ws/src/rpg_quadrotor_control/trajectory_planning/trajectory_generation_helper:/home/inspacehj/drone_mpc_ws/src/rpg_quadrotor_control/control/autopilot:/home/inspacehj/drone_mpc_ws/src/rpg_quadrotor_control/test/rpg_quadrotor_integration_test:/home/inspacehj/drone_mpc_ws/src/rpg_quadrotor_control/utils/vbat_thrust_calibration:/home/inspacehj/autosim_ws/src:/home/inspacehj/catkin_ws/src:/home/inspacehj/drone_ws/src/iq_sim:/home/inspacehj/drone_ws/src/mavlink:/home/inspacehj/drone_ws/src/mavros/libmavconn:/home/inspacehj/drone_ws/src/mavros/mavros_msgs:/home/inspacehj/drone_ws/src/mavros/mavros:/home/inspacehj/drone_ws/src/mavros/mavros_extras:/home/inspacehj/drone_ws/src/mavros/test_mavros:/opt/ros/melodic/share /usr/bin/cmake --build /home/inspacehj/dr_logger/simulation_ws/build/deepracer_interpreter -- -j16 -l16
[2.753s] [35m[1mScanning dependencies of target racecar_plugin[0m
[2.811s] [ 50%] [32mBuilding CXX object CMakeFiles/racecar_plugin.dir/src/racecar_plugin.cc.o[0m
[2.850s] [100%] [32m[1mLinking CXX shared library devel/lib/libracecar_plugin.so[0m
[3.005s] [100%] Built target racecar_plugin
[3.014s] Invoked command in '/home/inspacehj/dr_logger/simulation_ws/build/deepracer_interpreter' returned '0': CMAKE_PREFIX_PATH=/home/inspacehj/dr_logger/simulation_ws/install/deepracer_msgs:/home/inspacehj/dr_logger/simulation_ws/install/deepracer_simulation:/home/inspacehj/dr_logger/simulation_ws/install/deepracer_interpreter:/home/inspacehj/drone_mpc_ws/devel/.private/catkin_tools_prebuild:/home/inspacehj/drone_ws/devel/.private/catkin_tools_prebuild:/home/inspacehj/drone_mpc_ws/devel:/home/inspacehj/autosim_ws/devel:/home/inspacehj/catkin_ws/devel:/home/inspacehj/drone_ws/devel:/opt/ros/melodic PKG_CONFIG_PATH=/home/inspacehj/dr_logger/simulation_ws/install/deepracer_msgs/lib/x86_64-linux-gnu/pkgconfig:/home/inspacehj/dr_logger/simulation_ws/install/deepracer_msgs/lib/pkgconfig:/home/inspacehj/dr_logger/simulation_ws/install/deepracer_simulation/lib/x86_64-linux-gnu/pkgconfig:/home/inspacehj/dr_logger/simulation_ws/install/deepracer_simulation/lib/pkgconfig:/home/inspacehj/dr_logger/simulation_ws/install/deepracer_interpreter/lib/x86_64-linux-gnu/pkgconfig:/home/inspacehj/dr_logger/simulation_ws/install/deepracer_interpreter/lib/pkgconfig:/home/inspacehj/drone_mpc_ws/devel/.private/catkin_tools_prebuild/lib/pkgconfig:/home/inspacehj/drone_ws/devel/.private/catkin_tools_prebuild/lib/pkgconfig:/home/inspacehj/drone_mpc_ws/devel/lib/pkgconfig:/home/inspacehj/autosim_ws/devel/lib/pkgconfig:/home/inspacehj/catkin_ws/devel/lib/pkgconfig:/home/inspacehj/drone_ws/devel/lib/pkgconfig:/opt/ros/melodic/lib/pkgconfig PYTHONPATH=/home/inspacehj/dr_logger/simulation_ws/install/deepracer_msgs/lib/python2.7/dist-packages:/home/inspacehj/dr_logger/simulation_ws/install/sagemaker_rl_agent/lib/python3.6/site-packages:/home/inspacehj/drone_mpc_ws/devel/lib/python2.7/dist-packages:/home/inspacehj/autosim_ws/devel/lib/python2.7/dist-packages:/home/inspacehj/catkin_ws/devel/lib/python2.7/dist-packages:/home/inspacehj/drone_ws/devel/lib/python2.7/dist-packages:/opt/ros/melodic/lib/python2.7/dist-packages:/home/inspacehj/drone_mpc_ws/src/data_driven_mpc/ros_gp_mpc ROS_PACKAGE_PATH=/home/inspacehj/dr_logger/simulation_ws/install/deepracer_msgs/share:/home/inspacehj/dr_logger/simulation_ws/install/deepracer_simulation/share:/home/inspacehj/dr_logger/simulation_ws/install/deepracer_interpreter/share:/home/inspacehj/drone_mpc_ws/src/catkin_simple:/home/inspacehj/drone_mpc_ws/src/eigen_catkin:/home/inspacehj/drone_mpc_ws/src/mav_comm/mav_comm:/home/inspacehj/drone_mpc_ws/src/mav_comm/mav_msgs:/home/inspacehj/drone_mpc_ws/src/mav_comm/mav_planning_msgs:/home/inspacehj/drone_mpc_ws/src/mav_comm/mav_state_machine_msgs:/home/inspacehj/drone_mpc_ws/src/mav_comm/mav_system_msgs:/home/inspacehj/drone_mpc_ws/src/rpg_quadrotor_control/quad_launch_files:/home/inspacehj/drone_mpc_ws/src/rpg_quadrotor_common/quadrotor_msgs:/home/inspacehj/drone_mpc_ws/src/rpg_quadrotor_common/quadrotor_common:/home/inspacehj/drone_mpc_ws/src/rpg_quadrotor_control/trajectory_planning/polynomial_trajectories:/home/inspacehj/drone_mpc_ws/src/rpg_quadrotor_control/control/position_controller:/home/inspacehj/drone_mpc_ws/src/data_driven_mpc/ros_gp_mpc:/home/inspacehj/drone_mpc_ws/src/rotors_simulator/rotors_comm:/home/inspacehj/drone_mpc_ws/src/rotors_simulator/rotors_control:/home/inspacehj/drone_mpc_ws/src/rotors_simulator/rotors_description:/home/inspacehj/drone_mpc_ws/src/rotors_simulator/rotors_evaluation:/home/inspacehj/drone_mpc_ws/src/rotors_simulator/rotors_gazebo_plugins:/home/inspacehj/drone_mpc_ws/src/rotors_simulator/rotors_gazebo:/home/inspacehj/drone_mpc_ws/src/rotors_simulator/rotors_hil_interface:/home/inspacehj/drone_mpc_ws/src/rotors_simulator/rotors_joy_interface:/home/inspacehj/drone_mpc_ws/src/rotors_simulator/rotors_simulator:/home/inspacehj/drone_mpc_ws/src/rpg_quadrotor_control/simulation/rpg_rotors_interface:/home/inspacehj/drone_mpc_ws/src/rpg_single_board_io:/home/inspacehj/drone_mpc_ws/src/rpg_quadrotor_control/gui/rqt_quad_gui:/home/inspacehj/drone_mpc_ws/src/rotors_simulator/rqt_rotors:/home/inspacehj/drone_mpc_ws/src/rpg_quadrotor_control/bridges/sbus_bridge:/home/inspacehj/drone_mpc_ws/src/rpg_quadrotor_control/utils/manual_flight_assistant:/home/inspacehj/drone_mpc_ws/src/rpg_quadrotor_common/state_predictor:/home/inspacehj/drone_mpc_ws/src/rpg_quadrotor_control/trajectory_planning/trajectory_generation_helper:/home/inspacehj/drone_mpc_ws/src/rpg_quadrotor_control/control/autopilot:/home/inspacehj/drone_mpc_ws/src/rpg_quadrotor_control/test/rpg_quadrotor_integration_test:/home/inspacehj/drone_mpc_ws/src/rpg_quadrotor_control/utils/vbat_thrust_calibration:/home/inspacehj/autosim_ws/src:/home/inspacehj/catkin_ws/src:/home/inspacehj/drone_ws/src/iq_sim:/home/inspacehj/drone_ws/src/mavlink:/home/inspacehj/drone_ws/src/mavros/libmavconn:/home/inspacehj/drone_ws/src/mavros/mavros_msgs:/home/inspacehj/drone_ws/src/mavros/mavros:/home/inspacehj/drone_ws/src/mavros/mavros_extras:/home/inspacehj/drone_ws/src/mavros/test_mavros:/opt/ros/melodic/share /usr/bin/cmake --build /home/inspacehj/dr_logger/simulation_ws/build/deepracer_interpreter -- -j16 -l16
[3.066s] Invoking command in '/home/inspacehj/dr_logger/simulation_ws/build/deepracer_interpreter': CMAKE_PREFIX_PATH=/home/inspacehj/dr_logger/simulation_ws/install/deepracer_msgs:/home/inspacehj/dr_logger/simulation_ws/install/deepracer_simulation:/home/inspacehj/dr_logger/simulation_ws/install/deepracer_interpreter:/home/inspacehj/drone_mpc_ws/devel/.private/catkin_tools_prebuild:/home/inspacehj/drone_ws/devel/.private/catkin_tools_prebuild:/home/inspacehj/drone_mpc_ws/devel:/home/inspacehj/autosim_ws/devel:/home/inspacehj/catkin_ws/devel:/home/inspacehj/drone_ws/devel:/opt/ros/melodic PKG_CONFIG_PATH=/home/inspacehj/dr_logger/simulation_ws/install/deepracer_msgs/lib/x86_64-linux-gnu/pkgconfig:/home/inspacehj/dr_logger/simulation_ws/install/deepracer_msgs/lib/pkgconfig:/home/inspacehj/dr_logger/simulation_ws/install/deepracer_simulation/lib/x86_64-linux-gnu/pkgconfig:/home/inspacehj/dr_logger/simulation_ws/install/deepracer_simulation/lib/pkgconfig:/home/inspacehj/dr_logger/simulation_ws/install/deepracer_interpreter/lib/x86_64-linux-gnu/pkgconfig:/home/inspacehj/dr_logger/simulation_ws/install/deepracer_interpreter/lib/pkgconfig:/home/inspacehj/drone_mpc_ws/devel/.private/catkin_tools_prebuild/lib/pkgconfig:/home/inspacehj/drone_ws/devel/.private/catkin_tools_prebuild/lib/pkgconfig:/home/inspacehj/drone_mpc_ws/devel/lib/pkgconfig:/home/inspacehj/autosim_ws/devel/lib/pkgconfig:/home/inspacehj/catkin_ws/devel/lib/pkgconfig:/home/inspacehj/drone_ws/devel/lib/pkgconfig:/opt/ros/melodic/lib/pkgconfig PYTHONPATH=/home/inspacehj/dr_logger/simulation_ws/install/deepracer_msgs/lib/python2.7/dist-packages:/home/inspacehj/dr_logger/simulation_ws/install/sagemaker_rl_agent/lib/python3.6/site-packages:/home/inspacehj/drone_mpc_ws/devel/lib/python2.7/dist-packages:/home/inspacehj/autosim_ws/devel/lib/python2.7/dist-packages:/home/inspacehj/catkin_ws/devel/lib/python2.7/dist-packages:/home/inspacehj/drone_ws/devel/lib/python2.7/dist-packages:/opt/ros/melodic/lib/python2.7/dist-packages:/home/inspacehj/drone_mpc_ws/src/data_driven_mpc/ros_gp_mpc ROS_PACKAGE_PATH=/home/inspacehj/dr_logger/simulation_ws/install/deepracer_msgs/share:/home/inspacehj/dr_logger/simulation_ws/install/deepracer_simulation/share:/home/inspacehj/dr_logger/simulation_ws/install/deepracer_interpreter/share:/home/inspacehj/drone_mpc_ws/src/catkin_simple:/home/inspacehj/drone_mpc_ws/src/eigen_catkin:/home/inspacehj/drone_mpc_ws/src/mav_comm/mav_comm:/home/inspacehj/drone_mpc_ws/src/mav_comm/mav_msgs:/home/inspacehj/drone_mpc_ws/src/mav_comm/mav_planning_msgs:/home/inspacehj/drone_mpc_ws/src/mav_comm/mav_state_machine_msgs:/home/inspacehj/drone_mpc_ws/src/mav_comm/mav_system_msgs:/home/inspacehj/drone_mpc_ws/src/rpg_quadrotor_control/quad_launch_files:/home/inspacehj/drone_mpc_ws/src/rpg_quadrotor_common/quadrotor_msgs:/home/inspacehj/drone_mpc_ws/src/rpg_quadrotor_common/quadrotor_common:/home/inspacehj/drone_mpc_ws/src/rpg_quadrotor_control/trajectory_planning/polynomial_trajectories:/home/inspacehj/drone_mpc_ws/src/rpg_quadrotor_control/control/position_controller:/home/inspacehj/drone_mpc_ws/src/data_driven_mpc/ros_gp_mpc:/home/inspacehj/drone_mpc_ws/src/rotors_simulator/rotors_comm:/home/inspacehj/drone_mpc_ws/src/rotors_simulator/rotors_control:/home/inspacehj/drone_mpc_ws/src/rotors_simulator/rotors_description:/home/inspacehj/drone_mpc_ws/src/rotors_simulator/rotors_evaluation:/home/inspacehj/drone_mpc_ws/src/rotors_simulator/rotors_gazebo_plugins:/home/inspacehj/drone_mpc_ws/src/rotors_simulator/rotors_gazebo:/home/inspacehj/drone_mpc_ws/src/rotors_simulator/rotors_hil_interface:/home/inspacehj/drone_mpc_ws/src/rotors_simulator/rotors_joy_interface:/home/inspacehj/drone_mpc_ws/src/rotors_simulator/rotors_simulator:/home/inspacehj/drone_mpc_ws/src/rpg_quadrotor_control/simulation/rpg_rotors_interface:/home/inspacehj/drone_mpc_ws/src/rpg_single_board_io:/home/inspacehj/drone_mpc_ws/src/rpg_quadrotor_control/gui/rqt_quad_gui:/home/inspacehj/drone_mpc_ws/src/rotors_simulator/rqt_rotors:/home/inspacehj/drone_mpc_ws/src/rpg_quadrotor_control/bridges/sbus_bridge:/home/inspacehj/drone_mpc_ws/src/rpg_quadrotor_control/utils/manual_flight_assistant:/home/inspacehj/drone_mpc_ws/src/rpg_quadrotor_common/state_predictor:/home/inspacehj/drone_mpc_ws/src/rpg_quadrotor_control/trajectory_planning/trajectory_generation_helper:/home/inspacehj/drone_mpc_ws/src/rpg_quadrotor_control/control/autopilot:/home/inspacehj/drone_mpc_ws/src/rpg_quadrotor_control/test/rpg_quadrotor_integration_test:/home/inspacehj/drone_mpc_ws/src/rpg_quadrotor_control/utils/vbat_thrust_calibration:/home/inspacehj/autosim_ws/src:/home/inspacehj/catkin_ws/src:/home/inspacehj/drone_ws/src/iq_sim:/home/inspacehj/drone_ws/src/mavlink:/home/inspacehj/drone_ws/src/mavros/libmavconn:/home/inspacehj/drone_ws/src/mavros/mavros_msgs:/home/inspacehj/drone_ws/src/mavros/mavros:/home/inspacehj/drone_ws/src/mavros/mavros_extras:/home/inspacehj/drone_ws/src/mavros/test_mavros:/opt/ros/melodic/share /usr/bin/cmake --build /home/inspacehj/dr_logger/simulation_ws/build/deepracer_interpreter --target tests -- -j16 -l16
[3.113s] [35m[1mScanning dependencies of target tests[0m
[3.120s] Built target tests
[3.128s] Invoked command in '/home/inspacehj/dr_logger/simulation_ws/build/deepracer_interpreter' returned '0': CMAKE_PREFIX_PATH=/home/inspacehj/dr_logger/simulation_ws/install/deepracer_msgs:/home/inspacehj/dr_logger/simulation_ws/install/deepracer_simulation:/home/inspacehj/dr_logger/simulation_ws/install/deepracer_interpreter:/home/inspacehj/drone_mpc_ws/devel/.private/catkin_tools_prebuild:/home/inspacehj/drone_ws/devel/.private/catkin_tools_prebuild:/home/inspacehj/drone_mpc_ws/devel:/home/inspacehj/autosim_ws/devel:/home/inspacehj/catkin_ws/devel:/home/inspacehj/drone_ws/devel:/opt/ros/melodic PKG_CONFIG_PATH=/home/inspacehj/dr_logger/simulation_ws/install/deepracer_msgs/lib/x86_64-linux-gnu/pkgconfig:/home/inspacehj/dr_logger/simulation_ws/install/deepracer_msgs/lib/pkgconfig:/home/inspacehj/dr_logger/simulation_ws/install/deepracer_simulation/lib/x86_64-linux-gnu/pkgconfig:/home/inspacehj/dr_logger/simulation_ws/install/deepracer_simulation/lib/pkgconfig:/home/inspacehj/dr_logger/simulation_ws/install/deepracer_interpreter/lib/x86_64-linux-gnu/pkgconfig:/home/inspacehj/dr_logger/simulation_ws/install/deepracer_interpreter/lib/pkgconfig:/home/inspacehj/drone_mpc_ws/devel/.private/catkin_tools_prebuild/lib/pkgconfig:/home/inspacehj/drone_ws/devel/.private/catkin_tools_prebuild/lib/pkgconfig:/home/inspacehj/drone_mpc_ws/devel/lib/pkgconfig:/home/inspacehj/autosim_ws/devel/lib/pkgconfig:/home/inspacehj/catkin_ws/devel/lib/pkgconfig:/home/inspacehj/drone_ws/devel/lib/pkgconfig:/opt/ros/melodic/lib/pkgconfig PYTHONPATH=/home/inspacehj/dr_logger/simulation_ws/install/deepracer_msgs/lib/python2.7/dist-packages:/home/inspacehj/dr_logger/simulation_ws/install/sagemaker_rl_agent/lib/python3.6/site-packages:/home/inspacehj/drone_mpc_ws/devel/lib/python2.7/dist-packages:/home/inspacehj/autosim_ws/devel/lib/python2.7/dist-packages:/home/inspacehj/catkin_ws/devel/lib/python2.7/dist-packages:/home/inspacehj/drone_ws/devel/lib/python2.7/dist-packages:/opt/ros/melodic/lib/python2.7/dist-packages:/home/inspacehj/drone_mpc_ws/src/data_driven_mpc/ros_gp_mpc ROS_PACKAGE_PATH=/home/inspacehj/dr_logger/simulation_ws/install/deepracer_msgs/share:/home/inspacehj/dr_logger/simulation_ws/install/deepracer_simulation/share:/home/inspacehj/dr_logger/simulation_ws/install/deepracer_interpreter/share:/home/inspacehj/drone_mpc_ws/src/catkin_simple:/home/inspacehj/drone_mpc_ws/src/eigen_catkin:/home/inspacehj/drone_mpc_ws/src/mav_comm/mav_comm:/home/inspacehj/drone_mpc_ws/src/mav_comm/mav_msgs:/home/inspacehj/drone_mpc_ws/src/mav_comm/mav_planning_msgs:/home/inspacehj/drone_mpc_ws/src/mav_comm/mav_state_machine_msgs:/home/inspacehj/drone_mpc_ws/src/mav_comm/mav_system_msgs:/home/inspacehj/drone_mpc_ws/src/rpg_quadrotor_control/quad_launch_files:/home/inspacehj/drone_mpc_ws/src/rpg_quadrotor_common/quadrotor_msgs:/home/inspacehj/drone_mpc_ws/src/rpg_quadrotor_common/quadrotor_common:/home/inspacehj/drone_mpc_ws/src/rpg_quadrotor_control/trajectory_planning/polynomial_trajectories:/home/inspacehj/drone_mpc_ws/src/rpg_quadrotor_control/control/position_controller:/home/inspacehj/drone_mpc_ws/src/data_driven_mpc/ros_gp_mpc:/home/inspacehj/drone_mpc_ws/src/rotors_simulator/rotors_comm:/home/inspacehj/drone_mpc_ws/src/rotors_simulator/rotors_control:/home/inspacehj/drone_mpc_ws/src/rotors_simulator/rotors_description:/home/inspacehj/drone_mpc_ws/src/rotors_simulator/rotors_evaluation:/home/inspacehj/drone_mpc_ws/src/rotors_simulator/rotors_gazebo_plugins:/home/inspacehj/drone_mpc_ws/src/rotors_simulator/rotors_gazebo:/home/inspacehj/drone_mpc_ws/src/rotors_simulator/rotors_hil_interface:/home/inspacehj/drone_mpc_ws/src/rotors_simulator/rotors_joy_interface:/home/inspacehj/drone_mpc_ws/src/rotors_simulator/rotors_simulator:/home/inspacehj/drone_mpc_ws/src/rpg_quadrotor_control/simulation/rpg_rotors_interface:/home/inspacehj/drone_mpc_ws/src/rpg_single_board_io:/home/inspacehj/drone_mpc_ws/src/rpg_quadrotor_control/gui/rqt_quad_gui:/home/inspacehj/drone_mpc_ws/src/rotors_simulator/rqt_rotors:/home/inspacehj/drone_mpc_ws/src/rpg_quadrotor_control/bridges/sbus_bridge:/home/inspacehj/drone_mpc_ws/src/rpg_quadrotor_control/utils/manual_flight_assistant:/home/inspacehj/drone_mpc_ws/src/rpg_quadrotor_common/state_predictor:/home/inspacehj/drone_mpc_ws/src/rpg_quadrotor_control/trajectory_planning/trajectory_generation_helper:/home/inspacehj/drone_mpc_ws/src/rpg_quadrotor_control/control/autopilot:/home/inspacehj/drone_mpc_ws/src/rpg_quadrotor_control/test/rpg_quadrotor_integration_test:/home/inspacehj/drone_mpc_ws/src/rpg_quadrotor_control/utils/vbat_thrust_calibration:/home/inspacehj/autosim_ws/src:/home/inspacehj/catkin_ws/src:/home/inspacehj/drone_ws/src/iq_sim:/home/inspacehj/drone_ws/src/mavlink:/home/inspacehj/drone_ws/src/mavros/libmavconn:/home/inspacehj/drone_ws/src/mavros/mavros_msgs:/home/inspacehj/drone_ws/src/mavros/mavros:/home/inspacehj/drone_ws/src/mavros/mavros_extras:/home/inspacehj/drone_ws/src/mavros/test_mavros:/opt/ros/melodic/share /usr/bin/cmake --build /home/inspacehj/dr_logger/simulation_ws/build/deepracer_interpreter --target tests -- -j16 -l16
[3.290s] Invoking command in '/home/inspacehj/dr_logger/simulation_ws/build/deepracer_interpreter': CMAKE_PREFIX_PATH=/home/inspacehj/dr_logger/simulation_ws/install/deepracer_msgs:/home/inspacehj/dr_logger/simulation_ws/install/deepracer_simulation:/home/inspacehj/dr_logger/simulation_ws/install/deepracer_interpreter:/home/inspacehj/drone_mpc_ws/devel/.private/catkin_tools_prebuild:/home/inspacehj/drone_ws/devel/.private/catkin_tools_prebuild:/home/inspacehj/drone_mpc_ws/devel:/home/inspacehj/autosim_ws/devel:/home/inspacehj/catkin_ws/devel:/home/inspacehj/drone_ws/devel:/opt/ros/melodic PKG_CONFIG_PATH=/home/inspacehj/dr_logger/simulation_ws/install/deepracer_msgs/lib/x86_64-linux-gnu/pkgconfig:/home/inspacehj/dr_logger/simulation_ws/install/deepracer_msgs/lib/pkgconfig:/home/inspacehj/dr_logger/simulation_ws/install/deepracer_simulation/lib/x86_64-linux-gnu/pkgconfig:/home/inspacehj/dr_logger/simulation_ws/install/deepracer_simulation/lib/pkgconfig:/home/inspacehj/dr_logger/simulation_ws/install/deepracer_interpreter/lib/x86_64-linux-gnu/pkgconfig:/home/inspacehj/dr_logger/simulation_ws/install/deepracer_interpreter/lib/pkgconfig:/home/inspacehj/drone_mpc_ws/devel/.private/catkin_tools_prebuild/lib/pkgconfig:/home/inspacehj/drone_ws/devel/.private/catkin_tools_prebuild/lib/pkgconfig:/home/inspacehj/drone_mpc_ws/devel/lib/pkgconfig:/home/inspacehj/autosim_ws/devel/lib/pkgconfig:/home/inspacehj/catkin_ws/devel/lib/pkgconfig:/home/inspacehj/drone_ws/devel/lib/pkgconfig:/opt/ros/melodic/lib/pkgconfig PYTHONPATH=/home/inspacehj/dr_logger/simulation_ws/install/deepracer_msgs/lib/python2.7/dist-packages:/home/inspacehj/dr_logger/simulation_ws/install/sagemaker_rl_agent/lib/python3.6/site-packages:/home/inspacehj/drone_mpc_ws/devel/lib/python2.7/dist-packages:/home/inspacehj/autosim_ws/devel/lib/python2.7/dist-packages:/home/inspacehj/catkin_ws/devel/lib/python2.7/dist-packages:/home/inspacehj/drone_ws/devel/lib/python2.7/dist-packages:/opt/ros/melodic/lib/python2.7/dist-packages:/home/inspacehj/drone_mpc_ws/src/data_driven_mpc/ros_gp_mpc ROS_PACKAGE_PATH=/home/inspacehj/dr_logger/simulation_ws/install/deepracer_msgs/share:/home/inspacehj/dr_logger/simulation_ws/install/deepracer_simulation/share:/home/inspacehj/dr_logger/simulation_ws/install/deepracer_interpreter/share:/home/inspacehj/drone_mpc_ws/src/catkin_simple:/home/inspacehj/drone_mpc_ws/src/eigen_catkin:/home/inspacehj/drone_mpc_ws/src/mav_comm/mav_comm:/home/inspacehj/drone_mpc_ws/src/mav_comm/mav_msgs:/home/inspacehj/drone_mpc_ws/src/mav_comm/mav_planning_msgs:/home/inspacehj/drone_mpc_ws/src/mav_comm/mav_state_machine_msgs:/home/inspacehj/drone_mpc_ws/src/mav_comm/mav_system_msgs:/home/inspacehj/drone_mpc_ws/src/rpg_quadrotor_control/quad_launch_files:/home/inspacehj/drone_mpc_ws/src/rpg_quadrotor_common/quadrotor_msgs:/home/inspacehj/drone_mpc_ws/src/rpg_quadrotor_common/quadrotor_common:/home/inspacehj/drone_mpc_ws/src/rpg_quadrotor_control/trajectory_planning/polynomial_trajectories:/home/inspacehj/drone_mpc_ws/src/rpg_quadrotor_control/control/position_controller:/home/inspacehj/drone_mpc_ws/src/data_driven_mpc/ros_gp_mpc:/home/inspacehj/drone_mpc_ws/src/rotors_simulator/rotors_comm:/home/inspacehj/drone_mpc_ws/src/rotors_simulator/rotors_control:/home/inspacehj/drone_mpc_ws/src/rotors_simulator/rotors_description:/home/inspacehj/drone_mpc_ws/src/rotors_simulator/rotors_evaluation:/home/inspacehj/drone_mpc_ws/src/rotors_simulator/rotors_gazebo_plugins:/home/inspacehj/drone_mpc_ws/src/rotors_simulator/rotors_gazebo:/home/inspacehj/drone_mpc_ws/src/rotors_simulator/rotors_hil_interface:/home/inspacehj/drone_mpc_ws/src/rotors_simulator/rotors_joy_interface:/home/inspacehj/drone_mpc_ws/src/rotors_simulator/rotors_simulator:/home/inspacehj/drone_mpc_ws/src/rpg_quadrotor_control/simulation/rpg_rotors_interface:/home/inspacehj/drone_mpc_ws/src/rpg_single_board_io:/home/inspacehj/drone_mpc_ws/src/rpg_quadrotor_control/gui/rqt_quad_gui:/home/inspacehj/drone_mpc_ws/src/rotors_simulator/rqt_rotors:/home/inspacehj/drone_mpc_ws/src/rpg_quadrotor_control/bridges/sbus_bridge:/home/inspacehj/drone_mpc_ws/src/rpg_quadrotor_control/utils/manual_flight_assistant:/home/inspacehj/drone_mpc_ws/src/rpg_quadrotor_common/state_predictor:/home/inspacehj/drone_mpc_ws/src/rpg_quadrotor_control/trajectory_planning/trajectory_generation_helper:/home/inspacehj/drone_mpc_ws/src/rpg_quadrotor_control/control/autopilot:/home/inspacehj/drone_mpc_ws/src/rpg_quadrotor_control/test/rpg_quadrotor_integration_test:/home/inspacehj/drone_mpc_ws/src/rpg_quadrotor_control/utils/vbat_thrust_calibration:/home/inspacehj/autosim_ws/src:/home/inspacehj/catkin_ws/src:/home/inspacehj/drone_ws/src/iq_sim:/home/inspacehj/drone_ws/src/mavlink:/home/inspacehj/drone_ws/src/mavros/libmavconn:/home/inspacehj/drone_ws/src/mavros/mavros_msgs:/home/inspacehj/drone_ws/src/mavros/mavros:/home/inspacehj/drone_ws/src/mavros/mavros_extras:/home/inspacehj/drone_ws/src/mavros/test_mavros:/opt/ros/melodic/share /usr/bin/cmake --build /home/inspacehj/dr_logger/simulation_ws/build/deepracer_interpreter --target install -- -j16 -l16
[3.370s] [100%] Built target racecar_plugin
[3.389s] [36mInstall the project...[0m
[3.397s] -- Install configuration: ""
[3.398s] -- Installing: /home/inspacehj/dr_logger/simulation_ws/install/deepracer_interpreter/lib/pkgconfig/deepracer_interpreter.pc
[3.398s] -- Installing: /home/inspacehj/dr_logger/simulation_ws/install/deepracer_interpreter/share/deepracer_interpreter/cmake/deepracer_interpreterConfig.cmake
[3.398s] -- Installing: /home/inspacehj/dr_logger/simulation_ws/install/deepracer_interpreter/share/deepracer_interpreter/cmake/deepracer_interpreterConfig-version.cmake
[3.398s] -- Installing: /home/inspacehj/dr_logger/simulation_ws/install/deepracer_interpreter/share/deepracer_interpreter/package.xml
[3.398s] -- Installing: /home/inspacehj/dr_logger/simulation_ws/install/deepracer_interpreter/lib/libracecar_plugin.so
[3.399s] -- Set runtime path of "/home/inspacehj/dr_logger/simulation_ws/install/deepracer_interpreter/lib/libracecar_plugin.so" to ""
[3.402s] Invoked command in '/home/inspacehj/dr_logger/simulation_ws/build/deepracer_interpreter' returned '0': CMAKE_PREFIX_PATH=/home/inspacehj/dr_logger/simulation_ws/install/deepracer_msgs:/home/inspacehj/dr_logger/simulation_ws/install/deepracer_simulation:/home/inspacehj/dr_logger/simulation_ws/install/deepracer_interpreter:/home/inspacehj/drone_mpc_ws/devel/.private/catkin_tools_prebuild:/home/inspacehj/drone_ws/devel/.private/catkin_tools_prebuild:/home/inspacehj/drone_mpc_ws/devel:/home/inspacehj/autosim_ws/devel:/home/inspacehj/catkin_ws/devel:/home/inspacehj/drone_ws/devel:/opt/ros/melodic PKG_CONFIG_PATH=/home/inspacehj/dr_logger/simulation_ws/install/deepracer_msgs/lib/x86_64-linux-gnu/pkgconfig:/home/inspacehj/dr_logger/simulation_ws/install/deepracer_msgs/lib/pkgconfig:/home/inspacehj/dr_logger/simulation_ws/install/deepracer_simulation/lib/x86_64-linux-gnu/pkgconfig:/home/inspacehj/dr_logger/simulation_ws/install/deepracer_simulation/lib/pkgconfig:/home/inspacehj/dr_logger/simulation_ws/install/deepracer_interpreter/lib/x86_64-linux-gnu/pkgconfig:/home/inspacehj/dr_logger/simulation_ws/install/deepracer_interpreter/lib/pkgconfig:/home/inspacehj/drone_mpc_ws/devel/.private/catkin_tools_prebuild/lib/pkgconfig:/home/inspacehj/drone_ws/devel/.private/catkin_tools_prebuild/lib/pkgconfig:/home/inspacehj/drone_mpc_ws/devel/lib/pkgconfig:/home/inspacehj/autosim_ws/devel/lib/pkgconfig:/home/inspacehj/catkin_ws/devel/lib/pkgconfig:/home/inspacehj/drone_ws/devel/lib/pkgconfig:/opt/ros/melodic/lib/pkgconfig PYTHONPATH=/home/inspacehj/dr_logger/simulation_ws/install/deepracer_msgs/lib/python2.7/dist-packages:/home/inspacehj/dr_logger/simulation_ws/install/sagemaker_rl_agent/lib/python3.6/site-packages:/home/inspacehj/drone_mpc_ws/devel/lib/python2.7/dist-packages:/home/inspacehj/autosim_ws/devel/lib/python2.7/dist-packages:/home/inspacehj/catkin_ws/devel/lib/python2.7/dist-packages:/home/inspacehj/drone_ws/devel/lib/python2.7/dist-packages:/opt/ros/melodic/lib/python2.7/dist-packages:/home/inspacehj/drone_mpc_ws/src/data_driven_mpc/ros_gp_mpc ROS_PACKAGE_PATH=/home/inspacehj/dr_logger/simulation_ws/install/deepracer_msgs/share:/home/inspacehj/dr_logger/simulation_ws/install/deepracer_simulation/share:/home/inspacehj/dr_logger/simulation_ws/install/deepracer_interpreter/share:/home/inspacehj/drone_mpc_ws/src/catkin_simple:/home/inspacehj/drone_mpc_ws/src/eigen_catkin:/home/inspacehj/drone_mpc_ws/src/mav_comm/mav_comm:/home/inspacehj/drone_mpc_ws/src/mav_comm/mav_msgs:/home/inspacehj/drone_mpc_ws/src/mav_comm/mav_planning_msgs:/home/inspacehj/drone_mpc_ws/src/mav_comm/mav_state_machine_msgs:/home/inspacehj/drone_mpc_ws/src/mav_comm/mav_system_msgs:/home/inspacehj/drone_mpc_ws/src/rpg_quadrotor_control/quad_launch_files:/home/inspacehj/drone_mpc_ws/src/rpg_quadrotor_common/quadrotor_msgs:/home/inspacehj/drone_mpc_ws/src/rpg_quadrotor_common/quadrotor_common:/home/inspacehj/drone_mpc_ws/src/rpg_quadrotor_control/trajectory_planning/polynomial_trajectories:/home/inspacehj/drone_mpc_ws/src/rpg_quadrotor_control/control/position_controller:/home/inspacehj/drone_mpc_ws/src/data_driven_mpc/ros_gp_mpc:/home/inspacehj/drone_mpc_ws/src/rotors_simulator/rotors_comm:/home/inspacehj/drone_mpc_ws/src/rotors_simulator/rotors_control:/home/inspacehj/drone_mpc_ws/src/rotors_simulator/rotors_description:/home/inspacehj/drone_mpc_ws/src/rotors_simulator/rotors_evaluation:/home/inspacehj/drone_mpc_ws/src/rotors_simulator/rotors_gazebo_plugins:/home/inspacehj/drone_mpc_ws/src/rotors_simulator/rotors_gazebo:/home/inspacehj/drone_mpc_ws/src/rotors_simulator/rotors_hil_interface:/home/inspacehj/drone_mpc_ws/src/rotors_simulator/rotors_joy_interface:/home/inspacehj/drone_mpc_ws/src/rotors_simulator/rotors_simulator:/home/inspacehj/drone_mpc_ws/src/rpg_quadrotor_control/simulation/rpg_rotors_interface:/home/inspacehj/drone_mpc_ws/src/rpg_single_board_io:/home/inspacehj/drone_mpc_ws/src/rpg_quadrotor_control/gui/rqt_quad_gui:/home/inspacehj/drone_mpc_ws/src/rotors_simulator/rqt_rotors:/home/inspacehj/drone_mpc_ws/src/rpg_quadrotor_control/bridges/sbus_bridge:/home/inspacehj/drone_mpc_ws/src/rpg_quadrotor_control/utils/manual_flight_assistant:/home/inspacehj/drone_mpc_ws/src/rpg_quadrotor_common/state_predictor:/home/inspacehj/drone_mpc_ws/src/rpg_quadrotor_control/trajectory_planning/trajectory_generation_helper:/home/inspacehj/drone_mpc_ws/src/rpg_quadrotor_control/control/autopilot:/home/inspacehj/drone_mpc_ws/src/rpg_quadrotor_control/test/rpg_quadrotor_integration_test:/home/inspacehj/drone_mpc_ws/src/rpg_quadrotor_control/utils/vbat_thrust_calibration:/home/inspacehj/autosim_ws/src:/home/inspacehj/catkin_ws/src:/home/inspacehj/drone_ws/src/iq_sim:/home/inspacehj/drone_ws/src/mavlink:/home/inspacehj/drone_ws/src/mavros/libmavconn:/home/inspacehj/drone_ws/src/mavros/mavros_msgs:/home/inspacehj/drone_ws/src/mavros/mavros:/home/inspacehj/drone_ws/src/mavros/mavros_extras:/home/inspacehj/drone_ws/src/mavros/test_mavros:/opt/ros/melodic/share /usr/bin/cmake --build /home/inspacehj/dr_logger/simulation_ws/build/deepracer_interpreter --target install -- -j16 -l16
