-- Using CATKIN_DEVEL_PREFIX: /home/inspacehj/dr_logger/simulation_ws/build/deepracer_simulation/devel
-- Using CMAKE_PREFIX_PATH: /home/inspacehj/drone_mpc_ws/devel;/home/inspacehj/autosim_ws/devel;/home/inspacehj/catkin_ws/devel;/home/inspacehj/drone_ws/devel;/opt/ros/melodic
-- This workspace overlays: /home/inspacehj/drone_mpc_ws/devel;/home/inspacehj/autosim_ws/devel;/home/inspacehj/catkin_ws/devel;/home/inspacehj/drone_ws/devel;/opt/ros/melodic
-- Found PythonInterp: /usr/bin/python2 (found suitable version "2.7.17", minimum required is "2") 
-- Using PYTHON_EXECUTABLE: /usr/bin/python2
-- Using Debian Python package layout
-- Using empy: /usr/bin/empy
-- Using CATKIN_ENABLE_TESTING: ON
-- Call enable_testing()
-- Using CATKIN_TEST_RESULTS_DIR: /home/inspacehj/dr_logger/simulation_ws/build/deepracer_simulation/test_results
-- Found gtest sources under '/usr/src/googletest': gtests will be built
-- Found gmock sources under '/usr/src/googletest': gmock will be built
-- Found PythonInterp: /usr/bin/python2 (found version "2.7.17") 
-- Using Python nosetests: /usr/bin/nosetests-2.7
-- catkin 0.7.29
-- BUILD_SHARED_LIBS is on
-- Using these message generators: gencpp;geneus;genlisp;gennodejs;genpy
Traceback (most recent call last):
  File "/opt/ros/melodic/share/catkin/cmake/parse_package_xml.py", line 115, in <module>
    main()
  File "/opt/ros/melodic/share/catkin/cmake/parse_package_xml.py", line 101, in main
    package = parse_package(args.package_xml)
  File "/usr/lib/python2.7/dist-packages/catkin_pkg/package.py", line 570, in parse_package
    return parse_package_string(xml, filename, warnings=warnings)
  File "/usr/lib/python2.7/dist-packages/catkin_pkg/package.py", line 771, in parse_package_string
    raise InvalidPackage('Error(s):%s' % (''.join(['\n- %s' % e for e in errors])), filename)
catkin_pkg.package.InvalidPackage: Error(s) in package '/home/inspacehj/dr_logger/simulation_ws/src/deepracer_simulation/package.xml':
Error(s):
- The manifest of package "deepracer_simulation" (with format version 1) must not contain the following tags: exec_depend
- Either update to a newer format or replace <exec_depend> tags with <run_depend> tags.
CMake Error at /opt/ros/melodic/share/catkin/cmake/safe_execute_process.cmake:11 (message):
  execute_process(/usr/bin/python2
  "/opt/ros/melodic/share/catkin/cmake/parse_package_xml.py"
  "/home/inspacehj/dr_logger/simulation_ws/src/deepracer_simulation/package.xml"
  "/home/inspacehj/dr_logger/simulation_ws/build/deepracer_simulation/catkin_generated/package.cmake")
  returned error code 1
Call Stack (most recent call first):
  /opt/ros/melodic/share/catkin/cmake/catkin_package_xml.cmake:74 (safe_execute_process)
  /opt/ros/melodic/share/catkin/cmake/catkin_package_xml.cmake:50 (_catkin_package_xml)
  /opt/ros/melodic/share/catkin/cmake/catkin_package.cmake:99 (catkin_package_xml)
  CMakeLists.txt:9 (catkin_package)


-- Configuring incomplete, errors occurred!
See also "/home/inspacehj/dr_logger/simulation_ws/build/deepracer_simulation/CMakeFiles/CMakeOutput.log".
See also "/home/inspacehj/dr_logger/simulation_ws/build/deepracer_simulation/CMakeFiles/CMakeError.log".
