[0.023s] Invoking command in '/home/inspacehj/dr_logger/simulation_ws/build/deepracer_simulation': /usr/bin/cmake /home/inspacehj/dr_logger/simulation_ws/src/deepracer_simulation -DCMAKE_INSTALL_PREFIX=/home/inspacehj/dr_logger/simulation_ws/install/deepracer_simulation
[0.033s] -- Using CATKIN_DEVEL_PREFIX: /home/inspacehj/dr_logger/simulation_ws/build/deepracer_simulation/devel
[0.033s] -- Using CMAKE_PREFIX_PATH: /home/inspacehj/drone_mpc_ws/devel;/home/inspacehj/autosim_ws/devel;/home/inspacehj/catkin_ws/devel;/home/inspacehj/drone_ws/devel;/opt/ros/melodic
[0.033s] -- This workspace overlays: /home/inspacehj/drone_mpc_ws/devel;/home/inspacehj/autosim_ws/devel;/home/inspacehj/catkin_ws/devel;/home/inspacehj/drone_ws/devel;/opt/ros/melodic
[0.043s] -- Found PythonInterp: /usr/bin/python2 (found suitable version "2.7.17", minimum required is "2") 
[0.043s] -- Using PYTHON_EXECUTABLE: /usr/bin/python2
[0.043s] -- Using Debian Python package layout
[0.043s] -- Using empy: /usr/bin/empy
[0.147s] -- Using CATKIN_ENABLE_TESTING: ON
[0.147s] -- Call enable_testing()
[0.148s] -- Using CATKIN_TEST_RESULTS_DIR: /home/inspacehj/dr_logger/simulation_ws/build/deepracer_simulation/test_results
[0.161s] -- Found gtest sources under '/usr/src/googletest': gtests will be built
[0.161s] -- Found gmock sources under '/usr/src/googletest': gmock will be built
[0.170s] -- Found PythonInterp: /usr/bin/python2 (found version "2.7.17") 
[0.174s] -- Using Python nosetests: /usr/bin/nosetests-2.7
[0.200s] -- catkin 0.7.29
[0.200s] -- BUILD_SHARED_LIBS is on
[0.326s] -- Using these message generators: gencpp;geneus;genlisp;gennodejs;genpy
[0.441s] Traceback (most recent call last):
[0.441s]   File "/opt/ros/melodic/share/catkin/cmake/parse_package_xml.py", line 115, in <module>
[0.442s]     main()
[0.442s]   File "/opt/ros/melodic/share/catkin/cmake/parse_package_xml.py", line 101, in main
[0.442s]     package = parse_package(args.package_xml)
[0.442s]   File "/usr/lib/python2.7/dist-packages/catkin_pkg/package.py", line 570, in parse_package
[0.442s]     return parse_package_string(xml, filename, warnings=warnings)
[0.442s]   File "/usr/lib/python2.7/dist-packages/catkin_pkg/package.py", line 771, in parse_package_string
[0.442s]     raise InvalidPackage('Error(s):%s' % (''.join(['\n- %s' % e for e in errors])), filename)
[0.442s] catkin_pkg.package.InvalidPackage: Error(s) in package '/home/inspacehj/dr_logger/simulation_ws/src/deepracer_simulation/package.xml':
[0.442s] Error(s):
[0.442s] - The manifest of package "deepracer_simulation" (with format version 1) must not contain the following tags: exec_depend
[0.442s] - Either update to a newer format or replace <exec_depend> tags with <run_depend> tags.
[0.444s] CMake Error at /opt/ros/melodic/share/catkin/cmake/safe_execute_process.cmake:11 (message):
[0.444s]   execute_process(/usr/bin/python2
[0.444s]   "/opt/ros/melodic/share/catkin/cmake/parse_package_xml.py"
[0.444s]   "/home/inspacehj/dr_logger/simulation_ws/src/deepracer_simulation/package.xml"
[0.444s]   "/home/inspacehj/dr_logger/simulation_ws/build/deepracer_simulation/catkin_generated/package.cmake")
[0.444s]   returned error code 1
[0.444s] Call Stack (most recent call first):
[0.445s]   /opt/ros/melodic/share/catkin/cmake/catkin_package_xml.cmake:74 (safe_execute_process)
[0.445s]   /opt/ros/melodic/share/catkin/cmake/catkin_package_xml.cmake:50 (_catkin_package_xml)
[0.445s]   /opt/ros/melodic/share/catkin/cmake/catkin_package.cmake:99 (catkin_package_xml)
[0.445s]   CMakeLists.txt:9 (catkin_package)
[0.445s] 
[0.445s] 
[0.445s] -- Configuring incomplete, errors occurred!
[0.445s] See also "/home/inspacehj/dr_logger/simulation_ws/build/deepracer_simulation/CMakeFiles/CMakeOutput.log".
[0.445s] See also "/home/inspacehj/dr_logger/simulation_ws/build/deepracer_simulation/CMakeFiles/CMakeError.log".
[0.448s] Invoked command in '/home/inspacehj/dr_logger/simulation_ws/build/deepracer_simulation' returned '1': /usr/bin/cmake /home/inspacehj/dr_logger/simulation_ws/src/deepracer_simulation -DCMAKE_INSTALL_PREFIX=/home/inspacehj/dr_logger/simulation_ws/install/deepracer_simulation
