[0.479s] DEBUG:colcon:Command line arguments: ['/home/inspace/.local/bin/colcon', 'build']
[0.479s] DEBUG:colcon:Parsed command line arguments: Namespace(ament_cmake_args=None, base_paths=['.'], build_base='build', catkin_cmake_args=None, catkin_skip_building_tests=False, cmake_args=None, cmake_clean_cache=False, cmake_clean_first=False, cmake_force_configure=False, cmake_target=None, cmake_target_skip_unavailable=False, continue_on_error=False, event_handlers=None, executor='parallel', ignore_user_meta=False, install_base='install', log_base=None, log_level=None, main=<bound method BuildVerb.main of <colcon_core.verb.build.BuildVerb object at 0x7f0996910cc0>>, merge_install=False, metas=['./colcon.meta'], packages_above=None, packages_above_and_dependencies=None, packages_above_depth=None, packages_end=None, packages_ignore=None, packages_ignore_regex=None, packages_select=None, packages_select_build_failed=False, packages_select_by_dep=None, packages_select_regex=None, packages_select_test_failures=False, packages_skip=None, packages_skip_build_finished=False, packages_skip_by_dep=None, packages_skip_regex=None, packages_skip_test_passed=False, packages_skip_up_to=None, packages_start=None, packages_up_to=None, packages_up_to_regex=None, parallel_workers=16, paths=None, symlink_install=False, test_result_base=None, verb_extension=<colcon_core.verb.build.BuildVerb object at 0x7f0996910cc0>, verb_name='build', verb_parser=<colcon_defaults.argument_parser.defaults.DefaultArgumentsDecorator object at 0x7f0996925080>)
[0.497s] Level 1:colcon.colcon_core.package_discovery:discover_packages(colcon_meta) check parameters
[0.497s] Level 1:colcon.colcon_core.package_discovery:discover_packages(recursive) check parameters
[0.497s] Level 1:colcon.colcon_core.package_discovery:discover_packages(ignore) check parameters
[0.497s] Level 1:colcon.colcon_core.package_discovery:discover_packages(path) check parameters
[0.497s] Level 1:colcon.colcon_core.package_discovery:discover_packages(colcon_meta) discover
[0.497s] Level 1:colcon.colcon_core.package_discovery:discover_packages(recursive) discover
[0.497s] INFO:colcon.colcon_core.package_discovery:Crawling recursively for packages in '/home/inspace/dr_logger/simulation_ws'
[0.497s] Level 1:colcon.colcon_core.package_identification:_identify(.) by extensions ['ignore', 'ignore_ament_install']
[0.497s] Level 1:colcon.colcon_core.package_identification:_identify(.) by extension 'ignore'
[0.497s] Level 1:colcon.colcon_core.package_identification:_identify(.) by extension 'ignore_ament_install'
[0.498s] Level 1:colcon.colcon_core.package_identification:_identify(.) by extensions ['colcon_pkg']
[0.498s] Level 1:colcon.colcon_core.package_identification:_identify(.) by extension 'colcon_pkg'
[0.498s] Level 1:colcon.colcon_core.package_identification:_identify(.) by extensions ['colcon_meta']
[0.498s] Level 1:colcon.colcon_core.package_identification:_identify(.) by extension 'colcon_meta'
[0.498s] Level 1:colcon.colcon_core.package_identification:_identify(.) by extensions ['ros']
[0.498s] Level 1:colcon.colcon_core.package_identification:_identify(.) by extension 'ros'
[0.506s] Level 1:colcon.colcon_core.package_identification:_identify(.) by extensions ['cmake', 'python']
[0.506s] Level 1:colcon.colcon_core.package_identification:_identify(.) by extension 'cmake'
[0.506s] Level 1:colcon.colcon_core.package_identification:_identify(.) by extension 'python'
[0.506s] Level 1:colcon.colcon_core.package_identification:_identify(.) by extensions ['python_setup_py']
[0.506s] Level 1:colcon.colcon_core.package_identification:_identify(.) by extension 'python_setup_py'
[0.506s] Level 1:colcon.colcon_core.package_identification:_identify(build) by extensions ['ignore', 'ignore_ament_install']
[0.506s] Level 1:colcon.colcon_core.package_identification:_identify(build) by extension 'ignore'
[0.506s] Level 1:colcon.colcon_core.package_identification:_identify(build) ignored
[0.507s] Level 1:colcon.colcon_core.package_identification:_identify(install) by extensions ['ignore', 'ignore_ament_install']
[0.507s] Level 1:colcon.colcon_core.package_identification:_identify(install) by extension 'ignore'
[0.507s] Level 1:colcon.colcon_core.package_identification:_identify(install) ignored
[0.507s] Level 1:colcon.colcon_core.package_identification:_identify(log) by extensions ['ignore', 'ignore_ament_install']
[0.507s] Level 1:colcon.colcon_core.package_identification:_identify(log) by extension 'ignore'
[0.507s] Level 1:colcon.colcon_core.package_identification:_identify(log) ignored
[0.507s] Level 1:colcon.colcon_core.package_identification:_identify(src) by extensions ['ignore', 'ignore_ament_install']
[0.507s] Level 1:colcon.colcon_core.package_identification:_identify(src) by extension 'ignore'
[0.507s] Level 1:colcon.colcon_core.package_identification:_identify(src) by extension 'ignore_ament_install'
[0.507s] Level 1:colcon.colcon_core.package_identification:_identify(src) by extensions ['colcon_pkg']
[0.507s] Level 1:colcon.colcon_core.package_identification:_identify(src) by extension 'colcon_pkg'
[0.507s] Level 1:colcon.colcon_core.package_identification:_identify(src) by extensions ['colcon_meta']
[0.507s] Level 1:colcon.colcon_core.package_identification:_identify(src) by extension 'colcon_meta'
[0.507s] Level 1:colcon.colcon_core.package_identification:_identify(src) by extensions ['ros']
[0.507s] Level 1:colcon.colcon_core.package_identification:_identify(src) by extension 'ros'
[0.507s] Level 1:colcon.colcon_core.package_identification:_identify(src) by extensions ['cmake', 'python']
[0.507s] Level 1:colcon.colcon_core.package_identification:_identify(src) by extension 'cmake'
[0.507s] Level 1:colcon.colcon_core.package_identification:_identify(src) by extension 'python'
[0.507s] Level 1:colcon.colcon_core.package_identification:_identify(src) by extensions ['python_setup_py']
[0.507s] Level 1:colcon.colcon_core.package_identification:_identify(src) by extension 'python_setup_py'
[0.508s] Level 1:colcon.colcon_core.package_identification:_identify(src/deepracer_interpreter) by extensions ['ignore', 'ignore_ament_install']
[0.508s] Level 1:colcon.colcon_core.package_identification:_identify(src/deepracer_interpreter) by extension 'ignore'
[0.508s] Level 1:colcon.colcon_core.package_identification:_identify(src/deepracer_interpreter) by extension 'ignore_ament_install'
[0.508s] Level 1:colcon.colcon_core.package_identification:_identify(src/deepracer_interpreter) by extensions ['colcon_pkg']
[0.508s] Level 1:colcon.colcon_core.package_identification:_identify(src/deepracer_interpreter) by extension 'colcon_pkg'
[0.508s] Level 1:colcon.colcon_core.package_identification:_identify(src/deepracer_interpreter) by extensions ['colcon_meta']
[0.508s] Level 1:colcon.colcon_core.package_identification:_identify(src/deepracer_interpreter) by extension 'colcon_meta'
[0.508s] Level 1:colcon.colcon_core.package_identification:_identify(src/deepracer_interpreter) by extensions ['ros']
[0.508s] Level 1:colcon.colcon_core.package_identification:_identify(src/deepracer_interpreter) by extension 'ros'
[0.510s] DEBUG:colcon.colcon_core.package_identification:Package 'src/deepracer_interpreter' with type 'ros.catkin' and name 'deepracer_interpreter'
[0.510s] Level 1:colcon.colcon_core.package_identification:_identify(src/deepracer_msgs) by extensions ['ignore', 'ignore_ament_install']
[0.510s] Level 1:colcon.colcon_core.package_identification:_identify(src/deepracer_msgs) by extension 'ignore'
[0.510s] Level 1:colcon.colcon_core.package_identification:_identify(src/deepracer_msgs) by extension 'ignore_ament_install'
[0.510s] Level 1:colcon.colcon_core.package_identification:_identify(src/deepracer_msgs) by extensions ['colcon_pkg']
[0.510s] Level 1:colcon.colcon_core.package_identification:_identify(src/deepracer_msgs) by extension 'colcon_pkg'
[0.510s] Level 1:colcon.colcon_core.package_identification:_identify(src/deepracer_msgs) by extensions ['colcon_meta']
[0.510s] Level 1:colcon.colcon_core.package_identification:_identify(src/deepracer_msgs) by extension 'colcon_meta'
[0.510s] Level 1:colcon.colcon_core.package_identification:_identify(src/deepracer_msgs) by extensions ['ros']
[0.510s] Level 1:colcon.colcon_core.package_identification:_identify(src/deepracer_msgs) by extension 'ros'
[0.510s] DEBUG:colcon.colcon_core.package_identification:Package 'src/deepracer_msgs' with type 'ros.catkin' and name 'deepracer_msgs'
[0.510s] Level 1:colcon.colcon_core.package_identification:_identify(src/deepracer_simulation) by extensions ['ignore', 'ignore_ament_install']
[0.511s] Level 1:colcon.colcon_core.package_identification:_identify(src/deepracer_simulation) by extension 'ignore'
[0.511s] Level 1:colcon.colcon_core.package_identification:_identify(src/deepracer_simulation) by extension 'ignore_ament_install'
[0.511s] Level 1:colcon.colcon_core.package_identification:_identify(src/deepracer_simulation) by extensions ['colcon_pkg']
[0.511s] Level 1:colcon.colcon_core.package_identification:_identify(src/deepracer_simulation) by extension 'colcon_pkg'
[0.511s] Level 1:colcon.colcon_core.package_identification:_identify(src/deepracer_simulation) by extensions ['colcon_meta']
[0.511s] Level 1:colcon.colcon_core.package_identification:_identify(src/deepracer_simulation) by extension 'colcon_meta'
[0.511s] Level 1:colcon.colcon_core.package_identification:_identify(src/deepracer_simulation) by extensions ['ros']
[0.511s] Level 1:colcon.colcon_core.package_identification:_identify(src/deepracer_simulation) by extension 'ros'
[0.512s] DEBUG:colcon.colcon_core.package_identification:Package 'src/deepracer_simulation' with type 'ros.catkin' and name 'deepracer_simulation'
[0.512s] Level 1:colcon.colcon_core.package_identification:_identify(src/sagemaker_rl_agent) by extensions ['ignore', 'ignore_ament_install']
[0.512s] Level 1:colcon.colcon_core.package_identification:_identify(src/sagemaker_rl_agent) by extension 'ignore'
[0.512s] Level 1:colcon.colcon_core.package_identification:_identify(src/sagemaker_rl_agent) by extension 'ignore_ament_install'
[0.512s] Level 1:colcon.colcon_core.package_identification:_identify(src/sagemaker_rl_agent) by extensions ['colcon_pkg']
[0.512s] Level 1:colcon.colcon_core.package_identification:_identify(src/sagemaker_rl_agent) by extension 'colcon_pkg'
[0.512s] Level 1:colcon.colcon_core.package_identification:_identify(src/sagemaker_rl_agent) by extensions ['colcon_meta']
[0.512s] Level 1:colcon.colcon_core.package_identification:_identify(src/sagemaker_rl_agent) by extension 'colcon_meta'
[0.512s] Level 1:colcon.colcon_core.package_identification:_identify(src/sagemaker_rl_agent) by extensions ['ros']
[0.512s] Level 1:colcon.colcon_core.package_identification:_identify(src/sagemaker_rl_agent) by extension 'ros'
[0.512s] Level 1:colcon.colcon_core.package_identification:_identify(src/sagemaker_rl_agent) by extensions ['cmake', 'python']
[0.512s] Level 1:colcon.colcon_core.package_identification:_identify(src/sagemaker_rl_agent) by extension 'cmake'
[0.512s] Level 1:colcon.colcon_core.package_identification:_identify(src/sagemaker_rl_agent) by extension 'python'
[0.512s] Level 1:colcon.colcon_core.package_identification:_identify(src/sagemaker_rl_agent) by extensions ['python_setup_py']
[0.512s] Level 1:colcon.colcon_core.package_identification:_identify(src/sagemaker_rl_agent) by extension 'python_setup_py'
[0.697s] DEBUG:colcon.colcon_core.package_identification:Package 'src/sagemaker_rl_agent' with type 'python' and name 'sagemaker_rl_agent'
[0.697s] Level 1:colcon.colcon_core.package_discovery:discover_packages(recursive) using defaults
[0.697s] Level 1:colcon.colcon_core.package_discovery:discover_packages(ignore) discover
[0.698s] Level 1:colcon.colcon_core.package_discovery:discover_packages(ignore) using defaults
[0.698s] Level 1:colcon.colcon_core.package_discovery:discover_packages(path) discover
[0.698s] Level 1:colcon.colcon_core.package_discovery:discover_packages(path) using defaults
[0.740s] Level 5:colcon.colcon_core.verb:set package 'deepracer_msgs' build argument 'cmake_args' from command line to 'None'
[0.740s] Level 5:colcon.colcon_core.verb:set package 'deepracer_msgs' build argument 'cmake_target' from command line to 'None'
[0.740s] Level 5:colcon.colcon_core.verb:set package 'deepracer_msgs' build argument 'cmake_target_skip_unavailable' from command line to 'False'
[0.740s] Level 5:colcon.colcon_core.verb:set package 'deepracer_msgs' build argument 'cmake_clean_cache' from command line to 'False'
[0.740s] Level 5:colcon.colcon_core.verb:set package 'deepracer_msgs' build argument 'cmake_clean_first' from command line to 'False'
[0.740s] Level 5:colcon.colcon_core.verb:set package 'deepracer_msgs' build argument 'cmake_force_configure' from command line to 'False'
[0.740s] Level 5:colcon.colcon_core.verb:set package 'deepracer_msgs' build argument 'ament_cmake_args' from command line to 'None'
[0.740s] Level 5:colcon.colcon_core.verb:set package 'deepracer_msgs' build argument 'catkin_cmake_args' from command line to 'None'
[0.740s] Level 5:colcon.colcon_core.verb:set package 'deepracer_msgs' build argument 'catkin_skip_building_tests' from command line to 'False'
[0.740s] DEBUG:colcon.colcon_core.verb:Building package 'deepracer_msgs' with the following arguments: {'ament_cmake_args': None, 'build_base': '/home/inspace/dr_logger/simulation_ws/build/deepracer_msgs', 'catkin_cmake_args': None, 'catkin_skip_building_tests': False, 'cmake_args': None, 'cmake_clean_cache': False, 'cmake_clean_first': False, 'cmake_force_configure': False, 'cmake_target': None, 'cmake_target_skip_unavailable': False, 'install_base': '/home/inspace/dr_logger/simulation_ws/install/deepracer_msgs', 'merge_install': False, 'path': '/home/inspace/dr_logger/simulation_ws/src/deepracer_msgs', 'symlink_install': False, 'test_result_base': None}
[0.750s] Level 5:colcon.colcon_core.verb:set package 'deepracer_simulation' build argument 'cmake_args' from command line to 'None'
[0.750s] Level 5:colcon.colcon_core.verb:set package 'deepracer_simulation' build argument 'cmake_target' from command line to 'None'
[0.750s] Level 5:colcon.colcon_core.verb:set package 'deepracer_simulation' build argument 'cmake_target_skip_unavailable' from command line to 'False'
[0.750s] Level 5:colcon.colcon_core.verb:set package 'deepracer_simulation' build argument 'cmake_clean_cache' from command line to 'False'
[0.750s] Level 5:colcon.colcon_core.verb:set package 'deepracer_simulation' build argument 'cmake_clean_first' from command line to 'False'
[0.750s] Level 5:colcon.colcon_core.verb:set package 'deepracer_simulation' build argument 'cmake_force_configure' from command line to 'False'
[0.750s] Level 5:colcon.colcon_core.verb:set package 'deepracer_simulation' build argument 'ament_cmake_args' from command line to 'None'
[0.750s] Level 5:colcon.colcon_core.verb:set package 'deepracer_simulation' build argument 'catkin_cmake_args' from command line to 'None'
[0.750s] Level 5:colcon.colcon_core.verb:set package 'deepracer_simulation' build argument 'catkin_skip_building_tests' from command line to 'False'
[0.750s] DEBUG:colcon.colcon_core.verb:Building package 'deepracer_simulation' with the following arguments: {'ament_cmake_args': None, 'build_base': '/home/inspace/dr_logger/simulation_ws/build/deepracer_simulation', 'catkin_cmake_args': None, 'catkin_skip_building_tests': False, 'cmake_args': None, 'cmake_clean_cache': False, 'cmake_clean_first': False, 'cmake_force_configure': False, 'cmake_target': None, 'cmake_target_skip_unavailable': False, 'install_base': '/home/inspace/dr_logger/simulation_ws/install/deepracer_simulation', 'merge_install': False, 'path': '/home/inspace/dr_logger/simulation_ws/src/deepracer_simulation', 'symlink_install': False, 'test_result_base': None}
[0.760s] Level 5:colcon.colcon_core.verb:set package 'sagemaker_rl_agent' build argument 'cmake_args' from command line to 'None'
[0.760s] Level 5:colcon.colcon_core.verb:set package 'sagemaker_rl_agent' build argument 'cmake_target' from command line to 'None'
[0.760s] Level 5:colcon.colcon_core.verb:set package 'sagemaker_rl_agent' build argument 'cmake_target_skip_unavailable' from command line to 'False'
[0.760s] Level 5:colcon.colcon_core.verb:set package 'sagemaker_rl_agent' build argument 'cmake_clean_cache' from command line to 'False'
[0.760s] Level 5:colcon.colcon_core.verb:set package 'sagemaker_rl_agent' build argument 'cmake_clean_first' from command line to 'False'
[0.760s] Level 5:colcon.colcon_core.verb:set package 'sagemaker_rl_agent' build argument 'cmake_force_configure' from command line to 'False'
[0.760s] Level 5:colcon.colcon_core.verb:set package 'sagemaker_rl_agent' build argument 'ament_cmake_args' from command line to 'None'
[0.760s] Level 5:colcon.colcon_core.verb:set package 'sagemaker_rl_agent' build argument 'catkin_cmake_args' from command line to 'None'
[0.760s] Level 5:colcon.colcon_core.verb:set package 'sagemaker_rl_agent' build argument 'catkin_skip_building_tests' from command line to 'False'
[0.760s] DEBUG:colcon.colcon_core.verb:Building package 'sagemaker_rl_agent' with the following arguments: {'ament_cmake_args': None, 'build_base': '/home/inspace/dr_logger/simulation_ws/build/sagemaker_rl_agent', 'catkin_cmake_args': None, 'catkin_skip_building_tests': False, 'cmake_args': None, 'cmake_clean_cache': False, 'cmake_clean_first': False, 'cmake_force_configure': False, 'cmake_target': None, 'cmake_target_skip_unavailable': False, 'install_base': '/home/inspace/dr_logger/simulation_ws/install/sagemaker_rl_agent', 'merge_install': False, 'path': '/home/inspace/dr_logger/simulation_ws/src/sagemaker_rl_agent', 'symlink_install': False, 'test_result_base': None}
[0.770s] Level 5:colcon.colcon_core.verb:set package 'deepracer_interpreter' build argument 'cmake_args' from command line to 'None'
[0.770s] Level 5:colcon.colcon_core.verb:set package 'deepracer_interpreter' build argument 'cmake_target' from command line to 'None'
[0.770s] Level 5:colcon.colcon_core.verb:set package 'deepracer_interpreter' build argument 'cmake_target_skip_unavailable' from command line to 'False'
[0.770s] Level 5:colcon.colcon_core.verb:set package 'deepracer_interpreter' build argument 'cmake_clean_cache' from command line to 'False'
[0.770s] Level 5:colcon.colcon_core.verb:set package 'deepracer_interpreter' build argument 'cmake_clean_first' from command line to 'False'
[0.770s] Level 5:colcon.colcon_core.verb:set package 'deepracer_interpreter' build argument 'cmake_force_configure' from command line to 'False'
[0.770s] Level 5:colcon.colcon_core.verb:set package 'deepracer_interpreter' build argument 'ament_cmake_args' from command line to 'None'
[0.770s] Level 5:colcon.colcon_core.verb:set package 'deepracer_interpreter' build argument 'catkin_cmake_args' from command line to 'None'
[0.770s] Level 5:colcon.colcon_core.verb:set package 'deepracer_interpreter' build argument 'catkin_skip_building_tests' from command line to 'False'
[0.770s] DEBUG:colcon.colcon_core.verb:Building package 'deepracer_interpreter' with the following arguments: {'ament_cmake_args': None, 'build_base': '/home/inspace/dr_logger/simulation_ws/build/deepracer_interpreter', 'catkin_cmake_args': None, 'catkin_skip_building_tests': False, 'cmake_args': None, 'cmake_clean_cache': False, 'cmake_clean_first': False, 'cmake_force_configure': False, 'cmake_target': None, 'cmake_target_skip_unavailable': False, 'install_base': '/home/inspace/dr_logger/simulation_ws/install/deepracer_interpreter', 'merge_install': False, 'path': '/home/inspace/dr_logger/simulation_ws/src/deepracer_interpreter', 'symlink_install': False, 'test_result_base': None}
[0.772s] INFO:colcon.colcon_core.executor:Executing jobs using 'parallel' executor
[0.789s] DEBUG:colcon.colcon_parallel_executor.executor.parallel:run_until_complete
[0.789s] INFO:colcon.colcon_ros.task.catkin.build:Building ROS package in '/home/inspace/dr_logger/simulation_ws/src/deepracer_msgs' with build type 'catkin'
[0.789s] INFO:colcon.colcon_cmake.task.cmake.build:Building CMake package in '/home/inspace/dr_logger/simulation_ws/src/deepracer_msgs'
[0.799s] INFO:colcon.colcon_core.plugin_system:Skipping extension 'colcon_core.shell.bat': Not used on non-Windows systems
[0.799s] INFO:colcon.colcon_core.shell:Skip shell extension 'powershell' for command environment: Not usable outside of PowerShell
[0.799s] DEBUG:colcon.colcon_core.shell:Skip shell extension 'dsv' for command environment
[0.805s] DEBUG:colcon.colcon_core.shell:Ignoring prefix path '/home/inspace/drone_mpc_ws/devel/.private/catkin_tools_prebuild'
[0.805s] DEBUG:colcon.colcon_core.shell:Ignoring prefix path '/home/inspace/drone_ws/devel/.private/catkin_tools_prebuild'
[0.805s] DEBUG:colcon.colcon_core.shell:Ignoring prefix path '/home/inspace/drone_mpc_ws/devel'
[0.805s] DEBUG:colcon.colcon_core.shell:Ignoring prefix path '/home/inspace/autosim_ws/devel'
[0.805s] DEBUG:colcon.colcon_core.shell:Ignoring prefix path '/home/inspace/catkin_ws/devel'
[0.805s] DEBUG:colcon.colcon_core.shell:Ignoring prefix path '/home/inspace/drone_ws/devel'
[0.805s] DEBUG:colcon.colcon_core.shell:Ignoring prefix path '/opt/ros/melodic'
[0.806s] INFO:colcon.colcon_ros.task.catkin.build:Building ROS package in '/home/inspace/dr_logger/simulation_ws/src/deepracer_simulation' with build type 'catkin'
[0.807s] INFO:colcon.colcon_cmake.task.cmake.build:Building CMake package in '/home/inspace/dr_logger/simulation_ws/src/deepracer_simulation'
[0.814s] INFO:colcon.colcon_core.shell:Skip shell extension 'powershell' for command environment: Not usable outside of PowerShell
[0.814s] DEBUG:colcon.colcon_core.shell:Skip shell extension 'dsv' for command environment
[0.820s] DEBUG:colcon.colcon_core.shell:Ignoring prefix path '/home/inspace/drone_mpc_ws/devel/.private/catkin_tools_prebuild'
[0.820s] DEBUG:colcon.colcon_core.shell:Ignoring prefix path '/home/inspace/drone_ws/devel/.private/catkin_tools_prebuild'
[0.820s] DEBUG:colcon.colcon_core.shell:Ignoring prefix path '/home/inspace/drone_mpc_ws/devel'
[0.820s] DEBUG:colcon.colcon_core.shell:Ignoring prefix path '/home/inspace/autosim_ws/devel'
[0.820s] DEBUG:colcon.colcon_core.shell:Ignoring prefix path '/home/inspace/catkin_ws/devel'
[0.820s] DEBUG:colcon.colcon_core.shell:Ignoring prefix path '/home/inspace/drone_ws/devel'
[0.820s] DEBUG:colcon.colcon_core.shell:Ignoring prefix path '/opt/ros/melodic'
[0.821s] INFO:colcon.colcon_core.task.python.build:Building Python package in '/home/inspace/dr_logger/simulation_ws/src/sagemaker_rl_agent'
[0.829s] INFO:colcon.colcon_core.shell:Skip shell extension 'powershell' for command environment: Not usable outside of PowerShell
[0.829s] DEBUG:colcon.colcon_core.shell:Skip shell extension 'dsv' for command environment
[0.834s] DEBUG:colcon.colcon_core.shell:Ignoring prefix path '/home/inspace/drone_mpc_ws/devel/.private/catkin_tools_prebuild'
[0.834s] DEBUG:colcon.colcon_core.shell:Ignoring prefix path '/home/inspace/drone_ws/devel/.private/catkin_tools_prebuild'
[0.834s] DEBUG:colcon.colcon_core.shell:Ignoring prefix path '/home/inspace/drone_mpc_ws/devel'
[0.834s] DEBUG:colcon.colcon_core.shell:Ignoring prefix path '/home/inspace/autosim_ws/devel'
[0.834s] DEBUG:colcon.colcon_core.shell:Ignoring prefix path '/home/inspace/catkin_ws/devel'
[0.834s] DEBUG:colcon.colcon_core.shell:Ignoring prefix path '/home/inspace/drone_ws/devel'
[0.835s] DEBUG:colcon.colcon_core.shell:Ignoring prefix path '/opt/ros/melodic'
[0.840s] DEBUG:colcon.colcon_core.event_handler.log_command:Invoking command in '/home/inspace/dr_logger/simulation_ws/build/deepracer_msgs': /usr/bin/cmake --build /home/inspace/dr_logger/simulation_ws/build/deepracer_msgs -- -j16 -l16
[0.843s] DEBUG:colcon.colcon_core.event_handler.log_command:Invoking command in '/home/inspace/dr_logger/simulation_ws/build/deepracer_simulation': /usr/bin/cmake --build /home/inspace/dr_logger/simulation_ws/build/deepracer_simulation -- -j16 -l16
[1.035s] DEBUG:colcon.colcon_core.event_handler.log_command:Invoking command in '/home/inspace/dr_logger/simulation_ws/src/sagemaker_rl_agent': PYTHONPATH=/home/inspace/dr_logger/simulation_ws/install/sagemaker_rl_agent/lib/python3.6/site-packages:${PYTHONPATH} /usr/bin/python3 setup.py egg_info --egg-base ../../build/sagemaker_rl_agent build --build-base /home/inspace/dr_logger/simulation_ws/build/sagemaker_rl_agent/build install --prefix /home/inspace/dr_logger/simulation_ws/install/sagemaker_rl_agent --record /home/inspace/dr_logger/simulation_ws/build/sagemaker_rl_agent/install.log --single-version-externally-managed
[1.037s] DEBUG:colcon.colcon_core.event_handler.log_command:Invoked command in '/home/inspace/dr_logger/simulation_ws/build/deepracer_msgs' returned '0': /usr/bin/cmake --build /home/inspace/dr_logger/simulation_ws/build/deepracer_msgs -- -j16 -l16
[1.039s] DEBUG:colcon.colcon_core.event_handler.log_command:Invoked command in '/home/inspace/dr_logger/simulation_ws/build/deepracer_simulation' returned '0': /usr/bin/cmake --build /home/inspace/dr_logger/simulation_ws/build/deepracer_simulation -- -j16 -l16
[1.067s] DEBUG:colcon.colcon_core.event_handler.log_command:Invoking command in '/home/inspace/dr_logger/simulation_ws/build/deepracer_msgs': /usr/bin/cmake --build /home/inspace/dr_logger/simulation_ws/build/deepracer_msgs --target tests -- -j16 -l16
[1.091s] DEBUG:colcon.colcon_core.event_handler.log_command:Invoking command in '/home/inspace/dr_logger/simulation_ws/build/deepracer_simulation': /usr/bin/cmake --build /home/inspace/dr_logger/simulation_ws/build/deepracer_simulation --target tests -- -j16 -l16
[1.119s] DEBUG:colcon.colcon_core.event_handler.log_command:Invoked command in '/home/inspace/dr_logger/simulation_ws/build/deepracer_msgs' returned '0': /usr/bin/cmake --build /home/inspace/dr_logger/simulation_ws/build/deepracer_msgs --target tests -- -j16 -l16
[1.144s] DEBUG:colcon.colcon_core.event_handler.log_command:Invoked command in '/home/inspace/dr_logger/simulation_ws/build/deepracer_simulation' returned '0': /usr/bin/cmake --build /home/inspace/dr_logger/simulation_ws/build/deepracer_simulation --target tests -- -j16 -l16
[1.153s] DEBUG:colcon.colcon_core.event_handler.log_command:Invoking command in '/home/inspace/dr_logger/simulation_ws/build/deepracer_msgs': /usr/bin/cmake --build /home/inspace/dr_logger/simulation_ws/build/deepracer_msgs --target install -- -j16 -l16
[1.202s] DEBUG:colcon.colcon_core.event_handler.log_command:Invoking command in '/home/inspace/dr_logger/simulation_ws/build/deepracer_simulation': /usr/bin/cmake --build /home/inspace/dr_logger/simulation_ws/build/deepracer_simulation --target install -- -j16 -l16
[1.261s] DEBUG:colcon.colcon_core.event_handler.log_command:Invoked command in '/home/inspace/dr_logger/simulation_ws/build/deepracer_simulation' returned '0': /usr/bin/cmake --build /home/inspace/dr_logger/simulation_ws/build/deepracer_simulation --target install -- -j16 -l16
[1.277s] DEBUG:colcon.colcon_core.event_handler.log_command:Invoked command in '/home/inspace/dr_logger/simulation_ws/build/deepracer_msgs' returned '0': /usr/bin/cmake --build /home/inspace/dr_logger/simulation_ws/build/deepracer_msgs --target install -- -j16 -l16
[1.295s] DEBUG:colcon.colcon_core.event_handler.log_command:Invoked command in '/home/inspace/dr_logger/simulation_ws/src/sagemaker_rl_agent' returned '0': PYTHONPATH=/home/inspace/dr_logger/simulation_ws/install/sagemaker_rl_agent/lib/python3.6/site-packages:${PYTHONPATH} /usr/bin/python3 setup.py egg_info --egg-base ../../build/sagemaker_rl_agent build --build-base /home/inspace/dr_logger/simulation_ws/build/sagemaker_rl_agent/build install --prefix /home/inspace/dr_logger/simulation_ws/install/sagemaker_rl_agent --record /home/inspace/dr_logger/simulation_ws/build/sagemaker_rl_agent/install.log --single-version-externally-managed
[1.303s] Level 1:colcon.colcon_core.environment:checking '/home/inspace/dr_logger/simulation_ws/install/sagemaker_rl_agent' for CMake module files
[1.303s] Level 1:colcon.colcon_core.environment:checking '/home/inspace/dr_logger/simulation_ws/install/sagemaker_rl_agent' for CMake config files
[1.304s] Level 1:colcon.colcon_core.environment:checking '/home/inspace/dr_logger/simulation_ws/install/sagemaker_rl_agent/lib'
[1.304s] Level 1:colcon.colcon_core.environment:checking '/home/inspace/dr_logger/simulation_ws/install/sagemaker_rl_agent/bin'
[1.305s] Level 1:colcon.colcon_core.shell:create_environment_hook('sagemaker_rl_agent', 'path')
[1.312s] INFO:colcon.colcon_core.shell:Creating environment hook '/home/inspace/dr_logger/simulation_ws/install/sagemaker_rl_agent/share/sagemaker_rl_agent/hook/path.ps1'
[1.313s] INFO:colcon.colcon_core.shell:Creating environment descriptor '/home/inspace/dr_logger/simulation_ws/install/sagemaker_rl_agent/share/sagemaker_rl_agent/hook/path.dsv'
[1.313s] INFO:colcon.colcon_core.shell:Creating environment hook '/home/inspace/dr_logger/simulation_ws/install/sagemaker_rl_agent/share/sagemaker_rl_agent/hook/path.sh'
[1.313s] Level 1:colcon.colcon_core.environment:checking '/home/inspace/dr_logger/simulation_ws/install/sagemaker_rl_agent/lib/pkgconfig/sagemaker_rl_agent.pc'
[1.313s] Level 1:colcon.colcon_core.environment:checking '/home/inspace/dr_logger/simulation_ws/install/sagemaker_rl_agent/lib/python3.6/site-packages'
[1.313s] Level 1:colcon.colcon_core.shell:create_environment_hook('sagemaker_rl_agent', 'pythonpath')
[1.321s] INFO:colcon.colcon_core.shell:Creating environment hook '/home/inspace/dr_logger/simulation_ws/install/sagemaker_rl_agent/share/sagemaker_rl_agent/hook/pythonpath.ps1'
[1.321s] INFO:colcon.colcon_core.shell:Creating environment descriptor '/home/inspace/dr_logger/simulation_ws/install/sagemaker_rl_agent/share/sagemaker_rl_agent/hook/pythonpath.dsv'
[1.321s] INFO:colcon.colcon_core.shell:Creating environment hook '/home/inspace/dr_logger/simulation_ws/install/sagemaker_rl_agent/share/sagemaker_rl_agent/hook/pythonpath.sh'
[1.321s] Level 1:colcon.colcon_core.environment:create_environment_scripts_only(sagemaker_rl_agent)
[1.329s] INFO:colcon.colcon_core.shell:Creating package script '/home/inspace/dr_logger/simulation_ws/install/sagemaker_rl_agent/share/sagemaker_rl_agent/package.ps1'
[1.329s] INFO:colcon.colcon_core.shell:Creating package descriptor '/home/inspace/dr_logger/simulation_ws/install/sagemaker_rl_agent/share/sagemaker_rl_agent/package.dsv'
[1.330s] INFO:colcon.colcon_core.shell:Creating package script '/home/inspace/dr_logger/simulation_ws/install/sagemaker_rl_agent/share/sagemaker_rl_agent/package.sh'
[1.330s] INFO:colcon.colcon_core.shell:Creating package script '/home/inspace/dr_logger/simulation_ws/install/sagemaker_rl_agent/share/sagemaker_rl_agent/package.bash'
[1.331s] INFO:colcon.colcon_core.shell:Creating package script '/home/inspace/dr_logger/simulation_ws/install/sagemaker_rl_agent/share/sagemaker_rl_agent/package.zsh'
[1.331s] Level 1:colcon.colcon_core.environment:create_file_with_runtime_dependencies(/home/inspace/dr_logger/simulation_ws/install/sagemaker_rl_agent/share/colcon-core/packages/sagemaker_rl_agent)
[1.332s] Level 1:colcon.colcon_core.shell:create_environment_hook('deepracer_simulation', 'ros_package_path')
[1.340s] INFO:colcon.colcon_core.shell:Creating environment hook '/home/inspace/dr_logger/simulation_ws/install/deepracer_simulation/share/deepracer_simulation/hook/ros_package_path.ps1'
[1.340s] INFO:colcon.colcon_core.shell:Creating environment descriptor '/home/inspace/dr_logger/simulation_ws/install/deepracer_simulation/share/deepracer_simulation/hook/ros_package_path.dsv'
[1.340s] INFO:colcon.colcon_core.shell:Creating environment hook '/home/inspace/dr_logger/simulation_ws/install/deepracer_simulation/share/deepracer_simulation/hook/ros_package_path.sh'
[1.341s] Level 1:colcon.colcon_ros.task.catkin:checking '/home/inspace/dr_logger/simulation_ws/install/deepracer_simulation/lib/python2.7/dist-packages'
[1.341s] Level 1:colcon.colcon_core.shell:create_environment_hook('deepracer_simulation', 'pkg_config_path')
[1.348s] INFO:colcon.colcon_core.shell:Creating environment hook '/home/inspace/dr_logger/simulation_ws/install/deepracer_simulation/share/deepracer_simulation/hook/pkg_config_path.ps1'
[1.348s] INFO:colcon.colcon_core.shell:Creating environment descriptor '/home/inspace/dr_logger/simulation_ws/install/deepracer_simulation/share/deepracer_simulation/hook/pkg_config_path.dsv'
[1.348s] INFO:colcon.colcon_core.shell:Creating environment hook '/home/inspace/dr_logger/simulation_ws/install/deepracer_simulation/share/deepracer_simulation/hook/pkg_config_path.sh'
[1.351s] Level 1:colcon.colcon_core.shell:create_environment_hook('deepracer_simulation', 'pkg_config_path_multiarch')
[1.359s] INFO:colcon.colcon_core.shell:Creating environment hook '/home/inspace/dr_logger/simulation_ws/install/deepracer_simulation/share/deepracer_simulation/hook/pkg_config_path_multiarch.ps1'
[1.359s] INFO:colcon.colcon_core.shell:Creating environment descriptor '/home/inspace/dr_logger/simulation_ws/install/deepracer_simulation/share/deepracer_simulation/hook/pkg_config_path_multiarch.dsv'
[1.359s] INFO:colcon.colcon_core.shell:Creating environment hook '/home/inspace/dr_logger/simulation_ws/install/deepracer_simulation/share/deepracer_simulation/hook/pkg_config_path_multiarch.sh'
[1.367s] Level 1:colcon.colcon_core.environment:create_environment_scripts_only(deepracer_simulation)
[1.375s] Level 1:colcon.colcon_core.environment:checking '/home/inspace/dr_logger/simulation_ws/install/deepracer_simulation' for CMake module files
[1.375s] Level 1:colcon.colcon_core.environment:checking '/home/inspace/dr_logger/simulation_ws/install/deepracer_simulation' for CMake config files
[1.376s] Level 1:colcon.colcon_core.shell:create_environment_hook('deepracer_simulation', 'cmake_prefix_path')
[1.383s] INFO:colcon.colcon_core.shell:Creating environment hook '/home/inspace/dr_logger/simulation_ws/install/deepracer_simulation/share/deepracer_simulation/hook/cmake_prefix_path.ps1'
[1.383s] INFO:colcon.colcon_core.shell:Creating environment descriptor '/home/inspace/dr_logger/simulation_ws/install/deepracer_simulation/share/deepracer_simulation/hook/cmake_prefix_path.dsv'
[1.383s] INFO:colcon.colcon_core.shell:Creating environment hook '/home/inspace/dr_logger/simulation_ws/install/deepracer_simulation/share/deepracer_simulation/hook/cmake_prefix_path.sh'
[1.384s] Level 1:colcon.colcon_core.environment:checking '/home/inspace/dr_logger/simulation_ws/install/deepracer_simulation/lib'
[1.384s] Level 1:colcon.colcon_core.environment:checking '/home/inspace/dr_logger/simulation_ws/install/deepracer_simulation/bin'
[1.384s] Level 1:colcon.colcon_core.environment:checking '/home/inspace/dr_logger/simulation_ws/install/deepracer_simulation/lib/pkgconfig/deepracer_simulation.pc'
[1.384s] Level 1:colcon.colcon_core.shell:create_environment_hook('deepracer_simulation', 'pkg_config')
[1.391s] INFO:colcon.colcon_core.shell:Creating environment hook '/home/inspace/dr_logger/simulation_ws/install/deepracer_simulation/share/deepracer_simulation/hook/pkg_config.ps1'
[1.392s] INFO:colcon.colcon_core.shell:Creating environment descriptor '/home/inspace/dr_logger/simulation_ws/install/deepracer_simulation/share/deepracer_simulation/hook/pkg_config.dsv'
[1.392s] INFO:colcon.colcon_core.shell:Creating environment hook '/home/inspace/dr_logger/simulation_ws/install/deepracer_simulation/share/deepracer_simulation/hook/pkg_config.sh'
[1.392s] Level 1:colcon.colcon_core.environment:checking '/home/inspace/dr_logger/simulation_ws/install/deepracer_simulation/lib/python3.6/site-packages'
[1.400s] INFO:colcon.colcon_core.shell:Creating package script '/home/inspace/dr_logger/simulation_ws/install/deepracer_simulation/share/deepracer_simulation/package.ps1'
[1.400s] INFO:colcon.colcon_core.shell:Creating package descriptor '/home/inspace/dr_logger/simulation_ws/install/deepracer_simulation/share/deepracer_simulation/package.dsv'
[1.400s] INFO:colcon.colcon_core.shell:Creating package script '/home/inspace/dr_logger/simulation_ws/install/deepracer_simulation/share/deepracer_simulation/package.sh'
[1.401s] INFO:colcon.colcon_core.shell:Creating package script '/home/inspace/dr_logger/simulation_ws/install/deepracer_simulation/share/deepracer_simulation/package.bash'
[1.401s] INFO:colcon.colcon_core.shell:Creating package script '/home/inspace/dr_logger/simulation_ws/install/deepracer_simulation/share/deepracer_simulation/package.zsh'
[1.401s] Level 1:colcon.colcon_core.environment:create_file_with_runtime_dependencies(/home/inspace/dr_logger/simulation_ws/install/deepracer_simulation/share/colcon-core/packages/deepracer_simulation)
[1.401s] Level 1:colcon.colcon_core.shell:create_environment_hook('deepracer_msgs', 'ros_package_path')
[1.409s] INFO:colcon.colcon_core.shell:Creating environment hook '/home/inspace/dr_logger/simulation_ws/install/deepracer_msgs/share/deepracer_msgs/hook/ros_package_path.ps1'
[1.409s] INFO:colcon.colcon_core.shell:Creating environment descriptor '/home/inspace/dr_logger/simulation_ws/install/deepracer_msgs/share/deepracer_msgs/hook/ros_package_path.dsv'
[1.410s] INFO:colcon.colcon_core.shell:Creating environment hook '/home/inspace/dr_logger/simulation_ws/install/deepracer_msgs/share/deepracer_msgs/hook/ros_package_path.sh'
[1.410s] Level 1:colcon.colcon_ros.task.catkin:checking '/home/inspace/dr_logger/simulation_ws/install/deepracer_msgs/lib/python2.7/dist-packages'
[1.410s] Level 1:colcon.colcon_core.shell:create_environment_hook('deepracer_msgs', 'catkin_pythonpath')
[1.417s] INFO:colcon.colcon_core.shell:Creating environment hook '/home/inspace/dr_logger/simulation_ws/install/deepracer_msgs/share/deepracer_msgs/hook/catkin_pythonpath.ps1'
[1.417s] INFO:colcon.colcon_core.shell:Creating environment descriptor '/home/inspace/dr_logger/simulation_ws/install/deepracer_msgs/share/deepracer_msgs/hook/catkin_pythonpath.dsv'
[1.418s] INFO:colcon.colcon_core.shell:Creating environment hook '/home/inspace/dr_logger/simulation_ws/install/deepracer_msgs/share/deepracer_msgs/hook/catkin_pythonpath.sh'
[1.418s] Level 1:colcon.colcon_core.shell:create_environment_hook('deepracer_msgs', 'pkg_config_path')
[1.425s] INFO:colcon.colcon_core.shell:Creating environment hook '/home/inspace/dr_logger/simulation_ws/install/deepracer_msgs/share/deepracer_msgs/hook/pkg_config_path.ps1'
[1.425s] INFO:colcon.colcon_core.shell:Creating environment descriptor '/home/inspace/dr_logger/simulation_ws/install/deepracer_msgs/share/deepracer_msgs/hook/pkg_config_path.dsv'
[1.425s] INFO:colcon.colcon_core.shell:Creating environment hook '/home/inspace/dr_logger/simulation_ws/install/deepracer_msgs/share/deepracer_msgs/hook/pkg_config_path.sh'
[1.426s] Level 1:colcon.colcon_core.shell:create_environment_hook('deepracer_msgs', 'pkg_config_path_multiarch')
[1.433s] INFO:colcon.colcon_core.shell:Creating environment hook '/home/inspace/dr_logger/simulation_ws/install/deepracer_msgs/share/deepracer_msgs/hook/pkg_config_path_multiarch.ps1'
[1.433s] INFO:colcon.colcon_core.shell:Creating environment descriptor '/home/inspace/dr_logger/simulation_ws/install/deepracer_msgs/share/deepracer_msgs/hook/pkg_config_path_multiarch.dsv'
[1.433s] INFO:colcon.colcon_core.shell:Creating environment hook '/home/inspace/dr_logger/simulation_ws/install/deepracer_msgs/share/deepracer_msgs/hook/pkg_config_path_multiarch.sh'
[1.441s] Level 1:colcon.colcon_core.environment:create_environment_scripts_only(deepracer_msgs)
[1.448s] Level 1:colcon.colcon_core.environment:checking '/home/inspace/dr_logger/simulation_ws/install/deepracer_msgs' for CMake module files
[1.449s] Level 1:colcon.colcon_core.environment:checking '/home/inspace/dr_logger/simulation_ws/install/deepracer_msgs' for CMake config files
[1.449s] Level 1:colcon.colcon_core.shell:create_environment_hook('deepracer_msgs', 'cmake_prefix_path')
[1.456s] INFO:colcon.colcon_core.shell:Creating environment hook '/home/inspace/dr_logger/simulation_ws/install/deepracer_msgs/share/deepracer_msgs/hook/cmake_prefix_path.ps1'
[1.457s] INFO:colcon.colcon_core.shell:Creating environment descriptor '/home/inspace/dr_logger/simulation_ws/install/deepracer_msgs/share/deepracer_msgs/hook/cmake_prefix_path.dsv'
[1.457s] INFO:colcon.colcon_core.shell:Creating environment hook '/home/inspace/dr_logger/simulation_ws/install/deepracer_msgs/share/deepracer_msgs/hook/cmake_prefix_path.sh'
[1.457s] Level 1:colcon.colcon_core.environment:checking '/home/inspace/dr_logger/simulation_ws/install/deepracer_msgs/lib'
[1.457s] Level 1:colcon.colcon_core.environment:checking '/home/inspace/dr_logger/simulation_ws/install/deepracer_msgs/bin'
[1.457s] Level 1:colcon.colcon_core.environment:checking '/home/inspace/dr_logger/simulation_ws/install/deepracer_msgs/lib/pkgconfig/deepracer_msgs.pc'
[1.458s] Level 1:colcon.colcon_core.shell:create_environment_hook('deepracer_msgs', 'pkg_config')
[1.465s] INFO:colcon.colcon_core.shell:Creating environment hook '/home/inspace/dr_logger/simulation_ws/install/deepracer_msgs/share/deepracer_msgs/hook/pkg_config.ps1'
[1.465s] INFO:colcon.colcon_core.shell:Creating environment descriptor '/home/inspace/dr_logger/simulation_ws/install/deepracer_msgs/share/deepracer_msgs/hook/pkg_config.dsv'
[1.465s] INFO:colcon.colcon_core.shell:Creating environment hook '/home/inspace/dr_logger/simulation_ws/install/deepracer_msgs/share/deepracer_msgs/hook/pkg_config.sh'
[1.466s] Level 1:colcon.colcon_core.environment:checking '/home/inspace/dr_logger/simulation_ws/install/deepracer_msgs/lib/python3.6/site-packages'
[1.473s] INFO:colcon.colcon_core.shell:Creating package script '/home/inspace/dr_logger/simulation_ws/install/deepracer_msgs/share/deepracer_msgs/package.ps1'
[1.473s] INFO:colcon.colcon_core.shell:Creating package descriptor '/home/inspace/dr_logger/simulation_ws/install/deepracer_msgs/share/deepracer_msgs/package.dsv'
[1.474s] INFO:colcon.colcon_core.shell:Creating package script '/home/inspace/dr_logger/simulation_ws/install/deepracer_msgs/share/deepracer_msgs/package.sh'
[1.474s] INFO:colcon.colcon_core.shell:Creating package script '/home/inspace/dr_logger/simulation_ws/install/deepracer_msgs/share/deepracer_msgs/package.bash'
[1.474s] INFO:colcon.colcon_core.shell:Creating package script '/home/inspace/dr_logger/simulation_ws/install/deepracer_msgs/share/deepracer_msgs/package.zsh'
[1.475s] Level 1:colcon.colcon_core.environment:create_file_with_runtime_dependencies(/home/inspace/dr_logger/simulation_ws/install/deepracer_msgs/share/colcon-core/packages/deepracer_msgs)
[1.475s] INFO:colcon.colcon_ros.task.catkin.build:Building ROS package in '/home/inspace/dr_logger/simulation_ws/src/deepracer_interpreter' with build type 'catkin'
[1.475s] INFO:colcon.colcon_cmake.task.cmake.build:Building CMake package in '/home/inspace/dr_logger/simulation_ws/src/deepracer_interpreter'
[1.483s] INFO:colcon.colcon_core.shell:Skip shell extension 'powershell' for command environment: Not usable outside of PowerShell
[1.483s] DEBUG:colcon.colcon_core.shell:Skip shell extension 'dsv' for command environment
[1.489s] DEBUG:colcon.colcon_core.shell:Ignoring prefix path '/home/inspace/drone_mpc_ws/devel/.private/catkin_tools_prebuild'
[1.489s] DEBUG:colcon.colcon_core.shell:Ignoring prefix path '/home/inspace/drone_ws/devel/.private/catkin_tools_prebuild'
[1.489s] DEBUG:colcon.colcon_core.shell:Ignoring prefix path '/home/inspace/drone_mpc_ws/devel'
[1.489s] DEBUG:colcon.colcon_core.shell:Ignoring prefix path '/home/inspace/autosim_ws/devel'
[1.489s] DEBUG:colcon.colcon_core.shell:Ignoring prefix path '/home/inspace/catkin_ws/devel'
[1.489s] DEBUG:colcon.colcon_core.shell:Ignoring prefix path '/home/inspace/drone_ws/devel'
[1.489s] DEBUG:colcon.colcon_core.shell:Ignoring prefix path '/opt/ros/melodic'
[1.496s] DEBUG:colcon.colcon_core.event_handler.log_command:Invoking command in '/home/inspace/dr_logger/simulation_ws/build/deepracer_interpreter': CMAKE_PREFIX_PATH=/home/inspace/dr_logger/simulation_ws/install/deepracer_msgs:/home/inspace/dr_logger/simulation_ws/install/deepracer_simulation:/home/inspace/dr_logger/simulation_ws/install/deepracer_interpreter:/home/inspace/drone_mpc_ws/devel/.private/catkin_tools_prebuild:/home/inspace/drone_ws/devel/.private/catkin_tools_prebuild:/home/inspace/drone_mpc_ws/devel:/home/inspace/autosim_ws/devel:/home/inspace/catkin_ws/devel:/home/inspace/drone_ws/devel:/opt/ros/melodic PKG_CONFIG_PATH=/home/inspace/dr_logger/simulation_ws/install/deepracer_msgs/lib/x86_64-linux-gnu/pkgconfig:/home/inspace/dr_logger/simulation_ws/install/deepracer_msgs/lib/pkgconfig:/home/inspace/dr_logger/simulation_ws/install/deepracer_simulation/lib/x86_64-linux-gnu/pkgconfig:/home/inspace/dr_logger/simulation_ws/install/deepracer_simulation/lib/pkgconfig:/home/inspace/dr_logger/simulation_ws/install/deepracer_interpreter/lib/x86_64-linux-gnu/pkgconfig:/home/inspace/dr_logger/simulation_ws/install/deepracer_interpreter/lib/pkgconfig:/home/inspace/drone_mpc_ws/devel/.private/catkin_tools_prebuild/lib/pkgconfig:/home/inspace/drone_ws/devel/.private/catkin_tools_prebuild/lib/pkgconfig:/home/inspace/drone_mpc_ws/devel/lib/pkgconfig:/home/inspace/autosim_ws/devel/lib/pkgconfig:/home/inspace/catkin_ws/devel/lib/pkgconfig:/home/inspace/drone_ws/devel/lib/pkgconfig:/opt/ros/melodic/lib/pkgconfig PYTHONPATH=/home/inspace/dr_logger/simulation_ws/install/deepracer_msgs/lib/python2.7/dist-packages:/home/inspace/dr_logger/simulation_ws/install/sagemaker_rl_agent/lib/python3.6/site-packages:/home/inspace/drone_mpc_ws/devel/lib/python2.7/dist-packages:/home/inspace/autosim_ws/devel/lib/python2.7/dist-packages:/home/inspace/catkin_ws/devel/lib/python2.7/dist-packages:/home/inspace/drone_ws/devel/lib/python2.7/dist-packages:/opt/ros/melodic/lib/python2.7/dist-packages:/home/inspace/drone_mpc_ws/src/data_driven_mpc/ros_gp_mpc ROS_PACKAGE_PATH=/home/inspace/dr_logger/simulation_ws/install/deepracer_msgs/share:/home/inspace/dr_logger/simulation_ws/install/deepracer_simulation/share:/home/inspace/dr_logger/simulation_ws/install/deepracer_interpreter/share:/home/inspace/drone_mpc_ws/src/catkin_simple:/home/inspace/drone_mpc_ws/src/eigen_catkin:/home/inspace/drone_mpc_ws/src/mav_comm/mav_comm:/home/inspace/drone_mpc_ws/src/mav_comm/mav_msgs:/home/inspace/drone_mpc_ws/src/mav_comm/mav_planning_msgs:/home/inspace/drone_mpc_ws/src/mav_comm/mav_state_machine_msgs:/home/inspace/drone_mpc_ws/src/mav_comm/mav_system_msgs:/home/inspace/drone_mpc_ws/src/rpg_quadrotor_control/quad_launch_files:/home/inspace/drone_mpc_ws/src/rpg_quadrotor_common/quadrotor_msgs:/home/inspace/drone_mpc_ws/src/rpg_quadrotor_common/quadrotor_common:/home/inspace/drone_mpc_ws/src/rpg_quadrotor_control/trajectory_planning/polynomial_trajectories:/home/inspace/drone_mpc_ws/src/rpg_quadrotor_control/control/position_controller:/home/inspace/drone_mpc_ws/src/data_driven_mpc/ros_gp_mpc:/home/inspace/drone_mpc_ws/src/rotors_simulator/rotors_comm:/home/inspace/drone_mpc_ws/src/rotors_simulator/rotors_control:/home/inspace/drone_mpc_ws/src/rotors_simulator/rotors_description:/home/inspace/drone_mpc_ws/src/rotors_simulator/rotors_evaluation:/home/inspace/drone_mpc_ws/src/rotors_simulator/rotors_gazebo_plugins:/home/inspace/drone_mpc_ws/src/rotors_simulator/rotors_gazebo:/home/inspace/drone_mpc_ws/src/rotors_simulator/rotors_hil_interface:/home/inspace/drone_mpc_ws/src/rotors_simulator/rotors_joy_interface:/home/inspace/drone_mpc_ws/src/rotors_simulator/rotors_simulator:/home/inspace/drone_mpc_ws/src/rpg_quadrotor_control/simulation/rpg_rotors_interface:/home/inspace/drone_mpc_ws/src/rpg_single_board_io:/home/inspace/drone_mpc_ws/src/rpg_quadrotor_control/gui/rqt_quad_gui:/home/inspace/drone_mpc_ws/src/rotors_simulator/rqt_rotors:/home/inspace/drone_mpc_ws/src/rpg_quadrotor_control/bridges/sbus_bridge:/home/inspace/drone_mpc_ws/src/rpg_quadrotor_control/utils/manual_flight_assistant:/home/inspace/drone_mpc_ws/src/rpg_quadrotor_common/state_predictor:/home/inspace/drone_mpc_ws/src/rpg_quadrotor_control/trajectory_planning/trajectory_generation_helper:/home/inspace/drone_mpc_ws/src/rpg_quadrotor_control/control/autopilot:/home/inspace/drone_mpc_ws/src/rpg_quadrotor_control/test/rpg_quadrotor_integration_test:/home/inspace/drone_mpc_ws/src/rpg_quadrotor_control/utils/vbat_thrust_calibration:/home/inspace/autosim_ws/src:/home/inspace/catkin_ws/src:/home/inspace/drone_ws/src/iq_sim:/home/inspace/drone_ws/src/mavlink:/home/inspace/drone_ws/src/mavros/libmavconn:/home/inspace/drone_ws/src/mavros/mavros_msgs:/home/inspace/drone_ws/src/mavros/mavros:/home/inspace/drone_ws/src/mavros/mavros_extras:/home/inspace/drone_ws/src/mavros/test_mavros:/opt/ros/melodic/share /usr/bin/cmake --build /home/inspace/dr_logger/simulation_ws/build/deepracer_interpreter -- -j16 -l16
[1.550s] DEBUG:colcon.colcon_core.event_handler.log_command:Invoked command in '/home/inspace/dr_logger/simulation_ws/build/deepracer_interpreter' returned '0': CMAKE_PREFIX_PATH=/home/inspace/dr_logger/simulation_ws/install/deepracer_msgs:/home/inspace/dr_logger/simulation_ws/install/deepracer_simulation:/home/inspace/dr_logger/simulation_ws/install/deepracer_interpreter:/home/inspace/drone_mpc_ws/devel/.private/catkin_tools_prebuild:/home/inspace/drone_ws/devel/.private/catkin_tools_prebuild:/home/inspace/drone_mpc_ws/devel:/home/inspace/autosim_ws/devel:/home/inspace/catkin_ws/devel:/home/inspace/drone_ws/devel:/opt/ros/melodic PKG_CONFIG_PATH=/home/inspace/dr_logger/simulation_ws/install/deepracer_msgs/lib/x86_64-linux-gnu/pkgconfig:/home/inspace/dr_logger/simulation_ws/install/deepracer_msgs/lib/pkgconfig:/home/inspace/dr_logger/simulation_ws/install/deepracer_simulation/lib/x86_64-linux-gnu/pkgconfig:/home/inspace/dr_logger/simulation_ws/install/deepracer_simulation/lib/pkgconfig:/home/inspace/dr_logger/simulation_ws/install/deepracer_interpreter/lib/x86_64-linux-gnu/pkgconfig:/home/inspace/dr_logger/simulation_ws/install/deepracer_interpreter/lib/pkgconfig:/home/inspace/drone_mpc_ws/devel/.private/catkin_tools_prebuild/lib/pkgconfig:/home/inspace/drone_ws/devel/.private/catkin_tools_prebuild/lib/pkgconfig:/home/inspace/drone_mpc_ws/devel/lib/pkgconfig:/home/inspace/autosim_ws/devel/lib/pkgconfig:/home/inspace/catkin_ws/devel/lib/pkgconfig:/home/inspace/drone_ws/devel/lib/pkgconfig:/opt/ros/melodic/lib/pkgconfig PYTHONPATH=/home/inspace/dr_logger/simulation_ws/install/deepracer_msgs/lib/python2.7/dist-packages:/home/inspace/dr_logger/simulation_ws/install/sagemaker_rl_agent/lib/python3.6/site-packages:/home/inspace/drone_mpc_ws/devel/lib/python2.7/dist-packages:/home/inspace/autosim_ws/devel/lib/python2.7/dist-packages:/home/inspace/catkin_ws/devel/lib/python2.7/dist-packages:/home/inspace/drone_ws/devel/lib/python2.7/dist-packages:/opt/ros/melodic/lib/python2.7/dist-packages:/home/inspace/drone_mpc_ws/src/data_driven_mpc/ros_gp_mpc ROS_PACKAGE_PATH=/home/inspace/dr_logger/simulation_ws/install/deepracer_msgs/share:/home/inspace/dr_logger/simulation_ws/install/deepracer_simulation/share:/home/inspace/dr_logger/simulation_ws/install/deepracer_interpreter/share:/home/inspace/drone_mpc_ws/src/catkin_simple:/home/inspace/drone_mpc_ws/src/eigen_catkin:/home/inspace/drone_mpc_ws/src/mav_comm/mav_comm:/home/inspace/drone_mpc_ws/src/mav_comm/mav_msgs:/home/inspace/drone_mpc_ws/src/mav_comm/mav_planning_msgs:/home/inspace/drone_mpc_ws/src/mav_comm/mav_state_machine_msgs:/home/inspace/drone_mpc_ws/src/mav_comm/mav_system_msgs:/home/inspace/drone_mpc_ws/src/rpg_quadrotor_control/quad_launch_files:/home/inspace/drone_mpc_ws/src/rpg_quadrotor_common/quadrotor_msgs:/home/inspace/drone_mpc_ws/src/rpg_quadrotor_common/quadrotor_common:/home/inspace/drone_mpc_ws/src/rpg_quadrotor_control/trajectory_planning/polynomial_trajectories:/home/inspace/drone_mpc_ws/src/rpg_quadrotor_control/control/position_controller:/home/inspace/drone_mpc_ws/src/data_driven_mpc/ros_gp_mpc:/home/inspace/drone_mpc_ws/src/rotors_simulator/rotors_comm:/home/inspace/drone_mpc_ws/src/rotors_simulator/rotors_control:/home/inspace/drone_mpc_ws/src/rotors_simulator/rotors_description:/home/inspace/drone_mpc_ws/src/rotors_simulator/rotors_evaluation:/home/inspace/drone_mpc_ws/src/rotors_simulator/rotors_gazebo_plugins:/home/inspace/drone_mpc_ws/src/rotors_simulator/rotors_gazebo:/home/inspace/drone_mpc_ws/src/rotors_simulator/rotors_hil_interface:/home/inspace/drone_mpc_ws/src/rotors_simulator/rotors_joy_interface:/home/inspace/drone_mpc_ws/src/rotors_simulator/rotors_simulator:/home/inspace/drone_mpc_ws/src/rpg_quadrotor_control/simulation/rpg_rotors_interface:/home/inspace/drone_mpc_ws/src/rpg_single_board_io:/home/inspace/drone_mpc_ws/src/rpg_quadrotor_control/gui/rqt_quad_gui:/home/inspace/drone_mpc_ws/src/rotors_simulator/rqt_rotors:/home/inspace/drone_mpc_ws/src/rpg_quadrotor_control/bridges/sbus_bridge:/home/inspace/drone_mpc_ws/src/rpg_quadrotor_control/utils/manual_flight_assistant:/home/inspace/drone_mpc_ws/src/rpg_quadrotor_common/state_predictor:/home/inspace/drone_mpc_ws/src/rpg_quadrotor_control/trajectory_planning/trajectory_generation_helper:/home/inspace/drone_mpc_ws/src/rpg_quadrotor_control/control/autopilot:/home/inspace/drone_mpc_ws/src/rpg_quadrotor_control/test/rpg_quadrotor_integration_test:/home/inspace/drone_mpc_ws/src/rpg_quadrotor_control/utils/vbat_thrust_calibration:/home/inspace/autosim_ws/src:/home/inspace/catkin_ws/src:/home/inspace/drone_ws/src/iq_sim:/home/inspace/drone_ws/src/mavlink:/home/inspace/drone_ws/src/mavros/libmavconn:/home/inspace/drone_ws/src/mavros/mavros_msgs:/home/inspace/drone_ws/src/mavros/mavros:/home/inspace/drone_ws/src/mavros/mavros_extras:/home/inspace/drone_ws/src/mavros/test_mavros:/opt/ros/melodic/share /usr/bin/cmake --build /home/inspace/dr_logger/simulation_ws/build/deepracer_interpreter -- -j16 -l16
[1.704s] DEBUG:colcon.colcon_core.event_handler.log_command:Invoking command in '/home/inspace/dr_logger/simulation_ws/build/deepracer_interpreter': CMAKE_PREFIX_PATH=/home/inspace/dr_logger/simulation_ws/install/deepracer_msgs:/home/inspace/dr_logger/simulation_ws/install/deepracer_simulation:/home/inspace/dr_logger/simulation_ws/install/deepracer_interpreter:/home/inspace/drone_mpc_ws/devel/.private/catkin_tools_prebuild:/home/inspace/drone_ws/devel/.private/catkin_tools_prebuild:/home/inspace/drone_mpc_ws/devel:/home/inspace/autosim_ws/devel:/home/inspace/catkin_ws/devel:/home/inspace/drone_ws/devel:/opt/ros/melodic PKG_CONFIG_PATH=/home/inspace/dr_logger/simulation_ws/install/deepracer_msgs/lib/x86_64-linux-gnu/pkgconfig:/home/inspace/dr_logger/simulation_ws/install/deepracer_msgs/lib/pkgconfig:/home/inspace/dr_logger/simulation_ws/install/deepracer_simulation/lib/x86_64-linux-gnu/pkgconfig:/home/inspace/dr_logger/simulation_ws/install/deepracer_simulation/lib/pkgconfig:/home/inspace/dr_logger/simulation_ws/install/deepracer_interpreter/lib/x86_64-linux-gnu/pkgconfig:/home/inspace/dr_logger/simulation_ws/install/deepracer_interpreter/lib/pkgconfig:/home/inspace/drone_mpc_ws/devel/.private/catkin_tools_prebuild/lib/pkgconfig:/home/inspace/drone_ws/devel/.private/catkin_tools_prebuild/lib/pkgconfig:/home/inspace/drone_mpc_ws/devel/lib/pkgconfig:/home/inspace/autosim_ws/devel/lib/pkgconfig:/home/inspace/catkin_ws/devel/lib/pkgconfig:/home/inspace/drone_ws/devel/lib/pkgconfig:/opt/ros/melodic/lib/pkgconfig PYTHONPATH=/home/inspace/dr_logger/simulation_ws/install/deepracer_msgs/lib/python2.7/dist-packages:/home/inspace/dr_logger/simulation_ws/install/sagemaker_rl_agent/lib/python3.6/site-packages:/home/inspace/drone_mpc_ws/devel/lib/python2.7/dist-packages:/home/inspace/autosim_ws/devel/lib/python2.7/dist-packages:/home/inspace/catkin_ws/devel/lib/python2.7/dist-packages:/home/inspace/drone_ws/devel/lib/python2.7/dist-packages:/opt/ros/melodic/lib/python2.7/dist-packages:/home/inspace/drone_mpc_ws/src/data_driven_mpc/ros_gp_mpc ROS_PACKAGE_PATH=/home/inspace/dr_logger/simulation_ws/install/deepracer_msgs/share:/home/inspace/dr_logger/simulation_ws/install/deepracer_simulation/share:/home/inspace/dr_logger/simulation_ws/install/deepracer_interpreter/share:/home/inspace/drone_mpc_ws/src/catkin_simple:/home/inspace/drone_mpc_ws/src/eigen_catkin:/home/inspace/drone_mpc_ws/src/mav_comm/mav_comm:/home/inspace/drone_mpc_ws/src/mav_comm/mav_msgs:/home/inspace/drone_mpc_ws/src/mav_comm/mav_planning_msgs:/home/inspace/drone_mpc_ws/src/mav_comm/mav_state_machine_msgs:/home/inspace/drone_mpc_ws/src/mav_comm/mav_system_msgs:/home/inspace/drone_mpc_ws/src/rpg_quadrotor_control/quad_launch_files:/home/inspace/drone_mpc_ws/src/rpg_quadrotor_common/quadrotor_msgs:/home/inspace/drone_mpc_ws/src/rpg_quadrotor_common/quadrotor_common:/home/inspace/drone_mpc_ws/src/rpg_quadrotor_control/trajectory_planning/polynomial_trajectories:/home/inspace/drone_mpc_ws/src/rpg_quadrotor_control/control/position_controller:/home/inspace/drone_mpc_ws/src/data_driven_mpc/ros_gp_mpc:/home/inspace/drone_mpc_ws/src/rotors_simulator/rotors_comm:/home/inspace/drone_mpc_ws/src/rotors_simulator/rotors_control:/home/inspace/drone_mpc_ws/src/rotors_simulator/rotors_description:/home/inspace/drone_mpc_ws/src/rotors_simulator/rotors_evaluation:/home/inspace/drone_mpc_ws/src/rotors_simulator/rotors_gazebo_plugins:/home/inspace/drone_mpc_ws/src/rotors_simulator/rotors_gazebo:/home/inspace/drone_mpc_ws/src/rotors_simulator/rotors_hil_interface:/home/inspace/drone_mpc_ws/src/rotors_simulator/rotors_joy_interface:/home/inspace/drone_mpc_ws/src/rotors_simulator/rotors_simulator:/home/inspace/drone_mpc_ws/src/rpg_quadrotor_control/simulation/rpg_rotors_interface:/home/inspace/drone_mpc_ws/src/rpg_single_board_io:/home/inspace/drone_mpc_ws/src/rpg_quadrotor_control/gui/rqt_quad_gui:/home/inspace/drone_mpc_ws/src/rotors_simulator/rqt_rotors:/home/inspace/drone_mpc_ws/src/rpg_quadrotor_control/bridges/sbus_bridge:/home/inspace/drone_mpc_ws/src/rpg_quadrotor_control/utils/manual_flight_assistant:/home/inspace/drone_mpc_ws/src/rpg_quadrotor_common/state_predictor:/home/inspace/drone_mpc_ws/src/rpg_quadrotor_control/trajectory_planning/trajectory_generation_helper:/home/inspace/drone_mpc_ws/src/rpg_quadrotor_control/control/autopilot:/home/inspace/drone_mpc_ws/src/rpg_quadrotor_control/test/rpg_quadrotor_integration_test:/home/inspace/drone_mpc_ws/src/rpg_quadrotor_control/utils/vbat_thrust_calibration:/home/inspace/autosim_ws/src:/home/inspace/catkin_ws/src:/home/inspace/drone_ws/src/iq_sim:/home/inspace/drone_ws/src/mavlink:/home/inspace/drone_ws/src/mavros/libmavconn:/home/inspace/drone_ws/src/mavros/mavros_msgs:/home/inspace/drone_ws/src/mavros/mavros:/home/inspace/drone_ws/src/mavros/mavros_extras:/home/inspace/drone_ws/src/mavros/test_mavros:/opt/ros/melodic/share /usr/bin/cmake --build /home/inspace/dr_logger/simulation_ws/build/deepracer_interpreter --target tests -- -j16 -l16
[1.816s] DEBUG:colcon.colcon_core.event_handler.log_command:Invoked command in '/home/inspace/dr_logger/simulation_ws/build/deepracer_interpreter' returned '0': CMAKE_PREFIX_PATH=/home/inspace/dr_logger/simulation_ws/install/deepracer_msgs:/home/inspace/dr_logger/simulation_ws/install/deepracer_simulation:/home/inspace/dr_logger/simulation_ws/install/deepracer_interpreter:/home/inspace/drone_mpc_ws/devel/.private/catkin_tools_prebuild:/home/inspace/drone_ws/devel/.private/catkin_tools_prebuild:/home/inspace/drone_mpc_ws/devel:/home/inspace/autosim_ws/devel:/home/inspace/catkin_ws/devel:/home/inspace/drone_ws/devel:/opt/ros/melodic PKG_CONFIG_PATH=/home/inspace/dr_logger/simulation_ws/install/deepracer_msgs/lib/x86_64-linux-gnu/pkgconfig:/home/inspace/dr_logger/simulation_ws/install/deepracer_msgs/lib/pkgconfig:/home/inspace/dr_logger/simulation_ws/install/deepracer_simulation/lib/x86_64-linux-gnu/pkgconfig:/home/inspace/dr_logger/simulation_ws/install/deepracer_simulation/lib/pkgconfig:/home/inspace/dr_logger/simulation_ws/install/deepracer_interpreter/lib/x86_64-linux-gnu/pkgconfig:/home/inspace/dr_logger/simulation_ws/install/deepracer_interpreter/lib/pkgconfig:/home/inspace/drone_mpc_ws/devel/.private/catkin_tools_prebuild/lib/pkgconfig:/home/inspace/drone_ws/devel/.private/catkin_tools_prebuild/lib/pkgconfig:/home/inspace/drone_mpc_ws/devel/lib/pkgconfig:/home/inspace/autosim_ws/devel/lib/pkgconfig:/home/inspace/catkin_ws/devel/lib/pkgconfig:/home/inspace/drone_ws/devel/lib/pkgconfig:/opt/ros/melodic/lib/pkgconfig PYTHONPATH=/home/inspace/dr_logger/simulation_ws/install/deepracer_msgs/lib/python2.7/dist-packages:/home/inspace/dr_logger/simulation_ws/install/sagemaker_rl_agent/lib/python3.6/site-packages:/home/inspace/drone_mpc_ws/devel/lib/python2.7/dist-packages:/home/inspace/autosim_ws/devel/lib/python2.7/dist-packages:/home/inspace/catkin_ws/devel/lib/python2.7/dist-packages:/home/inspace/drone_ws/devel/lib/python2.7/dist-packages:/opt/ros/melodic/lib/python2.7/dist-packages:/home/inspace/drone_mpc_ws/src/data_driven_mpc/ros_gp_mpc ROS_PACKAGE_PATH=/home/inspace/dr_logger/simulation_ws/install/deepracer_msgs/share:/home/inspace/dr_logger/simulation_ws/install/deepracer_simulation/share:/home/inspace/dr_logger/simulation_ws/install/deepracer_interpreter/share:/home/inspace/drone_mpc_ws/src/catkin_simple:/home/inspace/drone_mpc_ws/src/eigen_catkin:/home/inspace/drone_mpc_ws/src/mav_comm/mav_comm:/home/inspace/drone_mpc_ws/src/mav_comm/mav_msgs:/home/inspace/drone_mpc_ws/src/mav_comm/mav_planning_msgs:/home/inspace/drone_mpc_ws/src/mav_comm/mav_state_machine_msgs:/home/inspace/drone_mpc_ws/src/mav_comm/mav_system_msgs:/home/inspace/drone_mpc_ws/src/rpg_quadrotor_control/quad_launch_files:/home/inspace/drone_mpc_ws/src/rpg_quadrotor_common/quadrotor_msgs:/home/inspace/drone_mpc_ws/src/rpg_quadrotor_common/quadrotor_common:/home/inspace/drone_mpc_ws/src/rpg_quadrotor_control/trajectory_planning/polynomial_trajectories:/home/inspace/drone_mpc_ws/src/rpg_quadrotor_control/control/position_controller:/home/inspace/drone_mpc_ws/src/data_driven_mpc/ros_gp_mpc:/home/inspace/drone_mpc_ws/src/rotors_simulator/rotors_comm:/home/inspace/drone_mpc_ws/src/rotors_simulator/rotors_control:/home/inspace/drone_mpc_ws/src/rotors_simulator/rotors_description:/home/inspace/drone_mpc_ws/src/rotors_simulator/rotors_evaluation:/home/inspace/drone_mpc_ws/src/rotors_simulator/rotors_gazebo_plugins:/home/inspace/drone_mpc_ws/src/rotors_simulator/rotors_gazebo:/home/inspace/drone_mpc_ws/src/rotors_simulator/rotors_hil_interface:/home/inspace/drone_mpc_ws/src/rotors_simulator/rotors_joy_interface:/home/inspace/drone_mpc_ws/src/rotors_simulator/rotors_simulator:/home/inspace/drone_mpc_ws/src/rpg_quadrotor_control/simulation/rpg_rotors_interface:/home/inspace/drone_mpc_ws/src/rpg_single_board_io:/home/inspace/drone_mpc_ws/src/rpg_quadrotor_control/gui/rqt_quad_gui:/home/inspace/drone_mpc_ws/src/rotors_simulator/rqt_rotors:/home/inspace/drone_mpc_ws/src/rpg_quadrotor_control/bridges/sbus_bridge:/home/inspace/drone_mpc_ws/src/rpg_quadrotor_control/utils/manual_flight_assistant:/home/inspace/drone_mpc_ws/src/rpg_quadrotor_common/state_predictor:/home/inspace/drone_mpc_ws/src/rpg_quadrotor_control/trajectory_planning/trajectory_generation_helper:/home/inspace/drone_mpc_ws/src/rpg_quadrotor_control/control/autopilot:/home/inspace/drone_mpc_ws/src/rpg_quadrotor_control/test/rpg_quadrotor_integration_test:/home/inspace/drone_mpc_ws/src/rpg_quadrotor_control/utils/vbat_thrust_calibration:/home/inspace/autosim_ws/src:/home/inspace/catkin_ws/src:/home/inspace/drone_ws/src/iq_sim:/home/inspace/drone_ws/src/mavlink:/home/inspace/drone_ws/src/mavros/libmavconn:/home/inspace/drone_ws/src/mavros/mavros_msgs:/home/inspace/drone_ws/src/mavros/mavros:/home/inspace/drone_ws/src/mavros/mavros_extras:/home/inspace/drone_ws/src/mavros/test_mavros:/opt/ros/melodic/share /usr/bin/cmake --build /home/inspace/dr_logger/simulation_ws/build/deepracer_interpreter --target tests -- -j16 -l16
[1.974s] DEBUG:colcon.colcon_core.event_handler.log_command:Invoking command in '/home/inspace/dr_logger/simulation_ws/build/deepracer_interpreter': CMAKE_PREFIX_PATH=/home/inspace/dr_logger/simulation_ws/install/deepracer_msgs:/home/inspace/dr_logger/simulation_ws/install/deepracer_simulation:/home/inspace/dr_logger/simulation_ws/install/deepracer_interpreter:/home/inspace/drone_mpc_ws/devel/.private/catkin_tools_prebuild:/home/inspace/drone_ws/devel/.private/catkin_tools_prebuild:/home/inspace/drone_mpc_ws/devel:/home/inspace/autosim_ws/devel:/home/inspace/catkin_ws/devel:/home/inspace/drone_ws/devel:/opt/ros/melodic PKG_CONFIG_PATH=/home/inspace/dr_logger/simulation_ws/install/deepracer_msgs/lib/x86_64-linux-gnu/pkgconfig:/home/inspace/dr_logger/simulation_ws/install/deepracer_msgs/lib/pkgconfig:/home/inspace/dr_logger/simulation_ws/install/deepracer_simulation/lib/x86_64-linux-gnu/pkgconfig:/home/inspace/dr_logger/simulation_ws/install/deepracer_simulation/lib/pkgconfig:/home/inspace/dr_logger/simulation_ws/install/deepracer_interpreter/lib/x86_64-linux-gnu/pkgconfig:/home/inspace/dr_logger/simulation_ws/install/deepracer_interpreter/lib/pkgconfig:/home/inspace/drone_mpc_ws/devel/.private/catkin_tools_prebuild/lib/pkgconfig:/home/inspace/drone_ws/devel/.private/catkin_tools_prebuild/lib/pkgconfig:/home/inspace/drone_mpc_ws/devel/lib/pkgconfig:/home/inspace/autosim_ws/devel/lib/pkgconfig:/home/inspace/catkin_ws/devel/lib/pkgconfig:/home/inspace/drone_ws/devel/lib/pkgconfig:/opt/ros/melodic/lib/pkgconfig PYTHONPATH=/home/inspace/dr_logger/simulation_ws/install/deepracer_msgs/lib/python2.7/dist-packages:/home/inspace/dr_logger/simulation_ws/install/sagemaker_rl_agent/lib/python3.6/site-packages:/home/inspace/drone_mpc_ws/devel/lib/python2.7/dist-packages:/home/inspace/autosim_ws/devel/lib/python2.7/dist-packages:/home/inspace/catkin_ws/devel/lib/python2.7/dist-packages:/home/inspace/drone_ws/devel/lib/python2.7/dist-packages:/opt/ros/melodic/lib/python2.7/dist-packages:/home/inspace/drone_mpc_ws/src/data_driven_mpc/ros_gp_mpc ROS_PACKAGE_PATH=/home/inspace/dr_logger/simulation_ws/install/deepracer_msgs/share:/home/inspace/dr_logger/simulation_ws/install/deepracer_simulation/share:/home/inspace/dr_logger/simulation_ws/install/deepracer_interpreter/share:/home/inspace/drone_mpc_ws/src/catkin_simple:/home/inspace/drone_mpc_ws/src/eigen_catkin:/home/inspace/drone_mpc_ws/src/mav_comm/mav_comm:/home/inspace/drone_mpc_ws/src/mav_comm/mav_msgs:/home/inspace/drone_mpc_ws/src/mav_comm/mav_planning_msgs:/home/inspace/drone_mpc_ws/src/mav_comm/mav_state_machine_msgs:/home/inspace/drone_mpc_ws/src/mav_comm/mav_system_msgs:/home/inspace/drone_mpc_ws/src/rpg_quadrotor_control/quad_launch_files:/home/inspace/drone_mpc_ws/src/rpg_quadrotor_common/quadrotor_msgs:/home/inspace/drone_mpc_ws/src/rpg_quadrotor_common/quadrotor_common:/home/inspace/drone_mpc_ws/src/rpg_quadrotor_control/trajectory_planning/polynomial_trajectories:/home/inspace/drone_mpc_ws/src/rpg_quadrotor_control/control/position_controller:/home/inspace/drone_mpc_ws/src/data_driven_mpc/ros_gp_mpc:/home/inspace/drone_mpc_ws/src/rotors_simulator/rotors_comm:/home/inspace/drone_mpc_ws/src/rotors_simulator/rotors_control:/home/inspace/drone_mpc_ws/src/rotors_simulator/rotors_description:/home/inspace/drone_mpc_ws/src/rotors_simulator/rotors_evaluation:/home/inspace/drone_mpc_ws/src/rotors_simulator/rotors_gazebo_plugins:/home/inspace/drone_mpc_ws/src/rotors_simulator/rotors_gazebo:/home/inspace/drone_mpc_ws/src/rotors_simulator/rotors_hil_interface:/home/inspace/drone_mpc_ws/src/rotors_simulator/rotors_joy_interface:/home/inspace/drone_mpc_ws/src/rotors_simulator/rotors_simulator:/home/inspace/drone_mpc_ws/src/rpg_quadrotor_control/simulation/rpg_rotors_interface:/home/inspace/drone_mpc_ws/src/rpg_single_board_io:/home/inspace/drone_mpc_ws/src/rpg_quadrotor_control/gui/rqt_quad_gui:/home/inspace/drone_mpc_ws/src/rotors_simulator/rqt_rotors:/home/inspace/drone_mpc_ws/src/rpg_quadrotor_control/bridges/sbus_bridge:/home/inspace/drone_mpc_ws/src/rpg_quadrotor_control/utils/manual_flight_assistant:/home/inspace/drone_mpc_ws/src/rpg_quadrotor_common/state_predictor:/home/inspace/drone_mpc_ws/src/rpg_quadrotor_control/trajectory_planning/trajectory_generation_helper:/home/inspace/drone_mpc_ws/src/rpg_quadrotor_control/control/autopilot:/home/inspace/drone_mpc_ws/src/rpg_quadrotor_control/test/rpg_quadrotor_integration_test:/home/inspace/drone_mpc_ws/src/rpg_quadrotor_control/utils/vbat_thrust_calibration:/home/inspace/autosim_ws/src:/home/inspace/catkin_ws/src:/home/inspace/drone_ws/src/iq_sim:/home/inspace/drone_ws/src/mavlink:/home/inspace/drone_ws/src/mavros/libmavconn:/home/inspace/drone_ws/src/mavros/mavros_msgs:/home/inspace/drone_ws/src/mavros/mavros:/home/inspace/drone_ws/src/mavros/mavros_extras:/home/inspace/drone_ws/src/mavros/test_mavros:/opt/ros/melodic/share /usr/bin/cmake --build /home/inspace/dr_logger/simulation_ws/build/deepracer_interpreter --target install -- -j16 -l16
[2.087s] DEBUG:colcon.colcon_core.event_handler.log_command:Invoked command in '/home/inspace/dr_logger/simulation_ws/build/deepracer_interpreter' returned '0': CMAKE_PREFIX_PATH=/home/inspace/dr_logger/simulation_ws/install/deepracer_msgs:/home/inspace/dr_logger/simulation_ws/install/deepracer_simulation:/home/inspace/dr_logger/simulation_ws/install/deepracer_interpreter:/home/inspace/drone_mpc_ws/devel/.private/catkin_tools_prebuild:/home/inspace/drone_ws/devel/.private/catkin_tools_prebuild:/home/inspace/drone_mpc_ws/devel:/home/inspace/autosim_ws/devel:/home/inspace/catkin_ws/devel:/home/inspace/drone_ws/devel:/opt/ros/melodic PKG_CONFIG_PATH=/home/inspace/dr_logger/simulation_ws/install/deepracer_msgs/lib/x86_64-linux-gnu/pkgconfig:/home/inspace/dr_logger/simulation_ws/install/deepracer_msgs/lib/pkgconfig:/home/inspace/dr_logger/simulation_ws/install/deepracer_simulation/lib/x86_64-linux-gnu/pkgconfig:/home/inspace/dr_logger/simulation_ws/install/deepracer_simulation/lib/pkgconfig:/home/inspace/dr_logger/simulation_ws/install/deepracer_interpreter/lib/x86_64-linux-gnu/pkgconfig:/home/inspace/dr_logger/simulation_ws/install/deepracer_interpreter/lib/pkgconfig:/home/inspace/drone_mpc_ws/devel/.private/catkin_tools_prebuild/lib/pkgconfig:/home/inspace/drone_ws/devel/.private/catkin_tools_prebuild/lib/pkgconfig:/home/inspace/drone_mpc_ws/devel/lib/pkgconfig:/home/inspace/autosim_ws/devel/lib/pkgconfig:/home/inspace/catkin_ws/devel/lib/pkgconfig:/home/inspace/drone_ws/devel/lib/pkgconfig:/opt/ros/melodic/lib/pkgconfig PYTHONPATH=/home/inspace/dr_logger/simulation_ws/install/deepracer_msgs/lib/python2.7/dist-packages:/home/inspace/dr_logger/simulation_ws/install/sagemaker_rl_agent/lib/python3.6/site-packages:/home/inspace/drone_mpc_ws/devel/lib/python2.7/dist-packages:/home/inspace/autosim_ws/devel/lib/python2.7/dist-packages:/home/inspace/catkin_ws/devel/lib/python2.7/dist-packages:/home/inspace/drone_ws/devel/lib/python2.7/dist-packages:/opt/ros/melodic/lib/python2.7/dist-packages:/home/inspace/drone_mpc_ws/src/data_driven_mpc/ros_gp_mpc ROS_PACKAGE_PATH=/home/inspace/dr_logger/simulation_ws/install/deepracer_msgs/share:/home/inspace/dr_logger/simulation_ws/install/deepracer_simulation/share:/home/inspace/dr_logger/simulation_ws/install/deepracer_interpreter/share:/home/inspace/drone_mpc_ws/src/catkin_simple:/home/inspace/drone_mpc_ws/src/eigen_catkin:/home/inspace/drone_mpc_ws/src/mav_comm/mav_comm:/home/inspace/drone_mpc_ws/src/mav_comm/mav_msgs:/home/inspace/drone_mpc_ws/src/mav_comm/mav_planning_msgs:/home/inspace/drone_mpc_ws/src/mav_comm/mav_state_machine_msgs:/home/inspace/drone_mpc_ws/src/mav_comm/mav_system_msgs:/home/inspace/drone_mpc_ws/src/rpg_quadrotor_control/quad_launch_files:/home/inspace/drone_mpc_ws/src/rpg_quadrotor_common/quadrotor_msgs:/home/inspace/drone_mpc_ws/src/rpg_quadrotor_common/quadrotor_common:/home/inspace/drone_mpc_ws/src/rpg_quadrotor_control/trajectory_planning/polynomial_trajectories:/home/inspace/drone_mpc_ws/src/rpg_quadrotor_control/control/position_controller:/home/inspace/drone_mpc_ws/src/data_driven_mpc/ros_gp_mpc:/home/inspace/drone_mpc_ws/src/rotors_simulator/rotors_comm:/home/inspace/drone_mpc_ws/src/rotors_simulator/rotors_control:/home/inspace/drone_mpc_ws/src/rotors_simulator/rotors_description:/home/inspace/drone_mpc_ws/src/rotors_simulator/rotors_evaluation:/home/inspace/drone_mpc_ws/src/rotors_simulator/rotors_gazebo_plugins:/home/inspace/drone_mpc_ws/src/rotors_simulator/rotors_gazebo:/home/inspace/drone_mpc_ws/src/rotors_simulator/rotors_hil_interface:/home/inspace/drone_mpc_ws/src/rotors_simulator/rotors_joy_interface:/home/inspace/drone_mpc_ws/src/rotors_simulator/rotors_simulator:/home/inspace/drone_mpc_ws/src/rpg_quadrotor_control/simulation/rpg_rotors_interface:/home/inspace/drone_mpc_ws/src/rpg_single_board_io:/home/inspace/drone_mpc_ws/src/rpg_quadrotor_control/gui/rqt_quad_gui:/home/inspace/drone_mpc_ws/src/rotors_simulator/rqt_rotors:/home/inspace/drone_mpc_ws/src/rpg_quadrotor_control/bridges/sbus_bridge:/home/inspace/drone_mpc_ws/src/rpg_quadrotor_control/utils/manual_flight_assistant:/home/inspace/drone_mpc_ws/src/rpg_quadrotor_common/state_predictor:/home/inspace/drone_mpc_ws/src/rpg_quadrotor_control/trajectory_planning/trajectory_generation_helper:/home/inspace/drone_mpc_ws/src/rpg_quadrotor_control/control/autopilot:/home/inspace/drone_mpc_ws/src/rpg_quadrotor_control/test/rpg_quadrotor_integration_test:/home/inspace/drone_mpc_ws/src/rpg_quadrotor_control/utils/vbat_thrust_calibration:/home/inspace/autosim_ws/src:/home/inspace/catkin_ws/src:/home/inspace/drone_ws/src/iq_sim:/home/inspace/drone_ws/src/mavlink:/home/inspace/drone_ws/src/mavros/libmavconn:/home/inspace/drone_ws/src/mavros/mavros_msgs:/home/inspace/drone_ws/src/mavros/mavros:/home/inspace/drone_ws/src/mavros/mavros_extras:/home/inspace/drone_ws/src/mavros/test_mavros:/opt/ros/melodic/share /usr/bin/cmake --build /home/inspace/dr_logger/simulation_ws/build/deepracer_interpreter --target install -- -j16 -l16
[2.163s] Level 1:colcon.colcon_core.shell:create_environment_hook('deepracer_interpreter', 'ros_package_path')
[2.171s] INFO:colcon.colcon_core.shell:Creating environment hook '/home/inspace/dr_logger/simulation_ws/install/deepracer_interpreter/share/deepracer_interpreter/hook/ros_package_path.ps1'
[2.172s] INFO:colcon.colcon_core.shell:Creating environment descriptor '/home/inspace/dr_logger/simulation_ws/install/deepracer_interpreter/share/deepracer_interpreter/hook/ros_package_path.dsv'
[2.172s] INFO:colcon.colcon_core.shell:Creating environment hook '/home/inspace/dr_logger/simulation_ws/install/deepracer_interpreter/share/deepracer_interpreter/hook/ros_package_path.sh'
[2.173s] Level 1:colcon.colcon_ros.task.catkin:checking '/home/inspace/dr_logger/simulation_ws/install/deepracer_interpreter/lib/python2.7/dist-packages'
[2.173s] Level 1:colcon.colcon_core.shell:create_environment_hook('deepracer_interpreter', 'pkg_config_path')
[2.180s] INFO:colcon.colcon_core.shell:Creating environment hook '/home/inspace/dr_logger/simulation_ws/install/deepracer_interpreter/share/deepracer_interpreter/hook/pkg_config_path.ps1'
[2.181s] INFO:colcon.colcon_core.shell:Creating environment descriptor '/home/inspace/dr_logger/simulation_ws/install/deepracer_interpreter/share/deepracer_interpreter/hook/pkg_config_path.dsv'
[2.181s] INFO:colcon.colcon_core.shell:Creating environment hook '/home/inspace/dr_logger/simulation_ws/install/deepracer_interpreter/share/deepracer_interpreter/hook/pkg_config_path.sh'
[2.181s] Level 1:colcon.colcon_core.shell:create_environment_hook('deepracer_interpreter', 'pkg_config_path_multiarch')
[2.189s] INFO:colcon.colcon_core.shell:Creating environment hook '/home/inspace/dr_logger/simulation_ws/install/deepracer_interpreter/share/deepracer_interpreter/hook/pkg_config_path_multiarch.ps1'
[2.189s] INFO:colcon.colcon_core.shell:Creating environment descriptor '/home/inspace/dr_logger/simulation_ws/install/deepracer_interpreter/share/deepracer_interpreter/hook/pkg_config_path_multiarch.dsv'
[2.189s] INFO:colcon.colcon_core.shell:Creating environment hook '/home/inspace/dr_logger/simulation_ws/install/deepracer_interpreter/share/deepracer_interpreter/hook/pkg_config_path_multiarch.sh'
[2.197s] Level 1:colcon.colcon_core.environment:create_environment_scripts_only(deepracer_interpreter)
[2.205s] Level 1:colcon.colcon_core.environment:checking '/home/inspace/dr_logger/simulation_ws/install/deepracer_interpreter' for CMake module files
[2.205s] Level 1:colcon.colcon_core.environment:checking '/home/inspace/dr_logger/simulation_ws/install/deepracer_interpreter' for CMake config files
[2.205s] Level 1:colcon.colcon_core.shell:create_environment_hook('deepracer_interpreter', 'cmake_prefix_path')
[2.213s] INFO:colcon.colcon_core.shell:Creating environment hook '/home/inspace/dr_logger/simulation_ws/install/deepracer_interpreter/share/deepracer_interpreter/hook/cmake_prefix_path.ps1'
[2.213s] INFO:colcon.colcon_core.shell:Creating environment descriptor '/home/inspace/dr_logger/simulation_ws/install/deepracer_interpreter/share/deepracer_interpreter/hook/cmake_prefix_path.dsv'
[2.213s] INFO:colcon.colcon_core.shell:Creating environment hook '/home/inspace/dr_logger/simulation_ws/install/deepracer_interpreter/share/deepracer_interpreter/hook/cmake_prefix_path.sh'
[2.214s] Level 1:colcon.colcon_core.environment:checking '/home/inspace/dr_logger/simulation_ws/install/deepracer_interpreter/lib'
[2.214s] Level 1:colcon.colcon_core.shell:create_environment_hook('deepracer_interpreter', 'ld_library_path_lib')
[2.221s] INFO:colcon.colcon_core.shell:Creating environment hook '/home/inspace/dr_logger/simulation_ws/install/deepracer_interpreter/share/deepracer_interpreter/hook/ld_library_path_lib.ps1'
[2.221s] INFO:colcon.colcon_core.shell:Creating environment descriptor '/home/inspace/dr_logger/simulation_ws/install/deepracer_interpreter/share/deepracer_interpreter/hook/ld_library_path_lib.dsv'
[2.222s] INFO:colcon.colcon_core.shell:Creating environment hook '/home/inspace/dr_logger/simulation_ws/install/deepracer_interpreter/share/deepracer_interpreter/hook/ld_library_path_lib.sh'
[2.222s] Level 1:colcon.colcon_core.environment:checking '/home/inspace/dr_logger/simulation_ws/install/deepracer_interpreter/bin'
[2.222s] Level 1:colcon.colcon_core.environment:checking '/home/inspace/dr_logger/simulation_ws/install/deepracer_interpreter/lib/pkgconfig/deepracer_interpreter.pc'
[2.222s] Level 1:colcon.colcon_core.shell:create_environment_hook('deepracer_interpreter', 'pkg_config')
[2.229s] INFO:colcon.colcon_core.shell:Creating environment hook '/home/inspace/dr_logger/simulation_ws/install/deepracer_interpreter/share/deepracer_interpreter/hook/pkg_config.ps1'
[2.230s] INFO:colcon.colcon_core.shell:Creating environment descriptor '/home/inspace/dr_logger/simulation_ws/install/deepracer_interpreter/share/deepracer_interpreter/hook/pkg_config.dsv'
[2.230s] INFO:colcon.colcon_core.shell:Creating environment hook '/home/inspace/dr_logger/simulation_ws/install/deepracer_interpreter/share/deepracer_interpreter/hook/pkg_config.sh'
[2.230s] Level 1:colcon.colcon_core.environment:checking '/home/inspace/dr_logger/simulation_ws/install/deepracer_interpreter/lib/python3.6/site-packages'
[2.238s] INFO:colcon.colcon_core.shell:Creating package script '/home/inspace/dr_logger/simulation_ws/install/deepracer_interpreter/share/deepracer_interpreter/package.ps1'
[2.238s] INFO:colcon.colcon_core.shell:Creating package descriptor '/home/inspace/dr_logger/simulation_ws/install/deepracer_interpreter/share/deepracer_interpreter/package.dsv'
[2.238s] INFO:colcon.colcon_core.shell:Creating package script '/home/inspace/dr_logger/simulation_ws/install/deepracer_interpreter/share/deepracer_interpreter/package.sh'
[2.239s] INFO:colcon.colcon_core.shell:Creating package script '/home/inspace/dr_logger/simulation_ws/install/deepracer_interpreter/share/deepracer_interpreter/package.bash'
[2.239s] INFO:colcon.colcon_core.shell:Creating package script '/home/inspace/dr_logger/simulation_ws/install/deepracer_interpreter/share/deepracer_interpreter/package.zsh'
[2.239s] Level 1:colcon.colcon_core.environment:create_file_with_runtime_dependencies(/home/inspace/dr_logger/simulation_ws/install/deepracer_interpreter/share/colcon-core/packages/deepracer_interpreter)
[2.240s] DEBUG:colcon.colcon_parallel_executor.executor.parallel:closing loop
[2.241s] DEBUG:colcon.colcon_parallel_executor.executor.parallel:loop closed
[2.241s] DEBUG:colcon.colcon_parallel_executor.executor.parallel:run_until_complete finished with '0'
[2.241s] DEBUG:colcon.colcon_core.event_reactor:joining thread
[2.250s] INFO:colcon.colcon_core.plugin_system:Skipping extension 'colcon_notification.desktop_notification.terminal_notifier': Not used on non-Darwin systems
[2.250s] INFO:colcon.colcon_core.plugin_system:Skipping extension 'colcon_notification.desktop_notification.win32': Not used on non-Windows systems
[2.250s] INFO:colcon.colcon_notification.desktop_notification:Sending desktop notification using 'notify2'
[2.252s] DEBUG:colcon.colcon_core.event_reactor:joined thread
[2.260s] INFO:colcon.colcon_core.shell:Creating prefix script '/home/inspace/dr_logger/simulation_ws/install/local_setup.ps1'
[2.261s] INFO:colcon.colcon_core.shell:Creating prefix util module '/home/inspace/dr_logger/simulation_ws/install/_local_setup_util_ps1.py'
[2.262s] INFO:colcon.colcon_core.shell:Creating prefix chain script '/home/inspace/dr_logger/simulation_ws/install/setup.ps1'
[2.268s] INFO:colcon.colcon_core.shell:Creating prefix script '/home/inspace/dr_logger/simulation_ws/install/local_setup.sh'
[2.268s] INFO:colcon.colcon_core.shell:Creating prefix util module '/home/inspace/dr_logger/simulation_ws/install/_local_setup_util_sh.py'
[2.269s] INFO:colcon.colcon_core.shell:Creating prefix chain script '/home/inspace/dr_logger/simulation_ws/install/setup.sh'
[2.275s] INFO:colcon.colcon_core.shell:Creating prefix script '/home/inspace/dr_logger/simulation_ws/install/local_setup.bash'
[2.275s] INFO:colcon.colcon_core.shell:Creating prefix chain script '/home/inspace/dr_logger/simulation_ws/install/setup.bash'
[2.282s] INFO:colcon.colcon_core.shell:Creating prefix script '/home/inspace/dr_logger/simulation_ws/install/local_setup.zsh'
[2.282s] INFO:colcon.colcon_core.shell:Creating prefix chain script '/home/inspace/dr_logger/simulation_ws/install/setup.zsh'
