[0.048s] Invoking command in '/home/inspace/dr_logger/simulation_ws/build/deepracer_msgs': /usr/bin/cmake --build /home/inspace/dr_logger/simulation_ws/build/deepracer_msgs -- -j16 -l16
[0.088s] [  0%] Built target std_msgs_generate_messages_eus
[0.089s] [  0%] Built target std_msgs_generate_messages_nodejs
[0.089s] [  0%] Built target std_msgs_generate_messages_py
[0.094s] [  0%] Built target std_msgs_generate_messages_cpp
[0.096s] [  0%] Built target std_msgs_generate_messages_lisp
[0.107s] [  0%] Built target _deepracer_msgs_generate_messages_check_deps_Progress
[0.122s] [ 28%] Built target deepracer_msgs_generate_messages_py
[0.124s] [ 57%] Built target deepracer_msgs_generate_messages_eus
[0.125s] [ 71%] Built target deepracer_msgs_generate_messages_nodejs
[0.125s] [ 85%] Built target deepracer_msgs_generate_messages_cpp
[0.125s] [100%] Built target deepracer_msgs_generate_messages_lisp
[0.140s] [100%] Built target deepracer_msgs_generate_messages
[0.254s] Invoked command in '/home/inspace/dr_logger/simulation_ws/build/deepracer_msgs' returned '0': /usr/bin/cmake --build /home/inspace/dr_logger/simulation_ws/build/deepracer_msgs -- -j16 -l16
[0.285s] Invoking command in '/home/inspace/dr_logger/simulation_ws/build/deepracer_msgs': /usr/bin/cmake --build /home/inspace/dr_logger/simulation_ws/build/deepracer_msgs --target tests -- -j16 -l16
[0.333s] Built target tests
[0.344s] Invoked command in '/home/inspace/dr_logger/simulation_ws/build/deepracer_msgs' returned '0': /usr/bin/cmake --build /home/inspace/dr_logger/simulation_ws/build/deepracer_msgs --target tests -- -j16 -l16
[0.378s] Invoking command in '/home/inspace/dr_logger/simulation_ws/build/deepracer_msgs': /usr/bin/cmake --build /home/inspace/dr_logger/simulation_ws/build/deepracer_msgs --target install -- -j16 -l16
[0.419s] [  0%] Built target std_msgs_generate_messages_lisp
[0.420s] [  0%] Built target std_msgs_generate_messages_eus
[0.421s] [  0%] Built target std_msgs_generate_messages_cpp
[0.423s] [  0%] Built target std_msgs_generate_messages_py
[0.424s] [  0%] Built target std_msgs_generate_messages_nodejs
[0.436s] [  0%] Built target _deepracer_msgs_generate_messages_check_deps_Progress
[0.451s] [ 57%] Built target deepracer_msgs_generate_messages_lisp
[0.451s] [ 57%] Built target deepracer_msgs_generate_messages_cpp
[0.451s] [ 71%] Built target deepracer_msgs_generate_messages_nodejs
[0.451s] [ 71%] Built target deepracer_msgs_generate_messages_eus
[0.452s] [100%] Built target deepracer_msgs_generate_messages_py
[0.466s] [100%] Built target deepracer_msgs_generate_messages
[0.480s] [36mInstall the project...[0m
[0.486s] -- Install configuration: ""
[0.487s] -- Up-to-date: /home/inspace/dr_logger/simulation_ws/install/deepracer_msgs/share/deepracer_msgs/msg/Progress.msg
[0.487s] -- Up-to-date: /home/inspace/dr_logger/simulation_ws/install/deepracer_msgs/share/deepracer_msgs/cmake/deepracer_msgs-msg-paths.cmake
[0.487s] -- Up-to-date: /home/inspace/dr_logger/simulation_ws/install/deepracer_msgs/include/deepracer_msgs
[0.487s] -- Up-to-date: /home/inspace/dr_logger/simulation_ws/install/deepracer_msgs/include/deepracer_msgs/Progress.h
[0.487s] -- Up-to-date: /home/inspace/dr_logger/simulation_ws/install/deepracer_msgs/share/roseus/ros/deepracer_msgs
[0.487s] -- Up-to-date: /home/inspace/dr_logger/simulation_ws/install/deepracer_msgs/share/roseus/ros/deepracer_msgs/msg
[0.487s] -- Up-to-date: /home/inspace/dr_logger/simulation_ws/install/deepracer_msgs/share/roseus/ros/deepracer_msgs/msg/Progress.l
[0.487s] -- Up-to-date: /home/inspace/dr_logger/simulation_ws/install/deepracer_msgs/share/roseus/ros/deepracer_msgs/manifest.l
[0.487s] -- Up-to-date: /home/inspace/dr_logger/simulation_ws/install/deepracer_msgs/share/common-lisp/ros/deepracer_msgs
[0.488s] -- Up-to-date: /home/inspace/dr_logger/simulation_ws/install/deepracer_msgs/share/common-lisp/ros/deepracer_msgs/msg
[0.488s] -- Up-to-date: /home/inspace/dr_logger/simulation_ws/install/deepracer_msgs/share/common-lisp/ros/deepracer_msgs/msg/deepracer_msgs-msg.asd
[0.488s] -- Up-to-date: /home/inspace/dr_logger/simulation_ws/install/deepracer_msgs/share/common-lisp/ros/deepracer_msgs/msg/_package_Progress.lisp
[0.488s] -- Up-to-date: /home/inspace/dr_logger/simulation_ws/install/deepracer_msgs/share/common-lisp/ros/deepracer_msgs/msg/_package.lisp
[0.488s] -- Up-to-date: /home/inspace/dr_logger/simulation_ws/install/deepracer_msgs/share/common-lisp/ros/deepracer_msgs/msg/Progress.lisp
[0.488s] -- Up-to-date: /home/inspace/dr_logger/simulation_ws/install/deepracer_msgs/share/gennodejs/ros/deepracer_msgs
[0.488s] -- Up-to-date: /home/inspace/dr_logger/simulation_ws/install/deepracer_msgs/share/gennodejs/ros/deepracer_msgs/_index.js
[0.488s] -- Up-to-date: /home/inspace/dr_logger/simulation_ws/install/deepracer_msgs/share/gennodejs/ros/deepracer_msgs/msg
[0.488s] -- Up-to-date: /home/inspace/dr_logger/simulation_ws/install/deepracer_msgs/share/gennodejs/ros/deepracer_msgs/msg/_index.js
[0.489s] -- Up-to-date: /home/inspace/dr_logger/simulation_ws/install/deepracer_msgs/share/gennodejs/ros/deepracer_msgs/msg/Progress.js
[0.496s] Listing /home/inspace/dr_logger/simulation_ws/build/deepracer_msgs/devel/lib/python2.7/dist-packages/deepracer_msgs ...
[0.496s] Listing /home/inspace/dr_logger/simulation_ws/build/deepracer_msgs/devel/lib/python2.7/dist-packages/deepracer_msgs/msg ...
[0.497s] -- Up-to-date: /home/inspace/dr_logger/simulation_ws/install/deepracer_msgs/lib/python2.7/dist-packages/deepracer_msgs
[0.497s] -- Up-to-date: /home/inspace/dr_logger/simulation_ws/install/deepracer_msgs/lib/python2.7/dist-packages/deepracer_msgs/__init__.pyc
[0.497s] -- Up-to-date: /home/inspace/dr_logger/simulation_ws/install/deepracer_msgs/lib/python2.7/dist-packages/deepracer_msgs/__init__.py
[0.497s] -- Up-to-date: /home/inspace/dr_logger/simulation_ws/install/deepracer_msgs/lib/python2.7/dist-packages/deepracer_msgs/msg
[0.497s] -- Up-to-date: /home/inspace/dr_logger/simulation_ws/install/deepracer_msgs/lib/python2.7/dist-packages/deepracer_msgs/msg/_Progress.pyc
[0.498s] -- Up-to-date: /home/inspace/dr_logger/simulation_ws/install/deepracer_msgs/lib/python2.7/dist-packages/deepracer_msgs/msg/__init__.pyc
[0.498s] -- Up-to-date: /home/inspace/dr_logger/simulation_ws/install/deepracer_msgs/lib/python2.7/dist-packages/deepracer_msgs/msg/__init__.py
[0.498s] -- Up-to-date: /home/inspace/dr_logger/simulation_ws/install/deepracer_msgs/lib/python2.7/dist-packages/deepracer_msgs/msg/_Progress.py
[0.498s] -- Up-to-date: /home/inspace/dr_logger/simulation_ws/install/deepracer_msgs/lib/pkgconfig/deepracer_msgs.pc
[0.498s] -- Up-to-date: /home/inspace/dr_logger/simulation_ws/install/deepracer_msgs/share/deepracer_msgs/cmake/deepracer_msgs-msg-extras.cmake
[0.498s] -- Up-to-date: /home/inspace/dr_logger/simulation_ws/install/deepracer_msgs/share/deepracer_msgs/cmake/deepracer_msgsConfig.cmake
[0.498s] -- Up-to-date: /home/inspace/dr_logger/simulation_ws/install/deepracer_msgs/share/deepracer_msgs/cmake/deepracer_msgsConfig-version.cmake
[0.498s] -- Up-to-date: /home/inspace/dr_logger/simulation_ws/install/deepracer_msgs/share/deepracer_msgs/package.xml
[0.499s] Invoked command in '/home/inspace/dr_logger/simulation_ws/build/deepracer_msgs' returned '0': /usr/bin/cmake --build /home/inspace/dr_logger/simulation_ws/build/deepracer_msgs --target install -- -j16 -l16
