[0.050s] Invoking command in '/home/inspacehj/dr_logger/simulation_ws/build/deepracer_msgs': /usr/bin/cmake --build /home/inspacehj/dr_logger/simulation_ws/build/deepracer_msgs -- -j16 -l16
[0.254s] [  0%] Built target std_msgs_generate_messages_lisp
[0.254s] [  0%] Built target std_msgs_generate_messages_cpp
[0.254s] [  0%] Built target std_msgs_generate_messages_nodejs
[0.254s] [  0%] Built target std_msgs_generate_messages_py
[0.255s] [  0%] Built target std_msgs_generate_messages_eus
[0.255s] [  0%] Built target _deepracer_msgs_generate_messages_check_deps_Progress
[0.255s] [ 28%] Built target deepracer_msgs_generate_messages_py
[0.255s] [ 42%] Built target deepracer_msgs_generate_messages_cpp
[0.255s] [ 57%] Built target deepracer_msgs_generate_messages_nodejs
[0.256s] [ 71%] Built target deepracer_msgs_generate_messages_lisp
[0.256s] [100%] Built target deepracer_msgs_generate_messages_eus
[0.256s] [100%] Built target deepracer_msgs_generate_messages
[0.259s] Invoked command in '/home/inspacehj/dr_logger/simulation_ws/build/deepracer_msgs' returned '0': /usr/bin/cmake --build /home/inspacehj/dr_logger/simulation_ws/build/deepracer_msgs -- -j16 -l16
[0.285s] Invoking command in '/home/inspacehj/dr_logger/simulation_ws/build/deepracer_msgs': /usr/bin/cmake --build /home/inspacehj/dr_logger/simulation_ws/build/deepracer_msgs --target tests -- -j16 -l16
[0.333s] Built target tests
[0.341s] Invoked command in '/home/inspacehj/dr_logger/simulation_ws/build/deepracer_msgs' returned '0': /usr/bin/cmake --build /home/inspacehj/dr_logger/simulation_ws/build/deepracer_msgs --target tests -- -j16 -l16
[0.375s] Invoking command in '/home/inspacehj/dr_logger/simulation_ws/build/deepracer_msgs': /usr/bin/cmake --build /home/inspacehj/dr_logger/simulation_ws/build/deepracer_msgs --target install -- -j16 -l16
[0.410s] [  0%] Built target std_msgs_generate_messages_eus
[0.411s] [  0%] Built target std_msgs_generate_messages_lisp
[0.414s] [  0%] Built target std_msgs_generate_messages_py
[0.414s] [  0%] Built target std_msgs_generate_messages_cpp
[0.415s] [  0%] Built target std_msgs_generate_messages_nodejs
[0.432s] [  0%] Built target _deepracer_msgs_generate_messages_check_deps_Progress
[0.446s] [ 14%] Built target deepracer_msgs_generate_messages_lisp
[0.446s] [ 42%] Built target deepracer_msgs_generate_messages_eus
[0.447s] [ 71%] Built target deepracer_msgs_generate_messages_py
[0.449s] [ 85%] Built target deepracer_msgs_generate_messages_nodejs
[0.451s] [100%] Built target deepracer_msgs_generate_messages_cpp
[0.468s] [100%] Built target deepracer_msgs_generate_messages
[0.479s] [36mInstall the project...[0m
[0.485s] -- Install configuration: ""
[0.485s] -- Up-to-date: /home/inspacehj/dr_logger/simulation_ws/install/deepracer_msgs/share/deepracer_msgs/msg/Progress.msg
[0.485s] -- Up-to-date: /home/inspacehj/dr_logger/simulation_ws/install/deepracer_msgs/share/deepracer_msgs/cmake/deepracer_msgs-msg-paths.cmake
[0.486s] -- Up-to-date: /home/inspacehj/dr_logger/simulation_ws/install/deepracer_msgs/include/deepracer_msgs
[0.486s] -- Up-to-date: /home/inspacehj/dr_logger/simulation_ws/install/deepracer_msgs/include/deepracer_msgs/Progress.h
[0.486s] -- Up-to-date: /home/inspacehj/dr_logger/simulation_ws/install/deepracer_msgs/share/roseus/ros/deepracer_msgs
[0.486s] -- Up-to-date: /home/inspacehj/dr_logger/simulation_ws/install/deepracer_msgs/share/roseus/ros/deepracer_msgs/msg
[0.486s] -- Up-to-date: /home/inspacehj/dr_logger/simulation_ws/install/deepracer_msgs/share/roseus/ros/deepracer_msgs/msg/Progress.l
[0.486s] -- Up-to-date: /home/inspacehj/dr_logger/simulation_ws/install/deepracer_msgs/share/roseus/ros/deepracer_msgs/manifest.l
[0.486s] -- Up-to-date: /home/inspacehj/dr_logger/simulation_ws/install/deepracer_msgs/share/common-lisp/ros/deepracer_msgs
[0.486s] -- Up-to-date: /home/inspacehj/dr_logger/simulation_ws/install/deepracer_msgs/share/common-lisp/ros/deepracer_msgs/msg
[0.486s] -- Up-to-date: /home/inspacehj/dr_logger/simulation_ws/install/deepracer_msgs/share/common-lisp/ros/deepracer_msgs/msg/deepracer_msgs-msg.asd
[0.486s] -- Up-to-date: /home/inspacehj/dr_logger/simulation_ws/install/deepracer_msgs/share/common-lisp/ros/deepracer_msgs/msg/_package_Progress.lisp
[0.486s] -- Up-to-date: /home/inspacehj/dr_logger/simulation_ws/install/deepracer_msgs/share/common-lisp/ros/deepracer_msgs/msg/_package.lisp
[0.486s] -- Up-to-date: /home/inspacehj/dr_logger/simulation_ws/install/deepracer_msgs/share/common-lisp/ros/deepracer_msgs/msg/Progress.lisp
[0.486s] -- Up-to-date: /home/inspacehj/dr_logger/simulation_ws/install/deepracer_msgs/share/gennodejs/ros/deepracer_msgs
[0.487s] -- Up-to-date: /home/inspacehj/dr_logger/simulation_ws/install/deepracer_msgs/share/gennodejs/ros/deepracer_msgs/_index.js
[0.487s] -- Up-to-date: /home/inspacehj/dr_logger/simulation_ws/install/deepracer_msgs/share/gennodejs/ros/deepracer_msgs/msg
[0.487s] -- Up-to-date: /home/inspacehj/dr_logger/simulation_ws/install/deepracer_msgs/share/gennodejs/ros/deepracer_msgs/msg/_index.js
[0.487s] -- Up-to-date: /home/inspacehj/dr_logger/simulation_ws/install/deepracer_msgs/share/gennodejs/ros/deepracer_msgs/msg/Progress.js
[0.494s] Listing /home/inspacehj/dr_logger/simulation_ws/build/deepracer_msgs/devel/lib/python2.7/dist-packages/deepracer_msgs ...
[0.494s] Listing /home/inspacehj/dr_logger/simulation_ws/build/deepracer_msgs/devel/lib/python2.7/dist-packages/deepracer_msgs/msg ...
[0.495s] -- Up-to-date: /home/inspacehj/dr_logger/simulation_ws/install/deepracer_msgs/lib/python2.7/dist-packages/deepracer_msgs
[0.495s] -- Up-to-date: /home/inspacehj/dr_logger/simulation_ws/install/deepracer_msgs/lib/python2.7/dist-packages/deepracer_msgs/__init__.pyc
[0.495s] -- Up-to-date: /home/inspacehj/dr_logger/simulation_ws/install/deepracer_msgs/lib/python2.7/dist-packages/deepracer_msgs/__init__.py
[0.495s] -- Up-to-date: /home/inspacehj/dr_logger/simulation_ws/install/deepracer_msgs/lib/python2.7/dist-packages/deepracer_msgs/msg
[0.495s] -- Up-to-date: /home/inspacehj/dr_logger/simulation_ws/install/deepracer_msgs/lib/python2.7/dist-packages/deepracer_msgs/msg/_Progress.pyc
[0.495s] -- Up-to-date: /home/inspacehj/dr_logger/simulation_ws/install/deepracer_msgs/lib/python2.7/dist-packages/deepracer_msgs/msg/__init__.pyc
[0.495s] -- Up-to-date: /home/inspacehj/dr_logger/simulation_ws/install/deepracer_msgs/lib/python2.7/dist-packages/deepracer_msgs/msg/__init__.py
[0.495s] -- Up-to-date: /home/inspacehj/dr_logger/simulation_ws/install/deepracer_msgs/lib/python2.7/dist-packages/deepracer_msgs/msg/_Progress.py
[0.495s] -- Up-to-date: /home/inspacehj/dr_logger/simulation_ws/install/deepracer_msgs/lib/pkgconfig/deepracer_msgs.pc
[0.495s] -- Up-to-date: /home/inspacehj/dr_logger/simulation_ws/install/deepracer_msgs/share/deepracer_msgs/cmake/deepracer_msgs-msg-extras.cmake
[0.496s] -- Up-to-date: /home/inspacehj/dr_logger/simulation_ws/install/deepracer_msgs/share/deepracer_msgs/cmake/deepracer_msgsConfig.cmake
[0.496s] -- Up-to-date: /home/inspacehj/dr_logger/simulation_ws/install/deepracer_msgs/share/deepracer_msgs/cmake/deepracer_msgsConfig-version.cmake
[0.496s] -- Up-to-date: /home/inspacehj/dr_logger/simulation_ws/install/deepracer_msgs/share/deepracer_msgs/package.xml
[0.497s] Invoked command in '/home/inspacehj/dr_logger/simulation_ws/build/deepracer_msgs' returned '0': /usr/bin/cmake --build /home/inspacehj/dr_logger/simulation_ws/build/deepracer_msgs --target install -- -j16 -l16
