-- Using CATKIN_DEVEL_PREFIX: /home/inspacehj/dr_logger/simulation_ws/build/deepracer_simulation/devel
-- Using CMAKE_PREFIX_PATH: /home/inspacehj/drone_mpc_ws/devel;/home/inspacehj/autosim_ws/devel;/home/inspacehj/catkin_ws/devel;/home/inspacehj/drone_ws/devel;/opt/ros/melodic
-- This workspace overlays: /home/inspacehj/drone_mpc_ws/devel;/home/inspacehj/autosim_ws/devel;/home/inspacehj/catkin_ws/devel;/home/inspacehj/drone_ws/devel;/opt/ros/melodic
-- Found PythonInterp: /usr/bin/python2 (found suitable version "2.7.17", minimum required is "2") 
-- Using PYTHON_EXECUTABLE: /usr/bin/python2
-- Using Debian Python package layout
-- Using empy: /usr/bin/empy
-- Using CATKIN_ENABLE_TESTING: ON
-- Call enable_testing()
-- Using CATKIN_TEST_RESULTS_DIR: /home/inspacehj/dr_logger/simulation_ws/build/deepracer_simulation/test_results
-- Found gtest sources under '/usr/src/googletest': gtests will be built
-- Found gmock sources under '/usr/src/googletest': gmock will be built
-- Found PythonInterp: /usr/bin/python2 (found version "2.7.17") 
-- Using Python nosetests: /usr/bin/nosetests-2.7
-- catkin 0.7.29
-- BUILD_SHARED_LIBS is on
-- Using these message generators: gencpp;geneus;genlisp;gennodejs;genpy
CMake Error at /opt/ros/melodic/share/genmsg/cmake/genmsg-extras.cmake:94 (message):
  add_message_files() directory not found:
  /home/inspacehj/dr_logger/simulation_ws/src/deepracer_simulation/msg
Call Stack (most recent call first):
  CMakeLists.txt:21 (add_message_files)


-- Configuring incomplete, errors occurred!
See also "/home/inspacehj/dr_logger/simulation_ws/build/deepracer_simulation/CMakeFiles/CMakeOutput.log".
See also "/home/inspacehj/dr_logger/simulation_ws/build/deepracer_simulation/CMakeFiles/CMakeError.log".
