Determining if the pthread_create exist failed with the following output:
Change Dir: /home/inspacehj/dr_logger/simulation_ws/build/deepracer_interpreter/CMakeFiles/CMakeTmp

Run Build Command:"/usr/bin/make" "cmTC_fbdda/fast"
/usr/bin/make -f CMakeFiles/cmTC_fbdda.dir/build.make CMakeFiles/cmTC_fbdda.dir/build
make[1]: 디렉터리 '/home/inspacehj/dr_logger/simulation_ws/build/deepracer_interpreter/CMakeFiles/CMakeTmp' 들어감
Building C object CMakeFiles/cmTC_fbdda.dir/CheckSymbolExists.c.o
/usr/lib/ccache/cc    -o CMakeFiles/cmTC_fbdda.dir/CheckSymbolExists.c.o   -c /home/inspacehj/dr_logger/simulation_ws/build/deepracer_interpreter/CMakeFiles/CMakeTmp/CheckSymbolExists.c
Linking C executable cmTC_fbdda
/usr/bin/cmake -E cmake_link_script CMakeFiles/cmTC_fbdda.dir/link.txt --verbose=1
/usr/lib/ccache/cc      -rdynamic CMakeFiles/cmTC_fbdda.dir/CheckSymbolExists.c.o  -o cmTC_fbdda 
CMakeFiles/cmTC_fbdda.dir/CheckSymbolExists.c.o: In function `main':
CheckSymbolExists.c:(.text+0x1b): undefined reference to `pthread_create'
collect2: error: ld returned 1 exit status
CMakeFiles/cmTC_fbdda.dir/build.make:97: recipe for target 'cmTC_fbdda' failed
make[1]: *** [cmTC_fbdda] Error 1
make[1]: 디렉터리 '/home/inspacehj/dr_logger/simulation_ws/build/deepracer_interpreter/CMakeFiles/CMakeTmp' 나감
Makefile:126: recipe for target 'cmTC_fbdda/fast' failed
make: *** [cmTC_fbdda/fast] Error 2

File /home/inspacehj/dr_logger/simulation_ws/build/deepracer_interpreter/CMakeFiles/CMakeTmp/CheckSymbolExists.c:
/* */
#include <pthread.h>

int main(int argc, char** argv)
{
  (void)argv;
#ifndef pthread_create
  return ((int*)(&pthread_create))[argc];
#else
  (void)argc;
  return 0;
#endif
}

Determining if the function pthread_create exists in the pthreads failed with the following output:
Change Dir: /home/inspacehj/dr_logger/simulation_ws/build/deepracer_interpreter/CMakeFiles/CMakeTmp

Run Build Command:"/usr/bin/make" "cmTC_a5aee/fast"
/usr/bin/make -f CMakeFiles/cmTC_a5aee.dir/build.make CMakeFiles/cmTC_a5aee.dir/build
make[1]: 디렉터리 '/home/inspacehj/dr_logger/simulation_ws/build/deepracer_interpreter/CMakeFiles/CMakeTmp' 들어감
Building C object CMakeFiles/cmTC_a5aee.dir/CheckFunctionExists.c.o
/usr/lib/ccache/cc   -DCHECK_FUNCTION_EXISTS=pthread_create   -o CMakeFiles/cmTC_a5aee.dir/CheckFunctionExists.c.o   -c /usr/share/cmake-3.10/Modules/CheckFunctionExists.c
Linking C executable cmTC_a5aee
/usr/bin/cmake -E cmake_link_script CMakeFiles/cmTC_a5aee.dir/link.txt --verbose=1
/usr/lib/ccache/cc  -DCHECK_FUNCTION_EXISTS=pthread_create    -rdynamic CMakeFiles/cmTC_a5aee.dir/CheckFunctionExists.c.o  -o cmTC_a5aee -lpthreads 
/usr/bin/ld: cannot find -lpthreads
collect2: error: ld returned 1 exit status
CMakeFiles/cmTC_a5aee.dir/build.make:97: recipe for target 'cmTC_a5aee' failed
make[1]: *** [cmTC_a5aee] Error 1
make[1]: 디렉터리 '/home/inspacehj/dr_logger/simulation_ws/build/deepracer_interpreter/CMakeFiles/CMakeTmp' 나감
Makefile:126: recipe for target 'cmTC_a5aee/fast' failed
make: *** [cmTC_a5aee/fast] Error 2


