[0.501s] DEBUG:colcon:Command line arguments: ['/home/inspace/.local/bin/colcon', 'build']
[0.501s] DEBUG:colcon:Parsed command line arguments: Namespace(ament_cmake_args=None, base_paths=['.'], build_base='build', catkin_cmake_args=None, catkin_skip_building_tests=False, cmake_args=None, cmake_clean_cache=False, cmake_clean_first=False, cmake_force_configure=False, cmake_target=None, cmake_target_skip_unavailable=False, continue_on_error=False, event_handlers=None, executor='parallel', ignore_user_meta=False, install_base='install', log_base=None, log_level=None, main=<bound method BuildVerb.main of <colcon_core.verb.build.BuildVerb object at 0x7f8eaf83ac50>>, merge_install=False, metas=['./colcon.meta'], packages_above=None, packages_above_and_dependencies=None, packages_above_depth=None, packages_end=None, packages_ignore=None, packages_ignore_regex=None, packages_select=None, packages_select_build_failed=False, packages_select_by_dep=None, packages_select_regex=None, packages_select_test_failures=False, packages_skip=None, packages_skip_build_finished=False, packages_skip_by_dep=None, packages_skip_regex=None, packages_skip_test_passed=False, packages_skip_up_to=None, packages_start=None, packages_up_to=None, packages_up_to_regex=None, parallel_workers=16, paths=None, symlink_install=False, test_result_base=None, verb_extension=<colcon_core.verb.build.BuildVerb object at 0x7f8eaf83ac50>, verb_name='build', verb_parser=<colcon_defaults.argument_parser.defaults.DefaultArgumentsDecorator object at 0x7f8eaf84f080>)
[0.519s] Level 1:colcon.colcon_core.package_discovery:discover_packages(colcon_meta) check parameters
[0.519s] Level 1:colcon.colcon_core.package_discovery:discover_packages(recursive) check parameters
[0.519s] Level 1:colcon.colcon_core.package_discovery:discover_packages(ignore) check parameters
[0.519s] Level 1:colcon.colcon_core.package_discovery:discover_packages(path) check parameters
[0.519s] Level 1:colcon.colcon_core.package_discovery:discover_packages(colcon_meta) discover
[0.520s] Level 1:colcon.colcon_core.package_discovery:discover_packages(recursive) discover
[0.520s] INFO:colcon.colcon_core.package_discovery:Crawling recursively for packages in '/home/inspacer_logger/simulation_ws'
[0.520s] Level 1:colcon.colcon_core.package_identification:_identify(.) by extensions ['ignore', 'ignore_ament_install']
[0.520s] Level 1:colcon.colcon_core.package_identification:_identify(.) by extension 'ignore'
[0.520s] Level 1:colcon.colcon_core.package_identification:_identify(.) by extension 'ignore_ament_install'
[0.520s] Level 1:colcon.colcon_core.package_identification:_identify(.) by extensions ['colcon_pkg']
[0.520s] Level 1:colcon.colcon_core.package_identification:_identify(.) by extension 'colcon_pkg'
[0.520s] Level 1:colcon.colcon_core.package_identification:_identify(.) by extensions ['colcon_meta']
[0.520s] Level 1:colcon.colcon_core.package_identification:_identify(.) by extension 'colcon_meta'
[0.520s] Level 1:colcon.colcon_core.package_identification:_identify(.) by extensions ['ros']
[0.520s] Level 1:colcon.colcon_core.package_identification:_identify(.) by extension 'ros'
[0.529s] Level 1:colcon.colcon_core.package_identification:_identify(.) by extensions ['cmake', 'python']
[0.529s] Level 1:colcon.colcon_core.package_identification:_identify(.) by extension 'cmake'
[0.529s] Level 1:colcon.colcon_core.package_identification:_identify(.) by extension 'python'
[0.529s] Level 1:colcon.colcon_core.package_identification:_identify(.) by extensions ['python_setup_py']
[0.529s] Level 1:colcon.colcon_core.package_identification:_identify(.) by extension 'python_setup_py'
[0.529s] Level 1:colcon.colcon_core.package_identification:_identify(build) by extensions ['ignore', 'ignore_ament_install']
[0.529s] Level 1:colcon.colcon_core.package_identification:_identify(build) by extension 'ignore'
[0.529s] Level 1:colcon.colcon_core.package_identification:_identify(build) ignored
[0.529s] Level 1:colcon.colcon_core.package_identification:_identify(install) by extensions ['ignore', 'ignore_ament_install']
[0.529s] Level 1:colcon.colcon_core.package_identification:_identify(install) by extension 'ignore'
[0.529s] Level 1:colcon.colcon_core.package_identification:_identify(install) ignored
[0.529s] Level 1:colcon.colcon_core.package_identification:_identify(log) by extensions ['ignore', 'ignore_ament_install']
[0.530s] Level 1:colcon.colcon_core.package_identification:_identify(log) by extension 'ignore'
[0.530s] Level 1:colcon.colcon_core.package_identification:_identify(log) ignored
[0.530s] Level 1:colcon.colcon_core.package_identification:_identify(src) by extensions ['ignore', 'ignore_ament_install']
[0.530s] Level 1:colcon.colcon_core.package_identification:_identify(src) by extension 'ignore'
[0.530s] Level 1:colcon.colcon_core.package_identification:_identify(src) by extension 'ignore_ament_install'
[0.530s] Level 1:colcon.colcon_core.package_identification:_identify(src) by extensions ['colcon_pkg']
[0.530s] Level 1:colcon.colcon_core.package_identification:_identify(src) by extension 'colcon_pkg'
[0.530s] Level 1:colcon.colcon_core.package_identification:_identify(src) by extensions ['colcon_meta']
[0.530s] Level 1:colcon.colcon_core.package_identification:_identify(src) by extension 'colcon_meta'
[0.530s] Level 1:colcon.colcon_core.package_identification:_identify(src) by extensions ['ros']
[0.530s] Level 1:colcon.colcon_core.package_identification:_identify(src) by extension 'ros'
[0.530s] Level 1:colcon.colcon_core.package_identification:_identify(src) by extensions ['cmake', 'python']
[0.530s] Level 1:colcon.colcon_core.package_identification:_identify(src) by extension 'cmake'
[0.530s] Level 1:colcon.colcon_core.package_identification:_identify(src) by extension 'python'
[0.530s] Level 1:colcon.colcon_core.package_identification:_identify(src) by extensions ['python_setup_py']
[0.530s] Level 1:colcon.colcon_core.package_identification:_identify(src) by extension 'python_setup_py'
[0.530s] Level 1:colcon.colcon_core.package_identification:_identify(src/deepracer_interpreter) by extensions ['ignore', 'ignore_ament_install']
[0.530s] Level 1:colcon.colcon_core.package_identification:_identify(src/deepracer_interpreter) by extension 'ignore'
[0.530s] Level 1:colcon.colcon_core.package_identification:_identify(src/deepracer_interpreter) by extension 'ignore_ament_install'
[0.530s] Level 1:colcon.colcon_core.package_identification:_identify(src/deepracer_interpreter) by extensions ['colcon_pkg']
[0.530s] Level 1:colcon.colcon_core.package_identification:_identify(src/deepracer_interpreter) by extension 'colcon_pkg'
[0.530s] Level 1:colcon.colcon_core.package_identification:_identify(src/deepracer_interpreter) by extensions ['colcon_meta']
[0.530s] Level 1:colcon.colcon_core.package_identification:_identify(src/deepracer_interpreter) by extension 'colcon_meta'
[0.531s] Level 1:colcon.colcon_core.package_identification:_identify(src/deepracer_interpreter) by extensions ['ros']
[0.531s] Level 1:colcon.colcon_core.package_identification:_identify(src/deepracer_interpreter) by extension 'ros'
[0.532s] DEBUG:colcon.colcon_core.package_identification:Package 'src/deepracer_interpreter' with type 'ros.catkin' and name 'deepracer_interpreter'
[0.532s] Level 1:colcon.colcon_core.package_identification:_identify(src/deepracer_msgs) by extensions ['ignore', 'ignore_ament_install']
[0.532s] Level 1:colcon.colcon_core.package_identification:_identify(src/deepracer_msgs) by extension 'ignore'
[0.532s] Level 1:colcon.colcon_core.package_identification:_identify(src/deepracer_msgs) by extension 'ignore_ament_install'
[0.533s] Level 1:colcon.colcon_core.package_identification:_identify(src/deepracer_msgs) by extensions ['colcon_pkg']
[0.533s] Level 1:colcon.colcon_core.package_identification:_identify(src/deepracer_msgs) by extension 'colcon_pkg'
[0.533s] Level 1:colcon.colcon_core.package_identification:_identify(src/deepracer_msgs) by extensions ['colcon_meta']
[0.533s] Level 1:colcon.colcon_core.package_identification:_identify(src/deepracer_msgs) by extension 'colcon_meta'
[0.533s] Level 1:colcon.colcon_core.package_identification:_identify(src/deepracer_msgs) by extensions ['ros']
[0.533s] Level 1:colcon.colcon_core.package_identification:_identify(src/deepracer_msgs) by extension 'ros'
[0.533s] DEBUG:colcon.colcon_core.package_identification:Package 'src/deepracer_msgs' with type 'ros.catkin' and name 'deepracer_msgs'
[0.533s] Level 1:colcon.colcon_core.package_identification:_identify(src/deepracer_simulation) by extensions ['ignore', 'ignore_ament_install']
[0.533s] Level 1:colcon.colcon_core.package_identification:_identify(src/deepracer_simulation) by extension 'ignore'
[0.533s] Level 1:colcon.colcon_core.package_identification:_identify(src/deepracer_simulation) by extension 'ignore_ament_install'
[0.533s] Level 1:colcon.colcon_core.package_identification:_identify(src/deepracer_simulation) by extensions ['colcon_pkg']
[0.533s] Level 1:colcon.colcon_core.package_identification:_identify(src/deepracer_simulation) by extension 'colcon_pkg'
[0.533s] Level 1:colcon.colcon_core.package_identification:_identify(src/deepracer_simulation) by extensions ['colcon_meta']
[0.533s] Level 1:colcon.colcon_core.package_identification:_identify(src/deepracer_simulation) by extension 'colcon_meta'
[0.533s] Level 1:colcon.colcon_core.package_identification:_identify(src/deepracer_simulation) by extensions ['ros']
[0.534s] Level 1:colcon.colcon_core.package_identification:_identify(src/deepracer_simulation) by extension 'ros'
[0.534s] DEBUG:colcon.colcon_core.package_identification:Package 'src/deepracer_simulation' with type 'ros.catkin' and name 'deepracer_simulation'
[0.534s] Level 1:colcon.colcon_core.package_identification:_identify(src/sagemaker_rl_agent) by extensions ['ignore', 'ignore_ament_install']
[0.534s] Level 1:colcon.colcon_core.package_identification:_identify(src/sagemaker_rl_agent) by extension 'ignore'
[0.534s] Level 1:colcon.colcon_core.package_identification:_identify(src/sagemaker_rl_agent) by extension 'ignore_ament_install'
[0.534s] Level 1:colcon.colcon_core.package_identification:_identify(src/sagemaker_rl_agent) by extensions ['colcon_pkg']
[0.534s] Level 1:colcon.colcon_core.package_identification:_identify(src/sagemaker_rl_agent) by extension 'colcon_pkg'
[0.535s] Level 1:colcon.colcon_core.package_identification:_identify(src/sagemaker_rl_agent) by extensions ['colcon_meta']
[0.535s] Level 1:colcon.colcon_core.package_identification:_identify(src/sagemaker_rl_agent) by extension 'colcon_meta'
[0.535s] Level 1:colcon.colcon_core.package_identification:_identify(src/sagemaker_rl_agent) by extensions ['ros']
[0.535s] Level 1:colcon.colcon_core.package_identification:_identify(src/sagemaker_rl_agent) by extension 'ros'
[0.535s] Level 1:colcon.colcon_core.package_identification:_identify(src/sagemaker_rl_agent) by extensions ['cmake', 'python']
[0.535s] Level 1:colcon.colcon_core.package_identification:_identify(src/sagemaker_rl_agent) by extension 'cmake'
[0.535s] Level 1:colcon.colcon_core.package_identification:_identify(src/sagemaker_rl_agent) by extension 'python'
[0.535s] Level 1:colcon.colcon_core.package_identification:_identify(src/sagemaker_rl_agent) by extensions ['python_setup_py']
[0.535s] Level 1:colcon.colcon_core.package_identification:_identify(src/sagemaker_rl_agent) by extension 'python_setup_py'
[0.721s] DEBUG:colcon.colcon_core.package_identification:Package 'src/sagemaker_rl_agent' with type 'python' and name 'sagemaker_rl_agent'
[0.721s] Level 1:colcon.colcon_core.package_discovery:discover_packages(recursive) using defaults
[0.721s] Level 1:colcon.colcon_core.package_discovery:discover_packages(ignore) discover
[0.721s] Level 1:colcon.colcon_core.package_discovery:discover_packages(ignore) using defaults
[0.722s] Level 1:colcon.colcon_core.package_discovery:discover_packages(path) discover
[0.722s] Level 1:colcon.colcon_core.package_discovery:discover_packages(path) using defaults
[0.766s] Level 5:colcon.colcon_core.verb:set package 'deepracer_msgs' build argument 'cmake_args' from command line to 'None'
[0.766s] Level 5:colcon.colcon_core.verb:set package 'deepracer_msgs' build argument 'cmake_target' from command line to 'None'
[0.766s] Level 5:colcon.colcon_core.verb:set package 'deepracer_msgs' build argument 'cmake_target_skip_unavailable' from command line to 'False'
[0.766s] Level 5:colcon.colcon_core.verb:set package 'deepracer_msgs' build argument 'cmake_clean_cache' from command line to 'False'
[0.766s] Level 5:colcon.colcon_core.verb:set package 'deepracer_msgs' build argument 'cmake_clean_first' from command line to 'False'
[0.766s] Level 5:colcon.colcon_core.verb:set package 'deepracer_msgs' build argument 'cmake_force_configure' from command line to 'False'
[0.766s] Level 5:colcon.colcon_core.verb:set package 'deepracer_msgs' build argument 'ament_cmake_args' from command line to 'None'
[0.766s] Level 5:colcon.colcon_core.verb:set package 'deepracer_msgs' build argument 'catkin_cmake_args' from command line to 'None'
[0.766s] Level 5:colcon.colcon_core.verb:set package 'deepracer_msgs' build argument 'catkin_skip_building_tests' from command line to 'False'
[0.766s] DEBUG:colcon.colcon_core.verb:Building package 'deepracer_msgs' with the following arguments: {'ament_cmake_args': None, 'build_base': '/home/inspacer_logger/simulation_ws/build/deepracer_msgs', 'catkin_cmake_args': None, 'catkin_skip_building_tests': False, 'cmake_args': None, 'cmake_clean_cache': False, 'cmake_clean_first': False, 'cmake_force_configure': False, 'cmake_target': None, 'cmake_target_skip_unavailable': False, 'install_base': '/home/ininspacelogger/simulation_ws/install/deepracer_msgs', 'merge_install': False, 'path': '/home/inspinspacegger/simulation_ws/src/deepracer_msgs', 'symlink_install': False, 'test_result_base': None}
[0.776s] Level 5:colcon.colcon_core.verb:set package 'deepracer_simulation' build argument 'cmake_args' from command line to 'None'
[0.776s] Level 5:colcon.colcon_core.verb:set package 'deepracer_simulation' build argument 'cmake_target' from command line to 'None'
[0.776s] Level 5:colcon.colcon_core.verb:set package 'deepracer_simulation' build argument 'cmake_target_skip_unavailable' from command line to 'False'
[0.776s] Level 5:colcon.colcon_core.verb:set package 'deepracer_simulation' build argument 'cmake_clean_cache' from command line to 'False'
[0.776s] Level 5:colcon.colcon_core.verb:set package 'deepracer_simulation' build argument 'cmake_clean_first' from command line to 'False'
[0.777s] Level 5:colcon.colcon_core.verb:set package 'deepracer_simulation' build argument 'cmake_force_configure' from command line to 'False'
[0.777s] Level 5:colcon.colcon_core.verb:set package 'deepracer_simulation' build argument 'ament_cmake_args' from command line to 'None'
[0.777s] Level 5:colcon.colcon_core.verb:set package 'deepracer_simulation' build argument 'catkin_cmake_args' from command line to 'None'
[0.777s] Level 5:colcon.colcon_core.verb:set package 'deepracer_simulation' build argument 'catkin_skip_building_tests' from command line to 'False'
[0.777s] DEBUG:colcon.colcon_core.verb:Building package 'deepracer_simulation' with the following arguments: {'ament_cmake_args': None, 'build_base': '/home/inspacer_logger/simulation_ws/build/deepracer_simulation', 'catkin_cmake_args': None, 'catkin_skip_building_tests': False, 'cmake_args': None, 'cmake_clean_cache': False, 'cmake_clean_first': False, 'cmake_force_configure': False, 'cmake_target': None, 'cmake_target_skip_unavailable': False, 'install_base': '/home/ininspacelogger/simulation_ws/install/deepracer_simulation', 'merge_install': False, 'path': '/home/inspinspacegger/simulation_ws/src/deepracer_simulation', 'symlink_install': False, 'test_result_base': None}
[0.787s] Level 5:colcon.colcon_core.verb:set package 'sagemaker_rl_agent' build argument 'cmake_args' from command line to 'None'
[0.787s] Level 5:colcon.colcon_core.verb:set package 'sagemaker_rl_agent' build argument 'cmake_target' from command line to 'None'
[0.787s] Level 5:colcon.colcon_core.verb:set package 'sagemaker_rl_agent' build argument 'cmake_target_skip_unavailable' from command line to 'False'
[0.787s] Level 5:colcon.colcon_core.verb:set package 'sagemaker_rl_agent' build argument 'cmake_clean_cache' from command line to 'False'
[0.787s] Level 5:colcon.colcon_core.verb:set package 'sagemaker_rl_agent' build argument 'cmake_clean_first' from command line to 'False'
[0.787s] Level 5:colcon.colcon_core.verb:set package 'sagemaker_rl_agent' build argument 'cmake_force_configure' from command line to 'False'
[0.787s] Level 5:colcon.colcon_core.verb:set package 'sagemaker_rl_agent' build argument 'ament_cmake_args' from command line to 'None'
[0.787s] Level 5:colcon.colcon_core.verb:set package 'sagemaker_rl_agent' build argument 'catkin_cmake_args' from command line to 'None'
[0.787s] Level 5:colcon.colcon_core.verb:set package 'sagemaker_rl_agent' build argument 'catkin_skip_building_tests' from command line to 'False'
[0.787s] DEBUG:colcon.colcon_core.verb:Building package 'sagemaker_rl_agent' with the following arguments: {'ament_cmake_args': None, 'build_base': '/home/inspacer_logger/simulation_ws/build/sagemaker_rl_agent', 'catkin_cmake_args': None, 'catkin_skip_building_tests': False, 'cmake_args': None, 'cmake_clean_cache': False, 'cmake_clean_first': False, 'cmake_force_configure': False, 'cmake_target': None, 'cmake_target_skip_unavailable': False, 'install_base': '/home/ininspacelogger/simulation_ws/install/sagemaker_rl_agent', 'merge_install': False, 'path': '/home/inspinspacegger/simulation_ws/src/sagemaker_rl_agent', 'symlink_install': False, 'test_result_base': None}
[0.797s] Level 5:colcon.colcon_core.verb:set package 'deepracer_interpreter' build argument 'cmake_args' from command line to 'None'
[0.797s] Level 5:colcon.colcon_core.verb:set package 'deepracer_interpreter' build argument 'cmake_target' from command line to 'None'
[0.797s] Level 5:colcon.colcon_core.verb:set package 'deepracer_interpreter' build argument 'cmake_target_skip_unavailable' from command line to 'False'
[0.797s] Level 5:colcon.colcon_core.verb:set package 'deepracer_interpreter' build argument 'cmake_clean_cache' from command line to 'False'
[0.797s] Level 5:colcon.colcon_core.verb:set package 'deepracer_interpreter' build argument 'cmake_clean_first' from command line to 'False'
[0.797s] Level 5:colcon.colcon_core.verb:set package 'deepracer_interpreter' build argument 'cmake_force_configure' from command line to 'False'
[0.798s] Level 5:colcon.colcon_core.verb:set package 'deepracer_interpreter' build argument 'ament_cmake_args' from command line to 'None'
[0.798s] Level 5:colcon.colcon_core.verb:set package 'deepracer_interpreter' build argument 'catkin_cmake_args' from command line to 'None'
[0.798s] Level 5:colcon.colcon_core.verb:set package 'deepracer_interpreter' build argument 'catkin_skip_building_tests' from command line to 'False'
[0.798s] DEBUG:colcon.colcon_core.verb:Building package 'deepracer_interpreter' with the following arguments: {'ament_cmake_args': None, 'build_base': '/home/inspacer_logger/simulation_ws/build/deepracer_interpreter', 'catkin_cmake_args': None, 'catkin_skip_building_tests': False, 'cmake_args': None, 'cmake_clean_cache': False, 'cmake_clean_first': False, 'cmake_force_configure': False, 'cmake_target': None, 'cmake_target_skip_unavailable': False, 'install_base': '/home/ininspacelogger/simulation_ws/install/deepracer_interpreter', 'merge_install': False, 'path': '/home/inspinspacegger/simulation_ws/src/deepracer_interpreter', 'symlink_install': False, 'test_result_base': None}
[0.800s] INFO:colcon.colcon_core.executor:Executing jobs using 'parallel' executor
[0.818s] DEBUG:colcon.colcon_parallel_executor.executor.parallel:run_until_complete
[0.819s] INFO:colcon.colcon_ros.task.catkin.build:Building ROS package in '/home/inspacer_logger/simulation_ws/src/deepracer_msgs' with build type 'catkin'
[0.819s] INFO:colcon.colcon_cmake.task.cmake.build:Building CMake package in '/home/inspacer_logger/simulation_ws/src/deepracer_msgs'
[0.828s] INFO:colcon.colcon_core.plugin_system:Skipping extension 'colcon_core.shell.bat': Not used on non-Windows systems
[0.828s] INFO:colcon.colcon_core.shell:Skip shell extension 'powershell' for command environment: Not usable outside of PowerShell
[0.828s] DEBUG:colcon.colcon_core.shell:Skip shell extension 'dsv' for command environment
[0.835s] DEBUG:colcon.colcon_core.shell:Ignoring prefix path '/home/inspacerone_mpc_ws/devel/.private/catkin_tools_prebuild'
[0.835s] DEBUG:colcon.colcon_core.shell:Ignoring prefix path '/home/inspacerone_ws/devel/.private/catkin_tools_prebuild'
[0.835s] DEBUG:colcon.colcon_core.shell:Ignoring prefix path '/home/inspacerone_mpc_ws/devel'
[0.835s] DEBUG:colcon.colcon_core.shell:Ignoring prefix path '/home/inspaceutosim_ws/devel'
[0.835s] DEBUG:colcon.colcon_core.shell:Ignoring prefix path '/home/inspaceatkin_ws/devel'
[0.835s] DEBUG:colcon.colcon_core.shell:Ignoring prefix path '/home/inspacerone_ws/devel'
[0.835s] DEBUG:colcon.colcon_core.shell:Ignoring prefix path '/opt/ros/melodic'
[0.837s] INFO:colcon.colcon_ros.task.catkin.build:Building ROS package in '/home/inspacer_logger/simulation_ws/src/deepracer_simulation' with build type 'catkin'
[0.837s] INFO:colcon.colcon_cmake.task.cmake.build:Building CMake package in '/home/inspacer_logger/simulation_ws/src/deepracer_simulation'
[0.845s] INFO:colcon.colcon_core.shell:Skip shell extension 'powershell' for command environment: Not usable outside of PowerShell
[0.845s] DEBUG:colcon.colcon_core.shell:Skip shell extension 'dsv' for command environment
[0.852s] DEBUG:colcon.colcon_core.shell:Ignoring prefix path '/home/inspacerone_mpc_ws/devel/.private/catkin_tools_prebuild'
[0.852s] DEBUG:colcon.colcon_core.shell:Ignoring prefix path '/home/inspacerone_ws/devel/.private/catkin_tools_prebuild'
[0.852s] DEBUG:colcon.colcon_core.shell:Ignoring prefix path '/home/inspacerone_mpc_ws/devel'
[0.852s] DEBUG:colcon.colcon_core.shell:Ignoring prefix path '/home/inspaceutosim_ws/devel'
[0.852s] DEBUG:colcon.colcon_core.shell:Ignoring prefix path '/home/inspaceatkin_ws/devel'
[0.852s] DEBUG:colcon.colcon_core.shell:Ignoring prefix path '/home/inspacerone_ws/devel'
[0.852s] DEBUG:colcon.colcon_core.shell:Ignoring prefix path '/opt/ros/melodic'
[0.853s] INFO:colcon.colcon_core.task.python.build:Building Python package in '/home/inspacer_logger/simulation_ws/src/sagemaker_rl_agent'
[0.861s] INFO:colcon.colcon_core.shell:Skip shell extension 'powershell' for command environment: Not usable outside of PowerShell
[0.861s] DEBUG:colcon.colcon_core.shell:Skip shell extension 'dsv' for command environment
[0.867s] DEBUG:colcon.colcon_core.shell:Ignoring prefix path '/home/inspacerone_mpc_ws/devel/.private/catkin_tools_prebuild'
[0.867s] DEBUG:colcon.colcon_core.shell:Ignoring prefix path '/home/inspacerone_ws/devel/.private/catkin_tools_prebuild'
[0.867s] DEBUG:colcon.colcon_core.shell:Ignoring prefix path '/home/inspacerone_mpc_ws/devel'
[0.867s] DEBUG:colcon.colcon_core.shell:Ignoring prefix path '/home/inspaceutosim_ws/devel'
[0.867s] DEBUG:colcon.colcon_core.shell:Ignoring prefix path '/home/inspaceatkin_ws/devel'
[0.867s] DEBUG:colcon.colcon_core.shell:Ignoring prefix path '/home/inspacerone_ws/devel'
[0.867s] DEBUG:colcon.colcon_core.shell:Ignoring prefix path '/opt/ros/melodic'
[0.872s] DEBUG:colcon.colcon_core.event_handler.log_command:Invoking command in '/home/inspacer_logger/simulation_ws/build/deepracer_msgs': /usr/bin/cmake --build /home/ininspacelogger/simulation_ws/build/deepracer_msgs -- -j16 -l16
[0.876s] DEBUG:colcon.colcon_core.event_handler.log_command:Invoking command in '/home/inspacer_logger/simulation_ws/build/deepracer_simulation': /usr/bin/cmake --build /home/ininspacelogger/simulation_ws/build/deepracer_simulation -- -j16 -l16
[1.078s] DEBUG:colcon.colcon_core.event_handler.log_command:Invoking command in '/home/inspacer_logger/simulation_ws/src/sagemaker_rl_agent': PYTHONPATH=/home/ininspacelogger/simulation_ws/install/sagemaker_rl_agent/lib/python3.6/site-packages:${PYTHONPATH} /usr/bin/python3 setup.py egg_info --egg-base ../../build/sagemaker_rl_agent build --build-base /home/inspinspacegger/simulation_ws/build/sagemaker_rl_agent/build install --prefix /home/inspacinspaceer/simulation_ws/install/sagemaker_rl_agent --record /home/inspace/inspace/simulation_ws/build/sagemaker_rl_agent/install.log --single-version-externally-managed
[1.080s] DEBUG:colcon.colcon_core.event_handler.log_command:Invoked command in '/home/inspacer_logger/simulation_ws/build/deepracer_simulation' returned '0': /usr/bin/cmake --build /home/ininspacelogger/simulation_ws/build/deepracer_simulation -- -j16 -l16
[1.082s] DEBUG:colcon.colcon_core.event_handler.log_command:Invoked command in '/home/inspacer_logger/simulation_ws/build/deepracer_msgs' returned '0': /usr/bin/cmake --build /home/ininspacelogger/simulation_ws/build/deepracer_msgs -- -j16 -l16
[1.113s] DEBUG:colcon.colcon_core.event_handler.log_command:Invoking command in '/home/inspacer_logger/simulation_ws/build/deepracer_msgs': /usr/bin/cmake --build /home/ininspacelogger/simulation_ws/build/deepracer_msgs --target tests -- -j16 -l16
[1.135s] DEBUG:colcon.colcon_core.event_handler.log_command:Invoking command in '/home/inspacer_logger/simulation_ws/build/deepracer_simulation': /usr/bin/cmake --build /home/ininspacelogger/simulation_ws/build/deepracer_simulation --target tests -- -j16 -l16
[1.165s] DEBUG:colcon.colcon_core.event_handler.log_command:Invoked command in '/home/inspacer_logger/simulation_ws/build/deepracer_msgs' returned '0': /usr/bin/cmake --build /home/ininspacelogger/simulation_ws/build/deepracer_msgs --target tests -- -j16 -l16
[1.191s] DEBUG:colcon.colcon_core.event_handler.log_command:Invoked command in '/home/inspacer_logger/simulation_ws/build/deepracer_simulation' returned '0': /usr/bin/cmake --build /home/ininspacelogger/simulation_ws/build/deepracer_simulation --target tests -- -j16 -l16
[1.202s] DEBUG:colcon.colcon_core.event_handler.log_command:Invoking command in '/home/inspacer_logger/simulation_ws/build/deepracer_msgs': /usr/bin/cmake --build /home/ininspacelogger/simulation_ws/build/deepracer_msgs --target install -- -j16 -l16
[1.246s] DEBUG:colcon.colcon_core.event_handler.log_command:Invoking command in '/home/inspacer_logger/simulation_ws/build/deepracer_simulation': /usr/bin/cmake --build /home/ininspacelogger/simulation_ws/build/deepracer_simulation --target install -- -j16 -l16
[1.301s] DEBUG:colcon.colcon_core.event_handler.log_command:Invoked command in '/home/inspacer_logger/simulation_ws/build/deepracer_simulation' returned '0': /usr/bin/cmake --build /home/ininspacelogger/simulation_ws/build/deepracer_simulation --target install -- -j16 -l16
[1.335s] DEBUG:colcon.colcon_core.event_handler.log_command:Invoked command in '/home/inspacer_logger/simulation_ws/build/deepracer_msgs' returned '0': /usr/bin/cmake --build /home/ininspacelogger/simulation_ws/build/deepracer_msgs --target install -- -j16 -l16
[1.344s] Level 1:colcon.colcon_core.shell:create_environment_hook('deepracer_simulation', 'ros_package_path')
[1.352s] INFO:colcon.colcon_core.shell:Creating environment hook '/home/inspacer_logger/simulation_ws/install/deepracer_simulation/share/deepracer_simulation/hook/ros_package_path.ps1'
[1.353s] INFO:colcon.colcon_core.shell:Creating environment descriptor '/home/inspacer_logger/simulation_ws/install/deepracer_simulation/share/deepracer_simulation/hook/ros_package_path.dsv'
[1.353s] INFO:colcon.colcon_core.shell:Creating environment hook '/home/inspacer_logger/simulation_ws/install/deepracer_simulation/share/deepracer_simulation/hook/ros_package_path.sh'
[1.354s] Level 1:colcon.colcon_ros.task.catkin:checking '/home/inspacer_logger/simulation_ws/install/deepracer_simulation/lib/python2.7/dist-packages'
[1.354s] Level 1:colcon.colcon_core.shell:create_environment_hook('deepracer_simulation', 'pkg_config_path')
[1.361s] INFO:colcon.colcon_core.shell:Creating environment hook '/home/inspacer_logger/simulation_ws/install/deepracer_simulation/share/deepracer_simulation/hook/pkg_config_path.ps1'
[1.362s] INFO:colcon.colcon_core.shell:Creating environment descriptor '/home/inspacer_logger/simulation_ws/install/deepracer_simulation/share/deepracer_simulation/hook/pkg_config_path.dsv'
[1.362s] INFO:colcon.colcon_core.shell:Creating environment hook '/home/inspacer_logger/simulation_ws/install/deepracer_simulation/share/deepracer_simulation/hook/pkg_config_path.sh'
[1.364s] Level 1:colcon.colcon_core.shell:create_environment_hook('deepracer_simulation', 'pkg_config_path_multiarch')
[1.372s] INFO:colcon.colcon_core.shell:Creating environment hook '/home/inspacer_logger/simulation_ws/install/deepracer_simulation/share/deepracer_simulation/hook/pkg_config_path_multiarch.ps1'
[1.372s] INFO:colcon.colcon_core.shell:Creating environment descriptor '/home/inspacer_logger/simulation_ws/install/deepracer_simulation/share/deepracer_simulation/hook/pkg_config_path_multiarch.dsv'
[1.373s] INFO:colcon.colcon_core.shell:Creating environment hook '/home/inspacer_logger/simulation_ws/install/deepracer_simulation/share/deepracer_simulation/hook/pkg_config_path_multiarch.sh'
[1.381s] Level 1:colcon.colcon_core.environment:create_environment_scripts_only(deepracer_simulation)
[1.390s] Level 1:colcon.colcon_core.environment:checking '/home/inspacer_logger/simulation_ws/install/deepracer_simulation' for CMake module files
[1.391s] Level 1:colcon.colcon_core.environment:checking '/home/inspacer_logger/simulation_ws/install/deepracer_simulation' for CMake config files
[1.391s] Level 1:colcon.colcon_core.shell:create_environment_hook('deepracer_simulation', 'cmake_prefix_path')
[1.398s] INFO:colcon.colcon_core.shell:Creating environment hook '/home/inspacer_logger/simulation_ws/install/deepracer_simulation/share/deepracer_simulation/hook/cmake_prefix_path.ps1'
[1.398s] INFO:colcon.colcon_core.shell:Creating environment descriptor '/home/inspacer_logger/simulation_ws/install/deepracer_simulation/share/deepracer_simulation/hook/cmake_prefix_path.dsv'
[1.398s] INFO:colcon.colcon_core.shell:Creating environment hook '/home/inspacer_logger/simulation_ws/install/deepracer_simulation/share/deepracer_simulation/hook/cmake_prefix_path.sh'
[1.399s] Level 1:colcon.colcon_core.environment:checking '/home/inspacer_logger/simulation_ws/install/deepracer_simulation/lib'
[1.399s] Level 1:colcon.colcon_core.environment:checking '/home/inspacer_logger/simulation_ws/install/deepracer_simulation/bin'
[1.399s] Level 1:colcon.colcon_core.environment:checking '/home/inspacer_logger/simulation_ws/install/deepracer_simulation/lib/pkgconfig/deepracer_simulation.pc'
[1.399s] Level 1:colcon.colcon_core.shell:create_environment_hook('deepracer_simulation', 'pkg_config')
[1.406s] INFO:colcon.colcon_core.shell:Creating environment hook '/home/inspacer_logger/simulation_ws/install/deepracer_simulation/share/deepracer_simulation/hook/pkg_config.ps1'
[1.407s] INFO:colcon.colcon_core.shell:Creating environment descriptor '/home/inspacer_logger/simulation_ws/install/deepracer_simulation/share/deepracer_simulation/hook/pkg_config.dsv'
[1.407s] INFO:colcon.colcon_core.shell:Creating environment hook '/home/inspacer_logger/simulation_ws/install/deepracer_simulation/share/deepracer_simulation/hook/pkg_config.sh'
[1.407s] Level 1:colcon.colcon_core.environment:checking '/home/inspacer_logger/simulation_ws/install/deepracer_simulation/lib/python3.6/site-packages'
[1.415s] INFO:colcon.colcon_core.shell:Creating package script '/home/inspacer_logger/simulation_ws/install/deepracer_simulation/share/deepracer_simulation/package.ps1'
[1.415s] INFO:colcon.colcon_core.shell:Creating package descriptor '/home/inspacer_logger/simulation_ws/install/deepracer_simulation/share/deepracer_simulation/package.dsv'
[1.416s] INFO:colcon.colcon_core.shell:Creating package script '/home/inspacer_logger/simulation_ws/install/deepracer_simulation/share/deepracer_simulation/package.sh'
[1.416s] INFO:colcon.colcon_core.shell:Creating package script '/home/inspacer_logger/simulation_ws/install/deepracer_simulation/share/deepracer_simulation/package.bash'
[1.417s] INFO:colcon.colcon_core.shell:Creating package script '/home/inspacer_logger/simulation_ws/install/deepracer_simulation/share/deepracer_simulation/package.zsh'
[1.417s] Level 1:colcon.colcon_core.environment:create_file_with_runtime_dependencies(/home/inspacer_logger/simulation_ws/install/deepracer_simulation/share/colcon-core/packages/deepracer_simulation)
[1.426s] Level 1:colcon.colcon_core.environment:checking '/home/inspacer_logger/simulation_ws/install/sagemaker_rl_agent' for CMake module files
[1.426s] DEBUG:colcon.colcon_core.event_handler.log_command:Invoked command in '/home/inspacer_logger/simulation_ws/src/sagemaker_rl_agent' returned '0': PYTHONPATH=/home/ininspacelogger/simulation_ws/install/sagemaker_rl_agent/lib/python3.6/site-packages:${PYTHONPATH} /usr/bin/python3 setup.py egg_info --egg-base ../../build/sagemaker_rl_agent build --build-base /home/inspinspacegger/simulation_ws/build/sagemaker_rl_agent/build install --prefix /home/inspacinspaceer/simulation_ws/install/sagemaker_rl_agent --record /home/inspace/inspace/simulation_ws/build/sagemaker_rl_agent/install.log --single-version-externally-managed
[1.427s] Level 1:colcon.colcon_core.environment:checking '/home/inspacer_logger/simulation_ws/install/sagemaker_rl_agent' for CMake config files
[1.427s] Level 1:colcon.colcon_core.environment:checking '/home/inspacer_logger/simulation_ws/install/sagemaker_rl_agent/lib'
[1.427s] Level 1:colcon.colcon_core.environment:checking '/home/inspacer_logger/simulation_ws/install/sagemaker_rl_agent/bin'
[1.427s] Level 1:colcon.colcon_core.shell:create_environment_hook('sagemaker_rl_agent', 'path')
[1.435s] INFO:colcon.colcon_core.shell:Creating environment hook '/home/inspacer_logger/simulation_ws/install/sagemaker_rl_agent/share/sagemaker_rl_agent/hook/path.ps1'
[1.435s] INFO:colcon.colcon_core.shell:Creating environment descriptor '/home/inspacer_logger/simulation_ws/install/sagemaker_rl_agent/share/sagemaker_rl_agent/hook/path.dsv'
[1.435s] INFO:colcon.colcon_core.shell:Creating environment hook '/home/inspacer_logger/simulation_ws/install/sagemaker_rl_agent/share/sagemaker_rl_agent/hook/path.sh'
[1.435s] Level 1:colcon.colcon_core.environment:checking '/home/inspacer_logger/simulation_ws/install/sagemaker_rl_agent/lib/pkgconfig/sagemaker_rl_agent.pc'
[1.435s] Level 1:colcon.colcon_core.environment:checking '/home/inspacer_logger/simulation_ws/install/sagemaker_rl_agent/lib/python3.6/site-packages'
[1.435s] Level 1:colcon.colcon_core.shell:create_environment_hook('sagemaker_rl_agent', 'pythonpath')
[1.443s] INFO:colcon.colcon_core.shell:Creating environment hook '/home/inspacer_logger/simulation_ws/install/sagemaker_rl_agent/share/sagemaker_rl_agent/hook/pythonpath.ps1'
[1.443s] INFO:colcon.colcon_core.shell:Creating environment descriptor '/home/inspacer_logger/simulation_ws/install/sagemaker_rl_agent/share/sagemaker_rl_agent/hook/pythonpath.dsv'
[1.443s] INFO:colcon.colcon_core.shell:Creating environment hook '/home/inspacer_logger/simulation_ws/install/sagemaker_rl_agent/share/sagemaker_rl_agent/hook/pythonpath.sh'
[1.443s] Level 1:colcon.colcon_core.environment:create_environment_scripts_only(sagemaker_rl_agent)
[1.451s] INFO:colcon.colcon_core.shell:Creating package script '/home/inspacer_logger/simulation_ws/install/sagemaker_rl_agent/share/sagemaker_rl_agent/package.ps1'
[1.451s] INFO:colcon.colcon_core.shell:Creating package descriptor '/home/inspacer_logger/simulation_ws/install/sagemaker_rl_agent/share/sagemaker_rl_agent/package.dsv'
[1.452s] INFO:colcon.colcon_core.shell:Creating package script '/home/inspacer_logger/simulation_ws/install/sagemaker_rl_agent/share/sagemaker_rl_agent/package.sh'
[1.452s] INFO:colcon.colcon_core.shell:Creating package script '/home/inspacer_logger/simulation_ws/install/sagemaker_rl_agent/share/sagemaker_rl_agent/package.bash'
[1.452s] INFO:colcon.colcon_core.shell:Creating package script '/home/inspacer_logger/simulation_ws/install/sagemaker_rl_agent/share/sagemaker_rl_agent/package.zsh'
[1.452s] Level 1:colcon.colcon_core.environment:create_file_with_runtime_dependencies(/home/inspacer_logger/simulation_ws/install/sagemaker_rl_agent/share/colcon-core/packages/sagemaker_rl_agent)
[1.453s] Level 1:colcon.colcon_core.shell:create_environment_hook('deepracer_msgs', 'ros_package_path')
[1.461s] INFO:colcon.colcon_core.shell:Creating environment hook '/home/inspacer_logger/simulation_ws/install/deepracer_msgs/share/deepracer_msgs/hook/ros_package_path.ps1'
[1.461s] INFO:colcon.colcon_core.shell:Creating environment descriptor '/home/inspacer_logger/simulation_ws/install/deepracer_msgs/share/deepracer_msgs/hook/ros_package_path.dsv'
[1.461s] INFO:colcon.colcon_core.shell:Creating environment hook '/home/inspacer_logger/simulation_ws/install/deepracer_msgs/share/deepracer_msgs/hook/ros_package_path.sh'
[1.462s] Level 1:colcon.colcon_ros.task.catkin:checking '/home/inspacer_logger/simulation_ws/install/deepracer_msgs/lib/python2.7/dist-packages'
[1.462s] Level 1:colcon.colcon_core.shell:create_environment_hook('deepracer_msgs', 'catkin_pythonpath')
[1.470s] INFO:colcon.colcon_core.shell:Creating environment hook '/home/inspacer_logger/simulation_ws/install/deepracer_msgs/share/deepracer_msgs/hook/catkin_pythonpath.ps1'
[1.470s] INFO:colcon.colcon_core.shell:Creating environment descriptor '/home/inspacer_logger/simulation_ws/install/deepracer_msgs/share/deepracer_msgs/hook/catkin_pythonpath.dsv'
[1.470s] INFO:colcon.colcon_core.shell:Creating environment hook '/home/inspacer_logger/simulation_ws/install/deepracer_msgs/share/deepracer_msgs/hook/catkin_pythonpath.sh'
[1.470s] Level 1:colcon.colcon_core.shell:create_environment_hook('deepracer_msgs', 'pkg_config_path')
[1.478s] INFO:colcon.colcon_core.shell:Creating environment hook '/home/inspacer_logger/simulation_ws/install/deepracer_msgs/share/deepracer_msgs/hook/pkg_config_path.ps1'
[1.478s] INFO:colcon.colcon_core.shell:Creating environment descriptor '/home/inspacer_logger/simulation_ws/install/deepracer_msgs/share/deepracer_msgs/hook/pkg_config_path.dsv'
[1.478s] INFO:colcon.colcon_core.shell:Creating environment hook '/home/inspacer_logger/simulation_ws/install/deepracer_msgs/share/deepracer_msgs/hook/pkg_config_path.sh'
[1.479s] Level 1:colcon.colcon_core.shell:create_environment_hook('deepracer_msgs', 'pkg_config_path_multiarch')
[1.487s] INFO:colcon.colcon_core.shell:Creating environment hook '/home/inspacer_logger/simulation_ws/install/deepracer_msgs/share/deepracer_msgs/hook/pkg_config_path_multiarch.ps1'
[1.488s] INFO:colcon.colcon_core.shell:Creating environment descriptor '/home/inspacer_logger/simulation_ws/install/deepracer_msgs/share/deepracer_msgs/hook/pkg_config_path_multiarch.dsv'
[1.488s] INFO:colcon.colcon_core.shell:Creating environment hook '/home/inspacer_logger/simulation_ws/install/deepracer_msgs/share/deepracer_msgs/hook/pkg_config_path_multiarch.sh'
[1.496s] Level 1:colcon.colcon_core.environment:create_environment_scripts_only(deepracer_msgs)
[1.505s] Level 1:colcon.colcon_core.environment:checking '/home/inspacer_logger/simulation_ws/install/deepracer_msgs' for CMake module files
[1.505s] Level 1:colcon.colcon_core.environment:checking '/home/inspacer_logger/simulation_ws/install/deepracer_msgs' for CMake config files
[1.505s] Level 1:colcon.colcon_core.shell:create_environment_hook('deepracer_msgs', 'cmake_prefix_path')
[1.513s] INFO:colcon.colcon_core.shell:Creating environment hook '/home/inspacer_logger/simulation_ws/install/deepracer_msgs/share/deepracer_msgs/hook/cmake_prefix_path.ps1'
[1.514s] INFO:colcon.colcon_core.shell:Creating environment descriptor '/home/inspacer_logger/simulation_ws/install/deepracer_msgs/share/deepracer_msgs/hook/cmake_prefix_path.dsv'
[1.514s] INFO:colcon.colcon_core.shell:Creating environment hook '/home/inspacer_logger/simulation_ws/install/deepracer_msgs/share/deepracer_msgs/hook/cmake_prefix_path.sh'
[1.515s] Level 1:colcon.colcon_core.environment:checking '/home/inspacer_logger/simulation_ws/install/deepracer_msgs/lib'
[1.515s] Level 1:colcon.colcon_core.environment:checking '/home/inspacer_logger/simulation_ws/install/deepracer_msgs/bin'
[1.515s] Level 1:colcon.colcon_core.environment:checking '/home/inspacer_logger/simulation_ws/install/deepracer_msgs/lib/pkgconfig/deepracer_msgs.pc'
[1.515s] Level 1:colcon.colcon_core.shell:create_environment_hook('deepracer_msgs', 'pkg_config')
[1.524s] INFO:colcon.colcon_core.shell:Creating environment hook '/home/inspacer_logger/simulation_ws/install/deepracer_msgs/share/deepracer_msgs/hook/pkg_config.ps1'
[1.524s] INFO:colcon.colcon_core.shell:Creating environment descriptor '/home/inspacer_logger/simulation_ws/install/deepracer_msgs/share/deepracer_msgs/hook/pkg_config.dsv'
[1.524s] INFO:colcon.colcon_core.shell:Creating environment hook '/home/inspacer_logger/simulation_ws/install/deepracer_msgs/share/deepracer_msgs/hook/pkg_config.sh'
[1.525s] Level 1:colcon.colcon_core.environment:checking '/home/inspacer_logger/simulation_ws/install/deepracer_msgs/lib/python3.6/site-packages'
[1.533s] INFO:colcon.colcon_core.shell:Creating package script '/home/inspacer_logger/simulation_ws/install/deepracer_msgs/share/deepracer_msgs/package.ps1'
[1.534s] INFO:colcon.colcon_core.shell:Creating package descriptor '/home/inspacer_logger/simulation_ws/install/deepracer_msgs/share/deepracer_msgs/package.dsv'
[1.535s] INFO:colcon.colcon_core.shell:Creating package script '/home/inspacer_logger/simulation_ws/install/deepracer_msgs/share/deepracer_msgs/package.sh'
[1.535s] INFO:colcon.colcon_core.shell:Creating package script '/home/inspacer_logger/simulation_ws/install/deepracer_msgs/share/deepracer_msgs/package.bash'
[1.535s] INFO:colcon.colcon_core.shell:Creating package script '/home/inspacer_logger/simulation_ws/install/deepracer_msgs/share/deepracer_msgs/package.zsh'
[1.535s] Level 1:colcon.colcon_core.environment:create_file_with_runtime_dependencies(/home/inspacer_logger/simulation_ws/install/deepracer_msgs/share/colcon-core/packages/deepracer_msgs)
[1.536s] INFO:colcon.colcon_ros.task.catkin.build:Building ROS package in '/home/inspacer_logger/simulation_ws/src/deepracer_interpreter' with build type 'catkin'
[1.536s] INFO:colcon.colcon_cmake.task.cmake.build:Building CMake package in '/home/inspacer_logger/simulation_ws/src/deepracer_interpreter'
[1.544s] INFO:colcon.colcon_core.shell:Skip shell extension 'powershell' for command environment: Not usable outside of PowerShell
[1.544s] DEBUG:colcon.colcon_core.shell:Skip shell extension 'dsv' for command environment
[1.550s] DEBUG:colcon.colcon_core.shell:Ignoring prefix path '/home/inspacerone_mpc_ws/devel/.private/catkin_tools_prebuild'
[1.550s] DEBUG:colcon.colcon_core.shell:Ignoring prefix path '/home/inspacerone_ws/devel/.private/catkin_tools_prebuild'
[1.551s] DEBUG:colcon.colcon_core.shell:Ignoring prefix path '/home/inspacerone_mpc_ws/devel'
[1.551s] DEBUG:colcon.colcon_core.shell:Ignoring prefix path '/home/inspaceutosim_ws/devel'
[1.551s] DEBUG:colcon.colcon_core.shell:Ignoring prefix path '/home/inspaceatkin_ws/devel'
[1.551s] DEBUG:colcon.colcon_core.shell:Ignoring prefix path '/home/inspacerone_ws/devel'
[1.551s] DEBUG:colcon.colcon_core.shell:Ignoring prefix path '/opt/ros/melodic'
[1.559s] DEBUG:colcon.colcon_core.event_handler.log_command:Invoking command in '/home/inspacer_logger/simulation_ws/build/deepracer_interpreter': CMAKE_PREFIX_PATH=/home/ininspacelogger/simulation_ws/install/deepracer_msgs:/home/inspinspacegger/simulation_ws/install/deepracer_simulation:/home/inspacinspaceer/simulation_ws/install/deepracer_interpreter:/home/inspace/inspace_ws/devel/.private/catkin_tools_prebuild:/home/inspace/drinspacevel/.private/catkin_tools_prebuild:/home/inspace/droninspacedevel:/home/inspace/autosiinspacel:/home/inspace/catkin_winspacehome/inspace/drone_ws/dinspace/ros/melodic PKG_CONFIG_PATH=/home/inspace/dr_logger/siinspacews/install/deepracer_msgs/lib/x86_64-linux-gnu/pkgconfig:/home/inspace/dr_logger/simuinspace/install/deepracer_msgs/lib/pkgconfig:/home/inspace/dr_logger/simulainspacenstall/deepracer_simulation/lib/x86_64-linux-gnu/pkgconfig:/home/inspace/dr_logger/simulatiinspacetall/deepracer_simulation/lib/pkgconfig:/home/inspace/dr_logger/simulationinspacell/deepracer_interpreter/lib/x86_64-linux-gnu/pkgconfig:/home/inspace/dr_logger/simulation_winspace/deepracer_interpreter/lib/pkgconfig:/home/inspace/drone_mpc_ws/devel/.privinspacen_tools_prebuild/lib/pkgconfig:/home/inspace/drone_ws/devel/.private/cainspaces_prebuild/lib/pkgconfig:/home/inspace/drone_mpc_ws/devel/lib/pkgcoinspacee/inspace/autosim_ws/devel/lib/pkgconfiginspacespace/catkin_ws/devel/lib/pkgconfig:/hinspacece/drone_ws/devel/lib/pkgconfig:/opt/inspaceic/lib/pkgconfig PYTHONPATH=/home/inspace/dr_logger/simulation_ws/install/deepinspaces/lib/python2.7/dist-packages:/home/inspace/dr_logger/simulation_ws/install/sagemainspaceent/lib/python3.6/site-packages:/home/inspace/drone_mpc_ws/devel/lib/python2.7/dist-painspaceome/inspace/autosim_ws/devel/lib/python2.7/dist-packaginspaceinspace/catkin_ws/devel/lib/python2.7/dist-packages:inspacepace/drone_ws/devel/lib/python2.7/dist-packages:/opinspaceodic/lib/python2.7/dist-packages:/home/inspace/drone_mpc_ws/src/data_driven_mpc/ros_gp_mpc ROS_inspaceATH=/home/inspace/dr_logger/simulation_ws/install/deepracer_msgs/shainspaceinspace/dr_logger/simulation_ws/install/deepracer_simulationinspaceome/inspace/dr_logger/simulation_ws/install/deepracer_interpreter/inspaceme/inspace/drone_mpc_ws/src/catkin_simple:/home/inspace/drone_mpc_winspaceen_catkin:/home/inspace/drone_mpc_ws/sinspacemm/mav_comm:/home/inspace/drone_mpc_winspace_comm/mav_msgs:/home/inspace/drone_mpc_ws/inspaceomm/mav_planning_msgs:/home/inspace/drone_inspacec/mav_comm/mav_state_machine_msgs:/home/inspace/droinspace/src/mav_comm/mav_system_msgs:/home/inspace/drone_mpc_wsinspacequadrotor_control/quad_launch_files:/home/inspaceinspacec_ws/src/rpg_quadrotor_common/quadrotor_msgs:/home/inspace/droneinspacerc/rpg_quadrotor_common/quadrotor_common:/home/inspace/droneinspacerc/rpg_quadrotor_control/trajectory_planning/polynomial_trajecinspaceome/inspace/drone_mpc_ws/src/rpg_quadrotor_control/control/position_controller:/home/inspainspacempc_ws/src/data_driven_mpc/ros_gp_mpc:/home/inspace/drone_mpc_ws/src/rotorinspaceor/rotors_comm:/home/inspace/drone_mpc_ws/src/rotorinspaceor/rotors_control:/home/inspace/drone_mpc_ws/src/rotoinspacetor/rotors_description:/home/inspace/drone_mpc_ws/src/roinspacelator/rotors_evaluation:/home/inspace/drone_mpc_ws/src/rotorinspaceor/rotors_gazebo_plugins:/home/inspace/drone_mpc_ws/src/rotinspaceator/rotors_gazebo:/home/inspace/drone_mpc_ws/src/rotors_simulainspaces_hil_interface:/home/inspace/drone_mpc_ws/src/rotors_sinspacerotors_joy_interface:/home/inspace/drone_mpc_ws/src/rotors_siminspacetors_simulator:/home/inspace/drone_mpc_ws/src/rpg_quadrotor_coinspaceulation/rpg_rotors_interface:/home/inspace/drone_mpc_ws/srinspacegle_board_io:/home/inspace/drone_mpc_ws/src/rpg_quadrotor_control/gui/rqt_quadinspacee/inspace/drone_mpc_ws/src/rotors_simulator/inspaces:/home/inspace/drone_mpc_ws/src/rpg_quadrotor_control/bridges/inspacege:/home/inspace/drone_mpc_ws/src/rpg_quadrotor_continspace/manual_flight_assistant:/home/inspace/drone_mpc_ws/src/rpg_quadroinspacen/state_predictor:/home/inspace/drone_mpc_ws/src/rpg_quadrotor_control/trajeinspacenning/trajectory_generation_helper:/home/inspace/drone_mpc_wsinspacequadrotor_control/control/autopilot:/home/inspace/drone_mpc_ws/src/rpg_quadrotor_control/test/rinspacetor_integration_test:/home/inspace/drone_mpc_ws/src/rpg_quadrotoinspace/utils/vbat_thrust_calibration:/home/inspace/autosim_ws/src:/home/inspace/catkin_winspaceme/inspace/drone_ws/src/iq_sim:/home/inspace/drone_ws/src/mavlink:/home/inspinspace_ws/src/mavros/libmavcinspace/inspace/drone_ws/srcinspaceavros_msgs:/home/inspace/drinspacec/mavros/mavros:/home/inspacinspaces/src/mavros/mavros_extras:/home/inspainspacews/src/mavros/test_mavros:/opt/ros/meloinspace /usr/bin/cmake --build /home/inspinspacegger/simulation_ws/build/deepracer_interpinspace-j16 -l16inspace
[1.615s] DEBUG:colcon.colcon_core.event_handler.log_command:Invoked command in '/home/inspacer_logger/simulation_ws/build/deepracer_interpreter' returned '0': CMAKE_PREFIX_PATH=/home/ininspacelogger/simulation_ws/install/deepracer_msgs:/home/inspinspacegger/simulation_ws/install/deepracer_simulation:/home/inspacinspaceer/simulation_ws/install/deepracer_interpreter:/home/inspace/inspace_ws/devel/.private/catkin_tools_prebuild:/home/inspace/drinspacevel/.private/catkin_tools_prebuild:/home/inspace/droninspacedevel:/home/inspace/autosiinspacel:/home/inspace/catkin_winspacehome/inspace/drone_ws/dinspace/ros/melodic PKG_CONFIG_PATH=/home/inspace/dr_logger/siinspacews/install/deepracer_msgs/lib/x86_64-linux-gnu/pkgconfig:/home/inspace/dr_logger/simuinspace/install/deepracer_msgs/lib/pkgconfig:/home/inspace/dr_logger/simulainspacenstall/deepracer_simulation/lib/x86_64-linux-gnu/pkgconfig:/home/inspace/dr_logger/simulatiinspacetall/deepracer_simulation/lib/pkgconfig:/home/inspace/dr_logger/simulationinspacell/deepracer_interpreter/lib/x86_64-linux-gnu/pkgconfig:/home/inspace/dr_logger/simulation_winspace/deepracer_interpreter/lib/pkgconfig:/home/inspace/drone_mpc_ws/devel/.privinspacen_tools_prebuild/lib/pkgconfig:/home/inspace/drone_ws/devel/.private/cainspaces_prebuild/lib/pkgconfig:/home/inspace/drone_mpc_ws/devel/lib/pkgcoinspacee/inspace/autosim_ws/devel/lib/pkgconfiginspacespace/catkin_ws/devel/lib/pkgconfig:/hinspacece/drone_ws/devel/lib/pkgconfig:/opt/inspaceic/lib/pkgconfig PYTHONPATH=/home/inspace/dr_logger/simulation_ws/install/deepinspaces/lib/python2.7/dist-packages:/home/inspace/dr_logger/simulation_ws/install/sagemainspaceent/lib/python3.6/site-packages:/home/inspace/drone_mpc_ws/devel/lib/python2.7/dist-painspaceome/inspace/autosim_ws/devel/lib/python2.7/dist-packaginspaceinspace/catkin_ws/devel/lib/python2.7/dist-packages:inspacepace/drone_ws/devel/lib/python2.7/dist-packages:/opinspaceodic/lib/python2.7/dist-packages:/home/inspace/drone_mpc_ws/src/data_driven_mpc/ros_gp_mpc ROS_inspaceATH=/home/inspace/dr_logger/simulation_ws/install/deepracer_msgs/shainspaceinspace/dr_logger/simulation_ws/install/deepracer_simulationinspaceome/inspace/dr_logger/simulation_ws/install/deepracer_interpreter/inspaceme/inspace/drone_mpc_ws/src/catkin_simple:/home/inspace/drone_mpc_winspaceen_catkin:/home/inspace/drone_mpc_ws/sinspacemm/mav_comm:/home/inspace/drone_mpc_winspace_comm/mav_msgs:/home/inspace/drone_mpc_ws/inspaceomm/mav_planning_msgs:/home/inspace/drone_inspacec/mav_comm/mav_state_machine_msgs:/home/inspace/droinspace/src/mav_comm/mav_system_msgs:/home/inspace/drone_mpc_wsinspacequadrotor_control/quad_launch_files:/home/inspaceinspacec_ws/src/rpg_quadrotor_common/quadrotor_msgs:/home/inspace/droneinspacerc/rpg_quadrotor_common/quadrotor_common:/home/inspace/droneinspacerc/rpg_quadrotor_control/trajectory_planning/polynomial_trajecinspaceome/inspace/drone_mpc_ws/src/rpg_quadrotor_control/control/position_controller:/home/inspainspacempc_ws/src/data_driven_mpc/ros_gp_mpc:/home/inspace/drone_mpc_ws/src/rotorinspaceor/rotors_comm:/home/inspace/drone_mpc_ws/src/rotorinspaceor/rotors_control:/home/inspace/drone_mpc_ws/src/rotoinspacetor/rotors_description:/home/inspace/drone_mpc_ws/src/roinspacelator/rotors_evaluation:/home/inspace/drone_mpc_ws/src/rotorinspaceor/rotors_gazebo_plugins:/home/inspace/drone_mpc_ws/src/rotinspaceator/rotors_gazebo:/home/inspace/drone_mpc_ws/src/rotors_simulainspaces_hil_interface:/home/inspace/drone_mpc_ws/src/rotors_sinspacerotors_joy_interface:/home/inspace/drone_mpc_ws/src/rotors_siminspacetors_simulator:/home/inspace/drone_mpc_ws/src/rpg_quadrotor_coinspaceulation/rpg_rotors_interface:/home/inspace/drone_mpc_ws/srinspacegle_board_io:/home/inspace/drone_mpc_ws/src/rpg_quadrotor_control/gui/rqt_quadinspacee/inspace/drone_mpc_ws/src/rotors_simulator/inspaces:/home/inspace/drone_mpc_ws/src/rpg_quadrotor_control/bridges/inspacege:/home/inspace/drone_mpc_ws/src/rpg_quadrotor_continspace/manual_flight_assistant:/home/inspace/drone_mpc_ws/src/rpg_quadroinspacen/state_predictor:/home/inspace/drone_mpc_ws/src/rpg_quadrotor_control/trajeinspacenning/trajectory_generation_helper:/home/inspace/drone_mpc_wsinspacequadrotor_control/control/autopilot:/home/inspace/drone_mpc_ws/src/rpg_quadrotor_control/test/rinspacetor_integration_test:/home/inspace/drone_mpc_ws/src/rpg_quadrotoinspace/utils/vbat_thrust_calibration:/home/inspace/autosim_ws/src:/home/inspace/catkin_winspaceme/inspace/drone_ws/src/iq_sim:/home/inspace/drone_ws/src/mavlink:/home/inspinspace_ws/src/mavros/libmavcinspace/inspace/drone_ws/srcinspaceavros_msgs:/home/inspace/drinspacec/mavros/mavros:/home/inspacinspaces/src/mavros/mavros_extras:/home/inspainspacews/src/mavros/test_mavros:/opt/ros/meloinspace /usr/bin/cmake --build /home/inspinspacegger/simulation_ws/build/deepracer_interpinspace-j16 -l16inspace
[1.669s] DEBUG:colcon.colcon_core.event_handler.log_command:Invoking command in '/home/inspacer_logger/simulation_ws/build/deepracer_interpreter': CMAKE_PREFIX_PATH=/home/ininspacelogger/simulation_ws/install/deepracer_msgs:/home/inspinspacegger/simulation_ws/install/deepracer_simulation:/home/inspacinspaceer/simulation_ws/install/deepracer_interpreter:/home/inspace/inspace_ws/devel/.private/catkin_tools_prebuild:/home/inspace/drinspacevel/.private/catkin_tools_prebuild:/home/inspace/droninspacedevel:/home/inspace/autosiinspacel:/home/inspace/catkin_winspacehome/inspace/drone_ws/dinspace/ros/melodic PKG_CONFIG_PATH=/home/inspace/dr_logger/siinspacews/install/deepracer_msgs/lib/x86_64-linux-gnu/pkgconfig:/home/inspace/dr_logger/simuinspace/install/deepracer_msgs/lib/pkgconfig:/home/inspace/dr_logger/simulainspacenstall/deepracer_simulation/lib/x86_64-linux-gnu/pkgconfig:/home/inspace/dr_logger/simulatiinspacetall/deepracer_simulation/lib/pkgconfig:/home/inspace/dr_logger/simulationinspacell/deepracer_interpreter/lib/x86_64-linux-gnu/pkgconfig:/home/inspace/dr_logger/simulation_winspace/deepracer_interpreter/lib/pkgconfig:/home/inspace/drone_mpc_ws/devel/.privinspacen_tools_prebuild/lib/pkgconfig:/home/inspace/drone_ws/devel/.private/cainspaces_prebuild/lib/pkgconfig:/home/inspace/drone_mpc_ws/devel/lib/pkgcoinspacee/inspace/autosim_ws/devel/lib/pkgconfiginspacespace/catkin_ws/devel/lib/pkgconfig:/hinspacece/drone_ws/devel/lib/pkgconfig:/opt/inspaceic/lib/pkgconfig PYTHONPATH=/home/inspace/dr_logger/simulation_ws/install/deepinspaces/lib/python2.7/dist-packages:/home/inspace/dr_logger/simulation_ws/install/sagemainspaceent/lib/python3.6/site-packages:/home/inspace/drone_mpc_ws/devel/lib/python2.7/dist-painspaceome/inspace/autosim_ws/devel/lib/python2.7/dist-packaginspaceinspace/catkin_ws/devel/lib/python2.7/dist-packages:inspacepace/drone_ws/devel/lib/python2.7/dist-packages:/opinspaceodic/lib/python2.7/dist-packages:/home/inspace/drone_mpc_ws/src/data_driven_mpc/ros_gp_mpc ROS_inspaceATH=/home/inspace/dr_logger/simulation_ws/install/deepracer_msgs/shainspaceinspace/dr_logger/simulation_ws/install/deepracer_simulationinspaceome/inspace/dr_logger/simulation_ws/install/deepracer_interpreter/inspaceme/inspace/drone_mpc_ws/src/catkin_simple:/home/inspace/drone_mpc_winspaceen_catkin:/home/inspace/drone_mpc_ws/sinspacemm/mav_comm:/home/inspace/drone_mpc_winspace_comm/mav_msgs:/home/inspace/drone_mpc_ws/inspaceomm/mav_planning_msgs:/home/inspace/drone_inspacec/mav_comm/mav_state_machine_msgs:/home/inspace/droinspace/src/mav_comm/mav_system_msgs:/home/inspace/drone_mpc_wsinspacequadrotor_control/quad_launch_files:/home/inspaceinspacec_ws/src/rpg_quadrotor_common/quadrotor_msgs:/home/inspace/droneinspacerc/rpg_quadrotor_common/quadrotor_common:/home/inspace/droneinspacerc/rpg_quadrotor_control/trajectory_planning/polynomial_trajecinspaceome/inspace/drone_mpc_ws/src/rpg_quadrotor_control/control/position_controller:/home/inspainspacempc_ws/src/data_driven_mpc/ros_gp_mpc:/home/inspace/drone_mpc_ws/src/rotorinspaceor/rotors_comm:/home/inspace/drone_mpc_ws/src/rotorinspaceor/rotors_control:/home/inspace/drone_mpc_ws/src/rotoinspacetor/rotors_description:/home/inspace/drone_mpc_ws/src/roinspacelator/rotors_evaluation:/home/inspace/drone_mpc_ws/src/rotorinspaceor/rotors_gazebo_plugins:/home/inspace/drone_mpc_ws/src/rotinspaceator/rotors_gazebo:/home/inspace/drone_mpc_ws/src/rotors_simulainspaces_hil_interface:/home/inspace/drone_mpc_ws/src/rotors_sinspacerotors_joy_interface:/home/inspace/drone_mpc_ws/src/rotors_siminspacetors_simulator:/home/inspace/drone_mpc_ws/src/rpg_quadrotor_coinspaceulation/rpg_rotors_interface:/home/inspace/drone_mpc_ws/srinspacegle_board_io:/home/inspace/drone_mpc_ws/src/rpg_quadrotor_control/gui/rqt_quadinspacee/inspace/drone_mpc_ws/src/rotors_simulator/inspaces:/home/inspace/drone_mpc_ws/src/rpg_quadrotor_control/bridges/inspacege:/home/inspace/drone_mpc_ws/src/rpg_quadrotor_continspace/manual_flight_assistant:/home/inspace/drone_mpc_ws/src/rpg_quadroinspacen/state_predictor:/home/inspace/drone_mpc_ws/src/rpg_quadrotor_control/trajeinspacenning/trajectory_generation_helper:/home/inspace/drone_mpc_wsinspacequadrotor_control/control/autopilot:/home/inspace/drone_mpc_ws/src/rpg_quadrotor_control/test/rinspacetor_integration_test:/home/inspace/drone_mpc_ws/src/rpg_quadrotoinspace/utils/vbat_thrust_calibration:/home/inspace/autosim_ws/src:/home/inspace/catkin_winspaceme/inspace/drone_ws/src/iq_sim:/home/inspace/drone_ws/src/mavlink:/home/inspinspace_ws/src/mavros/libmavcinspace/inspace/drone_ws/srcinspaceavros_msgs:/home/inspace/drinspacec/mavros/mavros:/home/inspacinspaces/src/mavros/mavros_extras:/home/inspainspacews/src/mavros/test_mavros:/opt/ros/meloinspace /usr/bin/cmake --build /home/inspinspacegger/simulation_ws/build/deepracer_interpinspacearget tests -- -j16 -l16inspace
[1.722s] DEBUG:colcon.colcon_core.event_handler.log_command:Invoked command in '/home/inspacer_logger/simulation_ws/build/deepracer_interpreter' returned '0': CMAKE_PREFIX_PATH=/home/ininspacelogger/simulation_ws/install/deepracer_msgs:/home/inspinspacegger/simulation_ws/install/deepracer_simulation:/home/inspacinspaceer/simulation_ws/install/deepracer_interpreter:/home/inspace/inspace_ws/devel/.private/catkin_tools_prebuild:/home/inspace/drinspacevel/.private/catkin_tools_prebuild:/home/inspace/droninspacedevel:/home/inspace/autosiinspacel:/home/inspace/catkin_winspacehome/inspace/drone_ws/dinspace/ros/melodic PKG_CONFIG_PATH=/home/inspace/dr_logger/siinspacews/install/deepracer_msgs/lib/x86_64-linux-gnu/pkgconfig:/home/inspace/dr_logger/simuinspace/install/deepracer_msgs/lib/pkgconfig:/home/inspace/dr_logger/simulainspacenstall/deepracer_simulation/lib/x86_64-linux-gnu/pkgconfig:/home/inspace/dr_logger/simulatiinspacetall/deepracer_simulation/lib/pkgconfig:/home/inspace/dr_logger/simulationinspacell/deepracer_interpreter/lib/x86_64-linux-gnu/pkgconfig:/home/inspace/dr_logger/simulation_winspace/deepracer_interpreter/lib/pkgconfig:/home/inspace/drone_mpc_ws/devel/.privinspacen_tools_prebuild/lib/pkgconfig:/home/inspace/drone_ws/devel/.private/cainspaces_prebuild/lib/pkgconfig:/home/inspace/drone_mpc_ws/devel/lib/pkgcoinspacee/inspace/autosim_ws/devel/lib/pkgconfiginspacespace/catkin_ws/devel/lib/pkgconfig:/hinspacece/drone_ws/devel/lib/pkgconfig:/opt/inspaceic/lib/pkgconfig PYTHONPATH=/home/inspace/dr_logger/simulation_ws/install/deepinspaces/lib/python2.7/dist-packages:/home/inspace/dr_logger/simulation_ws/install/sagemainspaceent/lib/python3.6/site-packages:/home/inspace/drone_mpc_ws/devel/lib/python2.7/dist-painspaceome/inspace/autosim_ws/devel/lib/python2.7/dist-packaginspaceinspace/catkin_ws/devel/lib/python2.7/dist-packages:inspacepace/drone_ws/devel/lib/python2.7/dist-packages:/opinspaceodic/lib/python2.7/dist-packages:/home/inspace/drone_mpc_ws/src/data_driven_mpc/ros_gp_mpc ROS_inspaceATH=/home/inspace/dr_logger/simulation_ws/install/deepracer_msgs/shainspaceinspace/dr_logger/simulation_ws/install/deepracer_simulationinspaceome/inspace/dr_logger/simulation_ws/install/deepracer_interpreter/inspaceme/inspace/drone_mpc_ws/src/catkin_simple:/home/inspace/drone_mpc_winspaceen_catkin:/home/inspace/drone_mpc_ws/sinspacemm/mav_comm:/home/inspace/drone_mpc_winspace_comm/mav_msgs:/home/inspace/drone_mpc_ws/inspaceomm/mav_planning_msgs:/home/inspace/drone_inspacec/mav_comm/mav_state_machine_msgs:/home/inspace/droinspace/src/mav_comm/mav_system_msgs:/home/inspace/drone_mpc_wsinspacequadrotor_control/quad_launch_files:/home/inspaceinspacec_ws/src/rpg_quadrotor_common/quadrotor_msgs:/home/inspace/droneinspacerc/rpg_quadrotor_common/quadrotor_common:/home/inspace/droneinspacerc/rpg_quadrotor_control/trajectory_planning/polynomial_trajecinspaceome/inspace/drone_mpc_ws/src/rpg_quadrotor_control/control/position_controller:/home/inspainspacempc_ws/src/data_driven_mpc/ros_gp_mpc:/home/inspace/drone_mpc_ws/src/rotorinspaceor/rotors_comm:/home/inspace/drone_mpc_ws/src/rotorinspaceor/rotors_control:/home/inspace/drone_mpc_ws/src/rotoinspacetor/rotors_description:/home/inspace/drone_mpc_ws/src/roinspacelator/rotors_evaluation:/home/inspace/drone_mpc_ws/src/rotorinspaceor/rotors_gazebo_plugins:/home/inspace/drone_mpc_ws/src/rotinspaceator/rotors_gazebo:/home/inspace/drone_mpc_ws/src/rotors_simulainspaces_hil_interface:/home/inspace/drone_mpc_ws/src/rotors_sinspacerotors_joy_interface:/home/inspace/drone_mpc_ws/src/rotors_siminspacetors_simulator:/home/inspace/drone_mpc_ws/src/rpg_quadrotor_coinspaceulation/rpg_rotors_interface:/home/inspace/drone_mpc_ws/srinspacegle_board_io:/home/inspace/drone_mpc_ws/src/rpg_quadrotor_control/gui/rqt_quadinspacee/inspace/drone_mpc_ws/src/rotors_simulator/inspaces:/home/inspace/drone_mpc_ws/src/rpg_quadrotor_control/bridges/inspacege:/home/inspace/drone_mpc_ws/src/rpg_quadrotor_continspace/manual_flight_assistant:/home/inspace/drone_mpc_ws/src/rpg_quadroinspacen/state_predictor:/home/inspace/drone_mpc_ws/src/rpg_quadrotor_control/trajeinspacenning/trajectory_generation_helper:/home/inspace/drone_mpc_wsinspacequadrotor_control/control/autopilot:/home/inspace/drone_mpc_ws/src/rpg_quadrotor_control/test/rinspacetor_integration_test:/home/inspace/drone_mpc_ws/src/rpg_quadrotoinspace/utils/vbat_thrust_calibration:/home/inspace/autosim_ws/src:/home/inspace/catkin_winspaceme/inspace/drone_ws/src/iq_sim:/home/inspace/drone_ws/src/mavlink:/home/inspinspace_ws/src/mavros/libmavcinspace/inspace/drone_ws/srcinspaceavros_msgs:/home/inspace/drinspacec/mavros/mavros:/home/inspacinspaces/src/mavros/mavros_extras:/home/inspainspacews/src/mavros/test_mavros:/opt/ros/meloinspace /usr/bin/cmake --build /home/inspinspacegger/simulation_ws/build/deepracer_interpinspacearget tests -- -j16 -l16inspace
[1.788s] DEBUG:colcon.colcon_core.event_handler.log_command:Invoking command in '/home/inspacer_logger/simulation_ws/build/deepracer_interpreter': CMAKE_PREFIX_PATH=/home/ininspacelogger/simulation_ws/install/deepracer_msgs:/home/inspinspacegger/simulation_ws/install/deepracer_simulation:/home/inspacinspaceer/simulation_ws/install/deepracer_interpreter:/home/inspace/inspace_ws/devel/.private/catkin_tools_prebuild:/home/inspace/drinspacevel/.private/catkin_tools_prebuild:/home/inspace/droninspacedevel:/home/inspace/autosiinspacel:/home/inspace/catkin_winspacehome/inspace/drone_ws/dinspace/ros/melodic PKG_CONFIG_PATH=/home/inspace/dr_logger/siinspacews/install/deepracer_msgs/lib/x86_64-linux-gnu/pkgconfig:/home/inspace/dr_logger/simuinspace/install/deepracer_msgs/lib/pkgconfig:/home/inspace/dr_logger/simulainspacenstall/deepracer_simulation/lib/x86_64-linux-gnu/pkgconfig:/home/inspace/dr_logger/simulatiinspacetall/deepracer_simulation/lib/pkgconfig:/home/inspace/dr_logger/simulationinspacell/deepracer_interpreter/lib/x86_64-linux-gnu/pkgconfig:/home/inspace/dr_logger/simulation_winspace/deepracer_interpreter/lib/pkgconfig:/home/inspace/drone_mpc_ws/devel/.privinspacen_tools_prebuild/lib/pkgconfig:/home/inspace/drone_ws/devel/.private/cainspaces_prebuild/lib/pkgconfig:/home/inspace/drone_mpc_ws/devel/lib/pkgcoinspacee/inspace/autosim_ws/devel/lib/pkgconfiginspacespace/catkin_ws/devel/lib/pkgconfig:/hinspacece/drone_ws/devel/lib/pkgconfig:/opt/inspaceic/lib/pkgconfig PYTHONPATH=/home/inspace/dr_logger/simulation_ws/install/deepinspaces/lib/python2.7/dist-packages:/home/inspace/dr_logger/simulation_ws/install/sagemainspaceent/lib/python3.6/site-packages:/home/inspace/drone_mpc_ws/devel/lib/python2.7/dist-painspaceome/inspace/autosim_ws/devel/lib/python2.7/dist-packaginspaceinspace/catkin_ws/devel/lib/python2.7/dist-packages:inspacepace/drone_ws/devel/lib/python2.7/dist-packages:/opinspaceodic/lib/python2.7/dist-packages:/home/inspace/drone_mpc_ws/src/data_driven_mpc/ros_gp_mpc ROS_inspaceATH=/home/inspace/dr_logger/simulation_ws/install/deepracer_msgs/shainspaceinspace/dr_logger/simulation_ws/install/deepracer_simulationinspaceome/inspace/dr_logger/simulation_ws/install/deepracer_interpreter/inspaceme/inspace/drone_mpc_ws/src/catkin_simple:/home/inspace/drone_mpc_winspaceen_catkin:/home/inspace/drone_mpc_ws/sinspacemm/mav_comm:/home/inspace/drone_mpc_winspace_comm/mav_msgs:/home/inspace/drone_mpc_ws/inspaceomm/mav_planning_msgs:/home/inspace/drone_inspacec/mav_comm/mav_state_machine_msgs:/home/inspace/droinspace/src/mav_comm/mav_system_msgs:/home/inspace/drone_mpc_wsinspacequadrotor_control/quad_launch_files:/home/inspaceinspacec_ws/src/rpg_quadrotor_common/quadrotor_msgs:/home/inspace/droneinspacerc/rpg_quadrotor_common/quadrotor_common:/home/inspace/droneinspacerc/rpg_quadrotor_control/trajectory_planning/polynomial_trajecinspaceome/inspace/drone_mpc_ws/src/rpg_quadrotor_control/control/position_controller:/home/inspainspacempc_ws/src/data_driven_mpc/ros_gp_mpc:/home/inspace/drone_mpc_ws/src/rotorinspaceor/rotors_comm:/home/inspace/drone_mpc_ws/src/rotorinspaceor/rotors_control:/home/inspace/drone_mpc_ws/src/rotoinspacetor/rotors_description:/home/inspace/drone_mpc_ws/src/roinspacelator/rotors_evaluation:/home/inspace/drone_mpc_ws/src/rotorinspaceor/rotors_gazebo_plugins:/home/inspace/drone_mpc_ws/src/rotinspaceator/rotors_gazebo:/home/inspace/drone_mpc_ws/src/rotors_simulainspaces_hil_interface:/home/inspace/drone_mpc_ws/src/rotors_sinspacerotors_joy_interface:/home/inspace/drone_mpc_ws/src/rotors_siminspacetors_simulator:/home/inspace/drone_mpc_ws/src/rpg_quadrotor_coinspaceulation/rpg_rotors_interface:/home/inspace/drone_mpc_ws/srinspacegle_board_io:/home/inspace/drone_mpc_ws/src/rpg_quadrotor_control/gui/rqt_quadinspacee/inspace/drone_mpc_ws/src/rotors_simulator/inspaces:/home/inspace/drone_mpc_ws/src/rpg_quadrotor_control/bridges/inspacege:/home/inspace/drone_mpc_ws/src/rpg_quadrotor_continspace/manual_flight_assistant:/home/inspace/drone_mpc_ws/src/rpg_quadroinspacen/state_predictor:/home/inspace/drone_mpc_ws/src/rpg_quadrotor_control/trajeinspacenning/trajectory_generation_helper:/home/inspace/drone_mpc_wsinspacequadrotor_control/control/autopilot:/home/inspace/drone_mpc_ws/src/rpg_quadrotor_control/test/rinspacetor_integration_test:/home/inspace/drone_mpc_ws/src/rpg_quadrotoinspace/utils/vbat_thrust_calibration:/home/inspace/autosim_ws/src:/home/inspace/catkin_winspaceme/inspace/drone_ws/src/iq_sim:/home/inspace/drone_ws/src/mavlink:/home/inspinspace_ws/src/mavros/libmavcinspace/inspace/drone_ws/srcinspaceavros_msgs:/home/inspace/drinspacec/mavros/mavros:/home/inspacinspaces/src/mavros/mavros_extras:/home/inspainspacews/src/mavros/test_mavros:/opt/ros/meloinspace /usr/bin/cmake --build /home/inspinspacegger/simulation_ws/build/deepracer_interpinspacearget install -- -j16 -l16inspace
[1.859s] DEBUG:colcon.colcon_core.event_handler.log_command:Invoked command in '/home/inspacer_logger/simulation_ws/build/deepracer_interpreter' returned '0': CMAKE_PREFIX_PATH=/home/ininspacelogger/simulation_ws/install/deepracer_msgs:/home/inspinspacegger/simulation_ws/install/deepracer_simulation:/home/inspacinspaceer/simulation_ws/install/deepracer_interpreter:/home/inspace/inspace_ws/devel/.private/catkin_tools_prebuild:/home/inspace/drinspacevel/.private/catkin_tools_prebuild:/home/inspace/droninspacedevel:/home/inspace/autosiinspacel:/home/inspace/catkin_winspacehome/inspace/drone_ws/dinspace/ros/melodic PKG_CONFIG_PATH=/home/inspace/dr_logger/siinspacews/install/deepracer_msgs/lib/x86_64-linux-gnu/pkgconfig:/home/inspace/dr_logger/simuinspace/install/deepracer_msgs/lib/pkgconfig:/home/inspace/dr_logger/simulainspacenstall/deepracer_simulation/lib/x86_64-linux-gnu/pkgconfig:/home/inspace/dr_logger/simulatiinspacetall/deepracer_simulation/lib/pkgconfig:/home/inspace/dr_logger/simulationinspacell/deepracer_interpreter/lib/x86_64-linux-gnu/pkgconfig:/home/inspace/dr_logger/simulation_winspace/deepracer_interpreter/lib/pkgconfig:/home/inspace/drone_mpc_ws/devel/.privinspacen_tools_prebuild/lib/pkgconfig:/home/inspace/drone_ws/devel/.private/cainspaces_prebuild/lib/pkgconfig:/home/inspace/drone_mpc_ws/devel/lib/pkgcoinspacee/inspace/autosim_ws/devel/lib/pkgconfiginspacespace/catkin_ws/devel/lib/pkgconfig:/hinspacece/drone_ws/devel/lib/pkgconfig:/opt/inspaceic/lib/pkgconfig PYTHONPATH=/home/inspace/dr_logger/simulation_ws/install/deepinspaces/lib/python2.7/dist-packages:/home/inspace/dr_logger/simulation_ws/install/sagemainspaceent/lib/python3.6/site-packages:/home/inspace/drone_mpc_ws/devel/lib/python2.7/dist-painspaceome/inspace/autosim_ws/devel/lib/python2.7/dist-packaginspaceinspace/catkin_ws/devel/lib/python2.7/dist-packages:inspacepace/drone_ws/devel/lib/python2.7/dist-packages:/opinspaceodic/lib/python2.7/dist-packages:/home/inspace/drone_mpc_ws/src/data_driven_mpc/ros_gp_mpc ROS_inspaceATH=/home/inspace/dr_logger/simulation_ws/install/deepracer_msgs/shainspaceinspace/dr_logger/simulation_ws/install/deepracer_simulationinspaceome/inspace/dr_logger/simulation_ws/install/deepracer_interpreter/inspaceme/inspace/drone_mpc_ws/src/catkin_simple:/home/inspace/drone_mpc_winspaceen_catkin:/home/inspace/drone_mpc_ws/sinspacemm/mav_comm:/home/inspace/drone_mpc_winspace_comm/mav_msgs:/home/inspace/drone_mpc_ws/inspaceomm/mav_planning_msgs:/home/inspace/drone_inspacec/mav_comm/mav_state_machine_msgs:/home/inspace/droinspace/src/mav_comm/mav_system_msgs:/home/inspace/drone_mpc_wsinspacequadrotor_control/quad_launch_files:/home/inspaceinspacec_ws/src/rpg_quadrotor_common/quadrotor_msgs:/home/inspace/droneinspacerc/rpg_quadrotor_common/quadrotor_common:/home/inspace/droneinspacerc/rpg_quadrotor_control/trajectory_planning/polynomial_trajecinspaceome/inspace/drone_mpc_ws/src/rpg_quadrotor_control/control/position_controller:/home/inspainspacempc_ws/src/data_driven_mpc/ros_gp_mpc:/home/inspace/drone_mpc_ws/src/rotorinspaceor/rotors_comm:/home/inspace/drone_mpc_ws/src/rotorinspaceor/rotors_control:/home/inspace/drone_mpc_ws/src/rotoinspacetor/rotors_description:/home/inspace/drone_mpc_ws/src/roinspacelator/rotors_evaluation:/home/inspace/drone_mpc_ws/src/rotorinspaceor/rotors_gazebo_plugins:/home/inspace/drone_mpc_ws/src/rotinspaceator/rotors_gazebo:/home/inspace/drone_mpc_ws/src/rotors_simulainspaces_hil_interface:/home/inspace/drone_mpc_ws/src/rotors_sinspacerotors_joy_interface:/home/inspace/drone_mpc_ws/src/rotors_siminspacetors_simulator:/home/inspace/drone_mpc_ws/src/rpg_quadrotor_coinspaceulation/rpg_rotors_interface:/home/inspace/drone_mpc_ws/srinspacegle_board_io:/home/inspace/drone_mpc_ws/src/rpg_quadrotor_control/gui/rqt_quadinspacee/inspace/drone_mpc_ws/src/rotors_simulator/inspaces:/home/inspace/drone_mpc_ws/src/rpg_quadrotor_control/bridges/inspacege:/home/inspace/drone_mpc_ws/src/rpg_quadrotor_continspace/manual_flight_assistant:/home/inspace/drone_mpc_ws/src/rpg_quadroinspacen/state_predictor:/home/inspace/drone_mpc_ws/src/rpg_quadrotor_control/trajeinspacenning/trajectory_generation_helper:/home/inspace/drone_mpc_wsinspacequadrotor_control/control/autopilot:/home/inspace/drone_mpc_ws/src/rpg_quadrotor_control/test/rinspacetor_integration_test:/home/inspace/drone_mpc_ws/src/rpg_quadrotoinspace/utils/vbat_thrust_calibration:/home/inspace/autosim_ws/src:/home/inspace/catkin_winspaceme/inspace/drone_ws/src/iq_sim:/home/inspace/drone_ws/src/mavlink:/home/inspinspace_ws/src/mavros/libmavcinspace/inspace/drone_ws/srcinspaceavros_msgs:/home/inspace/drinspacec/mavros/mavros:/home/inspacinspaces/src/mavros/mavros_extras:/home/inspainspacews/src/mavros/test_mavros:/opt/ros/meloinspace /usr/bin/cmake --build /home/inspinspacegger/simulation_ws/build/deepracer_interpinspacearget install -- -j16 -l16inspace
[1.911s] Level 1:colcon.colcon_core.shell:create_environment_hook('deepracer_interpreter', 'ros_package_path')
[1.919s] INFO:colcon.colcon_core.shell:Creating environment hook '/home/inspacer_logger/simulation_ws/install/deepracer_interpreter/share/deepracer_interpreter/hook/ros_package_path.ps1'
[1.920s] INFO:colcon.colcon_core.shell:Creating environment descriptor '/home/inspacer_logger/simulation_ws/install/deepracer_interpreter/share/deepracer_interpreter/hook/ros_package_path.dsv'
[1.920s] INFO:colcon.colcon_core.shell:Creating environment hook '/home/inspacer_logger/simulation_ws/install/deepracer_interpreter/share/deepracer_interpreter/hook/ros_package_path.sh'
[1.921s] Level 1:colcon.colcon_ros.task.catkin:checking '/home/inspacer_logger/simulation_ws/install/deepracer_interpreter/lib/python2.7/dist-packages'
[1.921s] Level 1:colcon.colcon_core.shell:create_environment_hook('deepracer_interpreter', 'pkg_config_path')
[1.929s] INFO:colcon.colcon_core.shell:Creating environment hook '/home/inspacer_logger/simulation_ws/install/deepracer_interpreter/share/deepracer_interpreter/hook/pkg_config_path.ps1'
[1.929s] INFO:colcon.colcon_core.shell:Creating environment descriptor '/home/inspacer_logger/simulation_ws/install/deepracer_interpreter/share/deepracer_interpreter/hook/pkg_config_path.dsv'
[1.929s] INFO:colcon.colcon_core.shell:Creating environment hook '/home/inspacer_logger/simulation_ws/install/deepracer_interpreter/share/deepracer_interpreter/hook/pkg_config_path.sh'
[1.929s] Level 1:colcon.colcon_core.shell:create_environment_hook('deepracer_interpreter', 'pkg_config_path_multiarch')
[1.938s] INFO:colcon.colcon_core.shell:Creating environment hook '/home/inspacer_logger/simulation_ws/install/deepracer_interpreter/share/deepracer_interpreter/hook/pkg_config_path_multiarch.ps1'
[1.938s] INFO:colcon.colcon_core.shell:Creating environment descriptor '/home/inspacer_logger/simulation_ws/install/deepracer_interpreter/share/deepracer_interpreter/hook/pkg_config_path_multiarch.dsv'
[1.938s] INFO:colcon.colcon_core.shell:Creating environment hook '/home/inspacer_logger/simulation_ws/install/deepracer_interpreter/share/deepracer_interpreter/hook/pkg_config_path_multiarch.sh'
[1.946s] Level 1:colcon.colcon_core.environment:create_environment_scripts_only(deepracer_interpreter)
[1.954s] Level 1:colcon.colcon_core.environment:checking '/home/inspacer_logger/simulation_ws/install/deepracer_interpreter' for CMake module files
[1.954s] Level 1:colcon.colcon_core.environment:checking '/home/inspacer_logger/simulation_ws/install/deepracer_interpreter' for CMake config files
[1.954s] Level 1:colcon.colcon_core.shell:create_environment_hook('deepracer_interpreter', 'cmake_prefix_path')
[1.961s] INFO:colcon.colcon_core.shell:Creating environment hook '/home/inspacer_logger/simulation_ws/install/deepracer_interpreter/share/deepracer_interpreter/hook/cmake_prefix_path.ps1'
[1.962s] INFO:colcon.colcon_core.shell:Creating environment descriptor '/home/inspacer_logger/simulation_ws/install/deepracer_interpreter/share/deepracer_interpreter/hook/cmake_prefix_path.dsv'
[1.962s] INFO:colcon.colcon_core.shell:Creating environment hook '/home/inspacer_logger/simulation_ws/install/deepracer_interpreter/share/deepracer_interpreter/hook/cmake_prefix_path.sh'
[1.962s] Level 1:colcon.colcon_core.environment:checking '/home/inspacer_logger/simulation_ws/install/deepracer_interpreter/lib'
[1.963s] Level 1:colcon.colcon_core.shell:create_environment_hook('deepracer_interpreter', 'ld_library_path_lib')
[1.970s] INFO:colcon.colcon_core.shell:Creating environment hook '/home/inspacer_logger/simulation_ws/install/deepracer_interpreter/share/deepracer_interpreter/hook/ld_library_path_lib.ps1'
[1.970s] INFO:colcon.colcon_core.shell:Creating environment descriptor '/home/inspacer_logger/simulation_ws/install/deepracer_interpreter/share/deepracer_interpreter/hook/ld_library_path_lib.dsv'
[1.970s] INFO:colcon.colcon_core.shell:Creating environment hook '/home/inspacer_logger/simulation_ws/install/deepracer_interpreter/share/deepracer_interpreter/hook/ld_library_path_lib.sh'
[1.971s] Level 1:colcon.colcon_core.environment:checking '/home/inspacer_logger/simulation_ws/install/deepracer_interpreter/bin'
[1.971s] Level 1:colcon.colcon_core.environment:checking '/home/inspacer_logger/simulation_ws/install/deepracer_interpreter/lib/pkgconfig/deepracer_interpreter.pc'
[1.971s] Level 1:colcon.colcon_core.shell:create_environment_hook('deepracer_interpreter', 'pkg_config')
[1.978s] INFO:colcon.colcon_core.shell:Creating environment hook '/home/inspacer_logger/simulation_ws/install/deepracer_interpreter/share/deepracer_interpreter/hook/pkg_config.ps1'
[1.978s] INFO:colcon.colcon_core.shell:Creating environment descriptor '/home/inspacer_logger/simulation_ws/install/deepracer_interpreter/share/deepracer_interpreter/hook/pkg_config.dsv'
[1.979s] INFO:colcon.colcon_core.shell:Creating environment hook '/home/inspacer_logger/simulation_ws/install/deepracer_interpreter/share/deepracer_interpreter/hook/pkg_config.sh'
[1.979s] Level 1:colcon.colcon_core.environment:checking '/home/inspacer_logger/simulation_ws/install/deepracer_interpreter/lib/python3.6/site-packages'
[1.987s] INFO:colcon.colcon_core.shell:Creating package script '/home/inspacer_logger/simulation_ws/install/deepracer_interpreter/share/deepracer_interpreter/package.ps1'
[1.987s] INFO:colcon.colcon_core.shell:Creating package descriptor '/home/inspacer_logger/simulation_ws/install/deepracer_interpreter/share/deepracer_interpreter/package.dsv'
[1.987s] INFO:colcon.colcon_core.shell:Creating package script '/home/inspacer_logger/simulation_ws/install/deepracer_interpreter/share/deepracer_interpreter/package.sh'
[1.988s] INFO:colcon.colcon_core.shell:Creating package script '/home/inspacer_logger/simulation_ws/install/deepracer_interpreter/share/deepracer_interpreter/package.bash'
[1.988s] INFO:colcon.colcon_core.shell:Creating package script '/home/inspacer_logger/simulation_ws/install/deepracer_interpreter/share/deepracer_interpreter/package.zsh'
[1.988s] Level 1:colcon.colcon_core.environment:create_file_with_runtime_dependencies(/home/inspacer_logger/simulation_ws/install/deepracer_interpreter/share/colcon-core/packages/deepracer_interpreter)
[1.988s] DEBUG:colcon.colcon_parallel_executor.executor.parallel:closing loop
[1.989s] DEBUG:colcon.colcon_parallel_executor.executor.parallel:loop closed
[1.990s] DEBUG:colcon.colcon_parallel_executor.executor.parallel:run_until_complete finished with '0'
[1.990s] DEBUG:colcon.colcon_core.event_reactor:joining thread
[1.999s] INFO:colcon.colcon_core.plugin_system:Skipping extension 'colcon_notification.desktop_notification.terminal_notifier': Not used on non-Darwin systems
[1.999s] INFO:colcon.colcon_core.plugin_system:Skipping extension 'colcon_notification.desktop_notification.win32': Not used on non-Windows systems
[1.999s] INFO:colcon.colcon_notification.desktop_notification:Sending desktop notification using 'notify2'
[2.001s] DEBUG:colcon.colcon_core.event_reactor:joined thread
[2.008s] INFO:colcon.colcon_core.shell:Creating prefix script '/home/inspacer_logger/simulation_ws/install/local_setup.ps1'
[2.009s] INFO:colcon.colcon_core.shell:Creating prefix util module '/home/inspacer_logger/simulation_ws/install/_local_setup_util_ps1.py'
[2.010s] INFO:colcon.colcon_core.shell:Creating prefix chain script '/home/inspacer_logger/simulation_ws/install/setup.ps1'
[2.016s] INFO:colcon.colcon_core.shell:Creating prefix script '/home/inspacer_logger/simulation_ws/install/local_setup.sh'
[2.016s] INFO:colcon.colcon_core.shell:Creating prefix util module '/home/inspacer_logger/simulation_ws/install/_local_setup_util_sh.py'
[2.017s] INFO:colcon.colcon_core.shell:Creating prefix chain script '/home/inspacer_logger/simulation_ws/install/setup.sh'
[2.023s] INFO:colcon.colcon_core.shell:Creating prefix script '/home/inspacer_logger/simulation_ws/install/local_setup.bash'
[2.023s] INFO:colcon.colcon_core.shell:Creating prefix chain script '/home/inspacer_logger/simulation_ws/install/setup.bash'
[2.030s] INFO:colcon.colcon_core.shell:Creating prefix script '/home/inspacer_logger/simulation_ws/install/local_setup.zsh'
[2.030s] INFO:colcon.colcon_core.shell:Creating prefix chain script '/home/inspacer_logger/simulation_ws/install/setup.zsh'
