Determining if the pthread_create exist failed with the following output:
Change Dir: /home/inspace/dr_logger/simulation_ws/build/deepracer_simulation/CMakeFiles/CMakeTmp

Run Build Command:"/usr/bin/make" "cmTC_b3189/fast"
/usr/bin/make -f CMakeFiles/cmTC_b3189.dir/build.make CMakeFiles/cmTC_b3189.dir/build
make[1]: 디렉터리 '/home/inspacer_logger/simulation_ws/build/deepracer_simulation/CMakeFiles/CMakeTmp' 들어감
Building C object CMakeFiles/cmTC_b3189.dir/CheckSymbolExists.c.o
/usr/lib/ccache/cc    -o CMakeFiles/cmTC_b3189.dir/CheckSymbolExists.c.o   -c /home/inspacer_logger/simulation_ws/build/deepracer_simulation/CMakeFiles/CMakeTmp/CheckSymbolExists.c
Linking C executable cmTC_b3189
/usr/bin/cmake -E cmake_link_script CMakeFiles/cmTC_b3189.dir/link.txt --verbose=1
/usr/lib/ccache/cc      -rdynamic CMakeFiles/cmTC_b3189.dir/CheckSymbolExists.c.o  -o cmTC_b3189 
CMakeFiles/cmTC_b3189.dir/CheckSymbolExists.c.o: In function `main':
CheckSymbolExists.c:(.text+0x1b): undefined reference to `pthread_create'
collect2: error: ld returned 1 exit status
CMakeFiles/cmTC_b3189.dir/build.make:97: recipe for target 'cmTC_b3189' failed
make[1]: *** [cmTC_b3189] Error 1
make[1]: 디렉터리 '/home/inspacer_logger/simulation_ws/build/deepracer_simulation/CMakeFiles/CMakeTmp' 나감
Makefile:126: recipe for target 'cmTC_b3189/fast' failed
make: *** [cmTC_b3189/fast] Error 2

File /home/inspacer_logger/simulation_ws/build/deepracer_simulation/CMakeFiles/CMakeTmp/CheckSymbolExists.c:
/* */
#include <pthread.h>

int main(int argc, char** argv)
{
  (void)argv;
#ifndef pthread_create
  return ((int*)(&pthread_create))[argc];
#else
  (void)argc;
  return 0;
#endif
}

Determining if the function pthread_create exists in the pthreads failed with the following output:
Change Dir: /home/inspacer_logger/simulation_ws/build/deepracer_simulation/CMakeFiles/CMakeTmp

Run Build Command:"/usr/bin/make" "cmTC_d2b99/fast"
/usr/bin/make -f CMakeFiles/cmTC_d2b99.dir/build.make CMakeFiles/cmTC_d2b99.dir/build
make[1]: 디렉터리 '/home/inspacer_logger/simulation_ws/build/deepracer_simulation/CMakeFiles/CMakeTmp' 들어감
Building C object CMakeFiles/cmTC_d2b99.dir/CheckFunctionExists.c.o
/usr/lib/ccache/cc   -DCHECK_FUNCTION_EXISTS=pthread_create   -o CMakeFiles/cmTC_d2b99.dir/CheckFunctionExists.c.o   -c /usr/share/cmake-3.10/Modules/CheckFunctionExists.c
Linking C executable cmTC_d2b99
/usr/bin/cmake -E cmake_link_script CMakeFiles/cmTC_d2b99.dir/link.txt --verbose=1
/usr/lib/ccache/cc  -DCHECK_FUNCTION_EXISTS=pthread_create    -rdynamic CMakeFiles/cmTC_d2b99.dir/CheckFunctionExists.c.o  -o cmTC_d2b99 -lpthreads 
/usr/bin/ld: cannot find -lpthreads
collect2: error: ld returned 1 exit status
CMakeFiles/cmTC_d2b99.dir/build.make:97: recipe for target 'cmTC_d2b99' failed
make[1]: *** [cmTC_d2b99] Error 1
make[1]: 디렉터리 '/home/inspacer_logger/simulation_ws/build/deepracer_simulation/CMakeFiles/CMakeTmp' 나감
Makefile:126: recipe for target 'cmTC_d2b99/fast' failed
make: *** [cmTC_d2b99/fast] Error 2


